2015-07-12 0.000 0.306
2015-07-29 4.000 1.306
2015-08-01 4.000 1.612
2015-08-08 3.500 1.837
2015-08-11 3.500 1.531
2015-08-18 3.667 2.531
2015-08-21 3.833 2.837
2015-08-28 4.500 2.816
2015-08-31 4.667 2.510
2015-09-07 4.667 2.286
2015-09-10 4.500 2.592
2015-09-17 3.750 2.388
2015-09-20 3.500 2.082
2015-09-27 2.000 1.102
2015-09-30 2.333 1.367
2015-10-10 2.500 1.061
2015-10-17 1.000 0.265
2015-10-20 0.500 0.347
2015-10-30 0.000 0.082
2015-11-16 6.000 1.041
2015-11-19 6.000 0.959
2015-11-26 6.000 1.755
2015-11-29 5.667 2.041
2015-12-06 5.750 2.510
2015-12-09 5.700 2.531
2015-12-16 6.667 1.898
2015-12-19 6.400 2.184
2015-12-26 4.800 1.755
2015-12-29 5.000 1.469
2016-01-05 3.083 1.449
2016-01-08 3.050 1.653
2016-01-15 2.000 1.327
2016-01-25 1.333 0.959
2016-02-04 0.333 0.633
2016-02-07 0.000 0.592
2016-02-14 0.000 1.041
2016-03-05 4.500 1.898
2016-03-08 4.500 2.000
2016-03-15 5.000 1.776
2016-03-18 5.000 1.592
2016-03-25 6.667 2.592
2016-03-28 6.700 2.857
2016-04-04 7.917 1.878
2016-04-07 7.750 1.878
2016-04-14 6.200 2.551
2016-04-17 6.250 2.449
2016-04-24 4.750 2.429
2016-04-27 4.333 2.163
2016-05-04 4.333 2.184
2016-05-07 4.500 1.898
2016-05-14 6.500 1.878
2016-05-24 6.000 1.878
2016-05-27 6.000 2.163
2016-06-03 6.000 2.143
2016-06-06 6.417 2.429
2016-06-13 4.750 2.551
2016-06-16 4.500 2.735
2016-06-23 6.200 2.755
2016-06-26 6.050 2.776
2016-07-03 6.333 3.776
2016-07-06 5.900 3.714
2016-07-13 6.450 3.714
2016-07-16 6.700 3.816
2016-07-23 6.367 3.755
2016-07-26 6.367 3.735
2016-08-02 5.367 3.571
2016-08-05 5.667 3.633
2016-08-12 4.833 3.612
2016-08-15 4.700 3.388
2016-08-22 5.383 2.918
2016-08-25 5.433 2.837
2016-09-01 5.683 2.531
2016-09-04 5.650 2.531
2016-09-11 7.033 2.551
2016-09-14 7.417 2.653
2016-09-21 6.583 3.184
2016-09-24 6.533 3.286
2016-10-01 6.700 3.755
2016-10-04 6.700 3.735
2016-10-11 5.700 3.735
2016-10-14 5.200 3.796
2016-10-21 4.700 2.816
2016-10-24 4.750 2.510
2016-10-31 4.583 2.204
2016-11-03 4.500 2.020
2016-11-10 4.167 2.020
2016-11-13 4.833 1.796
2016-11-20 6.333 2.122
2016-11-23 6.417 2.184
2016-11-30 6.833 1.490
2016-12-03 6.500 1.408
2016-12-10 4.500 0.510
2016-12-13 4.333 0.673
2016-12-20 0.250 1.327
2016-12-23 0.333 1.551
2016-12-30 1.833 2.082
2017-01-02 2.250 2.286
2017-01-09 2.283 2.184
2017-01-12 2.200 2.327
2017-01-19 3.917 1.367
2017-01-22 3.833 1.082
2017-01-29 3.000 1.102
2017-02-01 2.000 0.898
2017-02-08 3.500 1.694
2017-02-11 4.000 1.388
2017-02-18 4.167 2.286
2017-02-21 4.167 2.388
2017-02-28 3.333 2.510
2017-03-10 5.333 2.714
2017-03-13 5.333 2.735
2017-03-20 3.833 2.796
2017-03-23 3.667 2.898
2017-03-30 4.917 3.204
2017-04-02 4.867 3.490
2017-04-09 3.783 3.184
2017-04-12 3.700 3.449
2017-04-19 4.083 2.959
2017-04-22 4.033 2.857
2017-04-29 2.950 1.878
2017-05-09 1.000 1.531
2017-05-12 1.250 1.306
2017-05-19 2.250 1.776
2017-05-22 2.583 1.959
2017-05-29 2.583 2.776
2017-06-01 3.167 2.735
2017-06-08 3.167 3.388
2017-06-11 2.783 3.612
2017-06-18 2.983 3.551
2017-06-21 2.900 3.571
2017-06-28 3.833 3.755
2017-07-01 3.833 3.816
2017-07-03 4.214 4.816
2017-07-08 4.500 3.816
2017-07-11 5.000 3.816
2017-07-13 5.167 4.510
2017-07-16 5.369 4.796
2017-07-18 6.054 4.102
2017-07-21 5.911 4.082
2017-07-23 5.669 5.082
2017-07-26 5.617 5.367
2017-07-31 5.556 5.347
2017-08-02 5.750 5.347
2017-08-05 5.808 5.633
2017-08-07 6.489 6.633
2017-08-10 6.324 6.347
2017-08-12 6.033 6.653
2017-08-15 5.733 6.653
2017-08-17 5.227 7.388
2017-08-20 5.318 7.347
2017-08-22 5.394 7.347
2017-08-25 5.367 7.122
2017-08-27 5.356 6.122
2017-08-30 5.481 6.041
2017-09-01 4.867 6.041
2017-09-04 4.644 6.041
2017-09-06 3.444 6.041
2017-09-11 3.867 6.041
2017-09-14 3.950 5.755
2017-09-16 4.600 5.796
2017-09-19 4.618 5.837
2017-09-21 4.274 4.837
2017-09-24 4.143 5.061
2017-09-26 3.903 6.061
2017-09-29 4.014 6.061
2017-10-01 4.503 5.755
2017-10-04 4.521 5.714
2017-10-06 4.832 5.714
2017-10-09 4.825 6.000
2017-10-11 5.125 6.000
2017-10-14 5.107 6.020
2017-10-16 4.232 5.959
2017-10-19 4.252 5.673
2017-10-21 4.708 6.673
2017-10-24 4.808 6.694
2017-10-26 5.141 6.694
2017-10-29 5.033 6.776
2017-10-31 4.719 6.531
2017-11-03 4.808 6.286
2017-11-05 5.583 6.184
2017-11-08 5.708 6.184
2017-11-10 6.000 6.184
2017-11-13 5.833 6.469
2017-11-15 6.178 6.490
2017-11-18 6.367 6.776
2017-11-20 5.767 6.776
2017-11-25 5.833 5.939
2017-11-28 5.847 5.673
2017-11-30 5.980 5.776
2017-12-05 5.133 5.776
2017-12-08 5.022 5.776
2017-12-10 4.289 5.551
2017-12-13 4.400 5.531
2017-12-15 4.692 5.061
2017-12-18 4.406 5.061
2017-12-20 3.713 4.776
2017-12-23 3.624 4.571
2017-12-25 3.707 4.898
2017-12-28 3.713 4.918
2017-12-30 3.762 5.367
2018-01-02 3.764 5.653
2018-01-04 3.861 5.653
2018-01-07 3.815 5.367
2018-01-09 3.935 4.592
2018-01-12 3.952 4.449
2018-01-14 3.893 3.959
2018-01-17 3.726 3.959
2018-01-19 4.676 3.306
2018-01-22 4.852 3.490
2018-01-24 5.429 3.571
2018-01-27 5.304 3.816
2018-01-29 6.262 2.816
2018-02-01 6.233 2.531
2018-02-03 2.733 1.633
2018-02-06 2.733 1.735
2018-02-08 3.619 2.224
2018-02-11 3.476 2.367
2018-02-13 4.411 3.347
2018-02-18 4.417 3.633
2018-02-21 4.292 3.633
2018-02-23 4.619 3.061
2018-02-26 4.643 2.816
2018-02-28 4.643 2.898
2018-03-05 4.625 2.959
2018-03-08 4.625 2.857
2018-03-10 3.843 2.551
2018-03-13 3.917 2.265
2018-03-15 0.533 1.449
2018-03-18 0.750 1.163
2018-03-20 2.000 1.612
2018-03-23 2.000 1.347
2018-03-25 2.000 1.469
2018-03-28 2.000 1.714
2018-03-30 2.000 1.633
2018-04-02 2.000 1.714
2018-04-04 3.750 2.551
2018-04-07 3.700 2.673
2018-04-09 3.783 3.347
2018-04-14 3.826 4.184
2018-04-17 4.051 4.469
2018-04-19 5.110 4.673
2018-04-22 5.022 4.918
2018-04-24 4.847 5.755
2018-04-27 5.114 5.755
2018-04-29 5.169 6.327
2018-05-02 5.078 6.510
2018-05-04 4.086 6.082
2018-05-07 4.118 6.061
2018-05-09 4.262 6.143
2018-05-12 4.216 6.347
2018-05-14 4.685 6.286
2018-05-17 4.583 6.184
2018-05-19 3.551 5.980
2018-05-22 3.673 6.000
2018-05-24 4.491 5.735
2018-05-27 4.461 5.531
2018-05-29 4.629 5.531
2018-06-01 5.440 5.510
2018-06-03 5.747 6.020
2018-06-06 5.863 5.939
2018-06-08 5.702 5.776
2018-06-11 5.738 5.714
2018-06-13 5.595 5.694
2018-06-16 5.368 5.796
2018-06-18 5.954 6.000
2018-06-21 5.847 5.980
2018-06-23 5.083 6.286
2018-06-26 4.862 6.490
2018-06-28 4.549 6.918
2018-07-01 3.987 6.918
2018-07-03 4.156 6.939
2018-07-06 4.358 7.204
2018-07-08 4.417 7.429
2018-07-11 4.424 7.571
2018-07-13 5.174 7.653
2018-07-18 4.674 7.653
2018-07-21 4.674 7.673
2018-07-23 4.941 7.265
2018-07-26 5.024 7.265
2018-07-28 5.391 7.265
2018-07-31 5.308 7.306
2018-08-02 5.058 7.224
2018-08-05 4.891 7.224
2018-08-07 4.891 7.224
2018-08-10 4.891 7.245
2018-08-12 4.300 7.224
2018-08-15 4.474 7.224
2018-08-17 4.608 7.224
2018-08-20 4.608 7.245
2018-08-22 4.583 7.653
2018-08-27 4.091 7.571
2018-08-30 4.098 7.469
2018-09-01 4.056 7.286
2018-09-06 4.771 7.286
2018-09-09 4.768 7.020
2018-09-11 4.680 6.082
2018-09-14 4.567 5.796
2018-09-16 4.452 5.469
2018-09-21 5.325 5.469
2018-09-24 5.336 5.469
2018-09-26 5.796 5.163
2018-09-29 5.840 5.265
2018-10-01 6.008 5.490
2018-10-04 5.908 5.490
2018-10-06 5.441 5.490
2018-10-09 5.410 5.531
2018-10-11 5.428 5.510
2018-10-14 5.539 5.694
2018-10-16 5.652 5.857
2018-10-19 5.659 5.653
2018-10-21 4.869 4.694
2018-10-26 5.179 4.082
2018-10-29 4.994 4.082
2018-10-31 4.162 3.347
2018-11-03 4.162 3.306
2018-11-05 4.188 2.755
2018-11-08 4.420 2.816
2018-11-10 5.073 3.184
2018-11-13 4.992 3.041
2018-11-15 5.826 2.245
2018-11-18 5.783 2.143
2018-11-20 6.117 2.510
2018-11-23 6.117 2.245
2018-11-25 5.950 2.286
2018-11-28 6.000 2.286
2018-11-30 6.667 2.959
2018-12-03 6.667 2.898
2018-12-05 5.950 3.449
2018-12-08 5.867 3.510
2018-12-10 4.367 4.122
2018-12-13 4.367 4.265
2018-12-15 4.000 5.224
2018-12-20 3.826 5.653
2018-12-23 3.832 5.939
2018-12-25 3.749 5.959
2018-12-28 3.606 5.959
2018-12-30 3.802 5.816
2019-01-02 3.725 5.918
2019-01-04 4.083 5.347
2019-01-07 4.181 5.429
2019-01-09 4.581 5.429
2019-01-12 4.558 5.531
2019-01-14 5.869 5.531
2019-01-17 5.940 5.633
2019-01-19 6.178 4.878
2019-01-22 6.245 4.796
2019-01-24 6.402 5.122
2019-01-27 6.527 5.122
2019-01-29 7.292 4.959
2019-02-01 7.628 4.959
2019-02-03 7.411 5.531
2019-02-06 7.300 5.531
2019-02-08 7.417 5.531
2019-02-11 7.572 5.510
2019-02-13 6.244 5.245
2019-02-16 6.175 5.143
2019-02-18 6.145 5.143
2019-02-21 5.909 5.000
2019-02-23 5.517 4.755
2019-02-26 5.629 4.755
2019-02-28 5.343 5.163
2019-03-03 5.318 5.163
2019-03-05 4.591 4.265
2019-03-08 4.821 4.082
2019-03-10 6.154 4.082
2019-03-13 6.100 4.122
2019-03-15 6.150 4.388
2019-03-18 6.169 4.531
2019-03-20 6.136 4.735
2019-03-23 6.171 4.735
2019-03-25 5.947 5.571
2019-03-28 5.947 5.531
2019-03-30 5.965 5.020
2019-04-02 5.772 4.878
2019-04-04 5.735 5.755
2019-04-07 5.712 5.653
2019-04-09 5.419 5.020
2019-04-12 5.489 5.000
2019-04-14 5.772 5.000
2019-04-17 5.740 4.857
2019-04-19 5.612 4.959
2019-04-22 5.779 4.959
2019-04-24 6.012 4.163
2019-04-27 5.945 4.204
2019-04-29 5.902 4.143
2019-05-02 5.983 4.041
2019-05-04 6.033 3.143
2019-05-07 6.017 3.429
2019-05-09 5.702 3.857
2019-05-12 5.502 3.857
2019-05-14 6.895 3.857
2019-05-17 6.854 4.000
2019-05-19 6.771 4.612
2019-05-22 6.894 4.816
2019-05-24 6.294 5.306
2019-05-27 6.276 5.306
2019-05-29 6.919 5.857
2019-06-01 6.912 6.102
2019-06-03 6.619 6.204
2019-06-06 6.639 6.204
2019-06-08 6.297 6.224
2019-06-11 6.288 6.224
2019-06-13 6.015 6.061
2019-06-16 6.035 6.000
2019-06-18 6.369 6.000
2019-06-21 6.246 6.000
2019-06-23 6.313 5.694
2019-06-26 6.224 5.694
2019-06-28 6.224 5.714
2019-07-01 6.244 5.714
2019-07-03 6.764 6.367
2019-07-06 6.733 6.082
2019-07-08 6.961 6.265
2019-07-11 6.986 6.265
2019-07-13 5.928 6.429
2019-07-16 5.935 6.633
2019-07-18 6.109 6.633
2019-07-21 6.600 6.633
2019-07-23 6.521 7.265
2019-07-26 6.448 7.204
2019-07-28 6.224 7.204
2019-08-02 5.882 7.367
2019-08-05 6.023 7.653
2019-08-07 5.715 7.224
2019-08-10 5.624 7.224
2019-08-12 6.485 6.388
2019-08-15 6.478 6.388
2019-08-17 6.294 6.347
2019-08-20 5.913 6.347
2019-08-22 5.996 6.184
2019-08-25 6.076 6.224
2019-08-27 5.476 6.122
2019-08-30 5.576 6.122
2019-09-01 6.850 6.122
2019-09-04 6.672 5.837
2019-09-06 6.122 6.204
2019-09-09 6.140 6.163
2019-09-11 5.529 6.980
2019-09-14 5.483 6.694
2019-09-16 5.133 6.633
2019-09-19 5.033 6.633
2019-09-21 5.164 5.796
2019-09-24 5.006 5.837
2019-09-26 5.269 5.939
2019-09-29 5.144 5.939
2019-10-01 3.958 5.939
2019-10-04 3.978 6.224
2019-10-06 4.517 6.204
2019-10-09 4.717 6.245
2019-10-11 4.950 5.592
2019-10-14 4.928 5.714
2019-10-16 5.756 5.816
2019-10-19 5.769 5.735
2019-10-21 5.786 6.694
2019-10-24 5.919 6.673
2019-10-26 5.486 6.673
2019-10-29 5.611 6.653
2019-10-31 5.553 6.102
2019-11-03 5.559 5.939
2019-11-05 5.533 5.816
2019-11-08 5.346 5.796
2019-11-10 5.934 6.245
2019-11-13 5.956 6.204
2019-11-15 6.039 6.082
2019-11-18 6.042 6.122
2019-11-20 6.287 5.163
2019-11-23 6.412 5.143
2019-11-25 6.396 4.143
2019-11-28 5.951 4.122
2019-11-30 5.122 4.551
2019-12-03 5.111 4.531
2019-12-05 4.811 4.449
2019-12-08 4.667 4.469
2019-12-10 3.758 4.694
2019-12-13 3.740 4.735
2019-12-15 3.546 4.857
2019-12-18 3.462 4.694
2019-12-23 3.444 4.735
2019-12-25 3.986 5.061
2019-12-28 3.972 5.122
2019-12-30 4.542 4.347
2020-01-02 4.639 4.347
2020-01-04 5.952 3.878
2020-01-07 6.202 3.898
2020-01-09 9.167 3.061
2020-01-12 9.194 3.224
2020-01-14 5.111 2.408
2020-01-19 7.206 3.082
2020-01-22 7.215 2.776
2020-01-24 7.043 2.592
2020-01-29 9.225 3.490
2020-02-01 9.360 3.612
2020-02-03 8.086 4.367
2020-02-06 7.886 4.143
2020-02-08 7.867 4.163
2020-02-11 7.617 4.143
2020-02-13 7.117 4.122
2020-02-16 7.517 4.306
2020-02-18 6.950 3.694
2020-02-21 6.893 3.776
2020-02-23 7.138 4.347
2020-02-26 7.281 4.347
2020-02-28 5.507 4.245
2020-03-02 5.382 4.224
2020-03-04 5.664 4.204
2020-03-07 5.644 4.367
2020-03-09 5.394 4.898
2020-03-12 5.781 4.837
2020-03-14 6.139 5.429
2020-03-17 5.858 5.163
2020-03-19 5.739 5.245
2020-03-22 5.775 5.204
2020-03-24 5.536 4.551
2020-03-27 5.569 4.245
2020-03-29 4.867 4.184
2020-04-01 4.900 4.082
2020-04-03 3.233 4.020
2020-04-06 3.367 3.776
2020-04-08 3.000 3.143
2020-04-11 2.000 3.184
2020-04-13 0.000 2.469
2020-04-18 0.000 2.347
2020-04-21 0.000 2.327
2020-04-28 0.000 1.653
2020-05-01 0.000 1.857
2020-05-03 0.000 1.939
2020-05-06 0.333 2.224
2020-05-08 0.250 3.122
2020-05-11 0.250 2.878
2020-05-13 0.450 3.714
2020-05-18 0.367 4.673
2020-05-21 0.343 4.939
2020-05-23 0.292 5.776
2020-05-26 0.403 6.041
2020-05-28 0.454 6.878
2020-05-31 0.514 6.571
2020-06-02 0.593 5.592
2020-06-05 0.486 5.429
2020-06-07 0.760 5.000
2020-06-10 0.760 5.020
2020-06-12 0.583 4.327
2020-06-15 0.679 4.612
2020-06-20 0.901 4.612
2020-06-22 0.890 4.714
2020-06-25 0.747 4.735
2020-06-27 0.937 4.694
2020-06-30 0.899 4.980
2020-07-02 1.076 5.959
2020-07-05 1.076 6.122
2020-07-07 1.165 6.571
2020-07-10 1.074 6.857
2020-07-12 0.952 7.551
2020-07-17 1.602 7.571
2020-07-20 1.567 7.592
2020-07-22 1.967 7.388
2020-07-27 2.558 7.429
