2015-07 4.000 1.347
2015-08 4.500 2.816
2015-09 2.333 1.367
2015-10 0.000 0.082
2015-11 5.500 2.327
2015-12 4.467 1.959
2016-01 1.333 0.959
2016-02 0.000 1.041
2016-03 6.700 2.857
2016-04 4.333 2.163
2016-05 6.000 2.163
2016-06 6.050 2.776
2016-07 6.367 3.735
2016-08 5.433 2.837
2016-09 6.533 3.286
2016-10 5.133 3.204
2016-11 6.833 1.490
2016-12 1.833 2.082
2017-01 3.000 1.102
2017-02 3.333 2.510
2017-03 4.917 3.204
2017-04 2.950 1.878
2017-05 2.583 2.776
2017-06 3.833 3.755
2017-07 5.474 5.653
2017-08 5.481 6.041
2017-09 4.014 6.061
2017-10 4.949 7.327
2017-11 5.980 5.776
2017-12 3.762 5.367
2018-01 6.262 2.816
2018-02 4.643 2.898
2018-03 2.000 1.633
2018-04 5.169 6.327
2018-05 4.629 5.531
2018-06 4.494 7.061
2018-07 5.383 7.551
2018-08 3.956 7.571
2018-09 5.840 5.265
2018-10 4.577 4.306
2018-11 6.667 2.959
2018-12 3.802 5.816
2019-01 7.292 5.000
2019-02 5.343 5.163
2019-03 5.965 5.020
2019-04 5.902 4.143
2019-05 6.919 5.857
2019-06 6.215 5.755
2019-07 6.189 7.490
2019-08 5.576 6.122
2019-09 5.144 5.939
2019-10 5.489 7.163
2019-11 5.122 4.551
2019-12 4.542 4.367
2020-01 9.225 3.490
2020-02 5.507 4.245
2020-03 4.867 4.184
2020-04 0.000 1.653
2020-05 0.454 6.898
2020-06 0.899 4.980
2020-07 2.611 7.184
