2015-07-06 14.000 0.714
2015-07-16 17.000 1.694
2015-07-26 16.000 1.898
2015-08-02 16.000 2.020
2015-08-05 15.167 2.245
2015-08-08 15.500 2.306
2015-08-12 14.333 2.653
2015-08-15 11.833 1.673
2015-08-22 11.833 2.000
2015-08-25 10.583 2.265
2015-08-28 10.667 2.327
2015-09-01 10.833 2.204
2015-09-04 5.250 1.306
2015-09-07 5.667 1.245
2015-09-11 7.167 1.245
2015-09-14 4.167 2.245
2015-09-21 4.000 1.918
2015-09-24 1.333 2.449
2015-09-27 1.000 2.388
2015-10-01 1.500 2.735
2015-10-04 1.500 2.694
2015-10-11 1.000 2.347
2015-10-14 1.500 1.347
2015-10-24 3.000 0.347
2015-11-13 9.000 1.000
2015-11-26 9.000 1.061
2015-11-30 8.500 1.102
2015-12-13 0.000 0.102
2015-12-23 10.500 0.816
2015-12-26 10.500 0.755
2015-12-30 11.000 0.714
2016-01-12 11.000 1.041
2016-01-19 11.000 1.163
2016-01-22 2.500 0.449
2016-01-25 4.500 0.510
2016-02-11 6.500 0.673
2016-02-14 6.500 0.694
2016-02-18 6.000 0.571
2016-02-24 5.000 0.510
2016-03-05 5.833 0.571
2016-03-09 5.833 0.592
2016-03-12 5.833 1.102
2016-03-15 6.000 1.082
2016-04-01 14.667 2.082
2016-04-04 14.500 2.020
2016-04-08 14.500 2.061
2016-04-11 21.500 2.061
2016-04-18 22.000 2.143
2016-04-21 19.083 3.143
2016-04-24 18.833 3.204
2016-05-01 17.167 3.204
2016-05-04 17.317 3.265
2016-05-08 16.817 3.571
2016-05-11 16.433 3.551
2016-05-14 16.333 3.612
2016-05-18 15.833 3.531
2016-05-21 17.100 2.531
2016-05-24 17.250 2.469
2016-05-28 18.167 2.755
2016-05-31 18.667 1.755
2016-06-03 18.500 1.694
2016-06-07 19.000 1.408
2016-06-10 10.000 0.776
2016-06-13 10.500 0.714
2016-06-20 10.000 0.735
2016-06-27 4.000 0.449
2016-07-03 3.500 0.510
2016-07-07 3.500 0.449
2016-07-10 16.000 0.959
2016-07-17 17.500 1.245
2016-07-20 17.500 1.224
2016-07-23 17.500 1.265
2016-07-30 17.500 1.367
2016-08-02 17.500 1.306
2016-08-06 17.500 1.367
2016-08-09 5.000 0.939
2016-08-16 6.500 1.000
2016-08-19 7.167 1.224
2016-08-22 7.667 1.184
2016-08-26 10.167 1.429
2016-08-29 11.167 1.735
2016-09-01 11.000 1.796
2016-09-05 11.233 2.000
2016-09-08 21.067 2.571
2016-09-11 21.317 2.633
2016-09-15 21.150 2.633
2016-09-18 20.850 2.898
2016-09-25 18.833 3.000
2016-09-28 18.717 3.429
2016-10-01 18.967 3.388
2016-10-05 18.567 3.449
2016-10-08 16.950 2.449
2016-10-11 17.450 2.388
2016-10-15 16.750 2.041
2016-10-18 15.333 1.551
2016-10-21 17.333 1.612
2016-10-25 17.000 1.265
2016-10-28 4.000 0.429
2016-10-31 3.000 0.469
2016-11-04 1.000 0.122
2016-11-14 1.000 0.408
2016-11-17 0.667 0.694
2016-11-20 0.000 0.633
2016-11-27 2.000 0.857
2016-11-30 2.000 0.816
2016-12-04 4.000 1.184
2016-12-14 5.500 0.898
2016-12-17 6.000 0.612
2016-12-20 6.000 0.633
2016-12-24 6.000 0.673
2016-12-27 14.000 1.449
2017-01-03 13.000 1.082
2017-01-13 13.000 1.408
2017-01-16 12.333 2.224
2017-01-19 12.417 2.265
2017-01-23 12.417 2.224
2017-01-26 11.917 2.122
2017-01-29 11.917 2.143
2017-02-02 11.750 2.163
2017-02-05 11.667 2.306
2017-02-12 11.750 1.980
2017-02-15 12.583 2.163
2017-02-18 12.667 2.102
2017-02-25 13.500 1.204
2017-02-28 13.500 1.163
2017-03-04 13.500 1.143
2017-03-07 14.000 1.000
2017-03-10 14.000 1.061
2017-03-17 1.000 0.061
2017-03-24 4.000 0.347
2017-03-27 19.500 1.347
2017-04-06 19.000 1.571
2017-04-13 19.000 1.592
2017-04-16 19.000 1.653
2017-04-19 18.750 1.714
2017-04-23 20.250 1.429
2017-04-26 5.833 1.020
2017-04-29 5.933 1.082
2017-05-06 17.067 1.857
2017-05-09 16.867 1.837
2017-05-13 16.867 1.816
2017-05-16 17.200 1.837
2017-05-19 17.283 1.776
2017-05-23 15.783 1.857
2017-05-26 18.283 2.265
2017-05-29 18.033 2.265
2017-06-02 17.283 2.571
2017-06-05 15.533 1.837
2017-06-08 15.583 1.796
2017-06-15 15.333 1.735
2017-06-18 15.917 1.796
2017-06-22 15.917 1.714
2017-06-25 3.333 0.714
2017-06-28 4.000 0.653
2017-07-02 2.500 0.347
2017-07-05 4.000 0.408
2017-07-07 5.500 0.551
2017-07-10 9.500 0.837
2017-07-13 9.167 0.898
2017-07-15 10.000 1.122
2017-07-17 12.500 1.429
2017-07-18 12.250 1.388
2017-07-20 11.867 1.816
2017-07-22 11.617 2.163
2017-07-25 11.000 2.388
2017-07-27 10.950 2.408
2017-07-28 10.950 2.449
2017-07-30 10.902 2.490
2017-08-04 10.386 2.551
2017-08-06 10.552 2.551
2017-08-07 10.552 2.571
2017-08-09 7.752 2.653
2017-08-11 7.752 2.673
2017-08-12 7.752 2.633
2017-08-14 11.667 2.980
2017-08-16 11.633 2.673
2017-08-17 11.500 2.653
2017-08-19 11.000 2.388
2017-08-21 12.450 2.184
2017-08-22 12.417 2.204
2017-08-24 13.450 2.143
2017-08-26 12.333 2.469
2017-08-27 12.533 2.469
2017-08-29 11.136 3.163
2017-08-31 10.993 3.184
2017-09-01 11.326 3.245
2017-09-03 13.870 3.755
2017-09-05 13.845 3.612
2017-09-06 13.793 3.612
2017-09-08 13.900 3.245
2017-09-10 13.636 3.306
2017-09-11 13.686 3.286
2017-09-13 13.033 2.694
2017-09-18 14.217 2.531
2017-09-20 13.450 2.571
2017-09-21 13.617 2.551
2017-09-23 16.529 3.388
2017-09-25 16.300 3.041
2017-09-26 16.150 3.020
2017-09-28 16.617 2.367
2017-09-30 16.667 2.347
2017-10-01 16.250 2.286
2017-10-03 16.333 1.898
2017-10-05 17.250 2.061
2017-10-06 18.083 2.102
2017-10-08 18.083 2.367
2017-10-10 18.167 2.286
2017-10-13 18.667 2.388
2017-10-15 18.933 2.735
2017-10-16 19.300 2.796
2017-10-18 18.383 3.592
2017-10-20 18.567 3.408
2017-10-21 18.536 3.469
2017-10-23 17.102 2.735
2017-10-26 17.150 2.714
2017-10-28 18.483 2.633
2017-10-30 19.250 2.959
2017-11-02 19.452 2.878
2017-11-04 18.902 2.980
2017-11-05 18.800 2.918
2017-11-07 17.617 3.653
2017-11-09 17.014 4.000
2017-11-12 16.679 4.122
2017-11-14 16.567 3.776
2017-11-15 16.133 3.714
2017-11-17 13.950 3.673
2017-11-19 13.779 4.000
2017-11-20 13.762 3.939
2017-11-22 13.786 3.673
2017-11-29 13.150 3.347
2017-12-02 14.633 2.918
2017-12-04 14.967 2.653
2017-12-07 11.583 1.653
2017-12-09 11.833 1.388
2017-12-12 9.750 1.918
2017-12-14 9.450 2.122
2017-12-17 7.250 2.367
2017-12-19 6.833 2.041
2018-01-01 7.333 2.184
2018-01-08 7.250 2.469
2018-01-11 9.000 1.714
2018-01-13 8.667 1.510
2018-01-16 3.667 1.000
2018-01-19 3.667 1.020
2018-01-21 11.833 1.878
2018-01-26 10.833 2.224
2018-01-31 10.333 2.082
2018-02-02 10.583 2.143
2018-02-05 10.700 2.388
2018-02-07 12.200 2.367
2018-02-08 12.033 2.429
2018-02-10 13.033 2.857
2018-02-12 12.510 3.082
2018-02-13 12.510 3.102
2018-02-15 14.083 2.612
2018-02-18 14.250 2.633
2018-02-20 7.033 1.816
2018-02-22 7.250 2.184
2018-02-23 7.083 2.224
2018-02-25 9.043 2.878
2018-02-27 9.075 3.224
2018-02-28 9.042 3.265
2018-03-02 9.716 4.163
2018-03-04 9.401 4.306
2018-03-05 9.299 4.367
2018-03-07 9.683 4.143
2018-03-09 9.702 3.939
2018-03-10 9.805 3.878
2018-03-12 9.274 3.490
2018-03-14 9.364 3.469
2018-03-15 9.431 3.449
2018-03-17 9.098 3.633
2018-03-19 9.227 3.980
2018-03-20 9.377 4.000
2018-03-22 9.227 4.163
2018-03-24 9.488 3.796
2018-03-25 9.488 3.776
2018-03-27 8.767 2.776
2018-03-29 8.617 2.510
2018-03-30 8.583 2.531
2018-04-01 2.700 1.633
2018-04-03 3.117 1.490
2018-04-04 3.167 1.429
2018-04-06 10.150 2.020
2018-04-08 10.200 1.939
2018-04-11 12.583 2.408
2018-04-13 12.667 2.204
2018-04-16 17.060 2.673
2018-04-18 17.560 2.694
2018-04-21 15.310 3.490
2018-04-23 15.226 3.531
2018-04-24 15.250 3.510
2018-04-26 16.536 3.918
2018-04-28 16.936 3.837
2018-04-29 16.983 3.776
2018-05-01 17.150 3.796
2018-05-03 16.983 4.082
2018-05-04 17.055 4.143
2018-05-06 16.898 4.531
2018-05-08 16.826 4.837
2018-05-09 16.820 4.898
2018-05-11 16.932 5.388
2018-05-14 16.929 5.449
2018-05-16 16.147 5.082
2018-05-18 16.046 4.714
2018-05-19 16.048 4.653
2018-05-21 18.214 4.490
2018-05-23 18.238 4.449
2018-05-26 18.667 5.020
2018-05-28 18.327 5.367
2018-05-31 18.327 5.347
2018-06-02 18.238 5.000
2018-06-05 18.733 4.000
2018-06-07 19.000 3.980
2018-06-08 19.033 3.918
2018-06-10 18.600 3.490
2018-06-13 18.750 3.429
2018-06-15 20.183 3.449
2018-06-17 20.117 3.510
2018-06-20 19.067 2.673
2018-06-23 18.917 2.694
2018-06-25 17.567 2.347
2018-06-27 18.250 2.286
2018-06-28 17.933 2.347
2018-06-30 17.233 3.347
2018-07-02 17.133 3.714
2018-07-05 17.767 4.388
2018-07-07 17.619 4.286
2018-07-08 17.481 4.347
2018-07-10 17.517 3.776
2018-07-12 17.733 4.102
2018-07-13 17.819 4.163
2018-07-15 16.542 4.837
2018-07-17 16.994 5.102
2018-07-18 16.970 5.122
2018-07-20 17.296 6.082
2018-07-22 17.268 6.122
2018-07-23 17.236 6.163
2018-07-25 17.308 5.673
2018-07-27 17.062 5.755
2018-07-28 17.112 5.694
2018-07-30 17.867 4.755
2018-08-01 18.131 4.469
2018-08-02 17.988 4.469
2018-08-04 17.815 3.959
2018-08-06 17.216 4.082
2018-08-11 16.978 3.878
2018-08-12 16.899 3.816
2018-08-14 16.649 3.694
2018-08-16 16.154 3.367
2018-08-17 16.261 3.408
2018-08-19 16.945 2.449
2018-08-21 17.112 2.510
2018-08-22 17.255 2.510
2018-08-24 16.950 2.878
2018-08-26 16.733 2.857
2018-08-29 16.786 2.796
2018-08-31 16.519 2.714
2018-09-01 16.662 2.694
2018-09-03 16.567 2.531
2018-09-05 17.267 2.163
2018-09-06 17.367 2.102
2018-09-08 17.367 2.122
2018-09-10 17.350 2.000
2018-09-13 14.183 2.143
2018-09-16 14.167 2.082
2018-09-18 15.317 2.816
2018-09-20 15.067 2.816
2018-09-23 14.917 2.306
2018-09-25 16.250 2.245
2018-09-26 16.267 2.306
2018-09-28 15.717 2.551
2018-09-30 15.867 2.755
2018-10-01 15.667 2.755
2018-10-03 14.800 3.286
2018-10-05 14.454 3.653
2018-10-06 14.539 3.694
2018-10-08 14.557 3.673
2018-10-10 14.426 4.020
2018-10-11 14.486 4.082
2018-10-13 14.894 4.082
2018-10-15 14.940 4.408
2018-10-16 14.859 4.469
2018-10-18 13.394 3.837
2018-10-20 13.371 3.735
2018-10-21 13.312 3.673
2018-10-23 13.145 3.714
2018-10-25 13.190 3.429
2018-10-26 13.057 3.408
2018-10-28 12.981 4.163
2018-10-30 12.850 3.959
2018-10-31 12.886 3.918
2018-11-02 12.012 4.347
2018-11-04 11.536 3.980
2018-11-05 11.417 3.959
2018-11-07 11.350 3.980
2018-11-09 11.117 3.633
2018-11-10 11.017 3.571
2018-11-12 7.917 2.612
2018-11-14 6.583 2.306
2018-11-15 7.083 2.306
2018-11-17 8.183 3.204
2018-11-22 8.183 3.163
2018-11-25 8.233 3.122
2018-11-27 7.917 2.122
2018-11-30 7.983 2.184
2018-12-02 10.733 1.224
2018-12-04 10.733 1.408
2018-12-05 10.833 1.388
2018-12-07 11.000 1.367
2018-12-09 11.000 1.531
2018-12-10 10.750 1.571
2018-12-12 12.133 1.959
2018-12-14 12.050 2.102
2018-12-15 11.750 2.041
2018-12-17 7.000 1.041
2018-12-24 8.417 1.388
2018-12-25 8.250 1.449
2018-12-30 8.083 1.388
2019-01-01 9.083 1.490
2019-01-03 8.867 1.592
2019-01-06 9.283 1.714
2019-01-08 9.333 1.571
2019-01-09 9.500 1.531
2019-01-11 3.750 1.143
2019-01-13 3.833 0.980
2019-01-14 3.833 1.020
2019-01-18 5.250 1.367
2019-01-19 5.583 1.429
2019-01-21 13.400 2.204
2019-01-23 14.083 1.857
2019-01-24 14.250 1.796
2019-01-31 12.750 1.837
2019-02-02 13.667 1.551
2019-02-03 13.500 1.612
2019-02-05 14.000 1.490
2019-02-07 14.000 1.694
2019-02-10 13.500 1.653
2019-02-12 12.333 1.959
2019-02-13 12.500 1.918
2019-02-15 14.950 2.918
2019-02-17 14.083 2.571
2019-02-18 13.833 2.531
2019-02-20 13.000 2.041
2019-02-23 13.333 2.102
2019-02-25 13.250 3.102
2019-02-27 13.750 3.449
2019-02-28 13.783 3.510
2019-03-02 14.640 4.367
2019-03-04 14.783 4.388
2019-03-05 15.069 4.388
2019-03-07 14.798 5.041
2019-03-09 14.701 4.837
2019-03-14 14.524 4.531
2019-03-17 13.414 3.776
2019-03-19 13.324 4.082
2019-03-20 13.235 4.102
2019-03-22 14.192 4.061
2019-03-24 14.158 4.245
2019-03-25 14.176 4.245
2019-03-27 13.274 3.612
2019-03-29 13.390 3.612
2019-03-30 13.248 3.612
2019-04-01 16.069 3.612
2019-04-03 15.936 3.592
2019-04-04 15.683 3.531
2019-04-06 16.467 2.878
2019-04-08 16.767 3.204
2019-04-09 16.717 3.265
2019-04-11 15.645 3.857
2019-04-13 15.369 4.020
2019-04-14 15.336 4.082
2019-04-16 15.470 4.816
2019-04-18 15.912 4.837
2019-04-19 15.888 4.857
2019-04-21 16.190 5.612
2019-04-23 16.283 5.531
2019-04-24 16.158 5.531
2019-04-26 15.872 5.224
2019-04-28 15.885 4.878
2019-05-01 14.305 3.878
2019-05-03 14.305 3.898
2019-05-04 14.412 3.939
2019-05-08 14.033 3.592
2019-05-09 14.158 3.592
2019-05-11 14.717 3.959
2019-05-13 15.550 4.143
2019-05-14 15.661 4.143
2019-05-16 16.689 3.224
2019-05-18 16.122 3.204
2019-05-19 16.186 3.143
2019-05-21 14.260 2.143
2019-05-23 13.576 2.388
2019-05-24 13.743 2.388
2019-05-26 13.243 2.327
2019-05-29 13.386 2.327
2019-05-31 16.457 2.633
2019-06-02 16.490 2.612
2019-06-03 16.467 2.571
2019-06-05 16.562 2.653
2019-06-07 16.445 2.857
2019-06-08 16.417 2.796
2019-06-10 13.133 2.143
2019-06-12 12.567 1.796
2019-06-13 12.317 1.796
2019-06-15 11.650 1.857
2019-06-17 12.317 1.837
2019-06-18 12.533 1.898
2019-06-20 11.619 2.020
2019-06-22 11.952 1.878
2019-06-23 11.933 1.816
2019-06-25 16.076 2.286
2019-06-27 16.826 2.429
2019-06-28 16.626 2.429
2019-06-30 17.267 3.082
2019-07-02 18.167 3.327
2019-07-03 18.100 3.388
2019-07-05 19.424 4.184
2019-07-07 19.769 3.980
2019-07-08 19.769 4.000
2019-07-10 21.010 3.694
2019-07-13 21.100 3.633
2019-07-15 21.400 3.510
2019-07-17 21.500 3.592
2019-07-18 21.133 3.531
2019-07-20 19.833 3.694
2019-07-22 19.117 3.776
2019-07-23 19.560 3.837
2019-07-25 18.218 4.347
2019-07-27 18.008 4.469
2019-07-28 18.226 4.408
2019-07-30 21.110 4.388
2019-08-01 20.552 4.163
2019-08-02 20.700 4.122
2019-08-04 21.400 3.653
2019-08-06 20.967 3.735
2019-08-07 20.995 3.776
2019-08-12 20.848 3.816
2019-08-14 20.400 4.061
2019-08-16 19.948 3.714
2019-08-17 19.912 3.735
2019-08-19 19.448 4.000
2019-08-21 19.564 3.878
2019-08-22 19.136 3.878
2019-08-24 19.145 3.898
2019-08-26 19.262 4.000
2019-08-27 19.306 4.061
2019-08-29 16.127 3.347
2019-08-31 15.777 3.694
2019-09-01 15.736 3.735
2019-09-03 14.769 3.510
2019-09-05 14.936 3.490
2019-09-06 14.900 3.429
2019-09-08 13.389 3.776
2019-09-10 13.356 3.878
2019-09-11 13.383 3.837
2019-09-13 13.445 4.082
2019-09-15 13.638 4.347
2019-09-16 13.656 4.327
2019-09-18 13.349 4.327
2019-09-20 13.445 4.367
2019-09-23 6.755 3.367
2019-09-25 5.869 3.000
2019-09-26 5.750 2.939
2019-09-28 5.393 2.837
2019-09-30 5.176 2.571
2019-10-01 5.243 2.510
2019-10-03 9.960 2.796
2019-10-05 9.843 2.816
2019-10-08 10.600 2.469
2019-10-10 11.000 2.633
2019-10-13 12.033 2.143
2019-10-15 11.667 1.857
2019-10-18 11.667 1.469
2019-10-20 12.500 1.286
2019-10-21 12.667 1.224
2019-10-23 12.500 1.245
2019-10-25 12.500 1.265
2019-10-28 13.250 1.714
2019-10-30 13.267 1.980
2019-10-31 13.767 2.041
2019-11-02 7.483 2.490
2019-11-04 7.700 2.408
2019-11-09 7.617 2.163
2019-11-10 7.783 2.224
2019-11-12 7.383 2.408
2019-11-17 9.483 3.020
2019-11-19 9.676 3.306
2019-11-20 9.593 3.367
2019-11-22 10.765 4.204
2019-11-24 10.783 4.184
2019-11-27 10.683 3.633
2019-11-29 10.267 3.449
2019-11-30 10.100 3.408
2019-12-02 11.883 3.429
2019-12-04 11.431 3.776
2019-12-09 11.475 3.898
2019-12-10 11.325 3.837
2019-12-12 12.545 4.653
2019-12-14 12.607 5.000
2019-12-15 12.607 5.020
2019-12-17 12.869 4.245
2019-12-19 12.738 3.939
2019-12-20 12.905 3.878
2019-12-22 12.533 3.061
2019-12-24 12.433 3.082
2019-12-25 12.433 3.122
2019-12-27 12.807 4.102
2019-12-29 12.688 4.082
2019-12-30 12.781 4.122
2020-01-01 13.383 3.184
2020-01-03 14.000 2.878
2020-01-08 14.033 2.735
2020-01-11 13.283 1.735
2020-01-13 13.033 1.449
2020-01-14 13.083 1.429
2020-01-16 13.083 1.469
2020-01-18 13.167 1.735
2020-01-19 13.617 1.796
2020-01-21 14.700 1.837
2020-01-23 15.200 1.816
2020-01-24 15.283 1.776
2020-01-26 8.583 1.061
2020-01-28 9.333 0.898
2020-01-29 9.833 0.837
2020-02-02 10.000 0.796
2020-02-05 13.667 1.633
2020-02-07 12.500 1.959
2020-02-10 12.917 2.041
2020-02-12 12.917 1.980
2020-02-15 11.917 1.939
2020-02-17 11.833 1.714
2020-02-18 10.833 1.714
2020-02-20 9.833 1.633
2020-02-25 10.250 1.612
2020-03-01 9.583 2.163
2020-03-03 9.950 2.469
2020-03-04 10.117 2.531
2020-03-06 4.250 1.694
2020-03-08 4.667 1.367
2020-03-11 5.917 1.837
2020-03-14 6.067 1.898
2020-03-16 11.583 2.776
2020-03-18 11.750 2.735
2020-03-19 11.850 2.673
2020-03-21 8.983 3.673
2020-03-23 8.600 4.020
2020-03-24 8.529 4.082
2020-03-26 7.445 4.816
2020-03-28 7.195 5.163
2020-03-29 7.167 5.204
2020-03-31 7.440 5.653
2020-04-02 7.260 5.490
2020-04-03 7.173 5.469
2020-04-05 7.070 6.469
2020-04-07 7.152 6.816
2020-04-08 7.114 6.878
2020-04-10 6.186 7.020
2020-04-12 6.194 7.224
2020-04-13 6.123 7.163
2020-04-15 4.456 7.286
2020-04-17 4.420 7.633
2020-04-18 4.409 7.673
2020-04-20 4.742 7.673
2020-04-22 4.642 7.673
2020-04-25 4.706 6.673
2020-04-27 4.917 6.694
2020-04-28 4.944 6.653
2020-04-30 3.892 6.184
2020-05-02 3.931 6.041
2020-05-03 3.931 6.061
2020-05-05 3.603 5.980
2020-05-07 3.492 6.000
2020-05-08 3.617 6.000
2020-05-10 4.198 5.571
2020-05-12 4.133 5.367
2020-05-13 4.108 5.429
2020-05-15 4.556 4.653
2020-05-17 4.413 4.612
2020-05-20 2.743 4.265
2020-05-22 2.900 3.918
2020-05-25 3.050 4.653
2020-05-27 2.917 4.633
2020-05-28 2.910 4.694
2020-05-30 3.295 5.163
2020-06-01 3.385 5.347
2020-06-02 3.392 5.286
2020-06-04 2.686 4.612
2020-06-06 2.567 4.367
2020-06-07 2.467 4.306
2020-06-09 2.417 4.347
2020-06-12 2.528 4.347
2020-06-14 2.725 4.265
2020-06-16 3.008 4.000
2020-06-17 3.133 4.020
2020-06-19 3.968 3.816
2020-06-21 3.851 4.122
2020-06-22 3.994 4.122
2020-06-24 5.658 4.082
2020-06-26 5.458 4.102
2020-06-27 5.543 4.041
2020-06-29 6.667 3.061
2020-07-01 6.417 2.878
2020-07-02 6.293 2.939
2020-07-04 7.443 2.694
2020-07-06 7.526 2.592
2020-07-07 7.460 2.633
2020-07-09 8.400 2.327
2020-07-11 8.350 2.449
2020-07-14 7.983 2.306
2020-07-16 8.067 2.265
2020-07-17 7.950 2.204
2020-07-19 6.233 2.327
2020-07-21 6.500 2.082
2020-07-22 6.333 2.020
2020-07-24 5.000 1.408
2020-07-26 6.000 1.327
2020-07-29 9.667 1.551
