2015-07 16.000 1.898
2015-08 10.667 2.327
2015-09 1.000 2.388
2015-10 3.000 0.347
2015-11 8.333 1.143
2015-12 11.000 0.714
2016-01 4.500 0.510
2016-02 5.000 0.510
2016-03 6.000 1.082
2016-04 18.833 3.204
2016-05 18.167 2.755
2016-06 4.000 0.449
2016-07 17.500 1.367
2016-08 11.167 1.735
2016-09 18.717 3.429
2016-10 3.000 0.490
2016-11 2.000 0.816
2016-12 14.000 1.449
2017-01 11.917 2.184
2017-02 13.500 1.163
2017-03 19.500 1.347
2017-04 5.933 1.082
2017-05 18.033 2.265
2017-06 4.000 0.653
2017-07 10.902 2.490
2017-08 10.993 3.184
2017-09 16.617 2.367
2017-10 19.250 2.959
2017-11 13.150 3.347
2017-12 6.833 2.041
2018-01 10.833 2.224
2018-02 9.042 3.265
2018-03 8.583 2.531
2018-04 17.367 4.000
2018-05 18.327 5.367
2018-06 17.233 3.367
2018-07 17.867 4.755
2018-08 16.786 2.796
2018-09 15.867 2.755
2018-10 12.969 4.020
2018-11 7.983 2.184
2018-12 8.083 1.388
2019-01 13.250 1.939
2019-02 14.533 3.367
2019-03 13.248 3.612
2019-04 15.885 4.878
2019-05 16.457 2.633
2019-06 17.267 3.082
2019-07 21.110 4.388
2019-08 15.727 3.714
2019-09 5.176 2.571
2019-10 13.767 2.041
2019-11 10.100 3.408
2019-12 12.781 4.122
2020-01 9.833 0.837
2020-02 10.250 1.612
2020-03 7.175 6.204
2020-04 3.962 6.224
2020-05 3.262 5.224
2020-06 6.667 3.061
2020-07 9.667 1.551
