2015-06 0.000 0.633
2015-07 4.500 1.980
2015-08 6.117 4.694
2015-09 0.000 0.898
2015-10 0.000 0.020
2015-11 4.000 1.000
2016-01 1.000 0.286
2016-02 0.000 0.041
2016-03 4.000 0.510
2016-04 2.500 1.469
2016-05 6.233 2.959
2016-06 4.667 1.918
2016-07 3.333 3.735
2016-08 4.483 2.571
2016-09 6.400 3.714
2016-10 3.500 1.469
2016-11 1.000 1.224
2017-01 3.000 1.306
2017-02 4.833 1.571
2017-03 3.500 2.082
2017-04 5.833 2.245
2017-05 6.167 3.694
2017-06 3.000 1.918
2017-07 5.912 4.510
2017-08 6.083 4.163
2017-09 4.833 2.857
2017-10 5.743 5.776
2017-11 4.283 3.959
2018-01 3.333 1.959
2018-02 2.500 1.714
2018-03 2.333 5.694
2018-04 5.083 6.102
2018-05 6.679 8.327
2018-06 6.300 4.918
2018-07 4.649 6.673
2018-08 4.527 4.592
2018-09 4.329 3.571
2018-10 6.000 3.694
2018-11 6.500 1.939
2018-12 0.000 0.408
2019-01 1.667 3.061
2019-02 2.683 8.286
2019-03 4.710 7.286
2019-04 5.239 11.694
2019-05 3.450 5.796
2019-06 3.764 11.367
2019-07 5.008 11.449
2019-08 5.166 8.592
2019-09 3.986 10.653
2019-10 6.090 7.041
2019-11 3.394 3.714
2019-12 3.500 1.061
2020-01 3.086 5.306
2020-02 3.383 9.469
2020-03 2.048 7.878
2020-04 1.360 13.878
2020-05 0.763 10.857
2020-06 1.100 16.653
2020-07 0.700 6.939
