2015-07 9.500 1.939
2015-08 7.000 2.408
2015-09 2.000 3.000
2015-10 7.000 0.878
2015-11 4.000 1.000
2015-12 5.333 2.551
2016-01 1.000 0.286
2016-02 2.500 2.000
2016-03 2.000 1.000
2016-04 5.500 1.020
2016-05 8.000 1.041
2016-06 8.000 2.878
2016-07 9.917 2.837
2016-08 9.833 2.673
2016-09 11.000 2.245
2016-10 6.000 1.490
2016-11 2.000 0.959
2016-12 3.000 1.367
2017-01 6.500 1.061
2017-02 1.500 1.939
2017-03 1.500 1.571
2017-04 2.000 2.918
2017-05 8.833 1.551
2017-06 8.000 4.429
2017-07 10.690 6.122
2017-08 9.171 5.857
2017-09 9.750 4.388
2017-10 6.033 3.490
2017-11 5.500 2.592
2017-12 4.417 3.898
2018-01 3.900 5.000
2018-02 5.000 0.918
2018-03 3.333 2.061
2018-04 4.417 2.980
2018-05 8.317 3.653
2018-06 8.377 4.755
2018-07 11.350 5.367
2018-08 10.111 6.061
2018-09 9.195 4.673
2018-10 8.800 2.673
2018-11 7.417 3.143
2018-12 3.333 3.551
2019-01 4.917 3.531
2019-02 2.833 2.816
2019-03 4.143 7.980
2019-04 11.050 8.388
2019-05 8.117 4.571
2019-06 9.050 5.592
2019-07 8.933 5.367
2019-08 11.200 5.959
2019-09 9.433 4.633
2019-10 11.283 4.755
2019-11 3.583 3.592
2019-12 4.367 2.735
2020-01 4.833 2.449
2020-02 4.333 2.816
2020-03 3.567 4.816
2020-04 1.200 4.143
2020-05 2.567 4.408
2020-06 3.167 5.224
2020-07 7.238 6.327
