2015-07-16 9.000 0.959
2015-07-26 9.500 1.918
2015-07-29 9.500 1.939
2015-08-05 8.667 2.939
2015-08-08 8.667 2.959
2015-08-15 8.000 2.347
2015-08-18 8.000 2.367
2015-08-25 7.000 2.408
2015-09-04 6.500 2.408
2015-09-07 6.500 2.388
2015-09-14 4.667 3.041
2015-09-17 4.667 3.020
2015-09-24 2.000 3.020
2015-09-27 2.000 3.000
2015-10-04 2.333 2.878
2015-10-14 3.500 1.878
2015-10-24 7.000 0.878
2015-11-13 4.000 1.000
2015-12-03 3.750 1.776
2015-12-13 3.500 0.776
2015-12-23 5.750 1.776
2016-01-02 7.500 1.143
2016-01-12 7.000 1.286
2016-01-22 1.000 0.286
2016-02-01 1.000 1.143
2016-02-11 2.500 2.000
2016-03-02 3.000 2.000
2016-03-12 2.000 1.000
2016-04-01 0.000 0.082
2016-04-04 0.000 0.102
2016-04-11 6.000 0.327
2016-04-21 5.500 1.020
2016-05-01 8.333 1.776
2016-05-04 8.833 1.755
2016-05-11 6.500 1.531
2016-05-21 8.000 1.041
2016-05-31 0.000 0.204
2016-06-10 6.500 1.061
2016-06-20 9.500 1.857
2016-06-23 9.500 1.878
2016-06-30 8.000 2.878
2016-07-03 8.000 2.898
2016-07-10 8.667 3.041
2016-07-20 8.500 2.857
2016-07-23 8.500 2.837
2016-07-30 9.917 2.837
2016-08-02 10.000 2.816
2016-08-09 9.833 2.490
2016-08-19 9.000 2.673
2016-08-29 9.833 2.673
2016-09-08 10.667 2.245
2016-09-18 11.667 2.245
2016-09-28 11.000 2.245
2016-10-01 11.000 2.265
2016-10-08 10.000 3.020
2016-10-18 8.667 2.490
2016-10-28 6.000 1.490
2016-10-31 6.000 1.469
2016-11-07 4.000 0.469
2016-11-17 3.000 0.837
2016-11-27 2.000 0.959
2016-12-17 2.000 0.510
2016-12-27 3.000 1.367
2017-01-06 3.333 1.510
2017-01-16 5.000 2.041
2017-01-26 6.500 1.061
2017-02-05 7.000 0.918
2017-02-15 2.000 1.000
2017-02-18 2.000 1.020
2017-02-25 1.500 1.918
2017-02-28 1.500 1.939
2017-03-20 1.500 1.918
2017-03-27 1.500 1.571
2017-04-06 3.000 2.490
2017-04-16 2.667 2.490
2017-04-26 2.000 2.939
2017-04-29 2.000 2.918
2017-05-06 3.000 2.959
2017-05-16 4.333 2.122
2017-05-26 8.833 1.510
2017-06-05 6.667 1.531
2017-06-10 6.667 1.959
2017-06-15 6.917 2.796
2017-06-25 8.000 3.408
2017-06-28 8.000 3.429
2017-06-30 8.000 4.429
2017-07-05 8.400 4.449
2017-07-10 9.000 5.020
2017-07-15 10.000 5.020
2017-07-20 10.000 6.020
2017-07-25 10.000 6.020
2017-07-28 10.000 6.000
2017-07-30 10.667 6.000
2017-08-04 11.000 6.000
2017-08-09 11.200 5.918
2017-08-14 10.200 5.918
2017-08-19 10.233 5.918
2017-08-24 9.933 5.735
2017-08-29 9.267 5.735
2017-09-03 8.667 5.735
2017-09-08 8.433 5.816
2017-09-13 8.800 5.816
2017-09-18 8.600 4.816
2017-09-23 9.050 4.837
2017-09-28 9.583 4.265
2017-10-03 9.133 4.122
2017-10-08 7.700 4.122
2017-10-11 7.617 4.143
2017-10-13 7.300 4.143
2017-10-18 7.300 4.163
2017-10-21 7.250 4.184
2017-10-23 6.850 3.694
2017-10-28 6.033 3.490
2017-11-02 5.683 3.469
2017-11-07 6.033 3.102
2017-11-10 6.033 3.082
2017-11-12 5.750 2.082
2017-11-17 5.833 2.061
2017-11-20 5.833 2.041
2017-11-22 4.417 2.694
2017-11-27 5.500 2.592
2017-12-02 5.500 1.755
2017-12-07 3.333 2.122
2017-12-12 3.917 3.122
2017-12-17 4.033 4.041
2017-12-22 4.417 3.041
2017-12-27 4.417 3.878
2017-12-30 4.417 3.898
2018-01-01 4.550 4.898
2018-01-06 4.750 4.898
2018-01-11 4.550 4.449
2018-01-16 4.333 3.939
2018-01-21 4.333 4.000
2018-01-26 4.100 4.020
2018-01-29 4.100 4.000
2018-01-31 3.567 4.000
2018-02-05 3.767 3.898
2018-02-10 3.667 3.347
2018-02-15 3.667 2.939
2018-02-20 3.667 2.878
2018-02-25 4.000 1.918
2018-03-02 5.000 0.918
2018-03-07 4.000 1.020
2018-03-10 4.000 1.041
2018-03-12 4.500 1.102
2018-03-20 4.500 1.122
2018-03-27 3.500 1.918
2018-03-30 3.500 1.939
2018-04-01 5.333 2.939
2018-04-06 5.083 2.163
2018-04-09 5.083 2.143
2018-04-11 4.667 2.082
2018-04-19 4.667 2.061
2018-04-21 3.833 2.816
2018-04-26 4.417 3.000
2018-04-29 4.417 2.980
2018-05-01 4.333 2.980
2018-05-06 4.667 2.755
2018-05-11 4.833 3.082
2018-05-19 4.833 3.102
2018-05-21 7.083 3.327
2018-05-26 8.333 2.633
2018-05-29 8.333 2.653
2018-05-31 8.583 2.653
2018-06-05 7.783 3.653
2018-06-08 7.950 3.673
2018-06-10 8.010 4.082
2018-06-13 7.992 4.102
2018-06-15 7.911 4.980
2018-06-18 7.925 4.959
2018-06-20 7.760 4.204
2018-06-23 7.742 4.224
2018-06-25 8.378 4.755
2018-06-28 8.392 4.735
2018-06-30 8.425 4.735
2018-07-05 10.242 4.735
2018-07-08 10.117 4.714
2018-07-10 10.433 4.694
2018-07-13 10.433 4.673
2018-07-15 11.033 4.755
2018-07-20 10.733 5.490
2018-07-23 10.733 5.469
2018-07-25 11.400 5.469
2018-07-30 11.350 5.367
2018-08-04 11.017 5.367
2018-08-07 10.967 5.388
2018-08-09 10.667 5.633
2018-08-14 10.450 5.673
2018-08-17 10.426 5.694
2018-08-19 10.576 5.735
2018-08-24 10.110 5.857
2018-08-29 10.158 5.939
2018-09-03 9.867 5.939
2018-09-06 9.992 5.939
2018-09-08 10.125 5.857
2018-09-13 9.393 5.612
2018-09-16 9.536 5.612
2018-09-18 9.136 5.592
2018-09-23 9.119 5.633
2018-09-26 9.208 5.653
2018-09-28 9.195 4.673
2018-10-03 9.383 3.898
2018-10-06 9.283 3.878
2018-10-08 9.267 4.000
2018-10-13 10.017 3.510
2018-10-16 9.867 3.490
2018-10-18 10.300 3.000
2018-10-23 9.917 2.000
2018-10-26 9.417 1.980
2018-10-28 8.800 2.673
2018-11-02 8.300 3.449
2018-11-07 8.117 3.347
2018-11-12 7.250 3.837
2018-11-17 7.083 3.347
2018-11-22 7.083 3.837
2018-11-27 7.417 3.143
2018-12-02 5.917 2.306
2018-12-07 2.583 2.163
2018-12-12 3.583 2.408
2018-12-17 3.583 2.510
2018-12-22 3.500 2.776
2018-12-27 3.333 3.224
2019-01-01 3.167 3.061
2019-01-06 3.083 3.306
2019-01-11 3.833 2.306
2019-01-16 4.833 3.184
2019-01-21 4.750 3.347
2019-01-26 5.083 3.306
2019-01-31 4.917 3.531
2019-02-05 5.500 3.020
2019-02-10 4.483 4.020
2019-02-15 2.867 3.367
2019-02-20 3.117 3.449
2019-02-25 2.750 3.041
2019-03-02 3.333 3.653
2019-03-05 3.333 3.673
2019-03-07 3.700 4.184
2019-03-10 3.700 4.204
2019-03-12 4.167 3.204
2019-03-17 4.250 3.878
2019-03-22 4.500 3.796
2019-03-25 4.667 3.816
2019-03-27 4.167 4.388
2019-03-30 4.143 4.408
2019-04-01 5.343 4.571
2019-04-04 5.367 4.551
2019-04-06 5.742 3.551
2019-04-09 5.792 3.531
2019-04-11 6.950 4.531
2019-04-16 8.100 4.469
2019-04-21 9.883 4.204
2019-04-24 9.683 4.184
2019-04-26 11.050 4.612
2019-04-29 11.050 4.592
2019-05-01 11.150 4.469
2019-05-06 10.650 5.367
2019-05-11 9.683 5.367
2019-05-21 9.050 4.714
2019-05-26 8.417 3.714
2019-05-31 7.417 3.694
2019-06-05 8.917 3.694
2019-06-08 8.917 3.714
2019-06-10 9.750 3.551
2019-06-15 9.250 3.592
2019-06-20 8.850 4.571
2019-06-25 8.400 5.449
2019-06-30 9.050 5.592
2019-07-05 8.700 5.694
2019-07-08 8.733 5.673
2019-07-10 7.867 5.837
2019-07-15 8.567 5.327
2019-07-20 9.033 5.347
2019-07-25 9.733 5.469
2019-07-30 8.933 5.367
2019-08-04 8.767 5.327
2019-08-09 9.667 5.327
2019-08-14 8.833 5.857
2019-08-19 8.967 5.857
2019-08-24 10.200 5.857
2019-08-29 11.200 5.959
2019-09-03 10.967 5.796
2019-09-08 11.733 5.796
2019-09-13 12.367 5.633
2019-09-18 11.600 5.633
2019-09-23 10.717 4.633
2019-09-28 9.433 4.633
2019-10-01 9.433 4.653
2019-10-03 10.250 4.837
2019-10-08 9.583 3.837
2019-10-13 9.833 3.980
2019-10-18 11.083 3.898
2019-10-23 10.683 4.755
2019-10-28 11.283 4.755
2019-10-31 11.283 4.735
2019-11-02 9.700 4.755
2019-11-07 9.267 5.286
2019-11-12 9.017 4.367
2019-11-17 8.167 3.449
2019-11-22 6.250 3.592
2019-11-27 3.583 3.571
2019-11-30 3.583 3.592
2019-12-02 3.200 3.429
2019-12-07 3.250 2.898
2019-12-12 3.333 2.837
2019-12-17 3.500 3.837
2019-12-20 3.500 3.857
2019-12-22 4.000 2.857
2019-12-25 4.000 2.878
2019-12-27 4.333 2.755
2019-12-30 4.367 2.735
2020-01-01 3.250 1.898
2020-01-04 3.200 1.918
2020-01-11 3.333 2.918
2020-01-14 3.310 2.939
2020-01-16 3.500 2.061
2020-01-19 3.533 2.041
2020-01-21 3.867 2.306
2020-01-26 4.000 1.449
2020-01-31 4.833 2.449
2020-02-05 5.000 2.857
2020-02-10 5.583 2.857
2020-02-15 5.333 2.755
2020-02-18 5.333 2.776
2020-02-20 5.750 2.837
2020-02-23 5.750 2.816
2020-02-25 4.850 3.816
2020-03-01 4.733 3.816
2020-03-04 4.733 3.796
2020-03-06 4.767 4.245
2020-03-11 4.533 4.102
2020-03-14 4.533 4.082
2020-03-16 4.533 4.163
2020-03-21 3.800 4.837
2020-03-26 4.083 3.837
2020-03-31 2.950 3.816
2020-04-05 2.583 2.959
2020-04-10 0.917 3.102
2020-04-15 1.000 3.429
2020-04-20 1.417 3.163
2020-04-25 1.500 4.163
2020-04-28 1.500 4.184
2020-04-30 1.233 4.041
2020-05-05 1.800 5.041
2020-05-08 1.800 5.061
2020-05-10 2.217 4.163
2020-05-15 2.050 4.735
2020-05-18 2.050 4.714
2020-05-20 2.150 4.857
2020-05-25 2.217 4.388
2020-05-28 2.217 4.367
2020-05-30 2.567 4.408
2020-06-04 2.117 4.388
2020-06-07 2.117 4.367
2020-06-09 2.117 5.265
2020-06-14 2.400 5.265
2020-06-19 2.483 5.388
2020-06-24 2.850 5.102
2020-06-29 3.167 5.224
2020-07-04 4.233 5.245
2020-07-09 4.833 5.245
2020-07-14 6.033 5.224
2020-07-17 6.033 5.245
2020-07-19 6.467 5.245
2020-07-24 6.833 6.000
2020-07-27 6.833 6.020
2020-07-29 7.333 6.020
