2015-07 3.000 0.878
2015-08 7.917 2.306
2015-09 2.000 1.061
2015-10 7.500 0.571
2015-11 7.000 2.082
2015-12 11.250 1.735
2016-01 4.500 1.347
2016-03 6.000 0.959
2016-04 10.583 1.857
2016-05 11.700 2.673
2016-06 10.850 3.041
2016-07 13.983 3.673
2016-08 12.517 3.306
2016-09 13.250 2.551
2016-10 12.000 2.102
2016-11 7.033 3.082
2016-12 7.650 2.429
2017-01 7.000 2.429
2017-02 5.333 1.735
2017-03 11.583 2.510
2017-04 12.800 3.061
2017-05 11.000 2.898
2017-06 14.667 3.837
2017-07 13.082 7.184
2017-08 9.857 4.673
2017-09 15.771 4.531
2017-10 10.688 6.286
2017-11 12.061 5.735
2017-12 10.186 3.694
2018-01 6.766 4.694
2018-02 7.833 3.102
2018-03 14.100 2.816
2018-04 10.100 2.980
2018-05 11.283 4.429
2018-06 14.317 4.531
2018-07 12.078 6.735
2018-08 15.840 5.531
2018-09 13.294 4.592
2018-10 13.467 5.551
2018-11 11.632 4.429
2018-12 11.324 7.082
2019-01 11.667 5.184
2019-02 11.954 5.306
2019-03 12.391 7.102
2019-04 12.984 4.184
2019-05 10.929 4.000
2019-06 12.846 6.673
2019-07 15.082 5.980
2019-08 16.733 8.122
2019-09 14.150 4.735
2019-10 15.051 4.776
2019-11 11.154 5.490
2019-12 13.602 3.980
2020-01 9.483 5.490
2020-02 13.042 4.837
2020-03 10.802 3.959
2020-04 0.000 2.531
2020-05 0.900 5.102
2020-06 1.380 4.510
2020-07 4.496 7.122
