2015-07-06 1.000 0.347
2015-07-16 2.500 0.714
2015-07-26 3.000 0.878
2015-08-02 9.750 1.878
2015-08-05 10.000 1.857
2015-08-12 10.000 1.898
2015-08-15 9.833 1.531
2015-08-22 8.250 2.163
2015-08-25 7.917 2.306
2015-09-01 7.000 1.306
2015-09-04 7.000 0.980
2015-09-11 4.167 1.653
2015-09-21 2.000 1.020
2015-09-24 2.000 1.061
2015-10-04 2.000 1.082
2015-10-11 2.000 0.367
2015-10-21 7.167 0.918
2015-10-24 7.500 0.571
2015-11-03 7.000 0.551
2015-11-20 3.000 0.082
2015-11-30 7.500 1.082
2015-12-03 7.500 1.429
2015-12-20 6.000 1.347
2015-12-23 6.333 1.408
2015-12-30 11.333 1.388
2016-01-02 11.500 1.041
2016-01-12 11.167 1.388
2016-01-19 7.833 2.388
2016-01-22 7.667 2.327
2016-01-29 4.500 1.347
2016-02-11 4.000 1.000
2016-03-12 2.000 0.347
2016-03-22 2.000 0.388
2016-03-29 6.000 0.959
2016-04-08 7.833 1.429
2016-04-11 7.167 1.408
2016-04-18 9.000 2.367
2016-04-21 8.783 2.429
2016-04-28 10.583 1.857
2016-05-01 10.883 2.204
2016-05-08 9.583 1.735
2016-05-11 10.250 1.755
2016-05-18 10.667 1.755
2016-05-21 10.917 2.000
2016-05-28 11.700 2.673
2016-05-31 11.583 2.327
2016-06-07 10.367 3.327
2016-06-10 10.567 3.327
2016-06-17 10.000 2.367
2016-06-20 10.250 2.388
2016-06-27 10.750 2.694
2016-06-30 10.850 3.041
2016-07-07 13.150 3.041
2016-07-10 12.750 3.041
2016-07-17 13.200 4.041
2016-07-20 13.133 3.673
2016-07-27 13.933 3.673
2016-07-30 13.983 3.673
2016-08-06 13.183 3.673
2016-08-09 13.583 3.673
2016-08-16 11.867 3.286
2016-08-19 12.067 3.633
2016-08-26 12.433 3.653
2016-08-29 12.517 3.306
2016-09-05 13.217 3.122
2016-09-08 13.333 2.837
2016-09-15 14.667 2.388
2016-09-18 14.333 2.388
2016-09-25 14.167 2.184
2016-09-28 13.250 2.551
2016-10-05 13.167 2.265
2016-10-08 12.867 2.388
2016-10-15 12.867 3.224
2016-10-18 12.867 2.918
2016-10-25 11.750 2.122
2016-10-28 12.000 2.102
2016-11-04 10.167 2.143
2016-11-07 10.250 2.306
2016-11-14 8.417 2.143
2016-11-17 8.450 2.449
2016-11-24 7.017 3.408
2016-11-27 7.033 3.082
2016-12-04 7.667 2.531
2016-12-07 8.333 2.531
2016-12-14 6.083 2.531
2016-12-17 6.583 2.265
2016-12-24 7.583 2.224
2016-12-27 7.650 2.429
2017-01-03 6.950 3.286
2017-01-06 6.600 2.939
2017-01-13 7.100 3.082
2017-01-16 6.733 3.367
2017-01-23 7.167 2.449
2017-01-26 7.000 2.429
2017-02-02 8.333 1.612
2017-02-12 0.500 0.633
2017-02-15 1.000 0.592
2017-02-22 5.333 1.592
2017-02-25 5.333 1.735
2017-03-04 8.250 2.469
2017-03-07 8.550 2.816
2017-03-14 9.367 3.816
2017-03-17 9.367 3.857
2017-03-24 11.350 2.857
2017-03-27 11.583 2.510
2017-04-03 13.000 2.714
2017-04-06 12.500 2.714
2017-04-13 12.333 2.714
2017-04-16 13.250 2.694
2017-04-23 12.800 3.061
2017-05-03 10.500 2.061
2017-05-06 10.750 2.061
2017-05-13 10.417 2.061
2017-05-16 10.333 1.918
2017-05-23 11.083 2.551
2017-05-26 11.000 2.898
2017-06-02 12.433 3.898
2017-06-05 12.567 3.592
2017-06-12 12.650 3.592
2017-06-15 12.933 3.735
2017-06-22 15.100 3.735
2017-06-25 15.183 3.510
2017-06-30 14.667 3.837
2017-07-02 14.400 3.837
2017-07-05 14.524 4.143
2017-07-07 12.905 5.061
2017-07-10 12.956 5.408
2017-07-12 14.095 5.408
2017-07-15 13.522 5.327
2017-07-17 13.455 6.306
2017-07-20 13.721 6.469
2017-07-22 13.176 6.061
2017-07-25 13.332 6.163
2017-07-27 12.590 7.163
2017-07-30 13.082 7.184
2017-08-01 12.644 6.204
2017-08-04 12.526 6.204
2017-08-06 13.698 6.184
2017-08-09 13.743 5.837
2017-08-11 12.308 5.551
2017-08-14 12.313 5.633
2017-08-16 11.410 4.714
2017-08-19 11.011 4.551
2017-08-21 10.765 4.959
2017-08-24 10.339 5.041
2017-08-26 10.345 5.020
2017-08-29 9.857 4.673
2017-08-31 9.857 4.653
2017-09-03 9.736 4.306
2017-09-05 10.652 4.408
2017-09-08 10.625 4.633
2017-09-10 13.077 4.918
2017-09-13 13.101 4.918
2017-09-15 13.143 4.857
2017-09-20 14.905 4.857
2017-09-23 14.724 4.837
2017-09-25 15.960 4.163
2017-09-28 16.021 4.469
2017-10-03 15.966 4.490
2017-10-05 13.670 4.490
2017-10-08 13.387 4.633
2017-10-10 11.039 4.510
2017-10-13 11.456 4.510
2017-10-15 11.681 5.265
2017-10-18 11.663 5.286
2017-10-20 10.215 4.633
2017-10-23 10.266 4.694
2017-10-25 10.086 5.388
2017-10-28 10.427 5.449
2017-10-30 10.688 6.286
2017-11-02 10.615 6.327
2017-11-04 11.250 5.714
2017-11-07 11.332 5.714
2017-11-09 12.489 5.837
2017-11-12 12.235 5.837
2017-11-14 11.774 6.082
2017-11-17 11.727 6.429
2017-11-19 12.130 7.082
2017-11-22 12.030 7.082
2017-11-24 12.998 6.408
2017-11-27 12.475 6.143
2017-11-29 12.061 5.735
2017-12-02 12.016 5.857
2017-12-04 12.019 5.469
2017-12-07 11.967 5.102
2017-12-09 10.402 4.551
2017-12-12 10.562 4.408
2017-12-14 11.740 3.408
2017-12-17 11.954 3.388
2017-12-19 8.033 3.388
2017-12-22 8.350 3.041
2017-12-24 10.333 3.694
2017-12-27 10.093 3.939
2017-12-29 10.186 3.694
2018-01-01 10.119 3.857
2018-01-03 10.054 3.918
2018-01-08 10.176 3.551
2018-01-11 9.952 3.694
2018-01-13 10.083 3.878
2018-01-16 9.750 3.878
2018-01-18 8.083 3.878
2018-01-21 8.083 3.898
2018-01-23 4.935 3.878
2018-01-26 4.843 3.531
2018-01-28 6.744 4.347
2018-01-31 6.801 4.347
2018-02-02 6.819 4.286
2018-02-07 6.338 5.143
2018-02-10 6.356 5.143
2018-02-12 6.256 4.959
2018-02-17 6.581 4.102
2018-02-20 6.587 4.122
2018-02-22 8.304 4.082
2018-02-25 8.712 4.429
2018-02-27 7.786 3.449
2018-03-02 7.833 3.122
2018-03-04 7.833 3.327
2018-03-07 7.911 3.673
2018-03-09 10.335 3.388
2018-03-12 10.592 3.184
2018-03-17 10.876 2.837
2018-03-19 11.650 2.694
2018-03-22 11.833 3.000
2018-03-24 8.217 2.082
2018-03-27 7.300 2.061
2018-03-29 14.100 2.816
2018-04-01 13.971 3.143
2018-04-03 13.762 3.633
2018-04-06 13.771 3.286
2018-04-08 12.833 2.633
2018-04-11 12.967 2.592
2018-04-18 11.733 3.592
2018-04-21 11.700 3.592
2018-04-23 11.462 3.633
2018-04-26 11.795 3.653
2018-04-28 10.100 2.980
2018-05-01 10.133 2.878
2018-05-03 12.933 3.020
2018-05-08 12.883 3.061
2018-05-11 12.510 3.306
2018-05-13 10.745 3.918
2018-05-16 10.512 4.224
2018-05-18 12.370 3.714
2018-05-21 12.093 3.592
2018-05-23 13.571 4.184
2018-05-26 13.295 3.837
2018-05-28 11.361 4.286
2018-05-31 11.394 4.184
2018-06-02 9.343 3.408
2018-06-05 9.392 3.510
2018-06-07 9.261 4.041
2018-06-10 9.256 3.857
2018-06-12 9.597 3.918
2018-06-15 9.958 3.633
2018-06-17 9.307 3.306
2018-06-20 10.224 3.429
2018-06-22 14.260 3.796
2018-06-25 14.364 4.143
2018-06-27 14.203 4.327
2018-06-30 14.317 4.531
2018-07-02 14.480 5.184
2018-07-05 14.213 5.429
2018-07-07 13.838 5.673
2018-07-10 13.754 5.837
2018-07-12 13.361 6.163
2018-07-15 13.519 6.490
2018-07-17 13.207 7.265
2018-07-20 12.949 7.265
2018-07-22 11.051 6.592
2018-07-25 10.787 6.469
2018-07-27 12.070 6.735
2018-07-30 12.078 6.735
2018-08-01 12.269 7.020
2018-08-04 12.128 6.959
2018-08-06 13.389 7.143
2018-08-09 13.351 7.020
2018-08-11 15.207 6.959
2018-08-14 14.863 6.755
2018-08-16 15.380 6.592
2018-08-19 15.525 6.592
2018-08-21 15.899 6.510
2018-08-24 15.807 6.653
2018-08-26 16.085 5.714
2018-08-29 15.840 5.531
2018-08-31 16.622 4.531
2018-09-03 16.902 4.245
2018-09-05 16.252 4.041
2018-09-08 16.331 3.959
2018-09-10 11.793 3.082
2018-09-13 11.411 3.286
2018-09-15 9.529 2.510
2018-09-18 9.033 2.184
2018-09-20 12.133 2.939
2018-09-23 13.300 2.918
2018-09-25 12.136 3.408
2018-09-28 12.029 3.592
2018-09-30 13.294 4.592
2018-10-03 12.909 4.939
2018-10-05 14.294 5.143
2018-10-08 14.256 5.020
2018-10-10 14.387 5.367
2018-10-13 14.726 5.082
2018-10-15 14.498 5.816
2018-10-18 14.521 5.796
2018-10-20 14.518 5.612
2018-10-23 14.208 5.612
2018-10-25 14.911 6.061
2018-10-28 15.131 5.714
2018-10-30 13.467 5.551
2018-11-02 13.667 5.286
2018-11-04 13.033 5.082
2018-11-07 12.692 5.367
2018-11-09 12.270 5.408
2018-11-12 12.085 5.653
2018-11-14 11.531 5.429
2018-11-19 11.648 5.224
2018-11-22 11.378 4.959
2018-11-24 10.936 4.939
2018-11-27 11.292 5.265
2018-11-29 11.632 4.429
2018-12-02 11.657 4.694
2018-12-04 10.240 4.776
2018-12-07 10.340 4.714
2018-12-09 10.531 5.204
2018-12-12 10.674 5.245
2018-12-14 11.585 5.265
2018-12-17 11.513 5.531
2018-12-19 10.675 5.918
2018-12-22 10.624 6.184
2018-12-24 10.596 6.204
2018-12-27 10.276 6.143
2018-12-29 11.324 7.082
2019-01-01 11.407 7.082
2019-01-03 11.215 7.204
2019-01-06 11.264 7.327
2019-01-08 10.746 7.327
2019-01-11 10.754 7.327
2019-01-13 10.575 6.796
2019-01-16 10.639 6.673
2019-01-18 10.765 5.673
2019-01-21 10.976 5.673
2019-01-23 11.514 4.939
2019-01-26 11.486 5.020
2019-01-28 11.333 5.041
2019-01-31 11.238 4.694
2019-02-02 12.690 3.694
2019-02-05 12.857 3.694
2019-02-07 13.529 2.918
2019-02-10 13.567 2.592
2019-02-12 13.005 3.592
2019-02-15 12.929 3.796
2019-02-17 12.440 4.796
2019-02-20 12.155 4.531
2019-02-22 12.364 5.265
2019-02-27 11.954 5.306
2019-03-02 11.831 5.653
2019-03-04 12.267 6.653
2019-03-07 12.194 6.469
2019-03-09 11.730 7.306
2019-03-12 11.693 7.490
2019-03-14 11.761 7.020
2019-03-17 12.053 7.020
2019-03-19 11.954 6.837
2019-03-22 12.639 7.102
2019-03-24 12.050 7.102
2019-03-27 12.161 7.102
2019-03-29 12.391 7.102
2019-04-01 13.188 7.061
2019-04-03 12.924 6.163
2019-04-06 12.789 6.347
2019-04-08 13.145 6.286
2019-04-11 13.267 6.429
2019-04-13 12.420 6.898
2019-04-16 12.427 6.857
2019-04-18 12.661 6.041
2019-04-21 12.219 5.694
2019-04-23 12.423 4.816
2019-04-26 12.923 4.816
2019-04-28 12.887 4.163
2019-05-01 12.024 4.204
2019-05-03 11.857 4.102
2019-05-06 11.994 4.082
2019-05-08 11.113 3.143
2019-05-11 11.029 2.796
2019-05-13 12.219 2.796
2019-05-16 11.626 2.755
2019-05-23 11.819 3.633
2019-05-26 11.510 3.633
2019-05-28 10.690 3.653
2019-05-31 11.143 3.653
2019-06-02 11.744 4.653
2019-06-05 11.512 4.429
2019-06-07 12.471 5.265
2019-06-10 12.419 5.612
2019-06-12 12.623 5.510
2019-06-15 13.211 5.592
2019-06-17 13.370 6.592
2019-06-20 13.323 6.939
2019-06-22 13.331 6.082
2019-06-25 13.942 6.041
2019-06-27 12.951 6.673
2019-06-30 12.846 6.673
2019-07-02 13.689 6.673
2019-07-05 13.746 6.918
2019-07-07 13.889 6.408
2019-07-10 13.971 6.408
2019-07-12 13.837 6.510
2019-07-15 13.646 6.510
2019-07-17 13.766 6.245
2019-07-20 13.700 6.245
2019-07-22 14.156 7.102
2019-07-25 13.592 7.143
2019-07-27 15.003 6.143
2019-07-30 15.082 5.980
2019-08-01 14.397 5.980
2019-08-04 14.697 5.980
2019-08-06 14.073 6.653
2019-08-09 13.953 6.653
2019-08-11 15.942 6.592
2019-08-14 16.235 6.592
2019-08-16 16.075 6.102
2019-08-19 16.518 5.959
2019-08-21 17.420 5.959
2019-08-24 17.327 5.959
2019-08-26 16.330 6.959
2019-08-29 16.409 7.122
2019-08-31 17.061 7.122
2019-09-03 17.052 7.122
2019-09-05 17.723 6.755
2019-09-08 17.903 6.735
2019-09-10 16.594 5.796
2019-09-13 16.256 5.449
2019-09-15 15.783 5.980
2019-09-18 15.156 6.122
2019-09-20 15.617 6.061
2019-09-23 15.818 5.714
2019-09-25 17.237 5.082
2019-09-28 17.132 4.755
2019-09-30 14.267 4.633
2019-10-03 14.105 4.551
2019-10-05 14.019 4.286
2019-10-08 14.395 4.143
2019-10-13 15.265 4.469
2019-10-15 15.438 4.694
2019-10-18 16.098 4.347
2019-10-20 14.802 4.082
2019-10-25 14.805 4.714
2019-10-28 14.840 4.694
2019-10-30 15.051 4.776
2019-11-02 14.786 4.857
2019-11-04 15.408 5.388
2019-11-07 15.236 5.204
2019-11-09 15.445 6.204
2019-11-12 14.106 6.224
2019-11-14 13.888 5.224
2019-11-17 13.733 5.367
2019-11-19 12.042 5.694
2019-11-22 12.167 5.714
2019-11-24 10.738 5.714
2019-11-27 10.710 5.755
2019-11-29 11.154 5.490
2019-12-02 11.711 5.327
2019-12-04 9.986 4.429
2019-12-07 10.144 4.776
2019-12-09 8.411 4.776
2019-12-12 8.504 4.531
2019-12-14 8.504 4.653
2019-12-17 8.719 4.592
2019-12-19 9.717 3.776
2019-12-22 9.412 4.122
2019-12-24 11.788 4.122
2019-12-27 11.573 4.204
2019-12-29 13.602 3.980
2020-01-01 13.156 4.102
2020-01-06 13.171 4.102
2020-01-08 11.505 4.102
2020-01-11 11.645 4.347
2020-01-13 11.960 4.959
2020-01-16 11.684 5.224
2020-01-18 11.847 6.000
2020-01-21 11.754 5.633
2020-01-23 10.768 5.388
2020-01-26 10.723 5.612
2020-01-28 9.605 5.143
2020-01-31 9.462 5.184
2020-02-02 9.958 6.163
2020-02-05 9.486 6.184
2020-02-07 10.222 5.204
2020-02-10 10.297 5.224
2020-02-12 10.176 4.490
2020-02-15 10.518 4.469
2020-02-17 13.310 4.306
2020-02-20 13.212 4.673
2020-02-22 12.976 4.918
2020-02-25 13.060 4.571
2020-02-27 12.907 5.184
2020-03-01 13.240 5.184
2020-03-03 14.018 4.286
2020-03-06 14.339 4.143
2020-03-08 14.601 5.122
2020-03-11 14.514 5.102
2020-03-13 13.379 5.939
2020-03-16 13.223 5.612
2020-03-18 11.658 4.816
2020-03-21 11.690 4.796
2020-03-23 11.746 4.000
2020-03-26 11.746 4.020
2020-03-28 10.802 3.959
2020-03-31 10.350 3.612
2020-04-02 10.350 3.571
2020-04-05 9.967 3.694
2020-04-07 5.700 3.000
2020-04-10 4.950 2.959
2020-04-12 1.250 2.857
2020-04-15 1.250 2.980
2020-04-17 1.250 3.082
2020-04-20 1.000 2.735
2020-04-22 1.000 2.653
2020-04-25 1.000 2.918
2020-04-27 0.000 2.367
2020-04-30 0.000 2.531
2020-05-02 0.000 3.102
2020-05-05 0.000 2.755
2020-05-07 0.000 3.388
2020-05-10 0.000 3.082
2020-05-12 0.000 2.714
2020-05-15 0.000 2.694
2020-05-17 0.000 3.041
2020-05-20 0.250 3.388
2020-05-22 0.783 4.265
2020-05-25 0.833 4.061
2020-05-27 0.900 5.061
2020-05-30 0.900 5.102
2020-06-01 1.293 4.755
2020-06-06 1.493 4.816
2020-06-09 1.425 5.061
2020-06-11 1.525 4.714
2020-06-14 1.492 4.837
2020-06-16 1.525 4.551
2020-06-19 1.358 4.245
2020-06-21 0.942 4.204
2020-06-24 1.061 4.469
2020-06-26 1.454 4.469
2020-06-29 1.380 4.510
2020-07-01 1.702 5.245
2020-07-04 1.758 5.592
2020-07-06 2.226 5.592
2020-07-09 2.208 5.612
2020-07-11 2.772 6.592
2020-07-14 2.758 6.490
2020-07-16 2.894 6.673
2020-07-19 2.834 6.980
2020-07-21 4.206 7.020
2020-07-24 4.217 7.020
2020-07-26 4.417 7.020
2020-07-29 4.496 7.122
