2015-07 9.333 1.980
2015-08 10.933 3.224
2015-09 3.750 2.388
2015-10 10.500 0.898
2015-11 2.000 0.245
2015-12 6.000 2.061
2016-01 3.500 1.653
2016-02 0.000 0.020
2016-03 11.000 1.265
2016-04 13.917 2.816
2016-05 12.167 2.245
2016-06 8.500 1.184
2016-07 17.000 1.000
2016-08 6.000 1.837
2016-09 14.667 2.959
2016-10 7.167 1.694
2016-11 0.000 0.041
2016-12 13.333 2.347
2017-01 11.500 2.224
2017-02 2.500 0.898
2017-03 16.333 1.490
2017-04 1.000 0.245
2017-05 10.500 3.061
2017-06 12.333 1.224
2017-07 11.333 3.000
2017-08 10.700 3.796
2017-09 10.450 2.959
2017-10 9.950 2.245
2017-11 10.286 3.776
2017-12 6.000 1.306
2018-01 0.000 0.102
2018-02 10.919 5.204
2018-03 3.500 2.143
2018-04 12.900 3.592
2018-05 11.777 6.878
2018-06 10.017 3.776
2018-07 12.416 6.571
2018-08 10.060 3.041
2018-09 15.333 2.571
2018-10 16.705 3.755
2018-11 12.258 3.592
2018-12 9.472 3.122
2019-01 8.333 2.163
2019-02 11.260 4.184
2019-03 11.367 3.408
2019-04 15.102 5.714
2019-05 10.417 3.102
2019-06 12.950 4.857
2019-07 10.167 3.735
2019-08 15.742 4.245
2019-09 11.317 3.122
2019-10 8.950 3.408
2019-11 8.658 4.163
2019-12 12.304 3.102
2020-01 7.833 4.694
2020-02 9.017 2.878
2020-03 2.197 5.469
2020-04 1.669 8.102
2020-05 1.388 7.061
2020-06 3.698 3.224
2020-07 2.500 1.449
