2015-07-06 25.000 1.000
2015-07-16 28.500 2.000
2015-07-29 28.500 2.224
2015-08-05 28.000 1.612
2015-08-08 27.167 1.755
2015-08-15 14.000 0.755
2015-08-18 14.500 0.796
2015-08-28 14.667 0.959
2015-09-04 9.167 0.571
2015-09-07 9.000 0.429
2015-09-14 12.833 0.857
2015-09-17 13.000 0.837
2015-09-27 10.000 0.449
2015-10-04 19.500 1.265
2015-10-14 21.000 0.837
2015-10-17 21.000 0.816
2015-11-13 0.000 0.020
2015-11-16 0.000 0.041
2015-11-26 10.000 0.571
2015-12-03 13.333 1.122
2015-12-06 12.917 1.204
2015-12-13 12.917 1.184
2015-12-16 13.000 1.163
2015-12-23 12.917 1.878
2015-12-26 13.667 1.878
2016-01-02 13.167 1.408
2016-01-05 13.833 1.327
2016-01-12 13.750 1.612
2016-01-22 11.833 0.898
2016-01-25 15.000 0.918
2016-02-01 15.000 0.837
2016-02-11 18.500 1.306
2016-02-14 18.833 1.327
2016-02-24 16.500 0.776
2016-03-05 17.500 0.857
2016-03-12 26.000 1.041
2016-03-15 25.833 1.571
2016-03-22 24.083 2.143
2016-04-01 23.833 2.755
2016-04-04 23.750 2.673
2016-04-11 22.667 1.735
2016-04-14 17.833 1.469
2016-04-21 18.000 0.898
2016-05-01 20.000 1.286
2016-05-04 22.000 1.816
2016-05-14 24.000 1.531
2016-05-21 22.667 1.878
2016-05-31 20.000 0.878
2016-06-03 9.000 0.347
2016-06-23 12.000 0.531
2016-07-10 21.500 1.265
2016-07-23 21.000 1.245
2016-08-09 15.000 1.163
2016-08-12 14.833 1.490
2016-08-19 17.667 1.592
2016-08-22 19.333 1.612
2016-09-01 18.833 2.143
2016-09-08 24.867 2.327
2016-09-11 25.250 2.000
2016-09-18 24.000 1.918
2016-09-21 22.500 1.939
2016-10-01 22.667 1.469
2016-10-08 20.667 1.429
2016-10-11 22.500 1.755
2016-10-18 20.167 1.837
2016-10-21 20.333 1.408
2016-10-31 19.917 1.878
2016-11-07 12.500 1.082
2016-11-10 11.500 0.755
2016-11-17 10.500 0.653
2016-11-20 10.000 0.531
2016-11-30 16.000 0.531
2016-12-07 27.000 1.224
2016-12-10 27.500 1.245
2016-12-17 30.667 1.939
2016-12-20 28.417 2.347
2016-12-27 26.183 3.347
2016-12-30 26.333 2.816
2017-01-06 24.667 2.122
2017-01-09 24.333 2.102
2017-01-16 20.000 1.408
2017-01-19 20.500 1.571
2017-01-26 21.000 1.571
2017-02-15 22.833 2.571
2017-02-18 23.000 2.469
2017-02-25 23.667 2.102
2017-03-17 19.500 1.102
2017-03-20 12.000 0.633
2017-03-27 19.000 1.000
2017-03-30 20.000 1.551
2017-04-06 19.500 1.755
2017-04-09 19.417 2.286
2017-04-16 19.333 2.306
2017-04-19 17.800 2.837
2017-04-26 9.950 1.939
2017-04-29 8.417 1.551
2017-05-06 8.417 1.347
2017-05-09 9.333 1.347
2017-05-16 14.333 2.245
2017-05-19 15.333 1.898
2017-05-26 24.333 2.796
2017-05-29 24.750 2.633
2017-06-05 25.417 2.755
2017-06-08 23.500 2.245
2017-06-15 33.000 2.224
2017-06-18 32.500 2.571
2017-06-25 24.833 2.224
2017-06-28 24.633 2.265
2017-07-03 24.383 2.286
2017-07-05 24.850 2.551
2017-07-08 25.050 2.531
2017-07-10 23.900 2.673
2017-07-13 23.800 2.694
2017-07-15 22.433 1.837
2017-07-18 23.317 1.837
2017-07-25 18.917 1.184
2017-07-28 18.750 1.163
2017-07-30 19.917 1.408
2017-08-02 20.417 1.388
2017-08-04 19.333 1.041
2017-08-07 15.667 1.531
2017-08-09 14.750 1.388
2017-08-12 14.917 1.367
2017-08-14 27.767 2.327
2017-08-17 24.750 1.796
2017-08-19 24.583 1.878
2017-08-22 27.517 2.388
2017-08-24 28.067 2.755
2017-08-27 28.850 3.265
2017-08-29 27.017 4.020
2017-09-01 26.860 4.347
2017-09-03 27.526 4.306
2017-09-06 28.267 3.816
2017-09-11 27.776 4.020
2017-09-13 25.267 3.041
2017-09-16 25.443 3.143
2017-09-18 26.476 3.061
2017-09-21 25.067 2.551
2017-09-23 24.467 2.224
2017-09-26 22.800 1.980
2017-09-28 8.583 0.980
2017-10-01 6.500 0.653
2017-10-03 16.583 1.592
2017-10-06 17.283 1.980
2017-10-11 17.633 1.776
2017-10-13 20.083 2.735
2017-10-16 19.917 3.163
2017-10-18 19.867 3.510
2017-10-21 19.667 3.714
2017-10-23 19.667 3.673
2017-10-26 19.617 3.388
2017-10-28 19.933 3.694
2017-10-31 19.964 4.204
2017-11-02 19.500 3.286
2017-11-05 19.417 3.429
2017-11-07 21.662 4.429
2017-11-12 22.450 3.592
2017-11-15 23.233 3.061
2017-11-17 22.867 2.714
2017-11-20 23.167 2.510
2017-11-22 25.217 3.510
2017-11-27 25.083 3.204
2017-11-30 24.833 2.980
2017-12-05 24.000 2.449
2017-12-07 24.500 1.449
2017-12-10 25.000 1.694
2017-12-12 24.000 2.388
2017-12-15 23.950 2.429
2017-12-17 24.950 2.714
2017-12-22 24.667 1.714
2017-12-30 26.000 1.449
2018-01-01 25.833 1.490
2018-01-09 23.500 1.245
2018-01-11 7.500 0.408
2018-01-14 13.167 0.918
2018-01-16 14.167 1.102
2018-01-19 13.500 1.163
2018-01-21 12.667 1.306
2018-01-26 11.083 1.490
2018-01-29 10.917 1.469
2018-01-31 11.083 1.408
2018-02-08 8.500 1.673
2018-02-10 12.833 2.673
2018-02-13 10.250 2.122
2018-02-15 9.333 1.653
2018-02-18 10.833 2.020
2018-02-20 9.333 2.061
2018-02-25 16.750 2.878
2018-02-28 18.050 3.408
2018-03-05 18.000 3.592
2018-03-10 19.283 3.327
2018-03-12 24.333 2.388
2018-03-20 24.667 1.959
2018-03-22 26.167 1.776
2018-03-25 26.417 1.980
2018-03-27 14.167 0.980
2018-03-30 5.000 0.449
2018-04-04 3.500 0.347
2018-04-06 30.833 1.347
2018-04-11 31.667 1.510
2018-04-16 32.000 1.673
2018-04-19 30.417 2.204
2018-04-21 28.283 3.204
2018-04-24 28.033 3.531
2018-04-26 28.717 3.796
2018-04-29 28.669 3.816
2018-05-01 27.300 4.265
2018-05-04 28.395 4.714
2018-05-06 24.762 4.714
2018-05-09 24.842 5.163
2018-05-11 24.620 5.939
2018-05-16 24.404 6.571
2018-05-19 25.013 6.571
2018-05-21 25.244 5.694
2018-05-24 25.132 5.429
2018-05-26 25.129 5.980
2018-05-29 25.129 5.959
2018-05-31 24.545 5.857
2018-06-03 23.792 5.551
2018-06-05 24.733 4.551
2018-06-08 25.279 4.102
2018-06-10 25.733 3.102
2018-06-15 26.700 2.878
2018-06-18 23.283 2.347
2018-06-20 26.317 3.224
2018-06-23 26.767 3.204
2018-06-25 26.933 3.388
2018-06-28 26.500 3.918
2018-06-30 25.767 4.571
2018-07-03 26.095 4.878
2018-07-08 25.876 5.184
2018-07-10 26.060 5.367
2018-07-13 26.275 5.898
2018-07-15 26.381 6.265
2018-07-18 25.969 6.714
2018-07-20 25.026 5.735
2018-07-23 25.217 6.020
2018-07-25 25.375 6.020
2018-07-28 24.938 5.918
2018-07-30 28.083 4.959
2018-08-02 28.153 4.959
2018-08-04 26.617 5.959
2018-08-07 26.920 5.918
2018-08-09 26.429 5.735
2018-08-12 26.643 5.429
2018-08-14 25.104 4.551
2018-08-17 25.301 4.612
2018-08-19 25.774 5.592
2018-08-22 25.478 5.245
2018-08-24 25.499 4.245
2018-08-27 26.336 3.816
2018-08-29 26.621 3.776
2018-09-01 26.731 3.776
2018-09-03 28.400 3.224
2018-09-06 28.300 2.959
2018-09-08 28.464 3.959
2018-09-11 28.148 4.265
2018-09-13 28.481 4.204
2018-09-16 28.405 4.102
2018-09-18 28.321 3.673
2018-09-21 27.917 3.571
2018-09-26 27.938 4.102
2018-09-28 28.160 4.367
2018-10-01 27.557 3.980
2018-10-03 27.533 3.612
2018-10-06 27.567 4.143
2018-10-08 26.543 4.143
2018-10-11 25.936 4.143
2018-10-13 24.331 5.143
2018-10-16 23.885 5.265
2018-10-18 26.233 5.694
2018-10-21 26.608 6.143
2018-10-26 26.384 5.735
2018-10-28 25.400 5.469
2018-10-31 25.480 5.327
2018-11-02 25.395 5.918
2018-11-05 25.611 5.918
2018-11-07 25.530 4.918
2018-11-10 25.871 4.388
2018-11-12 30.950 3.388
2018-11-15 31.833 2.857
2018-11-17 21.167 2.857
2018-11-20 21.000 2.367
2018-11-25 20.583 2.367
2018-11-27 19.883 2.633
2018-11-30 18.567 3.143
2018-12-02 18.800 2.490
2018-12-05 17.750 1.959
2018-12-10 17.867 2.327
2018-12-12 21.100 3.163
2018-12-17 20.517 2.776
2018-12-20 20.617 3.020
2018-12-25 19.817 3.429
2018-12-27 20.267 3.163
2018-12-30 21.533 2.653
2019-01-01 21.533 2.633
2019-01-09 21.117 2.327
2019-01-11 11.833 1.490
2019-01-16 7.000 0.898
2019-01-19 5.833 0.694
2019-01-21 27.167 1.694
2019-01-24 37.833 1.163
2019-01-31 35.833 1.408
2019-02-03 27.000 1.898
2019-02-05 26.167 2.367
2019-02-08 26.333 2.306
2019-02-13 24.700 2.490
2019-02-15 25.858 3.469
2019-02-18 24.683 3.837
2019-02-20 18.283 3.653
2019-02-23 18.110 4.184
2019-02-25 19.992 5.184
2019-03-02 20.567 4.939
2019-03-05 21.502 4.449
2019-03-07 21.793 4.061
2019-03-10 21.448 4.102
2019-03-12 21.494 4.306
2019-03-15 21.808 4.122
2019-03-17 20.425 3.367
2019-03-20 19.342 3.367
2019-03-22 21.800 3.551
2019-03-25 20.583 3.571
2019-03-27 17.300 2.714
2019-03-30 18.867 3.061
2019-04-01 21.583 4.061
2019-04-04 21.260 4.510
2019-04-06 20.560 4.694
2019-04-09 20.736 4.653
2019-04-11 20.400 5.449
2019-04-14 19.674 5.755
2019-04-16 19.658 5.510
2019-04-19 20.832 5.592
2019-04-21 21.075 4.959
2019-04-24 22.310 4.408
2019-04-26 22.473 4.857
2019-04-29 21.569 4.735
2019-05-01 21.102 4.510
2019-05-04 21.167 4.061
2019-05-06 22.538 3.959
2019-05-11 22.083 2.980
2019-05-14 23.671 3.204
2019-05-16 23.357 4.204
2019-05-19 21.602 3.673
2019-05-21 21.250 3.306
2019-05-24 21.821 3.816
2019-05-26 21.324 3.429
2019-05-29 21.767 3.388
2019-05-31 20.633 2.633
2019-06-05 19.467 2.469
2019-06-08 19.467 2.551
2019-06-10 19.550 2.531
2019-06-13 18.333 2.020
2019-06-15 21.083 1.918
2019-06-18 20.900 2.020
2019-06-20 20.900 2.082
2019-06-23 20.167 1.571
2019-06-25 22.500 2.306
2019-06-28 23.917 2.612
2019-06-30 24.850 3.408
2019-07-03 25.133 3.939
2019-07-05 23.894 4.939
2019-07-08 24.406 5.347
2019-07-10 23.662 6.286
2019-07-13 23.640 6.286
2019-07-15 22.987 6.122
2019-07-18 23.228 6.020
2019-07-20 23.294 5.959
2019-07-23 24.062 6.490
2019-07-25 24.925 6.551
2019-07-28 24.927 6.082
2019-07-30 24.619 5.327
2019-08-02 24.083 5.265
2019-08-04 25.113 4.857
2019-08-07 24.229 4.571
2019-08-09 25.750 3.633
2019-08-14 25.100 3.408
2019-08-19 24.329 4.327
2019-08-22 22.843 4.306
2019-08-24 23.819 4.224
2019-08-27 23.748 4.204
2019-08-29 23.448 4.163
2019-09-01 23.348 4.122
2019-09-03 22.562 3.918
2019-09-06 22.845 4.245
2019-09-08 22.583 4.490
2019-09-11 22.795 4.837
2019-09-13 24.255 4.408
2019-09-16 25.314 4.857
2019-09-18 24.329 4.653
2019-09-21 24.849 4.694
2019-09-23 22.805 3.776
2019-09-28 22.894 3.776
2019-10-01 23.295 3.347
2019-10-03 25.429 3.429
2019-10-06 26.200 3.000
2019-10-08 26.350 2.755
2019-10-11 26.933 2.429
2019-10-13 27.667 3.286
2019-10-16 27.867 2.837
2019-10-18 26.950 3.082
2019-10-21 25.583 2.592
2019-10-26 25.367 2.959
2019-10-28 25.742 2.959
2019-11-02 25.950 2.490
2019-11-05 25.667 2.469
2019-11-07 23.533 3.061
2019-11-10 23.433 3.020
2019-11-12 20.417 2.082
2019-11-17 13.167 1.735
2019-11-20 13.667 1.694
2019-11-22 14.800 2.367
2019-11-25 15.450 2.469
2019-11-27 14.950 2.449
2019-11-30 15.117 2.469
2019-12-02 16.692 2.959
2019-12-05 17.108 2.878
2019-12-07 20.267 2.408
2019-12-10 19.650 2.653
2019-12-12 18.458 2.980
2019-12-17 18.033 2.898
2019-12-20 17.683 2.878
2019-12-22 16.100 2.204
2019-12-25 16.958 2.102
2019-12-30 17.058 2.612
2020-01-01 11.750 2.122
2020-01-04 11.867 2.327
2020-01-06 19.275 3.204
2020-01-09 19.650 2.959
2020-01-11 20.367 2.878
2020-01-16 21.383 3.347
2020-01-19 21.761 3.878
2020-01-21 23.465 4.776
2020-01-24 23.748 4.592
2020-01-26 23.950 4.694
2020-01-29 23.950 4.163
2020-02-03 24.300 3.959
2020-02-05 21.692 3.184
2020-02-10 21.100 3.429
2020-02-13 20.933 3.939
2020-02-15 20.900 3.265
2020-02-18 19.850 3.286
2020-02-20 12.450 2.388
2020-02-23 12.108 2.204
2020-02-25 13.275 2.408
2020-03-01 13.150 2.490
2020-03-06 12.767 2.347
2020-03-09 13.517 2.612
2020-03-11 13.033 2.265
2020-03-14 12.700 1.755
2020-03-16 13.083 1.429
2020-03-19 12.083 1.408
2020-03-24 11.825 1.939
2020-03-26 8.133 2.633
2020-03-31 6.750 3.245
2020-04-03 6.750 3.265
2020-04-05 5.700 4.184
2020-04-08 4.310 4.449
2020-04-10 3.793 5.265
2020-04-13 3.574 5.796
2020-04-15 3.192 6.796
2020-04-18 2.772 6.449
2020-04-20 2.534 7.408
2020-04-23 1.690 7.408
2020-04-25 1.412 7.306
2020-04-30 1.418 6.612
2020-05-03 1.418 6.592
2020-05-05 1.179 5.592
2020-05-08 1.355 5.204
2020-05-10 1.200 4.245
2020-05-13 1.417 3.857
2020-05-15 2.033 3.857
2020-05-18 1.974 4.204
2020-05-20 2.974 4.245
2020-05-23 3.167 4.020
2020-05-25 3.525 3.796
2020-05-28 3.302 4.327
2020-05-30 3.069 5.327
2020-06-02 3.085 5.857
2020-06-04 3.008 5.959
2020-06-07 3.016 5.816
2020-06-12 2.899 5.673
2020-06-14 2.998 4.673
2020-06-17 3.000 4.143
2020-06-19 2.425 3.163
2020-06-22 3.450 3.388
2020-06-24 3.983 3.714
2020-06-27 4.267 3.184
2020-06-29 5.500 2.347
2020-07-02 6.250 1.857
2020-07-04 7.583 1.755
2020-07-07 7.417 1.898
2020-07-09 7.917 2.898
2020-07-12 8.267 3.429
2020-07-19 8.783 3.980
2020-07-22 8.217 3.653
2020-07-24 9.367 2.653
2020-07-27 10.483 3.184
2020-07-29 10.526 4.020
