2015-07 28.500 2.224
2015-08 14.667 0.959
2015-09 10.000 0.449
2015-10 21.000 0.816
2015-11 10.000 0.571
2015-12 13.500 2.510
2016-01 15.000 0.918
2016-02 16.500 0.776
2016-03 24.083 2.143
2016-04 18.000 0.898
2016-05 22.667 1.878
2016-06 12.000 0.531
2016-07 21.000 1.245
2016-08 19.333 1.612
2016-09 22.500 1.939
2016-10 20.000 1.939
2016-11 16.000 0.531
2016-12 26.333 2.816
2017-01 21.000 1.571
2017-02 23.667 2.102
2017-03 20.000 1.551
2017-04 8.417 1.551
2017-05 24.750 2.633
2017-06 24.633 2.265
2017-07 19.917 1.408
2017-08 27.017 4.020
2017-09 8.533 1.000
2017-10 19.964 4.204
2017-11 24.833 2.980
2017-12 26.000 1.449
2018-01 10.917 1.469
2018-02 18.050 3.408
2018-03 5.000 0.449
2018-04 28.669 3.816
2018-05 24.290 6.306
2018-06 25.767 4.571
2018-07 28.083 4.959
2018-08 26.621 3.776
2018-09 28.160 4.367
2018-10 25.400 5.469
2018-11 18.299 3.429
2018-12 21.533 2.918
2019-01 35.833 1.592
2019-02 20.567 5.694
2019-03 19.214 3.408
2019-04 21.569 5.306
2019-05 21.433 3.898
2019-06 24.850 3.918
2019-07 24.619 5.980
2019-08 23.164 4.673
2019-09 22.952 4.429
2019-10 25.742 3.449
2019-11 15.117 2.796
2019-12 17.058 2.959
2020-01 23.950 4.714
2020-02 13.275 2.714
2020-03 6.493 3.959
2020-04 1.418 7.612
2020-05 3.069 6.061
2020-06 5.500 2.714
2020-07 10.526 4.571
