2015-07 0.000 0.061
2015-08 7.500 3.612
2015-09 3.833 3.571
2015-11 1.167 2.265
2015-12 4.667 2.000
2016-01 1.500 0.878
2016-02 5.000 0.857
2016-03 3.500 1.020
2016-04 8.333 1.653
2016-05 7.550 4.490
2016-06 5.000 2.612
2016-07 6.583 2.633
2016-08 1.500 1.898
2016-09 7.000 1.592
2016-10 7.000 1.531
2016-11 6.667 2.980
2016-12 0.000 0.163
2017-01 7.500 1.122
2017-02 3.000 0.531
2017-03 5.500 1.490
2017-04 7.000 2.653
2017-05 6.000 1.000
2017-06 11.333 2.000
2017-07 4.317 3.408
2017-08 7.669 4.245
2017-09 6.167 2.959
2017-10 5.417 2.837
2017-11 5.583 2.980
2017-12 4.333 2.898
2018-01 5.200 2.469
2018-02 4.967 5.102
2018-03 3.933 3.408
2018-04 7.875 5.429
2018-05 7.133 9.245
2018-06 7.308 6.633
2018-07 6.593 11.184
2018-08 7.276 4.347
2018-09 6.358 5.000
2018-10 7.400 6.388
2018-11 4.400 5.714
2018-12 5.500 1.735
2019-01 7.333 2.694
2019-02 4.333 2.510
2019-03 5.917 3.673
2019-04 6.335 9.367
2019-05 9.100 4.286
2019-06 6.452 10.367
2019-07 5.012 5.918
2019-08 7.265 6.735
2019-09 8.967 4.469
2019-10 6.969 5.490
2019-11 1.500 1.041
2019-12 2.833 2.612
2020-01 4.250 3.143
2020-02 4.000 1.510
2020-03 1.250 5.388
2020-04 0.903 8.510
2020-05 0.538 9.755
2020-06 2.076 7.449
2020-07 2.533 3.776
