2015-06 0.000 0.388
2015-07 0.000 0.245
2015-08 7.333 1.143
2015-09 6.000 0.510
2015-10 1.000 0.082
2015-11 0.000 0.184
2015-12 4.000 1.878
2016-01 4.167 2.000
2016-02 0.000 0.143
2016-03 8.833 1.694
2016-04 5.033 1.857
2016-05 12.167 1.306
2016-06 10.167 1.714
2016-07 6.000 0.469
2016-08 2.500 0.837
2016-09 3.500 0.633
2016-10 3.500 1.306
2016-11 4.833 2.673
2016-12 1.000 0.571
2017-01 3.167 2.163
2017-02 2.833 1.143
2017-03 4.000 1.469
2017-04 6.000 1.388
2017-05 8.500 2.490
2017-06 8.333 2.265
2017-07 5.800 3.102
2017-08 4.833 1.347
2017-09 4.262 3.449
2017-10 2.000 0.449
2017-11 2.383 3.367
2017-12 5.833 1.571
2018-01 5.986 4.000
2018-02 5.402 5.143
2018-03 3.533 2.347
2018-04 5.850 3.184
2018-05 7.967 5.082
2018-06 8.319 4.245
2018-07 6.667 2.959
2018-08 4.883 2.143
2018-09 5.350 3.816
2018-10 5.467 5.327
2018-11 4.167 2.041
2018-12 2.917 2.449
2019-01 4.783 3.367
2019-02 5.969 5.367
2019-03 4.860 4.837
2019-04 6.950 3.204
2019-05 7.192 2.918
2019-06 8.050 2.735
2019-07 4.686 2.388
2019-08 4.067 3.306
2019-09 6.983 3.265
2019-10 7.783 2.510
2019-11 4.000 3.041
2019-12 5.233 3.633
2020-01 3.250 2.510
2020-02 6.500 3.592
2020-03 4.325 5.347
2020-04 0.000 5.122
2020-05 1.400 4.633
2020-06 2.333 2.469
2020-07 0.500 1.020
