2015-06-28 0.000 0.388
2015-07-08 0.000 0.510
2015-07-28 0.000 0.245
2015-08-07 0.000 0.122
2015-08-17 5.000 0.653
2015-08-20 6.000 0.776
2015-08-27 7.333 1.122
2015-08-30 7.333 1.143
2015-09-16 4.500 0.612
2015-09-19 2.000 0.490
2015-09-26 0.000 0.020
2015-09-29 6.000 0.510
2015-10-06 6.500 0.592
2015-10-29 1.000 0.082
2015-11-15 0.000 0.020
2015-11-25 0.000 0.143
2015-11-28 0.000 0.163
2015-12-08 4.000 1.102
2015-12-15 4.000 1.082
2015-12-25 4.000 0.959
2015-12-28 4.000 0.939
2016-01-04 4.500 1.347
2016-01-07 3.000 1.041
2016-01-14 4.167 2.000
2016-02-03 4.000 1.592
2016-02-06 4.000 0.959
2016-02-13 0.000 0.143
2016-03-04 0.000 0.163
2016-03-07 1.500 0.429
2016-03-14 11.000 1.184
2016-03-17 10.000 1.469
2016-03-27 8.833 1.694
2016-04-03 9.000 1.673
2016-04-06 10.167 1.898
2016-04-13 3.500 1.163
2016-04-16 4.917 1.163
2016-04-23 4.067 1.551
2016-04-26 5.033 1.857
2016-05-03 5.033 1.959
2016-05-06 3.833 1.469
2016-05-13 11.083 2.265
2016-05-16 11.000 1.980
2016-05-23 12.000 1.837
2016-05-26 12.167 1.306
2016-06-02 12.167 2.163
2016-06-05 11.583 2.735
2016-06-12 10.833 1.776
2016-06-15 10.167 1.959
2016-06-22 10.167 1.714
2016-07-02 9.500 1.041
2016-07-05 6.000 0.469
2016-07-15 5.000 0.286
2016-07-22 6.000 0.469
2016-08-01 1.000 0.184
2016-08-04 1.000 0.429
2016-08-21 0.000 0.306
2016-08-24 2.000 0.816
2016-08-31 2.500 0.837
2016-09-03 2.500 0.592
2016-09-10 3.500 0.694
2016-09-20 3.500 0.980
2016-09-23 4.000 0.469
2016-09-30 3.500 0.633
2016-10-10 3.333 0.571
2016-10-13 3.333 0.857
2016-10-20 3.000 1.265
2016-10-30 3.500 1.306
2016-11-02 4.000 1.367
2016-11-09 4.167 1.980
2016-11-12 4.500 1.735
2016-11-19 4.000 1.898
2016-11-22 4.333 2.429
2016-11-29 4.833 2.673
2016-12-02 4.333 2.633
2016-12-09 3.500 1.980
2016-12-12 3.500 1.939
2016-12-19 5.500 1.082
2016-12-22 4.000 0.918
2016-12-29 1.000 0.571
2017-01-01 1.000 1.245
2017-01-11 1.167 1.837
2017-01-18 1.167 1.776
2017-01-21 1.000 1.408
2017-01-28 3.167 2.163
2017-01-31 3.500 1.469
2017-02-07 3.000 1.776
2017-02-10 2.500 1.184
2017-02-20 2.500 1.224
2017-02-27 2.833 1.143
2017-03-09 4.333 1.673
2017-03-12 4.250 2.306
2017-03-22 4.333 2.265
2017-03-29 4.000 1.469
2017-04-01 3.667 1.857
2017-04-08 6.167 1.980
2017-04-11 6.500 1.347
2017-04-18 6.000 1.388
2017-05-01 6.833 1.735
2017-05-08 9.000 1.735
2017-05-11 8.333 2.490
2017-05-18 8.500 2.490
2017-05-31 9.667 1.755
2017-06-07 5.000 0.796
2017-06-10 1.000 0.041
2017-06-17 5.000 0.959
2017-06-20 7.500 1.918
2017-06-27 8.333 2.265
2017-07-02 7.917 2.531
2017-07-05 8.017 2.633
2017-07-12 7.367 3.347
2017-07-17 7.417 3.347
2017-07-20 5.100 2.776
2017-07-22 5.800 3.041
2017-07-27 5.917 2.959
2017-07-30 5.800 3.102
2017-08-01 6.850 3.082
2017-08-04 6.900 3.000
2017-08-09 6.717 3.265
2017-08-11 7.333 2.551
2017-08-16 5.333 1.592
2017-08-19 7.333 1.510
2017-08-21 6.000 1.245
2017-08-24 5.667 1.408
2017-08-26 4.500 1.204
2017-08-29 4.500 1.061
2017-08-31 4.750 1.102
2017-09-03 4.750 1.082
2017-09-05 4.517 1.327
2017-09-08 4.900 1.408
2017-09-10 5.100 1.633
2017-09-13 4.438 2.306
2017-09-15 4.157 2.571
2017-09-18 5.067 3.061
2017-09-23 5.000 2.898
2017-09-25 5.100 2.898
2017-09-28 5.000 2.939
2017-09-30 4.112 3.347
2017-10-05 4.160 3.510
2017-10-08 4.633 3.163
2017-10-10 4.250 2.959
2017-10-13 4.500 2.286
2017-10-15 5.333 2.020
2017-10-18 4.000 1.224
2017-10-25 4.000 1.163
2017-10-28 4.000 1.122
2017-10-30 2.000 0.449
2017-11-04 4.000 0.918
2017-11-07 4.000 0.980
2017-11-09 3.000 1.286
2017-11-12 3.000 2.224
2017-11-14 3.000 2.286
2017-11-24 2.667 2.510
2017-11-29 2.383 3.367
2017-12-04 2.117 2.714
2017-12-07 2.117 2.653
2017-12-09 1.917 2.327
2017-12-12 1.333 1.388
2017-12-14 2.333 1.408
2017-12-17 2.333 1.551
2017-12-24 2.500 1.327
2017-12-27 3.833 2.245
2017-12-29 5.833 1.571
2018-01-01 5.083 2.143
2018-01-03 4.533 2.551
2018-01-06 4.417 2.796
2018-01-08 5.810 3.755
2018-01-11 5.408 4.163
2018-01-13 5.042 4.082
2018-01-16 5.042 4.020
2018-01-18 4.711 4.388
2018-01-23 4.700 4.449
2018-01-26 5.467 4.000
2018-01-28 5.989 3.837
2018-01-31 6.339 3.429
2018-02-02 5.539 3.714
2018-02-05 4.991 3.571
2018-02-07 3.333 2.653
2018-02-10 3.962 2.531
2018-02-12 4.095 3.347
2018-02-15 4.146 4.082
2018-02-17 4.412 3.837
2018-02-20 4.550 4.796
2018-02-22 4.657 4.735
2018-02-25 5.267 5.224
2018-02-27 5.317 5.306
2018-03-02 5.402 5.143
2018-03-04 5.633 4.224
2018-03-07 5.102 4.878
2018-03-09 5.010 5.020
2018-03-12 5.158 4.796
2018-03-14 4.969 3.980
2018-03-17 4.917 3.163
2018-03-19 4.900 3.327
2018-03-22 5.033 2.367
2018-03-24 4.817 3.224
2018-03-27 3.033 2.469
2018-03-29 3.533 2.347
2018-04-03 3.483 2.918
2018-04-06 4.033 2.224
2018-04-08 4.183 2.592
2018-04-11 3.983 2.531
2018-04-18 4.283 2.367
2018-04-21 6.783 3.327
2018-04-23 6.900 2.469
2018-04-26 6.050 2.755
2018-04-28 5.850 3.184
2018-05-01 5.633 3.306
2018-05-03 6.083 2.735
2018-05-06 6.117 3.633
2018-05-08 6.283 3.122
2018-05-13 6.583 3.673
2018-05-16 6.807 4.592
2018-05-18 6.598 4.633
2018-05-21 6.033 3.673
2018-05-23 7.955 4.469
2018-05-26 8.133 4.163
2018-05-28 7.898 4.531
2018-05-31 8.181 4.959
2018-06-05 8.769 4.000
2018-06-07 9.314 4.898
2018-06-10 9.082 5.224
2018-06-12 9.462 4.796
2018-06-15 10.154 3.878
2018-06-17 10.410 3.714
2018-06-22 8.810 3.878
2018-06-25 9.210 3.776
2018-06-27 8.810 3.837
2018-06-30 8.319 4.245
2018-07-02 7.368 5.245
2018-07-05 7.501 5.286
2018-07-07 6.458 4.673
2018-07-10 6.576 5.000
2018-07-12 6.267 4.939
2018-07-22 5.800 4.102
2018-07-25 6.667 4.408
2018-07-27 6.900 3.673
2018-07-30 6.667 2.959
2018-08-01 7.667 1.959
2018-08-04 7.167 1.918
2018-08-06 6.333 1.592
2018-08-09 8.167 1.571
2018-08-11 8.167 1.510
2018-08-16 9.500 1.755
2018-08-19 9.500 1.796
2018-08-21 9.333 1.939
2018-08-24 4.833 1.694
2018-08-26 5.000 1.571
2018-08-29 5.250 1.755
2018-08-31 4.883 2.143
2018-09-03 7.050 2.959
2018-09-05 6.948 3.939
2018-09-08 6.483 3.306
2018-09-13 6.433 3.408
2018-09-15 6.083 3.163
2018-09-18 5.500 3.776
2018-09-20 5.450 3.510
2018-09-23 5.283 4.061
2018-09-28 5.167 4.184
2018-09-30 5.350 3.816
2018-10-03 5.117 3.082
2018-10-05 4.250 2.102
2018-10-10 4.917 3.000
2018-10-13 5.000 2.898
2018-10-15 5.400 3.898
2018-10-18 5.083 4.245
2018-10-20 5.300 4.612
2018-10-23 5.367 3.918
2018-10-28 4.900 4.347
2018-10-30 5.467 5.327
2018-11-02 5.633 5.367
2018-11-04 5.838 5.612
2018-11-09 5.717 4.714
2018-11-14 5.200 3.714
2018-11-17 5.683 3.000
2018-11-19 5.750 2.653
2018-11-22 5.533 3.306
2018-11-27 6.917 2.367
2018-11-29 4.167 2.000
2018-12-02 4.333 2.122
2018-12-04 4.333 1.878
2018-12-07 3.917 2.673
2018-12-09 3.117 3.612
2018-12-17 3.167 3.327
2018-12-19 3.283 3.429
2018-12-22 2.867 2.816
2018-12-24 2.783 3.020
2018-12-27 2.833 3.020
2018-12-29 2.917 2.388
2019-01-01 2.500 2.163
2019-01-06 1.000 1.469
2019-01-08 3.000 1.347
2019-01-13 3.333 1.449
2019-01-16 3.583 2.449
2019-01-18 3.583 2.510
2019-01-21 3.583 2.469
2019-01-23 3.750 2.265
2019-01-26 3.917 2.224
2019-01-28 4.700 3.184
2019-01-31 4.700 3.163
2019-02-02 6.183 4.163
2019-02-05 6.333 4.061
2019-02-07 6.200 4.204
2019-02-10 5.600 5.163
2019-02-12 5.633 5.061
2019-02-15 6.550 4.878
2019-02-17 6.033 5.694
2019-02-20 6.010 5.714
2019-02-25 6.010 5.755
2019-02-27 5.902 5.122
2019-03-04 4.567 4.143
2019-03-07 4.567 4.224
2019-03-09 5.200 3.714
2019-03-12 5.450 3.531
2019-03-14 5.326 3.918
2019-03-17 4.043 3.633
2019-03-19 4.333 2.653
2019-03-22 4.333 2.633
2019-03-24 3.826 3.184
2019-03-27 4.276 3.694
2019-03-29 4.860 4.122
2019-04-01 4.776 4.143
2019-04-03 4.826 4.143
2019-04-06 5.183 4.551
2019-04-08 5.200 4.143
2019-04-11 6.026 3.857
2019-04-13 6.443 3.857
2019-04-16 7.233 3.327
2019-04-18 7.252 3.347
2019-04-21 6.802 4.347
2019-04-23 7.219 3.796
2019-04-26 7.550 3.245
2019-04-28 6.950 2.490
2019-05-01 6.267 3.286
2019-05-03 6.136 3.327
2019-05-06 6.017 2.878
2019-05-08 6.017 2.837
2019-05-11 5.283 3.102
2019-05-13 6.567 3.224
2019-05-18 6.417 3.224
2019-05-21 7.500 2.490
2019-05-26 7.200 2.612
2019-05-28 7.210 2.816
2019-05-31 7.867 2.000
2019-06-02 7.983 2.347
2019-06-05 8.067 2.306
2019-06-10 8.267 2.163
2019-06-12 2.600 1.653
2019-06-15 2.600 1.776
2019-06-17 2.483 1.857
2019-06-20 2.783 1.878
2019-06-22 3.617 1.918
2019-06-25 3.983 1.796
2019-06-27 8.650 2.592
2019-06-30 8.050 2.653
2019-07-02 8.167 2.306
2019-07-05 8.167 2.347
2019-07-07 8.150 3.061
2019-07-10 9.500 2.449
2019-07-15 9.767 2.776
2019-07-17 9.933 2.653
2019-07-20 10.433 2.408
2019-07-22 9.150 2.898
2019-07-25 8.083 3.184
2019-07-27 4.650 2.388
2019-07-30 4.650 2.327
2019-08-01 4.750 2.265
2019-08-04 4.700 2.388
2019-08-06 2.833 1.673
2019-08-09 3.417 1.776
2019-08-14 2.167 1.388
2019-08-16 2.167 1.490
2019-08-19 2.167 2.000
2019-08-21 1.833 1.469
2019-08-24 3.333 1.449
2019-08-26 4.833 2.224
2019-08-29 4.500 2.449
2019-08-31 4.067 3.245
2019-09-03 4.067 3.122
2019-09-05 4.043 3.449
2019-09-08 3.900 3.429
2019-09-10 3.988 4.000
2019-09-13 4.012 4.020
2019-09-15 4.012 3.918
2019-09-18 4.371 4.367
2019-09-20 5.462 5.367
2019-09-23 5.481 5.102
2019-09-25 5.576 4.224
2019-09-28 5.633 4.000
2019-09-30 6.983 3.204
2019-10-03 7.117 3.163
2019-10-05 7.000 2.837
2019-10-08 7.700 3.245
2019-10-10 7.750 2.714
2019-10-13 7.533 2.776
2019-10-15 7.683 3.020
2019-10-18 10.900 2.408
2019-10-20 7.900 2.061
2019-10-25 7.750 1.959
2019-10-28 7.783 2.449
2019-11-04 7.617 2.592
2019-11-07 5.250 2.102
2019-11-09 5.250 2.061
2019-11-12 4.583 2.367
2019-11-14 4.533 2.837
2019-11-17 4.667 3.102
2019-11-19 4.500 2.449
2019-11-22 3.917 2.673
2019-11-27 3.500 2.367
2019-11-29 4.000 2.980
2019-12-02 5.033 3.388
2019-12-04 5.167 3.367
2019-12-07 5.167 3.429
2019-12-09 5.233 4.429
2019-12-12 5.550 4.122
2019-12-14 5.500 4.367
2019-12-17 5.450 3.939
2019-12-22 5.519 4.265
2019-12-24 5.452 4.347
2019-12-27 5.550 4.163
2019-12-29 5.233 3.551
2020-01-01 4.433 3.143
2020-01-03 4.167 3.878
2020-01-06 4.317 4.020
2020-01-08 3.817 3.102
2020-01-11 3.917 2.959
2020-01-13 3.500 2.000
2020-01-16 3.500 1.776
2020-01-18 3.500 1.939
2020-01-21 3.333 1.469
2020-01-23 4.333 1.837
2020-01-28 3.750 2.102
2020-01-31 3.250 2.469
2020-02-02 5.250 2.612
2020-02-05 4.917 2.408
2020-02-07 4.917 2.327
2020-02-10 4.917 2.347
2020-02-12 5.483 3.020
2020-02-17 5.700 2.878
2020-02-20 6.633 3.571
2020-02-22 6.483 3.122
2020-02-25 6.483 3.204
2020-02-27 6.417 3.878
2020-03-01 6.633 4.224
2020-03-03 6.333 4.224
2020-03-06 6.350 4.612
2020-03-08 6.290 5.163
2020-03-11 6.121 5.490
2020-03-13 5.840 4.857
2020-03-18 5.840 4.837
2020-03-21 5.317 4.061
2020-03-23 5.536 4.367
2020-03-26 5.105 5.204
2020-03-28 4.795 4.653
2020-03-31 4.077 4.388
2020-04-02 3.693 3.388
2020-04-05 3.150 3.163
2020-04-07 2.200 3.571
2020-04-10 2.250 3.224
2020-04-12 2.250 3.184
2020-04-15 1.700 4.184
2020-04-17 1.467 4.796
2020-04-20 1.310 5.612
2020-04-22 0.762 5.490
2020-04-25 0.143 5.163
2020-04-27 0.125 5.449
2020-04-30 0.000 5.000
2020-05-02 0.000 5.286
2020-05-05 0.268 6.122
2020-05-07 0.310 5.306
2020-05-12 0.310 5.469
2020-05-15 0.367 4.469
2020-05-17 0.450 3.857
2020-05-20 0.783 3.755
2020-05-22 1.050 4.143
2020-05-25 1.400 4.143
2020-05-27 1.400 4.388
2020-05-30 1.400 4.510
2020-06-01 1.826 5.204
2020-06-04 1.733 4.204
2020-06-06 1.733 4.061
2020-06-11 1.767 3.898
2020-06-14 1.717 4.510
2020-06-16 1.717 4.551
2020-06-19 1.817 3.837
2020-06-21 1.417 3.633
2020-06-24 1.667 3.245
2020-06-26 2.167 2.551
2020-06-29 2.333 2.429
2020-07-01 1.500 1.449
2020-07-06 1.500 1.510
2020-07-14 1.000 1.347
2020-07-16 1.000 1.367
2020-07-19 1.000 1.469
2020-07-21 0.750 1.408
2020-07-24 0.333 1.204
2020-07-26 0.500 1.000
