2015-07-06 0.000 0.041
2015-07-16 0.000 0.082
2015-07-26 0.000 0.102
2015-07-30 0.000 0.122
2015-08-02 6.000 1.122
2015-08-05 6.000 1.082
2015-08-12 3.000 2.082
2015-08-15 3.000 2.041
2015-08-19 3.333 2.184
2015-08-22 4.250 3.143
2015-08-25 4.250 3.122
2015-08-29 4.150 3.347
2015-09-01 3.333 2.347
2015-09-18 3.500 2.408
2015-09-21 1.000 1.449
2015-09-24 1.000 1.490
2015-09-28 1.833 1.531
2015-10-01 6.417 2.531
2015-10-11 11.333 1.531
2015-10-18 11.500 1.327
2015-10-24 12.000 1.286
2015-10-28 12.000 1.000
2015-11-27 3.000 0.286
2015-12-03 3.000 0.306
2015-12-07 3.000 0.327
2015-12-27 0.000 0.041
2015-12-30 4.000 0.837
2016-01-02 4.000 0.816
2016-01-06 4.000 0.796
2016-01-19 7.500 1.796
2016-01-26 6.833 1.837
2016-01-29 9.000 1.041
2016-02-18 0.000 0.041
2016-03-06 0.000 0.082
2016-03-09 6.500 1.020
2016-03-12 7.500 1.061
2016-03-26 7.833 1.327
2016-03-29 7.833 1.367
2016-04-01 7.333 1.408
2016-04-05 8.000 1.327
2016-04-08 2.333 0.429
2016-04-11 2.000 0.429
2016-04-18 6.500 1.388
2016-04-21 6.500 1.429
2016-04-25 7.000 1.163
2016-04-28 6.500 1.510
2016-05-05 6.500 1.796
2016-05-08 7.417 2.755
2016-05-15 7.333 2.776
2016-05-18 8.083 1.816
2016-05-21 8.167 1.776
2016-05-28 9.083 2.265
2016-05-31 9.167 2.224
2016-06-04 9.333 2.020
2016-06-07 14.000 1.918
2016-06-14 14.000 1.898
2016-06-27 16.000 1.020
2016-07-04 16.000 0.939
2016-07-07 6.000 0.755
2016-07-14 6.000 0.857
2016-07-24 6.000 0.898
2016-07-27 9.000 1.469
2016-08-03 9.000 1.531
2016-08-06 7.000 0.939
2016-08-09 7.500 0.918
2016-08-13 8.500 1.020
2016-08-16 10.200 2.020
2016-08-19 10.117 2.061
2016-08-23 10.150 2.327
2016-08-26 10.083 2.755
2016-09-02 10.083 2.776
2016-09-05 10.617 2.653
2016-09-08 10.533 2.673
2016-09-12 11.150 2.755
2016-09-15 11.050 2.755
2016-09-18 11.217 2.714
2016-09-22 11.167 2.429
2016-09-25 9.000 2.429
2016-10-02 9.333 2.347
2016-10-05 10.600 3.347
2016-10-08 10.433 3.306
2016-10-12 10.250 3.020
2016-10-15 10.333 2.020
2016-10-22 10.500 2.000
2016-10-25 14.000 1.000
2016-11-14 1.000 0.122
2016-11-24 1.500 0.163
2016-12-04 3.833 1.163
2016-12-14 4.500 1.122
2016-12-17 4.500 1.143
2016-12-24 4.000 1.102
2016-12-27 4.000 1.143
2016-12-31 4.000 1.367
2017-01-03 3.000 0.367
2017-01-13 1.000 0.327
2017-01-16 1.000 0.306
2017-01-30 0.000 0.082
2017-02-02 3.000 0.796
2017-02-12 5.000 0.959
2017-02-15 5.000 1.000
2017-02-25 5.000 0.959
2017-03-04 3.000 0.245
2017-03-14 6.000 1.020
2017-03-17 6.000 0.980
2017-03-24 6.000 1.490
2017-03-27 6.000 1.531
2017-03-31 5.500 1.612
2017-04-03 6.833 2.041
2017-04-13 7.500 1.061
2017-04-20 8.833 1.204
2017-04-23 9.333 0.694
2017-04-26 9.333 0.673
2017-04-30 9.667 0.898
2017-05-03 3.500 0.469
2017-05-06 3.500 0.490
2017-05-10 3.000 0.796
2017-05-13 2.917 0.857
2017-05-16 2.917 0.878
2017-05-20 2.000 0.735
2017-05-26 2.000 0.755
2017-05-30 2.000 0.510
2017-06-02 9.500 1.449
2017-06-05 9.500 1.469
2017-06-09 11.000 1.163
2017-06-12 11.000 1.102
2017-06-15 11.000 1.122
2017-06-19 10.500 1.388
2017-06-22 10.167 1.429
2017-06-25 10.167 1.388
2017-06-29 10.167 1.327
2017-07-02 4.000 0.388
2017-07-04 4.000 0.469
2017-07-05 4.000 0.429
2017-07-07 4.000 0.653
2017-07-14 3.833 0.735
2017-07-15 3.833 0.694
2017-07-17 3.833 1.082
2017-07-22 6.583 1.469
2017-08-03 7.167 1.388
2017-08-06 6.167 1.918
2017-08-13 5.833 1.959
2017-08-14 5.667 2.000
2017-08-16 6.500 1.612
2017-08-18 5.833 1.347
2017-08-21 8.833 1.673
2017-08-23 9.333 1.980
2017-08-26 9.333 2.000
2017-08-29 9.667 2.041
2017-09-03 9.917 2.082
2017-09-05 11.750 1.776
2017-09-10 12.033 1.980
2017-09-12 11.833 1.918
2017-09-13 12.083 1.878
2017-09-17 12.733 1.959
2017-09-20 9.400 1.408
2017-09-22 10.750 1.102
2017-09-23 10.583 1.122
2017-09-25 11.833 1.510
2017-09-27 11.950 1.796
2017-09-28 11.533 1.755
2017-10-03 11.200 1.755
2017-10-05 9.250 1.306
2017-10-10 9.833 1.102
2017-10-12 10.000 1.041
2017-10-15 12.167 2.041
2017-10-17 12.250 2.143
2017-10-18 12.250 2.184
2017-10-20 11.567 2.653
2017-10-23 11.567 2.633
2017-10-25 11.417 2.224
2017-10-27 10.833 1.939
2017-10-30 10.917 2.673
2017-11-01 10.583 2.735
2017-11-02 10.667 2.714
2017-11-04 9.583 3.490
2017-11-06 9.583 3.510
2017-11-07 9.583 3.531
2017-11-14 10.167 2.571
2017-11-16 8.167 2.408
2017-11-19 7.667 2.224
2017-11-29 6.333 1.755
2017-12-01 6.833 1.694
2017-12-02 6.833 1.673
2017-12-04 4.000 0.898
2017-12-06 4.000 0.878
2017-12-07 4.000 0.857
2017-12-09 4.000 0.878
2017-12-14 5.500 1.000
2017-12-16 5.333 1.082
2017-12-17 5.833 1.041
2017-12-19 4.000 0.551
2017-12-29 3.000 0.286
2018-01-01 3.000 0.327
2018-01-03 3.000 0.449
2018-01-08 4.000 0.490
2018-01-13 2.000 0.327
2018-01-15 1.000 0.224
2018-01-16 1.500 0.245
2018-01-21 1.333 0.286
2018-01-30 2.333 0.327
2018-01-31 2.500 0.286
2018-02-02 2.500 0.163
2018-02-05 2.333 0.204
2018-02-07 6.250 0.980
2018-02-09 6.750 1.224
2018-02-12 9.033 1.735
2018-02-14 8.283 2.020
2018-02-15 8.083 2.000
2018-02-20 8.333 2.000
2018-02-22 9.650 3.000
2018-02-24 11.133 3.286
2018-02-25 11.100 3.327
2018-02-27 9.698 4.327
2018-03-01 10.001 4.551
2018-03-04 9.895 5.286
2018-03-06 9.881 5.306
2018-03-07 9.899 5.265
2018-03-09 10.851 4.592
2018-03-11 10.750 4.347
2018-03-14 9.910 4.469
2018-03-16 10.400 4.184
2018-03-19 10.869 5.184
2018-03-22 10.726 5.143
2018-03-24 10.183 4.449
2018-03-26 8.667 4.388
2018-03-27 8.667 4.347
2018-03-29 10.000 3.449
2018-03-31 9.750 3.388
2018-04-03 10.650 2.653
2018-04-05 10.650 2.633
2018-04-06 10.650 2.673
2018-04-08 10.617 2.980
2018-04-10 10.533 3.061
2018-04-13 10.200 2.429
2018-04-15 10.733 2.653
2018-04-18 6.950 2.653
2018-04-20 6.779 2.939
2018-04-21 6.729 2.980
2018-04-23 6.562 3.265
2018-04-25 6.717 3.061
2018-04-28 6.983 2.959
2018-04-30 6.733 2.755
2018-05-03 6.950 3.102
2018-05-05 7.800 3.388
2018-05-08 6.700 3.918
2018-05-10 6.767 3.837
2018-05-11 6.862 3.878
2018-05-15 6.462 3.857
2018-05-18 7.533 3.673
2018-05-20 7.650 3.592
2018-05-21 7.817 3.592
2018-05-23 7.967 3.041
2018-05-25 7.900 3.184
2018-05-26 7.967 3.224
2018-05-28 9.614 3.980
2018-05-30 9.494 4.184
2018-06-02 8.877 3.837
2018-06-04 8.342 3.837
2018-06-05 8.542 3.796
2018-06-07 11.060 3.510
2018-06-09 11.500 3.796
2018-06-10 11.250 3.796
2018-06-14 11.452 3.592
2018-06-17 12.700 2.816
2018-06-19 13.033 2.612
2018-06-20 12.783 2.612
2018-06-22 12.717 2.653
2018-06-24 12.717 2.490
2018-06-25 12.467 2.449
2018-06-27 10.467 2.633
2018-06-29 10.650 2.714
2018-06-30 10.650 2.755
2018-07-02 10.286 3.755
2018-07-04 10.233 3.469
2018-07-05 10.233 3.510
2018-07-07 10.317 3.796
2018-07-09 9.350 3.653
2018-07-10 9.350 3.612
2018-07-12 8.450 4.204
2018-07-14 8.333 4.490
2018-07-15 8.333 4.531
2018-07-17 8.731 5.449
2018-07-19 8.826 5.531
2018-07-20 8.826 5.510
2018-07-22 8.733 6.408
2018-07-24 8.622 6.694
2018-07-25 8.622 6.735
2018-07-27 8.056 6.796
2018-07-29 7.922 6.510
2018-08-01 7.621 5.510
2018-08-03 7.633 5.796
2018-08-06 7.832 5.735
2018-08-08 8.076 5.612
2018-08-11 8.226 5.429
2018-08-13 8.321 5.163
2018-08-14 8.321 5.122
2018-08-16 7.352 4.939
2018-08-18 7.269 5.143
2018-08-19 7.269 5.122
2018-08-21 6.902 4.286
2018-08-23 7.083 4.143
2018-08-24 7.083 4.122
2018-08-26 7.217 3.837
2018-08-29 7.217 3.796
2018-08-31 7.217 3.816
2018-09-02 7.917 3.776
2018-09-03 7.917 3.735
2018-09-05 6.879 3.184
2018-09-07 6.617 3.163
2018-09-10 7.283 2.755
2018-09-12 7.367 2.837
2018-09-13 7.367 2.857
2018-09-15 7.183 2.082
2018-09-17 7.167 1.837
2018-09-18 7.167 1.878
2018-09-20 8.000 1.796
2018-09-22 7.533 1.776
2018-09-23 7.533 1.755
2018-09-25 9.417 1.714
2018-09-27 11.333 2.000
2018-09-30 11.183 2.980
2018-10-02 10.567 2.735
2018-10-05 9.850 3.347
2018-10-07 10.267 3.551
2018-10-10 10.421 4.551
2018-10-12 10.296 4.735
2018-10-13 10.263 4.755
2018-10-15 9.707 5.755
2018-10-17 9.773 5.980
2018-10-18 9.797 5.939
2018-10-20 10.533 6.816
2018-10-22 10.559 6.714
2018-10-25 11.161 6.041
2018-10-27 10.615 5.755
2018-10-30 10.864 4.755
2018-11-02 10.798 4.796
2018-11-04 11.067 3.796
2018-11-06 10.700 3.592
2018-11-07 10.633 3.633
2018-11-09 10.767 2.694
2018-11-11 10.150 2.408
2018-11-12 10.250 2.367
2018-11-14 12.583 2.041
2018-11-16 13.917 2.082
2018-11-17 13.750 2.122
2018-11-19 10.083 1.265
2018-11-21 10.083 1.306
2018-12-02 10.083 1.265
2018-12-04 12.117 2.184
2018-12-07 12.283 2.143
2018-12-09 11.833 2.102
2018-12-11 11.700 2.204
2018-12-14 11.917 1.531
2018-12-16 9.000 1.224
2018-12-17 9.500 1.184
2018-12-19 11.417 1.673
2018-12-21 11.583 1.612
2018-12-24 9.917 2.531
2018-12-26 9.867 2.633
2019-01-03 9.500 1.714
2019-01-08 9.833 1.714
2019-01-10 9.917 1.612
2019-01-18 9.083 1.449
2019-01-20 8.417 1.735
2019-01-21 8.417 1.776
2019-01-23 4.500 1.000
2019-01-25 4.500 0.898
2019-01-28 4.500 0.980
2019-01-31 4.500 1.000
2019-02-07 4.000 1.082
2019-02-09 4.000 1.102
2019-02-12 4.333 1.204
2019-02-14 4.250 1.469
2019-02-15 4.250 1.510
2019-02-17 6.750 2.000
2019-02-19 7.000 1.898
2019-02-20 7.000 1.857
2019-02-22 6.917 1.796
2019-02-24 7.783 2.082
2019-02-25 7.783 2.122
2019-02-27 7.717 3.041
2019-03-02 7.717 3.020
2019-03-09 8.050 2.918
2019-03-11 8.050 2.898
2019-03-14 7.967 2.939
2019-03-16 8.417 2.673
2019-03-19 8.083 2.735
2019-03-21 7.750 2.816
2019-03-22 7.750 2.857
2019-03-24 7.817 3.163
2019-03-26 7.333 2.878
2019-03-27 7.333 2.837
2019-03-29 7.500 2.837
2019-04-01 7.500 2.878
2019-04-08 7.292 3.796
2019-04-10 7.558 4.082
2019-04-11 7.701 4.102
2019-04-13 7.868 3.959
2019-04-15 8.094 4.245
2019-04-18 8.505 4.286
2019-04-20 8.771 4.306
2019-04-23 9.052 4.061
2019-04-25 8.987 4.102
2019-04-28 8.983 3.102
2019-04-30 9.127 3.388
2019-05-01 9.161 3.347
2019-05-03 9.161 3.367
2019-05-08 9.626 2.449
2019-05-10 9.742 2.163
2019-05-11 9.492 2.143
2019-05-13 8.110 3.143
2019-05-15 8.410 3.163
2019-05-16 8.660 3.143
2019-05-18 9.960 2.796
2019-05-20 10.083 2.510
2019-05-21 10.250 2.469
2019-05-23 9.250 2.633
2019-05-25 9.200 2.673
2019-05-30 9.500 2.388
2019-06-02 10.783 3.245
2019-06-04 11.067 3.531
2019-06-05 10.967 3.571
2019-06-07 12.594 4.510
2019-06-09 12.301 4.796
2019-06-12 14.219 3.796
2019-06-14 13.702 3.592
2019-06-15 13.552 3.571
2019-06-17 13.000 3.755
2019-06-19 12.957 3.816
2019-06-22 13.260 4.143
2019-06-24 13.670 4.327
2019-06-25 13.670 4.367
2019-06-27 13.031 5.367
2019-06-29 13.010 5.653
2019-06-30 13.010 5.673
2019-07-02 13.124 5.490
2019-07-04 12.663 5.510
2019-07-05 12.663 5.490
2019-07-07 11.517 4.551
2019-07-09 11.785 4.265
2019-07-12 11.651 4.429
2019-07-14 11.746 4.327
2019-07-17 11.188 3.490
2019-07-19 11.071 3.612
2019-07-22 10.383 3.204
2019-07-24 10.317 3.245
2019-07-27 9.567 2.612
2019-07-29 9.217 2.449
2019-07-30 9.133 2.469
2019-08-01 6.900 1.857
2019-08-03 7.500 1.551
2019-08-04 7.500 1.571
2019-08-06 7.583 1.633
2019-08-11 8.083 1.469
2019-08-14 8.333 1.510
2019-08-18 8.417 1.327
2019-08-21 13.283 2.082
2019-08-23 13.450 2.082
2019-08-24 13.650 2.082
2019-08-26 11.750 2.714
2019-08-28 11.133 2.755
2019-08-31 10.212 3.673
2019-09-02 10.176 3.918
2019-09-03 10.248 3.878
2019-09-05 10.700 3.980
2019-09-07 10.676 4.061
2019-09-10 11.325 4.959
2019-09-13 11.182 4.939
2019-09-15 11.740 5.612
2019-09-18 11.723 5.633
2019-09-20 12.660 5.653
2019-09-22 12.458 5.531
2019-09-23 12.357 5.490
2019-09-25 13.065 4.490
2019-09-27 13.501 4.388
2019-09-28 13.551 4.347
2019-09-30 14.983 3.347
2019-10-02 15.125 3.143
2019-10-05 14.808 2.980
2019-10-07 14.783 2.898
2019-10-10 14.550 2.367
2019-10-12 16.000 2.429
2019-10-15 15.500 1.755
2019-10-18 15.500 1.735
2019-10-20 7.583 0.735
2019-10-22 5.833 0.551
2019-10-23 5.833 0.592
2019-10-25 7.333 1.000
2019-10-27 7.000 0.939
2019-10-30 6.500 1.000
2019-11-01 7.500 0.959
2019-11-04 8.000 1.061
2019-11-09 7.500 0.694
2019-11-11 5.500 0.633
2019-11-12 5.500 0.612
2019-11-16 5.500 0.673
2019-11-24 4.500 0.449
2019-11-29 7.833 1.347
2019-12-04 8.667 2.122
2019-12-09 8.500 2.143
2019-12-12 8.333 2.163
2019-12-14 7.750 2.469
2019-12-16 7.917 2.408
2019-12-19 7.450 3.408
2019-12-21 7.600 3.429
2019-12-22 7.650 3.388
2019-12-24 7.667 3.204
2019-12-27 7.617 3.245
2019-12-29 7.833 2.347
2020-01-01 7.833 2.388
2020-01-03 7.000 1.531
2020-01-06 7.000 1.571
2020-01-08 7.000 1.551
2020-01-11 7.000 1.531
2020-01-15 6.833 1.571
2020-01-16 6.833 1.592
2020-01-18 5.500 0.592
2020-01-20 4.500 0.571
2020-01-21 4.500 0.612
2020-01-26 4.500 0.592
2020-01-28 3.500 0.531
2020-01-31 3.500 0.490
2020-02-02 3.500 0.510
2020-02-05 3.500 0.469
2020-02-07 11.333 1.469
2020-02-12 10.500 1.184
2020-02-14 10.500 1.143
2020-02-17 9.000 2.000
2020-02-20 9.000 1.959
2020-02-25 9.000 1.980
2020-02-29 9.000 2.082
2020-03-03 9.750 2.347
2020-03-08 9.667 1.490
2020-03-13 10.167 1.571
2020-03-15 9.667 1.714
2020-03-16 9.667 1.694
2020-03-18 7.667 1.816
2020-03-21 7.917 1.857
2020-03-23 5.867 2.857
2020-03-25 5.633 3.143
2020-03-28 5.017 4.143
2020-03-30 4.707 4.204
2020-03-31 4.793 4.245
2020-04-02 3.952 4.102
2020-04-04 3.869 4.367
2020-04-05 3.940 4.408
2020-04-07 3.261 5.265
2020-04-09 3.211 5.551
2020-04-10 3.156 5.592
2020-04-12 2.522 6.490
2020-04-14 2.436 6.347
2020-04-15 2.400 6.388
2020-04-17 1.928 6.408
2020-04-19 1.928 6.449
2020-04-20 1.837 6.449
2020-04-22 1.704 6.449
2020-04-24 1.593 6.429
2020-04-25 1.611 6.408
2020-04-27 1.094 6.306
2020-04-29 1.108 6.143
2020-04-30 1.019 6.102
2020-05-02 1.075 6.041
2020-05-04 1.093 5.776
2020-05-05 0.993 5.776
2020-05-07 1.193 5.776
2020-05-09 1.217 5.510
2020-05-10 1.217 5.469
2020-05-12 1.533 4.469
2020-05-14 1.667 4.714
2020-05-17 1.450 4.163
2020-05-19 1.426 4.286
2020-05-20 1.426 4.245
2020-05-22 1.250 3.245
2020-05-24 1.367 2.980
2020-05-25 1.367 2.959
2020-05-27 1.367 2.918
2020-05-29 1.250 3.204
2020-05-30 1.250 3.245
2020-06-01 1.426 4.143
2020-06-03 1.626 4.184
2020-06-04 1.626 4.143
2020-06-06 1.226 3.469
2020-06-08 1.226 3.449
2020-06-13 1.083 3.204
2020-06-14 1.083 3.163
2020-06-16 1.167 2.735
2020-06-18 1.167 2.592
2020-06-19 1.167 2.612
2020-06-21 1.167 2.837
2020-06-23 1.367 3.122
2020-06-24 1.367 3.163
2020-06-26 2.950 3.306
2020-06-28 3.083 3.020
2020-06-29 3.083 2.980
2020-07-01 3.333 1.980
2020-07-03 3.333 1.939
2020-07-06 4.333 1.735
2020-07-08 4.333 1.755
2020-07-11 4.250 1.898
2020-07-13 3.917 2.184
2020-07-16 3.917 2.163
2020-07-18 3.750 2.184
2020-07-19 3.750 2.163
2020-07-21 3.200 2.510
2020-07-23 3.333 2.510
2020-07-24 3.333 2.490
2020-07-26 4.667 2.204
2020-07-28 4.667 2.224
