2015-07 0.000 0.122
2015-08 4.150 3.367
2015-09 1.833 1.531
2015-10 12.000 1.000
2015-11 3.000 0.286
2015-12 4.000 0.878
2016-01 9.000 1.041
2016-03 7.833 1.367
2016-04 6.500 1.510
2016-05 9.083 2.265
2016-06 16.000 1.020
2016-07 9.000 1.469
2016-08 10.083 2.755
2016-09 9.000 2.429
2016-10 14.000 1.000
2016-11 1.500 0.163
2016-12 4.000 1.367
2017-01 0.000 0.082
2017-02 5.000 0.959
2017-03 5.500 1.612
2017-04 9.667 0.898
2017-05 2.000 0.510
2017-06 10.167 1.327
2017-07 6.583 1.469
2017-08 9.667 2.041
2017-09 11.533 1.755
2017-10 10.917 2.673
2017-11 6.333 1.755
2017-12 3.000 0.286
2018-01 2.333 0.327
2018-02 9.693 4.286
2018-03 10.400 3.653
2018-04 6.733 2.755
2018-05 9.494 4.184
2018-06 10.650 2.755
2018-07 7.922 6.510
2018-08 7.217 3.816
2018-09 11.183 2.980
2018-10 10.864 4.755
2018-11 10.083 1.653
2018-12 9.750 4.000
2019-01 4.500 1.653
2019-02 7.980 5.102
2019-03 7.500 5.796
2019-04 9.158 6.653
2019-05 9.417 3.531
2019-06 13.115 8.306
2019-07 9.204 3.755
2019-08 9.597 5.551
2019-09 15.111 5.286
2019-10 6.500 1.735
2019-11 8.000 1.592
2019-12 7.767 3.776
2020-01 3.333 0.755
2020-02 9.167 3.449
2020-03 4.543 6.306
2020-04 1.274 8.306
2020-05 1.154 4.980
2020-06 3.350 4.653
2020-07 4.733 3.837
