2015-07-04 4.000 0.449
2015-07-11 10.500 1.408
2015-07-24 11.000 1.857
2015-07-31 10.583 2.837
2015-08-03 10.750 2.837
2015-08-10 11.000 1.878
2015-08-13 11.000 2.327
2015-08-20 11.100 3.327
2015-08-23 11.200 3.327
2015-08-30 11.300 3.347
2015-09-02 11.250 3.327
2015-09-12 11.450 3.327
2015-09-19 11.525 2.571
2015-09-22 11.625 2.122
2015-09-29 8.750 1.347
2015-10-02 9.500 0.918
2015-10-12 6.000 0.469
2015-10-19 1.000 0.224
2015-10-22 4.500 0.633
2015-10-29 4.000 0.408
2015-12-08 0.000 0.163
2015-12-11 1.500 0.612
2015-12-18 12.333 1.612
2015-12-21 11.500 2.061
2015-12-28 9.100 3.061
2015-12-31 9.050 3.184
2016-01-07 9.333 3.857
2016-01-10 9.317 3.735
2016-01-17 6.217 3.735
2016-01-20 7.167 3.592
2016-01-27 7.750 2.592
2016-01-30 7.833 2.469
2016-02-06 7.583 2.245
2016-02-09 7.500 1.918
2016-02-16 8.500 0.918
2016-02-19 4.500 0.857
2016-03-07 3.000 0.510
2016-03-10 3.000 0.531
2016-03-17 11.500 1.531
2016-03-20 11.833 1.449
2016-03-30 12.583 1.898
2016-04-06 12.000 1.633
2016-04-09 12.000 1.612
2016-04-16 4.500 0.612
2016-04-19 2.500 0.898
2016-04-26 2.833 1.000
2016-04-29 4.167 0.959
2016-05-06 9.333 1.959
2016-05-09 9.683 2.408
2016-05-16 9.533 3.143
2016-05-19 10.433 2.694
2016-05-26 10.433 3.469
2016-05-29 10.000 3.061
2016-06-05 10.833 3.000
2016-06-08 12.083 2.980
2016-06-15 13.500 3.245
2016-06-18 14.200 3.694
2016-06-25 13.317 3.816
2016-06-28 13.400 4.265
2016-07-05 13.500 3.327
2016-07-08 12.200 3.347
2016-07-15 10.700 2.776
2016-07-18 9.700 2.776
2016-07-25 10.200 2.776
2016-07-28 9.400 2.776
2016-08-04 9.033 3.776
2016-08-07 8.900 3.776
2016-08-14 10.167 4.347
2016-08-17 10.000 3.898
2016-08-24 11.067 3.898
2016-08-27 11.267 3.898
2016-09-03 11.400 3.898
2016-09-06 11.800 3.673
2016-09-13 11.583 3.673
2016-09-23 10.833 2.673
2016-09-26 11.500 2.673
2016-10-03 12.667 2.347
2016-10-06 12.917 2.163
2016-10-13 11.833 1.163
2016-10-16 10.917 1.612
2016-10-23 10.417 2.245
2016-10-26 10.167 1.796
2016-11-02 8.500 1.694
2016-11-05 8.500 1.653
2016-11-12 8.583 2.510
2016-11-15 8.917 2.510
2016-11-22 12.500 2.673
2016-11-25 12.067 3.082
2016-12-02 12.633 2.918
2016-12-05 12.833 3.327
2016-12-12 12.000 2.878
2016-12-15 11.167 2.878
2016-12-22 6.333 2.082
2016-12-25 6.000 1.673
2017-01-01 6.000 2.265
2017-01-04 4.750 2.306
2017-01-11 6.000 1.898
2017-01-14 6.333 1.898
2017-01-31 3.000 0.959
2017-02-03 4.000 0.592
2017-02-10 9.333 1.571
2017-02-13 7.500 1.184
2017-02-20 8.333 1.939
2017-02-23 8.333 2.000
2017-03-02 8.500 2.286
2017-03-05 8.500 2.367
2017-03-12 9.000 1.673
2017-03-15 11.833 2.061
2017-03-22 8.000 1.347
2017-03-25 6.500 1.735
2017-04-01 5.000 1.388
2017-04-04 6.667 1.673
2017-04-11 7.167 2.224
2017-04-14 7.000 2.143
2017-04-21 9.350 3.102
2017-04-24 10.950 3.102
2017-05-01 9.833 3.898
2017-05-04 9.067 3.898
2017-05-11 9.567 3.959
2017-05-14 9.133 3.735
2017-05-21 9.133 3.735
2017-05-24 7.833 3.449
2017-05-31 10.383 3.653
2017-06-03 10.833 3.653
2017-06-10 11.533 2.755
2017-06-13 11.550 3.061
2017-06-20 11.700 3.061
2017-06-23 11.800 3.347
2017-06-30 10.200 2.796
2017-07-03 10.550 2.796
2017-07-05 12.567 3.796
2017-07-08 13.119 4.245
2017-07-10 12.738 5.204
2017-07-13 13.274 5.204
2017-07-15 12.319 6.184
2017-07-18 12.358 6.612
2017-07-20 11.847 6.612
2017-07-23 11.983 6.612
2017-07-25 11.929 7.469
2017-07-28 11.772 7.694
2017-07-30 12.088 8.245
2017-08-02 12.030 8.245
2017-08-04 10.866 8.245
2017-08-07 10.704 8.204
2017-08-09 10.783 8.245
2017-08-12 10.426 8.163
2017-08-14 10.857 7.184
2017-08-17 11.059 7.163
2017-08-19 12.389 7.163
2017-08-22 12.380 7.122
2017-08-24 12.222 7.265
2017-08-27 12.562 7.490
2017-08-29 12.271 7.469
2017-09-01 12.348 7.041
2017-09-03 13.203 6.041
2017-09-06 12.914 5.694
2017-09-08 11.750 5.633
2017-09-11 11.905 5.265
2017-09-16 11.595 4.857
2017-09-18 9.902 4.714
2017-09-21 9.617 4.714
2017-09-23 10.290 4.633
2017-09-26 9.950 4.204
2017-09-28 9.800 4.224
2017-10-01 9.800 4.204
2017-10-03 11.033 5.204
2017-10-06 11.155 5.286
2017-10-08 12.371 5.347
2017-10-11 12.135 5.796
2017-10-13 12.306 6.796
2017-10-16 12.361 7.245
2017-10-18 11.653 7.388
2017-10-21 11.769 7.429
2017-10-23 11.911 7.510
2017-10-26 11.945 7.939
2017-10-28 11.579 7.939
2017-10-31 11.570 8.020
2017-11-02 10.421 7.857
2017-11-05 10.476 7.714
2017-11-07 10.322 6.939
2017-11-10 10.394 6.490
2017-11-12 9.629 5.857
2017-11-15 9.303 5.531
2017-11-17 8.986 5.531
2017-11-20 9.034 5.531
2017-11-22 7.223 5.143
2017-11-25 7.143 4.694
2017-11-27 8.043 4.694
2017-11-30 7.738 5.041
2017-12-02 7.583 4.204
2017-12-05 7.398 4.653
2017-12-07 6.888 4.694
2017-12-12 7.138 4.327
2017-12-15 7.267 4.204
2017-12-17 7.767 3.837
2017-12-20 7.317 3.388
2017-12-22 9.150 3.776
2017-12-25 8.981 4.224
2017-12-27 8.533 3.224
2017-12-30 8.917 2.816
2018-01-04 9.617 2.531
2018-01-06 8.033 2.490
2018-01-11 8.533 2.510
2018-01-14 8.367 2.592
2018-01-16 9.700 2.041
2018-01-21 6.117 1.714
2018-01-24 7.083 1.673
2018-01-29 7.883 2.102
2018-02-03 7.317 2.061
2018-02-05 7.950 1.959
2018-02-08 7.967 2.061
2018-02-10 7.483 3.041
2018-02-13 7.062 3.408
2018-02-15 6.814 4.327
2018-02-20 6.976 3.857
2018-02-23 7.100 3.449
2018-02-25 7.633 3.776
2018-02-28 7.033 3.714
2018-03-02 7.429 4.245
2018-03-05 7.429 4.122
2018-03-07 7.179 4.245
2018-03-10 7.202 4.347
2018-03-12 7.267 3.408
2018-03-15 7.733 2.959
2018-03-17 8.417 1.959
2018-03-22 8.750 1.837
2018-03-25 9.250 2.082
2018-03-27 10.700 2.735
2018-03-30 11.500 2.347
2018-04-01 8.583 2.490
2018-04-06 11.367 3.245
2018-04-09 10.950 3.041
2018-04-11 10.833 3.122
2018-04-14 10.767 3.347
2018-04-16 10.717 4.347
2018-04-19 10.543 4.796
2018-04-21 10.389 5.714
2018-04-24 10.877 5.918
2018-04-26 10.427 5.939
2018-04-29 10.031 6.388
2018-05-01 10.446 5.714
2018-05-06 9.601 5.000
2018-05-09 9.587 5.224
2018-05-11 10.681 5.857
2018-05-14 10.463 6.000
2018-05-16 9.876 5.265
2018-05-19 9.795 5.265
2018-05-21 10.497 4.265
2018-05-24 10.654 4.265
2018-05-26 11.914 4.265
2018-05-29 12.433 3.837
2018-05-31 12.972 4.837
2018-06-03 13.308 5.184
2018-06-05 13.491 5.755
2018-06-08 13.210 5.857
2018-06-10 13.292 6.082
2018-06-13 13.527 6.143
2018-06-15 15.389 6.816
2018-06-18 15.512 6.816
2018-06-20 14.799 7.816
2018-06-23 14.676 7.612
2018-06-25 14.688 7.388
2018-06-28 14.577 7.592
2018-06-30 14.394 7.592
2018-07-03 13.904 7.592
2018-07-05 13.811 7.714
2018-07-08 14.021 7.837
2018-07-10 13.648 7.694
2018-07-13 13.532 7.714
2018-07-15 13.428 7.776
2018-07-18 13.564 7.776
2018-07-20 14.129 7.776
2018-07-23 14.255 7.776
2018-07-25 15.024 8.000
2018-07-28 15.062 8.224
2018-07-30 14.962 8.224
2018-08-02 15.176 8.327
2018-08-04 15.583 8.347
2018-08-07 15.576 8.347
2018-08-09 15.303 8.490
2018-08-12 15.568 8.490
2018-08-14 14.918 7.490
2018-08-17 15.042 7.469
2018-08-19 15.486 7.469
2018-08-22 15.600 7.673
2018-08-24 15.364 7.673
2018-08-27 15.355 7.653
2018-08-29 15.618 7.653
2018-09-01 15.500 7.347
2018-09-03 14.897 6.959
2018-09-06 14.886 6.918
2018-09-08 15.594 6.878
2018-09-11 15.605 6.878
2018-09-16 15.568 6.531
2018-09-18 15.035 5.898
2018-09-21 14.666 5.531
2018-09-23 13.013 5.531
2018-09-26 12.875 5.551
2018-09-28 12.807 5.551
2018-10-01 13.165 5.816
2018-10-03 13.437 6.204
2018-10-06 13.236 5.980
2018-10-08 12.689 6.020
2018-10-11 12.389 5.571
2018-10-13 11.997 6.571
2018-10-16 12.053 6.490
2018-10-18 11.750 7.122
2018-10-21 11.811 7.490
2018-10-23 12.700 7.490
2018-10-26 12.910 7.265
2018-10-28 12.956 6.265
2018-10-31 12.339 6.102
2018-11-02 11.773 5.102
2018-11-05 11.689 5.082
2018-11-07 10.358 4.857
2018-11-10 9.859 5.245
2018-11-12 9.456 5.184
2018-11-15 9.387 5.429
2018-11-17 8.519 5.408
2018-11-20 8.251 4.980
2018-11-22 5.545 4.878
2018-11-25 5.510 4.653
2018-11-27 5.629 4.755
2018-11-30 5.852 4.531
2018-12-05 5.905 4.816
2018-12-07 6.355 4.673
2018-12-10 6.860 4.510
2018-12-12 6.510 3.878
2018-12-15 6.410 4.082
2018-12-17 6.067 3.673
2018-12-20 6.100 3.653
2018-12-22 6.167 2.755
2018-12-25 5.683 3.204
2018-12-27 5.217 4.102
2018-12-30 5.217 4.082
2019-01-01 5.843 5.082
2019-01-04 6.176 5.082
2019-01-06 6.863 5.449
2019-01-09 6.935 5.673
2019-01-11 6.956 6.347
2019-01-14 7.501 6.265
2019-01-16 7.619 6.531
2019-01-24 7.961 6.082
2019-01-26 8.618 6.082
2019-01-29 8.656 6.531
2019-01-31 8.696 6.265
2019-02-03 8.477 5.980
2019-02-05 8.925 5.980
2019-02-08 9.175 5.980
2019-02-10 8.802 5.265
2019-02-13 8.415 5.347
2019-02-15 8.326 5.184
2019-02-18 8.396 5.245
2019-02-20 8.475 6.184
2019-02-23 8.241 6.633
2019-02-25 8.040 5.633
2019-02-28 8.183 5.633
2019-03-02 8.405 5.898
2019-03-05 8.515 5.735
2019-03-07 7.423 5.510
2019-03-10 7.027 5.061
2019-03-12 8.744 5.796
2019-03-15 9.004 5.796
2019-03-17 9.831 5.122
2019-03-20 9.724 5.245
2019-03-22 9.637 5.306
2019-03-25 10.030 5.306
2019-03-27 10.188 5.449
2019-03-30 10.206 5.449
2019-04-01 11.781 5.122
2019-04-06 13.463 4.796
2019-04-09 13.037 5.245
2019-04-11 11.465 4.878
2019-04-14 11.174 4.612
2019-04-16 11.207 4.714
2019-04-19 11.874 4.980
2019-04-21 13.769 3.980
2019-04-24 13.636 3.980
2019-04-26 13.695 3.898
2019-04-29 13.800 3.490
2019-05-01 9.326 3.204
2019-05-06 8.808 3.592
2019-05-09 9.583 3.143
2019-05-11 10.083 2.551
2019-05-14 9.833 2.510
2019-05-16 12.383 3.347
2019-05-19 11.283 2.939
2019-05-21 11.200 3.143
2019-05-24 10.650 3.143
2019-05-26 10.650 3.082
2019-05-29 10.650 3.061
2019-05-31 14.700 3.224
2019-06-03 15.174 3.673
2019-06-05 15.364 3.837
2019-06-10 15.364 3.796
2019-06-13 15.833 4.102
2019-06-15 15.745 3.796
2019-06-18 15.738 4.204
2019-06-20 15.577 4.980
2019-06-23 15.861 4.980
2019-06-25 16.495 5.980
2019-06-28 16.475 6.408
2019-06-30 15.033 6.857
2019-07-03 15.144 6.857
2019-07-05 15.417 6.857
2019-07-08 15.922 7.306
2019-07-10 15.181 8.082
2019-07-13 14.973 8.082
2019-07-15 14.975 7.571
2019-07-18 14.902 7.551
2019-07-20 13.839 7.571
2019-07-23 13.869 7.551
2019-07-25 12.578 7.551
2019-07-28 12.664 7.163
2019-07-30 13.869 7.163
2019-08-02 13.890 6.735
2019-08-04 14.004 6.694
2019-08-07 13.377 6.673
2019-08-09 13.475 6.898
2019-08-12 13.600 6.878
2019-08-14 14.970 7.755
2019-08-17 15.122 7.510
2019-08-19 15.955 7.510
2019-08-22 16.400 7.490
2019-08-24 17.072 6.673
2019-08-27 17.129 7.061
2019-08-29 16.057 6.531
2019-09-01 15.809 6.612
2019-09-03 17.505 6.653
2019-09-06 17.189 6.673
2019-09-08 17.447 6.327
2019-09-11 17.417 6.347
2019-09-13 15.038 6.347
2019-09-16 14.811 6.551
2019-09-18 14.227 6.551
2019-09-21 13.683 6.347
2019-09-23 13.539 6.776
2019-09-26 13.404 6.612
2019-09-28 12.993 6.347
2019-10-01 13.145 6.653
2019-10-03 10.749 5.653
2019-10-06 10.908 5.633
2019-10-08 12.687 5.980
2019-10-11 13.129 5.980
2019-10-13 13.697 5.184
2019-10-16 13.937 5.245
2019-10-18 14.119 5.163
2019-10-21 14.066 5.367
2019-10-23 15.441 5.490
2019-10-26 15.333 5.653
2019-10-28 14.556 6.347
2019-10-31 14.568 5.959
2019-11-02 14.918 6.082
2019-11-05 15.204 5.653
2019-11-07 14.154 5.653
2019-11-10 13.362 5.510
2019-11-12 13.331 5.306
2019-11-15 13.236 4.857
2019-11-17 12.700 3.939
2019-11-20 12.100 3.714
2019-11-22 9.300 3.102
2019-11-25 8.917 2.653
2019-11-27 7.333 1.755
2019-11-30 7.583 2.184
2019-12-02 6.083 2.061
2019-12-07 1.500 1.347
2019-12-10 3.333 1.490
2019-12-12 6.250 1.837
2019-12-15 6.067 2.020
2019-12-17 6.817 2.551
2019-12-20 6.983 2.367
2019-12-22 8.500 2.980
2019-12-25 8.786 3.429
2019-12-27 9.225 4.082
2019-12-30 9.333 4.082
2020-01-01 8.482 5.082
2020-01-04 8.560 5.408
2020-01-06 9.232 6.122
2020-01-09 8.835 6.122
2020-01-11 8.879 6.776
2020-01-14 8.814 7.020
2020-01-16 8.663 6.939
2020-01-19 8.769 7.388
2020-01-21 7.930 7.429
2020-01-24 7.678 6.980
2020-01-26 7.314 6.551
2020-01-29 7.414 6.102
2020-01-31 7.821 5.102
2020-02-03 7.805 4.776
2020-02-05 6.538 4.776
2020-02-08 6.771 4.776
2020-02-10 5.900 3.776
2020-02-13 5.983 3.490
2020-02-15 7.200 4.041
2020-02-18 7.233 3.816
2020-02-20 8.767 4.041
2020-02-23 8.743 4.061
2020-02-25 8.876 3.918
2020-02-28 9.154 4.367
2020-03-04 8.706 4.816
2020-03-06 9.429 4.306
2020-03-09 9.586 3.959
2020-03-11 8.515 4.959
2020-03-14 8.652 4.816
2020-03-16 6.783 4.816
2020-03-19 6.569 5.041
2020-03-21 4.655 4.429
2020-03-24 4.308 4.857
2020-03-26 4.235 4.878
2020-03-29 3.620 4.837
2020-03-31 3.083 5.796
2020-04-03 2.992 5.796
2020-04-05 2.710 6.143
2020-04-08 2.605 6.490
2020-04-10 1.635 6.490
2020-04-15 2.235 6.490
2020-04-18 2.038 6.082
2020-04-20 2.100 5.694
2020-04-23 2.118 5.592
2020-04-25 1.936 6.490
2020-04-28 1.947 6.388
2020-04-30 2.165 6.408
2020-05-05 2.253 5.776
2020-05-08 2.086 5.735
2020-05-10 2.286 5.694
2020-05-15 1.976 5.122
2020-05-18 1.976 5.082
2020-05-20 1.858 5.735
2020-05-23 2.001 5.837
2020-05-25 2.176 5.796
2020-05-28 2.158 5.837
2020-05-30 2.126 5.327
2020-06-02 2.150 5.143
2020-06-04 2.131 5.367
2020-06-07 2.106 5.327
2020-06-09 2.522 5.306
2020-06-12 2.458 5.755
2020-06-14 1.541 5.918
2020-06-17 1.491 6.286
2020-06-19 1.984 5.878
2020-06-22 1.966 5.878
2020-06-24 2.275 5.918
2020-06-27 2.404 6.020
2020-06-29 2.709 6.551
2020-07-02 2.768 6.735
2020-07-04 2.901 6.694
2020-07-07 2.783 6.776
2020-07-09 2.777 6.837
2020-07-12 3.082 6.837
2020-07-14 3.329 7.224
2020-07-17 3.351 7.245
2020-07-19 3.173 8.000
2020-07-24 3.839 8.000
2020-07-27 3.673 8.000
2020-07-29 3.764 8.000
