2015-07 10.583 2.837
2015-08 11.300 3.347
2015-09 8.667 1.735
2015-10 4.000 0.408
2015-12 9.121 3.898
2016-01 7.833 2.469
2016-02 4.500 0.857
2016-03 12.583 1.898
2016-04 4.167 0.959
2016-05 10.000 3.061
2016-06 13.400 4.265
2016-07 9.400 2.776
2016-08 11.267 3.898
2016-09 11.500 2.673
2016-10 10.167 1.796
2016-11 12.067 3.082
2016-12 6.000 1.673
2017-01 6.333 1.959
2017-02 8.333 1.939
2017-03 6.500 1.735
2017-04 10.950 3.102
2017-05 9.360 4.449
2017-06 10.200 2.796
2017-07 12.088 8.245
2017-08 12.271 7.469
2017-09 9.800 4.224
2017-10 11.570 8.020
2017-11 7.738 5.041
2017-12 8.917 2.816
2018-01 7.883 2.102
2018-02 7.033 3.714
2018-03 11.500 2.347
2018-04 10.031 6.388
2018-05 12.972 4.837
2018-06 14.394 7.592
2018-07 14.962 8.224
2018-08 15.618 7.653
2018-09 12.807 5.551
2018-10 12.331 6.571
2018-11 5.895 4.653
2018-12 5.217 4.082
2019-01 8.392 7.265
2019-02 8.523 5.796
2019-03 10.206 10.306
2019-04 13.815 6.490
2019-05 13.043 3.694
2019-06 15.100 6.898
2019-07 13.869 7.163
2019-08 16.057 6.531
2019-09 12.993 6.347
2019-10 14.467 6.367
2019-11 7.583 2.184
2019-12 9.333 4.082
2020-01 7.414 6.102
2020-02 9.235 4.449
2020-03 3.161 5.918
2020-04 2.165 6.408
2020-05 2.126 5.327
2020-06 2.709 6.551
2020-07 3.764 8.000
