2015-07 2.000 0.429
2015-08 12.500 1.469
2015-09 12.750 2.041
2015-10 1.000 0.102
2015-11 0.000 0.082
2015-12 17.500 1.714
2016-01 15.000 0.878
2016-03 11.000 0.510
2016-04 7.000 0.286
2016-05 17.000 1.224
2016-06 14.000 1.102
2016-07 4.000 0.612
2016-08 16.750 1.571
2016-09 18.683 2.735
2016-10 7.000 0.653
2016-11 3.000 0.510
2016-12 1.000 0.265
2017-01 0.000 0.061
2017-02 7.500 0.367
2017-03 20.417 1.694
2017-04 16.500 2.245
2017-05 20.333 1.816
2017-06 17.917 1.265
2017-07 16.250 3.612
2017-08 17.517 2.082
2017-09 17.167 1.980
2017-10 14.500 2.510
2017-11 23.500 1.469
2017-12 0.000 0.041
2018-01 19.167 1.918
2018-02 25.067 2.551
2018-03 24.567 2.612
2018-04 21.319 2.510
2018-05 14.986 3.837
2018-06 18.350 3.061
2018-07 20.102 4.918
2018-08 15.232 4.429
2018-09 18.071 3.959
2018-10 20.300 2.367
2018-11 27.533 1.837
2018-12 5.000 0.469
2019-01 22.500 1.143
2019-02 24.250 2.020
2019-03 22.683 2.694
2019-04 19.052 3.898
2019-05 22.150 2.776
2019-06 18.081 4.796
2019-07 20.050 2.837
2019-08 21.100 3.796
2019-09 17.000 1.612
2019-10 12.333 1.694
2019-11 10.000 0.633
2019-12 17.000 1.265
2020-01 23.333 1.694
2020-02 5.500 0.837
2020-03 6.460 2.980
2020-04 1.768 3.490
2020-05 3.750 3.449
2020-06 3.283 2.939
2020-07 5.200 3.286
