2015-07-30 2.000 0.429
2015-08-02 1.500 0.531
2015-08-19 1.833 0.735
2015-08-22 2.000 0.816
2015-08-26 3.000 0.878
2015-08-29 12.500 1.449
2015-09-01 12.833 1.347
2015-09-08 12.833 1.367
2015-09-11 12.625 1.469
2015-09-18 11.333 1.939
2015-09-21 11.417 1.857
2015-09-25 10.750 1.816
2015-09-28 12.583 1.816
2015-10-01 12.583 1.918
2015-10-08 12.583 1.898
2015-10-11 12.833 1.796
2015-10-18 14.500 1.122
2015-10-25 14.500 1.102
2015-10-28 1.000 0.102
2015-11-27 0.000 0.041
2015-11-30 0.000 0.061
2015-12-07 17.500 0.918
2015-12-27 17.500 0.878
2015-12-30 17.500 0.857
2016-01-06 0.000 0.020
2016-01-26 14.000 0.816
2016-01-29 15.000 0.878
2016-02-05 15.000 0.857
2016-02-25 1.000 0.061
2016-03-09 0.000 0.020
2016-03-26 11.000 0.510
2016-04-15 12.000 0.714
2016-04-18 13.000 0.755
2016-04-25 7.000 0.265
2016-04-28 7.000 0.286
2016-05-02 7.500 0.347
2016-05-05 17.833 1.347
2016-05-08 17.500 1.429
2016-05-15 17.167 1.245
2016-05-18 16.833 1.204
2016-05-28 17.000 1.224
2016-06-01 17.000 1.163
2016-06-04 0.000 0.163
2016-06-07 2.000 0.163
2016-06-14 2.000 0.143
2016-06-24 14.000 1.143
2016-06-27 14.000 1.102
2016-07-07 13.000 1.102
2016-07-14 12.500 1.408
2016-07-17 12.833 1.429
2016-07-24 4.000 0.571
2016-07-27 4.000 0.612
2016-08-13 2.500 0.510
2016-08-16 2.500 0.592
2016-08-23 16.167 1.449
2016-08-26 16.250 1.510
2016-08-30 16.750 1.571
2016-09-02 16.000 1.980
2016-09-05 16.317 1.878
2016-09-09 16.100 1.939
2016-09-12 19.433 2.735
2016-09-15 19.183 2.735
2016-09-25 18.933 2.735
2016-09-29 18.683 2.735
2016-10-02 17.067 2.878
2016-10-05 17.200 2.980
2016-10-09 17.300 2.918
2016-10-12 13.567 1.918
2016-10-15 13.833 1.816
2016-10-22 7.167 0.816
2016-10-25 7.500 0.714
2016-10-29 7.000 0.653
2016-11-01 5.000 0.327
2016-11-04 3.000 0.224
2016-11-14 3.000 0.327
2016-11-24 3.000 0.429
2016-11-28 3.000 0.510
2016-12-01 0.000 0.286
2016-12-04 0.333 0.388
2016-12-08 0.333 0.408
2016-12-11 0.333 0.429
2016-12-14 0.500 0.327
2016-12-24 1.000 0.224
2016-12-28 1.000 0.143
2016-12-31 1.000 0.265
2017-01-03 0.000 0.204
2017-01-07 0.000 0.184
2017-01-30 0.000 0.061
2017-02-09 5.000 0.163
2017-02-12 5.500 0.224
2017-02-19 7.500 0.327
2017-02-26 7.500 0.367
2017-03-01 7.500 0.408
2017-03-04 8.500 0.408
2017-03-11 18.833 1.245
2017-03-14 18.333 1.286
2017-03-21 19.333 1.184
2017-03-28 19.333 1.204
2017-03-31 20.417 1.653
2017-04-03 20.167 1.714
2017-04-10 7.667 0.918
2017-04-13 7.667 0.816
2017-04-20 16.000 1.816
2017-04-27 16.167 1.776
2017-04-30 16.500 2.245
2017-05-03 16.833 2.143
2017-05-10 17.167 2.980
2017-05-17 17.083 3.061
2017-05-20 16.500 2.061
2017-05-23 16.500 2.082
2017-05-27 16.750 2.122
2017-05-30 20.333 1.816
2017-06-02 19.333 1.857
2017-06-09 16.167 0.878
2017-06-12 18.417 0.980
2017-06-16 19.083 0.918
2017-06-19 18.617 1.918
2017-06-22 18.667 1.898
2017-06-26 18.333 1.898
2017-06-29 17.917 1.265
2017-07-02 17.833 1.224
2017-07-04 17.833 1.694
2017-07-06 17.700 1.755
2017-07-07 17.617 1.857
2017-07-09 16.417 2.816
2017-07-12 15.667 2.714
2017-07-14 15.750 2.816
2017-07-16 15.783 2.816
2017-07-19 15.867 2.816
2017-07-21 16.067 2.878
2017-07-22 15.967 2.918
2017-07-26 16.067 2.857
2017-07-29 16.250 3.612
2017-08-03 16.533 3.143
2017-08-05 16.333 3.082
2017-08-06 16.083 3.082
2017-08-08 17.167 2.102
2017-08-13 16.500 2.531
2017-08-15 16.667 2.571
2017-08-16 16.700 2.653
2017-08-18 14.750 1.673
2017-08-20 13.417 1.673
2017-08-21 13.333 1.673
2017-08-23 16.550 2.673
2017-08-25 16.917 2.755
2017-08-26 16.950 2.857
2017-08-28 17.517 2.082
2017-09-04 17.467 2.163
2017-09-05 17.500 2.122
2017-09-07 17.500 2.143
2017-09-12 19.283 1.694
2017-09-14 19.250 1.633
2017-09-15 19.167 1.551
2017-09-17 16.417 2.122
2017-09-19 16.583 2.061
2017-09-20 16.583 2.020
2017-09-22 7.833 1.020
2017-09-24 7.333 1.000
2017-09-25 7.333 0.980
2017-09-27 16.917 1.939
2017-09-29 17.167 1.980
2017-10-04 17.083 1.898
2017-10-05 17.167 1.837
2017-10-07 16.667 1.816
2017-10-12 14.750 2.449
2017-10-14 14.500 2.510
2017-10-15 14.500 2.571
2017-10-17 16.950 2.980
2017-10-19 16.867 3.041
2017-10-24 16.700 2.980
2017-10-25 16.533 2.898
2017-10-27 14.583 2.510
2017-10-29 14.333 2.490
2017-10-30 14.500 2.510
2017-11-01 16.767 3.469
2017-11-03 16.767 3.510
2017-11-06 17.017 3.918
2017-11-11 18.500 3.204
2017-11-13 18.583 3.143
2017-11-16 19.000 2.143
2017-11-18 19.500 2.082
2017-11-26 23.500 1.510
2017-11-28 23.500 1.490
2017-11-29 23.500 1.469
2017-12-01 8.000 0.510
2017-12-03 8.000 0.469
2017-12-06 0.000 0.061
2017-12-26 0.000 0.041
2018-01-03 0.000 0.061
2018-01-10 25.000 1.020
2018-01-18 25.000 1.082
2018-01-25 26.500 1.041
2018-01-30 19.167 1.918
2018-02-02 19.500 1.898
2018-02-07 19.167 1.939
2018-02-09 8.500 0.980
2018-02-14 21.667 1.980
2018-02-17 21.833 1.918
2018-02-19 21.333 2.163
2018-02-21 21.333 2.224
2018-02-22 21.667 2.327
2018-02-24 20.783 3.327
2018-02-27 20.533 3.429
2018-03-01 25.283 3.551
2018-03-09 25.350 3.510
2018-03-14 25.283 3.551
2018-03-16 22.317 2.551
2018-03-21 23.800 3.306
2018-03-23 23.800 3.245
2018-03-24 23.967 3.245
2018-03-26 25.583 2.265
2018-03-29 25.817 2.184
2018-03-31 23.567 1.612
2018-04-02 23.567 1.633
2018-04-03 23.500 1.673
2018-04-05 23.000 1.714
2018-04-07 22.667 1.776
2018-04-08 22.552 1.878
2018-04-10 22.552 1.898
2018-04-13 22.600 1.857
2018-04-15 20.952 2.673
2018-04-17 20.852 2.735
2018-04-18 20.788 2.837
2018-04-20 20.945 2.837
2018-04-22 21.079 2.898
2018-04-23 20.750 2.796
2018-04-25 20.083 2.878
2018-04-27 20.236 2.939
2018-04-28 20.336 2.918
2018-04-30 21.319 2.510
2018-05-02 21.200 2.490
2018-05-03 21.017 2.551
2018-05-05 19.676 3.510
2018-05-07 19.986 3.510
2018-05-08 19.819 3.510
2018-05-10 19.819 3.490
2018-05-12 19.783 3.531
2018-05-15 19.786 3.531
2018-05-17 19.869 3.469
2018-05-18 19.769 3.367
2018-05-20 16.317 2.367
2018-05-22 16.250 2.327
2018-05-23 16.250 2.347
2018-05-25 16.269 2.837
2018-05-27 16.167 2.776
2018-05-28 16.117 2.878
2018-05-30 14.986 3.837
2018-06-02 15.019 3.755
2018-06-04 15.779 3.714
2018-06-06 15.436 3.714
2018-06-07 15.436 3.673
2018-06-09 14.758 4.490
2018-06-11 14.845 4.449
2018-06-14 14.176 3.694
2018-06-21 14.276 3.673
2018-06-22 14.276 3.653
2018-06-24 13.583 3.061
2018-06-26 13.483 3.082
2018-06-27 13.483 3.041
2018-06-29 18.350 3.061
2018-07-01 18.233 3.122
2018-07-02 18.343 3.204
2018-07-04 18.100 2.347
2018-07-06 18.350 2.347
2018-07-09 19.917 2.469
2018-07-14 19.400 3.408
2018-07-16 19.367 3.469
2018-07-17 19.433 3.571
2018-07-19 20.480 4.551
2018-07-22 20.472 4.612
2018-07-24 21.114 5.612
2018-07-26 21.086 5.653
2018-07-27 21.017 5.694
2018-07-29 20.063 4.837
2018-07-31 20.188 4.837
2018-08-01 20.192 4.735
2018-08-03 19.361 5.612
2018-08-05 19.302 5.592
2018-08-06 19.628 5.633
2018-08-08 19.423 5.143
2018-08-10 19.372 5.184
2018-08-11 19.303 5.224
2018-08-13 19.094 4.224
2018-08-15 19.177 4.163
2018-08-16 19.284 4.163
2018-08-18 18.387 4.184
2018-08-21 18.381 4.184
2018-08-23 15.121 3.857
2018-08-25 15.169 3.796
2018-08-26 15.219 3.776
2018-08-28 15.429 4.429
2018-08-30 15.333 4.367
2018-08-31 15.232 4.429
2018-09-02 15.305 3.449
2018-09-04 15.521 3.429
2018-09-05 15.161 3.408
2018-09-07 14.944 3.184
2018-09-09 14.994 3.143
2018-09-10 15.280 3.143
2018-09-12 15.980 4.143
2018-09-15 15.913 4.041
2018-09-17 17.420 4.041
2018-09-19 17.687 4.122
2018-09-20 17.657 4.163
2018-09-22 18.433 3.612
2018-09-24 18.217 3.653
2018-09-27 17.705 3.857
2018-09-29 17.857 3.918
2018-09-30 18.071 3.959
2018-10-04 18.131 4.000
2018-10-05 18.417 4.020
2018-10-07 18.336 4.245
2018-10-10 18.022 4.306
2018-10-12 19.772 4.306
2018-10-14 19.633 4.367
2018-10-15 19.569 4.469
2018-10-17 18.871 3.551
2018-10-19 18.222 3.531
2018-10-20 18.167 3.429
2018-10-22 18.208 3.653
2018-10-24 18.244 3.612
2018-10-25 18.315 3.531
2018-10-27 20.738 2.531
2018-10-29 20.567 2.469
2018-10-30 20.300 2.367
2018-11-03 20.267 2.388
2018-11-04 19.867 2.286
2018-11-06 20.233 1.837
2018-11-09 20.233 1.796
2018-11-11 10.867 1.327
2018-11-13 10.917 1.265
2018-11-14 10.917 1.204
2018-11-16 26.783 2.122
2018-11-21 27.583 1.776
2018-11-23 27.533 1.837
2018-12-03 27.583 1.755
2018-12-04 27.333 1.796
2018-12-09 27.583 1.735
2018-12-11 26.167 1.367
2018-12-13 26.083 1.388
2018-12-14 26.750 1.347
2018-12-16 5.333 0.347
2018-12-18 7.000 0.347
2018-12-23 6.000 0.286
2018-12-24 5.500 0.306
2018-12-26 5.000 0.469
2019-01-03 4.000 0.429
2019-01-05 4.000 0.469
2019-01-10 2.000 0.306
2019-01-12 2.000 0.286
2019-01-15 2.000 0.347
2019-01-17 0.000 0.286
2019-01-18 0.500 0.347
2019-01-20 21.667 1.327
2019-01-23 22.000 1.306
2019-01-25 22.500 1.143
2019-02-04 24.500 1.224
2019-02-09 24.000 1.245
2019-02-14 24.833 1.755
2019-02-16 24.500 1.816
2019-02-17 24.833 1.837
2019-02-19 15.500 0.857
2019-02-24 24.667 1.857
2019-02-26 24.583 1.918
2019-02-27 24.250 2.020
2019-03-04 24.117 2.082
2019-03-06 23.033 2.143
2019-03-11 22.850 2.245
2019-03-16 24.917 1.673
2019-03-18 24.917 1.612
2019-03-19 24.583 1.612
2019-03-21 24.683 2.612
2019-03-23 24.933 2.673
2019-03-24 25.043 2.776
2019-03-26 25.433 1.776
2019-03-29 25.783 1.694
2019-03-31 22.683 2.694
2019-04-03 22.800 2.633
2019-04-05 22.433 2.449
2019-04-07 22.433 2.510
2019-04-10 24.050 2.837
2019-04-12 23.983 2.878
2019-04-13 23.900 2.898
2019-04-15 20.995 3.898
2019-04-18 21.129 3.918
2019-04-20 19.986 3.918
2019-04-22 19.552 3.939
2019-04-23 19.352 3.837
2019-04-25 19.375 3.898
2019-04-27 19.319 3.837
2019-04-28 19.369 3.816
2019-04-30 19.202 3.816
2019-05-02 19.133 3.878
2019-05-05 18.967 3.939
2019-05-07 18.836 3.878
2019-05-10 17.102 4.000
2019-05-12 17.150 3.959
2019-05-13 17.200 4.041
2019-05-15 20.683 4.041
2019-05-18 20.583 4.000
2019-05-20 20.933 3.000
2019-05-22 21.200 2.918
2019-05-23 21.067 2.980
2019-05-25 20.967 3.694
2019-05-28 21.086 3.735
2019-05-30 22.150 2.776
2019-06-02 21.986 2.878
2019-06-04 21.195 3.816
2019-06-07 21.090 3.918
2019-06-09 22.529 3.653
2019-06-12 22.469 3.551
2019-06-14 21.067 2.551
2019-06-17 21.033 2.592
2019-06-19 19.350 3.408
2019-06-21 19.433 3.449
2019-06-22 19.552 3.490
2019-06-24 17.793 3.714
2019-06-26 17.845 3.776
2019-06-27 17.917 3.837
2019-06-29 18.081 4.796
2019-07-01 18.200 4.735
2019-07-02 18.271 4.653
2019-07-04 18.431 4.653
2019-07-06 18.550 4.673
2019-07-07 18.705 4.571
2019-07-09 18.619 4.265
2019-07-16 18.619 4.327
2019-07-17 18.876 4.306
2019-07-19 19.376 3.490
2019-07-21 19.226 3.469
2019-07-22 19.083 3.449
2019-07-24 20.583 3.449
2019-07-26 20.967 3.469
2019-07-27 20.883 3.367
2019-07-29 20.183 2.796
2019-07-31 20.050 2.837
2019-08-01 20.100 2.816
2019-08-03 19.867 2.020
2019-08-05 19.733 2.000
2019-08-08 18.867 2.510
2019-08-11 18.817 2.551
2019-08-13 18.876 3.102
2019-08-15 18.733 3.041
2019-08-16 18.467 2.980
2019-08-18 20.150 3.408
2019-08-20 20.400 3.388
2019-08-21 21.200 3.367
2019-08-23 19.400 3.367
2019-08-25 18.983 3.367
2019-08-26 19.150 3.469
2019-08-28 21.467 3.673
2019-08-30 21.417 3.694
2019-08-31 21.100 3.796
2019-09-02 20.360 4.592
2019-09-04 20.379 4.673
2019-09-07 20.376 4.163
2019-09-10 20.410 4.204
2019-09-12 20.493 3.653
2019-09-14 20.402 3.714
2019-09-15 20.402 3.694
2019-09-17 17.976 3.469
2019-09-19 18.048 3.531
2019-09-20 17.605 3.490
2019-09-22 16.150 2.571
2019-09-24 16.050 2.490
2019-09-25 15.733 2.408
2019-09-27 16.733 1.776
2019-09-29 16.833 1.714
2019-09-30 17.000 1.612
2019-10-02 2.667 0.612
2019-10-04 2.500 0.531
2019-10-10 1.500 0.449
2019-10-12 13.500 1.429
2019-10-17 14.000 1.224
2019-10-19 14.000 1.163
2019-10-20 14.000 1.143
2019-10-22 12.333 1.714
2019-10-25 12.333 1.694
2019-11-03 12.333 1.714
2019-11-06 12.333 1.735
2019-11-11 9.000 0.755
2019-11-13 9.000 0.694
2019-11-16 12.500 1.143
2019-11-19 13.000 1.184
2019-11-21 10.000 0.612
2019-11-28 10.000 0.633
2019-12-03 10.000 0.612
2019-12-04 9.333 0.694
2019-12-06 9.333 0.673
2019-12-14 9.167 0.694
2019-12-16 1.833 0.245
2019-12-19 1.333 0.204
2019-12-21 18.000 1.000
2019-12-23 18.000 1.061
2019-12-26 16.833 1.224
2019-12-28 17.000 1.265
2020-01-03 17.000 1.184
2020-01-10 16.000 1.327
2020-01-13 16.000 1.306
2020-01-15 17.067 1.918
2020-01-20 22.650 1.959
2020-01-22 22.783 1.918
2020-01-25 23.750 1.755
2020-01-27 23.333 1.694
2020-02-04 22.000 1.878
2020-02-06 21.917 1.918
2020-02-07 22.250 2.020
2020-02-09 21.867 2.143
2020-02-12 21.867 2.204
2020-02-14 22.083 1.592
2020-02-19 4.500 0.776
2020-02-21 4.500 0.796
2020-02-29 5.500 0.837
2020-03-02 5.833 0.878
2020-03-03 5.833 0.918
2020-03-05 6.333 0.735
2020-03-07 6.333 0.694
2020-03-08 5.333 0.592
2020-03-10 2.500 0.327
2020-03-13 2.500 0.265
2020-03-15 5.500 0.653
2020-03-20 8.000 0.735
2020-03-22 8.000 0.755
2020-03-23 8.000 0.857
2020-03-25 7.367 1.857
2020-03-27 7.200 1.918
2020-03-28 7.167 2.020
2020-03-30 6.460 2.980
2020-04-01 6.260 3.000
2020-04-02 6.426 3.061
2020-04-04 5.968 4.061
2020-04-06 5.944 4.122
2020-04-07 5.912 4.224
2020-04-09 4.653 5.122
2020-04-11 4.639 5.184
2020-04-14 3.647 4.796
2020-04-16 3.636 4.857
2020-04-17 3.736 4.959
2020-04-19 3.147 4.816
2020-04-24 2.569 4.449
2020-04-29 1.768 3.490
2020-05-01 1.768 3.429
2020-05-02 1.667 3.367
2020-05-04 0.700 2.490
2020-05-09 1.200 1.592
2020-05-11 1.200 1.531
2020-05-12 1.200 1.592
2020-05-14 4.083 2.449
2020-05-17 3.917 2.449
2020-05-19 3.333 3.388
2020-05-21 3.333 3.408
2020-05-22 3.333 3.306
2020-05-24 4.167 2.673
2020-05-26 4.167 2.612
2020-05-29 3.750 3.367
2020-05-31 3.750 3.449
2020-06-01 3.750 3.510
2020-06-03 3.333 4.367
2020-06-05 3.333 4.306
2020-06-06 3.333 4.204
2020-06-08 3.383 4.490
2020-06-11 3.383 4.429
2020-06-13 1.983 3.837
2020-06-15 1.983 3.776
2020-06-16 1.983 3.673
2020-06-18 2.417 2.816
2020-06-20 2.417 2.755
2020-06-21 2.417 2.776
2020-06-23 2.867 3.776
2020-06-26 3.117 3.776
2020-06-28 3.333 2.980
2020-06-30 3.333 2.898
2020-07-01 3.333 2.816
2020-07-03 4.500 2.245
2020-07-08 4.333 1.959
2020-07-11 4.333 1.980
2020-07-13 3.500 2.592
2020-07-18 3.750 3.082
2020-07-21 4.117 3.163
2020-07-23 5.483 3.163
2020-07-26 5.333 3.102
2020-07-28 5.250 3.163
