2015-06-28 1.000 1.000
2015-07-11 1.000 1.082
2015-07-15 0.500 2.000
2015-07-25 1.333 2.612
2015-07-28 1.167 1.959
2015-07-31 1.167 1.980
2015-08-04 1.667 2.857
2015-08-07 1.733 3.857
2015-08-10 1.733 3.959
2015-08-14 2.550 4.041
2015-08-17 3.333 5.041
2015-08-20 3.476 5.224
2015-08-24 3.668 5.592
2015-08-27 3.668 5.245
2015-08-30 3.650 5.306
2015-09-03 4.036 4.429
2015-09-06 4.667 3.429
2015-09-09 4.733 3.245
2015-09-13 5.533 2.714
2015-09-16 2.867 2.633
2015-09-19 2.667 2.510
2015-09-23 0.833 1.531
2015-09-29 0.750 1.633
2015-10-03 1.533 2.633
2015-10-06 1.750 3.633
2015-10-13 1.500 3.163
2015-10-16 2.000 2.245
2015-10-19 2.000 2.184
2015-10-23 1.833 2.306
2015-10-29 1.833 2.122
2015-11-02 3.000 1.122
2015-11-05 0.000 0.122
2015-11-12 0.000 0.531
2015-11-15 2.500 1.020
2015-11-22 2.333 0.918
2015-11-25 2.333 0.980
2015-12-12 2.500 0.571
2015-12-15 0.000 0.082
2015-12-22 0.000 0.061
2016-01-21 0.000 0.653
2016-02-03 0.000 0.673
2016-02-13 0.000 1.204
2016-02-16 0.000 1.388
2016-02-20 0.000 0.735
2016-03-04 0.000 0.714
2016-03-11 0.000 0.755
2016-03-14 0.000 0.327
2016-03-17 0.000 0.143
2016-03-27 0.000 0.286
2016-04-10 1.000 1.245
2016-04-13 0.833 2.143
2016-04-20 0.833 2.163
2016-04-23 0.667 2.490
2016-04-26 0.833 2.347
2016-04-30 1.000 2.755
2016-05-03 1.750 3.755
2016-05-06 1.900 3.939
2016-05-10 3.517 3.939
2016-05-13 4.317 3.939
2016-05-20 4.317 4.020
2016-05-23 3.900 4.327
2016-05-30 3.500 4.653
2016-06-02 3.300 4.633
2016-06-05 3.133 4.469
2016-06-09 2.250 3.469
2016-06-12 2.250 2.531
2016-06-19 2.250 2.429
2016-06-22 2.667 2.000
2016-06-25 2.667 2.184
2016-06-29 3.167 2.347
2016-07-02 3.167 2.306
2016-07-05 3.167 2.286
2016-07-09 3.083 3.286
2016-07-12 2.483 3.776
2016-07-19 2.733 4.755
2016-07-22 2.633 4.551
2016-07-25 2.633 4.469
2016-07-29 2.583 3.612
2016-08-01 2.667 2.673
2016-08-08 3.000 1.673
2016-08-11 3.000 1.224
2016-08-14 3.000 1.306
2016-08-18 0.000 0.388
2016-08-21 0.000 0.673
2016-08-24 0.000 0.571
2016-08-28 0.000 1.143
2016-08-31 1.833 2.143
2016-09-07 2.583 2.898
2016-09-10 2.583 2.796
2016-09-13 2.833 2.898
2016-09-17 2.833 2.837
2016-09-20 3.200 3.510
2016-09-27 3.333 3.082
2016-09-30 3.000 2.755
2016-10-03 2.783 2.939
2016-10-07 2.033 3.184
2016-10-13 1.917 3.000
2016-10-20 1.583 2.327
2016-10-27 1.667 2.163
2016-10-30 2.000 1.490
2016-11-02 2.000 1.306
2016-11-06 2.000 0.429
2016-11-19 1.000 0.633
2016-11-26 2.000 0.959
2016-12-06 3.000 0.837
2016-12-19 1.000 0.347
2017-01-28 0.000 0.102
2017-02-07 0.000 1.102
2017-02-10 0.000 1.265
2017-02-14 0.000 2.265
2017-02-17 0.000 2.531
2017-02-24 0.000 3.000
2017-02-27 0.000 2.898
2017-03-06 0.583 3.898
2017-03-09 0.833 2.898
2017-03-12 0.833 2.816
2017-03-16 1.417 2.816
2017-03-19 1.667 2.551
2017-03-26 2.000 2.082
2017-03-29 2.000 2.327
2017-04-05 2.000 1.327
2017-04-08 1.500 1.673
2017-04-11 1.500 1.592
2017-04-15 0.000 0.776
2017-04-18 3.000 1.776
2017-04-21 3.000 1.837
2017-04-28 2.667 2.367
2017-05-01 2.667 2.531
2017-05-05 3.083 3.469
2017-05-08 3.500 3.449
2017-05-11 3.500 3.510
2017-05-15 3.200 3.796
2017-05-18 2.917 2.796
2017-05-21 2.917 2.918
2017-05-25 2.917 2.959
2017-05-28 2.417 3.184
2017-05-30 3.200 3.959
2017-05-31 3.200 3.796
2017-06-04 3.750 3.857
2017-06-07 3.583 4.531
2017-06-10 3.583 4.551
2017-06-14 4.050 4.878
2017-06-17 4.050 4.939
2017-06-20 4.050 4.796
2017-06-24 3.917 4.939
2017-06-27 4.633 4.102
2017-06-29 4.667 3.327
2017-06-30 4.667 3.429
2017-07-02 4.067 4.224
2017-07-04 3.550 3.673
2017-07-07 3.733 3.673
2017-07-09 3.410 4.449
2017-07-10 3.410 4.469
2017-07-14 3.243 4.143
2017-07-15 3.193 4.306
2017-07-17 3.217 4.245
2017-07-20 3.267 4.204
2017-07-22 3.336 4.490
2017-07-24 3.383 4.306
2017-07-27 3.217 4.224
2017-07-30 3.167 4.306
2017-08-01 3.233 3.510
2017-08-03 2.850 3.653
2017-08-06 3.500 2.898
2017-08-08 3.000 2.776
2017-08-09 3.083 2.673
2017-08-11 3.883 3.531
2017-08-13 3.750 3.347
2017-08-14 3.750 3.367
2017-08-21 2.750 3.082
2017-08-24 2.750 3.224
2017-08-26 2.317 3.673
2017-08-28 2.567 3.796
2017-08-29 2.567 3.612
2017-09-02 2.583 3.041
2017-09-05 2.450 3.224
2017-09-07 1.750 2.571
2017-09-10 0.833 1.714
2017-09-12 1.333 1.490
2017-09-13 1.333 1.327
2017-09-15 4.750 1.918
2017-09-23 5.283 1.959
2017-09-25 5.917 1.429
2017-09-27 5.667 1.306
2017-09-28 5.667 1.327
2017-10-02 5.833 1.306
2017-10-05 5.500 0.878
2017-10-12 5.500 0.816
2017-10-13 5.167 0.980
2017-10-15 1.500 0.429
2017-10-18 1.167 0.469
2017-10-20 2.333 1.286
2017-10-22 2.333 1.429
2017-10-23 1.667 1.429
2017-10-25 1.667 1.776
2017-10-28 1.667 1.796
2017-11-01 1.667 1.857
2017-11-02 1.583 1.939
2017-11-06 1.583 2.041
2017-11-07 1.450 2.224
2017-11-12 1.333 2.041
2017-11-16 1.250 2.388
2017-11-17 1.250 2.367
2017-11-19 1.000 1.633
2017-11-21 1.000 1.551
2017-11-22 1.000 1.367
2017-11-24 1.000 1.020
2017-11-26 0.500 1.224
2017-11-27 0.500 1.184
2017-12-01 0.500 1.122
2017-12-02 0.500 1.041
2017-12-06 0.500 0.939
2017-12-07 0.500 0.755
2017-12-14 0.500 0.714
2017-12-16 0.000 0.367
2017-12-17 0.000 0.347
2017-12-19 0.000 0.265
2017-12-21 0.000 0.204
2018-01-23 0.000 0.245
2018-01-25 0.000 0.490
2018-01-26 0.000 0.551
2018-02-04 0.000 1.551
2018-02-05 0.500 1.735
2018-02-07 0.333 1.796
2018-02-17 0.250 2.408
2018-02-19 0.700 3.347
2018-02-20 0.667 3.531
2018-02-22 0.476 4.286
2018-02-24 0.625 5.041
2018-02-25 0.625 5.020
2018-02-27 0.636 6.020
2018-03-01 0.878 7.020
2018-03-02 0.858 7.204
2018-03-04 1.104 8.122
2018-03-06 1.218 7.367
2018-03-07 1.134 7.367
2018-03-09 1.134 7.306
2018-03-16 1.113 8.306
2018-03-17 1.100 8.490
2018-03-19 1.118 7.878
2018-03-21 0.975 7.898
2018-03-22 0.988 7.714
2018-03-24 1.134 6.714
2018-03-27 1.234 6.816
2018-03-29 1.477 6.776
2018-03-31 1.167 6.776
2018-04-01 1.176 6.714
2018-04-03 0.910 6.796
2018-04-05 0.933 6.551
2018-04-06 0.944 6.367
2018-04-08 0.921 6.633
2018-04-10 1.088 7.408
2018-04-11 1.065 7.592
2018-04-13 1.455 8.592
2018-04-15 1.517 7.653
2018-04-16 1.540 7.469
2018-04-18 1.716 7.714
2018-04-20 2.133 7.633
2018-04-21 2.133 7.653
2018-04-23 2.683 8.653
2018-04-25 2.904 7.653
2018-04-26 2.845 7.510
2018-04-28 3.138 6.959
2018-04-30 3.172 6.776
2018-05-01 3.200 6.653
2018-05-03 3.564 5.653
2018-05-05 3.400 6.653
2018-05-06 3.572 6.837
2018-05-08 3.939 7.571
2018-05-10 3.991 7.796
2018-05-13 4.005 7.796
2018-05-15 3.787 8.735
2018-05-16 3.737 8.918
2018-05-18 3.608 8.673
2018-05-20 3.368 8.776
2018-05-21 3.408 8.939
2018-05-23 3.131 8.163
2018-05-25 2.900 9.163
2018-05-26 2.869 9.347
2018-05-28 2.625 8.939
2018-05-30 2.732 9.122
2018-05-31 2.704 9.306
2018-06-02 2.584 10.143
2018-06-04 2.820 10.143
2018-06-05 2.697 9.959
2018-06-07 2.435 9.388
2018-06-09 2.305 9.265
2018-06-12 2.117 8.612
2018-06-14 1.974 8.592
2018-06-15 1.988 8.408
2018-06-17 2.104 9.184
2018-06-19 2.245 8.204
2018-06-20 2.154 8.061
2018-06-22 1.976 8.000
2018-06-24 2.139 7.000
2018-06-25 2.150 6.816
2018-06-27 2.183 7.592
2018-06-29 2.368 6.633
2018-06-30 2.368 6.510
2018-07-02 2.594 5.673
2018-07-04 2.208 4.673
2018-07-07 1.933 4.245
2018-07-09 2.167 3.367
2018-07-10 2.167 3.184
2018-07-12 2.000 2.837
2018-07-14 2.500 1.857
2018-07-17 2.000 1.082
2018-07-20 2.000 1.041
2018-07-22 2.000 0.878
2018-07-27 0.000 0.102
2018-07-29 0.000 0.061
2019-01-15 0.000 0.020
2019-01-18 1.000 0.816
2019-01-20 2.000 1.816
2019-01-21 2.333 2.000
2019-01-26 2.333 2.082
2019-02-04 2.083 2.306
2019-02-12 1.450 3.306
2019-02-14 1.700 3.959
2019-02-17 1.700 4.163
2019-02-19 1.250 3.163
2019-02-20 1.000 2.980
2019-02-22 1.325 3.980
2019-02-25 1.300 4.082
2019-03-01 1.250 5.082
2019-03-02 1.333 5.122
2019-03-06 1.155 5.898
2019-03-09 1.134 6.612
2019-03-11 1.116 6.694
2019-03-14 1.298 5.694
2019-03-16 1.155 5.020
2019-03-19 1.183 4.041
2019-03-22 1.155 4.224
2019-03-24 1.405 4.224
2019-03-26 1.113 5.224
2019-03-27 1.184 5.224
2019-03-29 1.151 6.224
2019-03-31 1.184 5.224
2019-04-01 1.380 5.367
2019-04-03 2.135 6.367
2019-04-05 2.358 5.898
2019-04-06 2.328 6.082
2019-04-08 2.528 5.367
2019-04-10 2.578 5.286
2019-04-11 2.550 5.469
2019-04-13 2.550 5.551
2019-04-15 2.627 6.551
2019-04-16 2.692 6.735
2019-04-18 2.870 7.714
2019-04-20 2.870 7.755
2019-04-21 2.947 7.755
2019-04-23 2.804 7.755
2019-04-25 3.276 7.184
2019-04-26 3.273 7.000
2019-04-28 3.673 7.000
2019-04-30 3.760 7.204
2019-05-01 3.608 7.041
2019-05-03 2.993 6.082
2019-05-05 3.208 6.082
2019-05-06 3.333 6.082
2019-05-08 3.252 6.633
2019-05-11 3.310 6.449
2019-05-13 3.112 7.082
2019-05-15 3.531 7.082
2019-05-16 3.644 7.082
2019-05-18 3.960 7.082
2019-05-20 3.602 7.551
2019-05-21 3.502 7.551
2019-05-23 3.659 6.796
2019-05-25 3.768 6.490
2019-05-28 3.946 5.735
2019-05-30 3.319 6.531
2019-05-31 3.373 6.694
2019-06-02 3.373 6.653
2019-06-04 3.332 6.571
2019-06-07 2.957 7.020
2019-06-09 2.869 7.633
2019-06-10 2.824 7.816
2019-06-12 3.069 7.653
2019-06-14 2.446 6.694
2019-06-15 2.223 6.633
2019-06-17 1.222 6.020
2019-06-19 1.912 6.306
2019-06-22 1.955 6.694
2019-06-24 2.263 7.408
2019-06-25 2.263 7.429
2019-06-27 2.181 7.184
2019-06-29 2.525 6.184
2019-06-30 2.425 6.184
2019-07-02 2.363 6.265
2019-07-04 2.448 6.449
2019-07-05 2.337 6.286
2019-07-07 3.075 5.367
2019-07-09 3.329 4.755
2019-07-12 3.760 4.265
2019-07-14 3.644 4.673
2019-07-15 3.644 4.551
2019-07-17 3.125 4.633
2019-07-19 2.658 4.837
2019-07-22 2.569 4.429
2019-07-24 2.826 4.571
2019-07-25 2.826 4.735
2019-07-27 4.008 5.735
2019-07-29 4.090 6.061
2019-07-30 4.090 5.878
2019-08-01 4.148 6.592
2019-08-03 4.137 6.082
2019-08-06 3.865 6.816
2019-08-08 3.846 7.306
2019-08-09 3.863 7.122
2019-08-11 3.846 7.102
2019-08-13 3.709 7.122
2019-08-14 3.709 7.163
2019-08-16 3.713 7.245
2019-08-18 3.392 6.388
2019-08-19 3.415 6.204
2019-08-21 3.601 5.980
2019-08-23 3.667 5.000
2019-08-26 2.417 4.000
2019-08-28 1.700 4.673
2019-08-29 1.978 4.857
2019-08-31 1.292 4.510
2019-09-02 1.521 5.388
2019-09-03 1.517 5.388
2019-09-05 1.586 4.837
2019-09-07 1.450 4.694
2019-09-10 1.728 5.653
2019-09-12 1.813 5.184
2019-09-13 1.837 5.143
2019-09-15 1.908 4.592
2019-09-17 1.908 4.469
2019-09-18 1.908 4.531
2019-09-20 1.928 4.918
2019-09-22 2.181 5.796
2019-09-23 2.216 5.694
2019-09-25 2.205 5.796
2019-09-27 2.306 5.245
2019-09-28 1.995 5.224
2019-09-30 1.950 4.776
2019-10-02 1.817 3.776
2019-10-03 1.817 3.755
2019-10-05 1.900 3.755
2019-10-07 2.167 3.531
2019-10-08 2.167 3.571
2019-10-10 1.167 2.571
2019-10-12 1.083 2.776
2019-10-13 1.083 2.816
2019-10-15 1.083 3.612
2019-10-17 1.083 3.592
2019-10-18 1.083 3.531
2019-10-20 1.000 3.143
2019-10-22 0.500 2.265
2019-10-23 0.500 2.184
2019-10-25 0.500 2.082
2019-10-27 0.500 1.633
2019-10-28 0.500 1.469
2019-10-30 1.333 2.469
2019-11-01 2.250 3.469
2019-11-04 2.000 3.776
2019-11-06 2.083 3.714
2019-11-07 2.083 3.673
2019-11-11 2.167 3.469
2019-11-12 2.167 3.429
2019-11-14 2.167 2.633
2019-11-19 2.167 2.735
2019-11-24 1.917 2.939
2019-11-29 2.667 1.939
2019-12-01 0.500 1.041
2019-12-02 0.500 1.224
2019-12-04 0.000 0.653
2019-12-06 0.000 0.592
2019-12-09 0.000 1.082
2019-12-12 0.000 1.102
2019-12-19 2.000 1.755
2019-12-24 2.500 1.551
2019-12-31 2.500 1.449
2020-01-01 2.500 1.265
2020-01-05 2.833 1.694
2020-01-08 3.500 1.265
2020-01-11 3.500 1.245
2020-01-18 1.000 0.490
2020-01-21 1.000 0.673
2020-01-25 6.000 1.673
2020-02-02 6.000 1.694
2020-02-04 4.333 2.265
2020-02-05 4.333 2.347
2020-02-07 3.750 2.673
2020-02-12 3.750 2.735
2020-02-14 3.733 3.204
2020-02-19 3.733 3.224
2020-02-20 3.733 3.041
2020-02-24 2.100 2.143
2020-02-25 2.100 2.327
2020-02-27 2.317 3.061
2020-03-03 2.417 3.041
2020-03-05 2.583 2.061
2020-03-06 2.583 1.980
2020-03-08 3.083 2.551
2020-03-13 3.333 2.633
2020-03-15 4.417 3.163
2020-03-16 4.417 3.265
2020-03-20 3.333 4.245
2020-03-21 3.333 4.265
2020-03-23 3.150 4.551
2020-03-25 3.100 4.449
2020-03-28 2.600 4.653
2020-03-30 2.517 4.816
2020-04-02 2.467 4.878
2020-04-04 2.010 5.857
2020-04-05 2.010 6.041
2020-04-07 1.210 6.082
2020-04-09 1.030 7.041
2020-04-10 1.030 7.224
2020-04-12 0.905 7.082
2020-04-14 0.000 6.224
2020-04-15 0.000 6.122
2020-04-17 0.000 6.490
2020-04-19 0.000 6.469
2020-04-20 0.000 6.449
2020-04-22 0.143 7.163
2020-04-27 0.167 6.224
2020-04-29 0.167 6.286
2020-05-02 0.143 7.204
2020-05-04 0.167 6.224
2020-05-09 0.167 6.265
2020-05-12 0.167 6.388
2020-05-14 0.167 6.510
2020-05-15 0.167 6.673
2020-05-17 0.200 6.571
2020-05-19 0.250 5.980
2020-05-20 0.250 6.000
2020-05-25 0.250 5.816
2020-05-27 0.200 6.633
2020-05-29 0.200 6.816
2020-05-30 0.200 7.000
2020-06-01 0.250 6.020
2020-06-03 0.200 6.980
2020-06-04 0.200 6.796
2020-06-06 0.250 5.857
2020-06-08 0.333 4.857
2020-06-09 0.333 4.673
2020-06-11 0.417 5.551
2020-06-13 0.367 6.143
2020-06-14 0.367 6.163
2020-06-16 0.343 6.000
2020-06-18 0.325 5.918
2020-06-19 0.325 6.082
2020-06-21 0.575 6.082
2020-06-23 0.478 7.082
2020-06-24 0.478 7.245
2020-06-26 0.644 7.429
2020-06-28 0.831 8.020
2020-06-29 0.831 7.837
2020-07-01 0.831 7.898
2020-07-03 0.936 7.510
2020-07-06 0.911 7.959
2020-07-08 0.810 8.837
2020-07-09 0.810 8.857
2020-07-11 0.844 7.878
2020-07-13 0.894 7.592
2020-07-14 0.894 7.449
2020-07-16 0.821 8.020
2020-07-18 0.792 8.714
2020-07-19 0.801 8.592
2020-07-21 0.593 8.265
2020-07-23 0.680 7.286
2020-07-24 0.703 7.122
2020-07-26 0.936 7.122
