2015-06 1.000 1.000
2015-07 1.167 1.980
2015-08 3.650 5.306
2015-09 0.750 1.633
2015-10 1.833 2.122
2015-11 2.333 0.980
2016-01 0.000 0.653
2016-02 0.000 0.735
2016-03 0.000 0.286
2016-04 1.000 2.755
2016-05 3.500 4.653
2016-06 3.167 2.347
2016-07 2.583 3.612
2016-08 1.833 2.143
2016-09 3.000 2.755
2016-10 2.000 1.490
2016-11 2.000 0.959
2017-01 0.000 0.102
2017-02 0.000 2.898
2017-03 2.000 2.327
2017-04 2.667 2.367
2017-05 3.200 3.959
2017-06 4.667 3.429
2017-07 3.167 4.306
2017-08 2.567 3.612
2017-09 5.667 1.327
2017-10 1.667 1.796
2017-11 0.500 1.184
2018-01 0.000 0.551
2018-02 0.636 6.020
2018-03 1.281 7.776
2018-04 3.172 6.776
2018-05 2.704 9.449
2018-06 2.350 6.551
2019-01 2.250 2.347
2019-02 1.325 4.918
2019-03 1.104 8.633
2019-04 3.790 10.020
2019-05 3.254 8.286
2019-06 2.458 7.571
2019-07 4.283 6.918
2019-08 2.076 6.327
2019-09 1.900 5.429
2019-10 1.333 2.878
2019-11 2.833 2.143
2019-12 2.500 1.796
2020-01 6.000 2.020
2020-02 2.317 3.571
2020-03 2.365 6.000
2020-04 0.167 7.837
2020-05 0.200 8.571
2020-06 0.831 9.653
2020-07 0.799 7.082
