2015-07 9.000 0.612
2015-08 14.050 3.102
2015-09 7.333 1.612
2015-10 1.000 0.102
2015-11 6.667 1.429
2015-12 6.000 1.918
2016-01 10.000 1.204
2016-02 11.833 1.531
2016-03 1.000 0.184
2016-04 9.250 2.837
2016-05 12.433 2.939
2016-06 9.950 2.918
2016-07 8.417 3.122
2016-08 8.383 3.163
2016-09 9.350 3.102
2016-10 9.500 1.816
2016-11 9.000 1.082
2016-12 9.600 3.020
2017-01 9.500 1.796
2017-02 7.000 1.918
2017-03 10.333 2.265
2017-04 8.555 4.020
2017-05 11.333 2.612
2017-06 9.750 3.265
2017-07 14.065 6.204
2017-08 7.938 6.714
2017-09 13.640 4.898
2017-10 12.278 7.429
2017-11 11.663 4.918
2017-12 14.238 4.082
2018-01 12.833 1.224
2018-02 8.333 1.367
2018-03 10.250 3.000
2018-04 10.363 5.245
2018-05 10.426 4.163
2018-06 11.321 6.653
2018-07 11.182 8.020
2018-08 10.649 9.143
2018-09 12.373 4.857
2018-10 11.590 4.653
2018-11 8.817 1.959
2018-12 10.250 1.163
2019-01 9.167 1.510
2019-02 11.500 2.041
2019-03 13.452 6.633
2019-04 10.356 5.265
2019-05 10.175 5.388
2019-06 11.338 6.245
2019-07 12.141 6.878
2019-08 12.933 8.327
2019-09 9.950 5.612
2019-10 13.687 5.510
2019-11 14.267 3.490
2019-12 12.800 4.204
2020-01 15.010 3.653
2020-02 15.250 3.714
2020-03 5.350 3.306
2020-04 1.472 6.347
2020-05 1.143 5.347
2020-06 2.466 5.429
2020-07 4.705 7.816
