2015-07-30 9.000 0.612
2015-08-02 12.000 0.939
2015-08-09 12.000 1.388
2015-08-12 16.750 2.388
2015-08-19 15.350 2.980
2015-08-22 15.550 3.122
2015-08-29 14.050 3.102
2015-09-01 13.417 2.776
2015-09-08 12.500 2.408
2015-09-11 7.583 2.388
2015-09-18 7.750 2.347
2015-09-21 6.583 2.204
2015-09-28 7.333 1.612
2015-10-01 7.833 1.714
2015-10-08 8.000 1.633
2015-10-11 5.000 0.653
2015-10-18 1.000 0.102
2015-11-17 5.000 0.612
2015-11-30 6.500 1.020
2015-12-07 6.500 1.633
2015-12-17 6.500 1.041
2015-12-27 6.833 1.633
2015-12-30 6.000 1.306
2016-01-06 6.000 0.694
2016-01-09 9.333 1.673
2016-01-16 9.333 1.653
2016-01-26 9.500 1.061
2016-01-29 10.000 1.204
2016-02-08 8.500 1.224
2016-02-15 11.167 1.673
2016-02-28 11.500 1.449
2016-03-06 11.500 1.490
2016-03-09 10.500 0.531
2016-03-16 1.000 0.082
2016-03-26 1.000 0.184
2016-04-05 6.500 0.755
2016-04-08 6.000 0.714
2016-04-18 8.500 1.714
2016-04-25 8.500 1.837
2016-04-28 9.250 2.837
2016-05-05 9.917 2.286
2016-05-08 10.617 3.286
2016-05-15 10.717 3.918
2016-05-18 11.367 3.020
2016-05-25 11.683 3.082
2016-05-28 12.433 2.939
2016-06-04 12.000 3.102
2016-06-07 12.617 2.204
2016-06-14 12.417 1.694
2016-06-17 11.283 2.592
2016-06-24 10.633 2.898
2016-06-27 9.950 2.918
2016-07-04 10.167 2.694
2016-07-07 9.683 2.898
2016-07-14 9.917 3.388
2016-07-17 9.400 3.204
2016-07-24 10.400 3.224
2016-07-27 8.417 3.122
2016-08-03 8.100 3.510
2016-08-06 8.483 4.102
2016-08-13 8.567 3.490
2016-08-16 10.350 3.592
2016-08-23 9.100 3.367
2016-08-26 8.383 3.163
2016-09-02 9.417 3.122
2016-09-05 9.033 3.122
2016-09-12 8.800 3.531
2016-09-15 9.183 3.612
2016-09-22 9.733 3.265
2016-09-25 9.350 3.102
2016-10-02 8.733 3.367
2016-10-05 8.667 2.551
2016-10-12 8.417 2.184
2016-10-15 8.333 1.388
2016-10-22 9.500 1.959
2016-10-25 9.500 1.816
2016-11-01 9.500 1.204
2016-11-04 10.000 1.122
2016-11-11 9.667 1.408
2016-11-14 10.333 1.959
2016-11-21 8.833 1.347
2016-11-24 9.000 1.082
2016-12-01 10.000 1.633
2016-12-04 11.167 2.469
2016-12-11 12.250 2.776
2016-12-14 9.250 2.980
2016-12-21 9.600 3.020
2016-12-31 10.167 2.469
2017-01-03 11.500 2.592
2017-01-10 10.667 1.959
2017-01-13 10.167 1.837
2017-01-20 9.500 1.796
2017-02-02 8.500 1.816
2017-02-12 8.000 1.122
2017-02-19 7.500 1.265
2017-02-22 7.000 1.918
2017-03-01 6.667 2.429
2017-03-04 8.000 2.347
2017-03-14 8.000 2.204
2017-03-21 9.333 2.429
2017-03-24 10.333 2.265
2017-03-31 10.833 1.755
2017-04-03 9.167 1.735
2017-04-10 8.917 2.224
2017-04-13 8.950 3.224
2017-04-20 8.283 3.347
2017-04-23 7.983 3.327
2017-04-30 8.317 3.918
2017-05-03 7.517 3.918
2017-05-10 7.600 3.429
2017-05-13 11.567 3.367
2017-05-20 11.600 3.122
2017-05-23 11.033 3.204
2017-05-30 11.333 2.612
2017-06-02 11.667 2.531
2017-06-12 8.500 2.449
2017-06-19 8.500 2.204
2017-06-22 11.000 2.653
2017-06-29 9.750 3.265
2017-07-02 10.250 3.469
2017-07-07 10.700 3.898
2017-07-12 10.683 4.041
2017-07-19 11.217 4.653
2017-07-22 10.483 4.653
2017-07-24 11.262 5.286
2017-07-27 12.232 6.204
2017-07-29 14.065 6.204
2017-08-01 13.194 6.122
2017-08-06 12.714 6.673
2017-08-11 12.165 6.653
2017-08-13 11.586 7.286
2017-08-16 11.714 7.735
2017-08-18 11.144 7.735
2017-08-21 10.997 6.735
2017-08-23 10.590 6.408
2017-08-26 9.565 6.061
2017-08-28 7.784 6.082
2017-08-31 8.709 5.796
2017-09-05 9.363 5.816
2017-09-07 9.784 6.449
2017-09-10 11.432 6.469
2017-09-12 12.415 6.449
2017-09-15 12.276 6.000
2017-09-17 13.227 5.633
2017-09-20 13.025 6.633
2017-09-22 13.003 6.327
2017-09-25 12.435 5.959
2017-09-27 13.117 5.531
2017-09-30 13.640 4.898
2017-10-02 13.351 5.347
2017-10-05 13.685 5.347
2017-10-07 13.323 5.000
2017-10-10 12.226 5.000
2017-10-12 11.485 5.000
2017-10-15 11.701 5.306
2017-10-17 11.026 5.673
2017-10-20 11.687 5.673
2017-10-22 12.163 6.286
2017-10-25 12.171 6.082
2017-10-27 11.916 6.510
2017-10-30 12.278 7.429
2017-11-01 12.589 7.490
2017-11-04 12.602 6.531
2017-11-06 12.440 6.612
2017-11-09 13.988 5.857
2017-11-11 14.116 5.673
2017-11-14 13.432 6.367
2017-11-16 13.983 5.755
2017-11-19 12.927 4.918
2017-11-21 12.960 4.612
2017-11-24 11.874 5.612
2017-11-26 11.983 5.184
2017-11-29 11.663 4.918
2017-12-01 11.409 4.408
2017-12-04 11.325 4.367
2017-12-06 11.603 4.612
2017-12-09 10.393 4.796
2017-12-11 10.273 4.980
2017-12-14 10.169 4.163
2017-12-16 10.521 4.776
2017-12-19 10.987 4.612
2017-12-21 10.845 4.306
2017-12-24 12.445 4.265
2017-12-26 14.076 4.673
2017-12-29 14.238 4.082
2018-01-05 15.152 3.898
2018-01-08 16.833 3.469
2018-01-10 16.983 2.857
2018-01-13 17.000 2.673
2018-01-15 17.250 2.224
2018-01-23 14.667 1.265
2018-01-25 7.000 0.673
2018-01-28 7.000 0.612
2018-01-30 12.833 1.224
2018-02-04 12.500 0.796
2018-02-07 8.833 1.429
2018-02-09 9.750 2.041
2018-02-14 9.667 1.878
2018-02-17 9.583 2.000
2018-02-24 9.583 1.980
2018-03-01 8.750 1.755
2018-03-09 9.500 1.653
2018-03-11 5.500 1.347
2018-03-14 8.833 2.327
2018-03-16 10.033 2.837
2018-03-19 10.417 2.776
2018-03-21 10.250 2.918
2018-03-29 10.250 3.000
2018-03-31 9.667 2.612
2018-04-03 8.817 3.612
2018-04-05 9.467 4.204
2018-04-08 10.267 3.837
2018-04-10 11.150 3.837
2018-04-13 11.133 3.327
2018-04-15 10.650 2.918
2018-04-18 10.417 3.163
2018-04-20 10.750 3.184
2018-04-23 11.233 4.184
2018-04-25 11.105 4.286
2018-04-28 10.629 5.020
2018-04-30 10.363 5.245
2018-05-03 11.454 4.673
2018-05-05 10.663 4.082
2018-05-08 10.196 4.245
2018-05-10 10.005 3.939
2018-05-13 10.488 4.469
2018-05-15 10.060 4.980
2018-05-18 10.088 4.939
2018-05-20 9.898 4.918
2018-05-23 9.376 4.408
2018-05-25 9.610 4.306
2018-05-28 9.583 3.776
2018-05-30 10.426 4.163
2018-06-02 9.092 4.510
2018-06-04 8.551 5.041
2018-06-07 9.269 5.673
2018-06-09 8.873 6.286
2018-06-12 9.158 6.286
2018-06-14 10.479 6.286
2018-06-17 10.429 6.020
2018-06-19 10.507 6.429
2018-06-22 10.744 6.082
2018-06-27 10.722 6.531
2018-06-29 11.212 6.510
2018-07-02 11.821 6.735
2018-07-04 11.525 6.816
2018-07-07 11.192 6.857
2018-07-09 11.494 6.714
2018-07-12 10.937 6.673
2018-07-14 9.529 6.592
2018-07-17 10.533 7.592
2018-07-19 10.722 7.490
2018-07-22 10.990 8.204
2018-07-27 11.812 8.327
2018-07-29 11.182 8.020
2018-08-01 11.459 7.898
2018-08-03 12.186 7.796
2018-08-06 12.375 7.735
2018-08-08 12.036 7.714
2018-08-11 12.028 7.429
2018-08-13 12.538 7.510
2018-08-16 11.103 7.224
2018-08-18 10.946 7.000
2018-08-21 11.244 7.102
2018-08-23 11.206 7.735
2018-08-26 10.347 7.878
2018-08-28 10.347 8.020
2018-08-31 10.828 8.143
2018-09-02 10.243 8.245
2018-09-05 10.876 8.245
2018-09-07 11.633 8.327
2018-09-10 11.987 8.653
2018-09-12 12.053 8.122
2018-09-15 12.507 7.408
2018-09-17 12.218 7.653
2018-09-20 12.349 7.306
2018-09-22 12.679 7.265
2018-09-25 12.997 6.265
2018-09-27 13.269 5.837
2018-09-30 12.373 4.857
2018-10-02 12.874 4.306
2018-10-05 11.524 4.367
2018-10-07 11.024 4.408
2018-10-10 10.443 4.061
2018-10-12 10.462 4.061
2018-10-17 10.733 3.592
2018-10-20 10.750 3.265
2018-10-22 10.333 2.673
2018-10-25 11.267 3.367
2018-10-27 11.417 4.000
2018-10-30 11.590 4.653
2018-11-01 11.929 4.918
2018-11-04 13.446 4.469
2018-11-06 13.038 3.898
2018-11-09 12.502 3.592
2018-11-11 11.735 3.980
2018-11-14 11.701 4.143
2018-11-16 11.651 4.163
2018-11-19 11.667 3.878
2018-11-24 11.229 3.265
2018-11-26 10.267 2.633
2018-11-29 8.817 1.959
2018-12-01 7.833 1.633
2018-12-04 3.833 1.163
2018-12-09 6.333 1.041
2018-12-11 7.500 0.571
2018-12-14 7.500 0.449
2018-12-16 7.500 0.429
2018-12-24 8.500 0.633
2018-12-26 11.333 1.082
2018-12-31 10.250 1.163
2019-01-03 10.250 1.082
2019-01-08 6.667 0.980
2019-01-13 5.667 0.959
2019-01-18 8.983 1.918
2019-01-20 8.783 2.184
2019-01-23 8.750 1.898
2019-01-25 8.167 1.490
2019-01-28 9.000 1.592
2019-01-30 9.167 1.510
2019-02-02 11.167 1.694
2019-02-04 10.750 2.306
2019-02-07 10.833 2.184
2019-02-12 10.667 2.204
2019-02-14 10.817 2.245
2019-02-17 9.083 1.571
2019-02-19 10.067 1.612
2019-02-22 11.650 2.184
2019-02-24 11.817 2.143
2019-02-27 11.500 2.041
2019-03-01 9.933 2.653
2019-03-04 12.067 3.469
2019-03-06 12.983 2.898
2019-03-09 12.600 3.429
2019-03-11 12.838 3.714
2019-03-14 12.921 3.673
2019-03-16 13.504 4.184
2019-03-19 13.879 4.755
2019-03-21 13.957 4.449
2019-03-24 13.667 4.755
2019-03-26 13.738 5.367
2019-03-29 13.527 6.306
2019-03-31 14.260 6.000
2019-04-03 13.507 5.612
2019-04-05 12.970 6.184
2019-04-08 11.939 6.265
2019-04-10 11.788 5.980
2019-04-13 11.823 6.184
2019-04-15 11.179 5.633
2019-04-18 10.286 4.878
2019-04-20 10.379 5.020
2019-04-23 9.916 5.102
2019-04-25 9.532 4.898
2019-04-28 9.743 4.959
2019-04-30 10.356 5.265
2019-05-03 10.885 5.653
2019-05-05 10.537 5.286
2019-05-08 11.033 5.020
2019-05-13 11.268 5.327
2019-05-18 10.662 5.755
2019-05-20 10.507 5.612
2019-05-23 11.124 5.653
2019-05-25 11.061 5.388
2019-05-28 10.243 5.388
2019-05-30 10.175 5.388
2019-06-02 9.729 4.429
2019-06-04 10.160 4.796
2019-06-07 11.145 5.449
2019-06-09 10.840 5.980
2019-06-12 10.075 5.735
2019-06-14 10.621 6.286
2019-06-17 11.206 6.265
2019-06-22 10.818 6.265
2019-06-24 10.800 6.755
2019-06-27 11.485 6.755
2019-06-29 11.338 6.245
2019-07-02 11.654 7.204
2019-07-04 11.889 6.612
2019-07-07 12.165 6.612
2019-07-09 12.294 6.612
2019-07-12 12.885 7.122
2019-07-14 12.637 6.571
2019-07-17 12.370 6.245
2019-07-19 12.221 6.878
2019-07-22 12.352 6.878
2019-07-24 12.055 6.245
2019-07-27 11.411 6.245
2019-07-29 12.069 6.776
2019-08-01 12.135 6.776
2019-08-03 12.083 7.388
2019-08-06 11.931 7.388
2019-08-08 11.847 7.490
2019-08-11 11.622 7.653
2019-08-13 11.530 8.286
2019-08-16 11.930 8.510
2019-08-18 12.214 8.388
2019-08-21 12.346 7.633
2019-08-23 12.292 7.776
2019-08-26 13.059 7.776
2019-08-28 12.936 7.735
2019-08-31 13.013 7.286
2019-09-02 13.256 7.265
2019-09-05 12.974 6.816
2019-09-07 12.916 6.612
2019-09-10 12.504 6.265
2019-09-12 12.912 5.653
2019-09-15 11.980 5.796
2019-09-17 11.027 5.898
2019-09-20 10.740 5.694
2019-09-22 10.740 6.163
2019-09-25 10.818 5.367
2019-09-27 10.218 5.163
2019-09-30 9.950 5.612
2019-10-02 9.953 5.612
2019-10-05 10.279 5.061
2019-10-07 10.504 4.633
2019-10-10 11.935 4.837
2019-10-12 13.750 5.429
2019-10-15 12.857 5.347
2019-10-17 13.194 4.796
2019-10-20 12.747 5.653
2019-10-22 12.281 5.265
2019-10-25 12.693 6.041
2019-10-27 12.796 5.776
2019-10-30 13.705 5.490
2019-11-01 13.429 4.878
2019-11-06 13.182 5.143
2019-11-09 13.942 5.347
2019-11-11 12.069 4.735
2019-11-14 12.433 4.388
2019-11-16 12.600 4.367
2019-11-19 12.817 4.204
2019-11-21 14.367 4.327
2019-11-24 15.400 3.898
2019-11-26 15.550 3.796
2019-11-29 14.267 3.490
2019-12-06 14.595 3.633
2019-12-09 14.338 3.633
2019-12-11 14.005 3.837
2019-12-14 14.267 4.694
2019-12-16 14.248 5.265
2019-12-19 13.887 4.980
2019-12-21 13.057 4.878
2019-12-24 12.902 4.408
2019-12-26 12.069 4.592
2019-12-29 12.800 4.204
2020-01-03 12.221 4.816
2020-01-05 11.050 4.408
2020-01-08 10.033 3.449
2020-01-10 11.550 3.857
2020-01-13 11.650 3.633
2020-01-15 11.250 3.122
2020-01-18 11.967 3.061
2020-01-20 13.717 2.837
2020-01-23 15.133 3.020
2020-01-25 15.443 3.429
2020-01-28 15.010 3.653
2020-02-02 15.869 4.041
2020-02-07 15.144 4.796
2020-02-09 15.090 4.367
2020-02-12 15.295 3.755
2020-02-14 15.533 3.653
2020-02-17 15.617 4.265
2020-02-19 15.412 4.429
2020-02-22 15.055 4.327
2020-02-24 14.533 3.857
2020-02-27 15.350 3.673
2020-03-03 13.700 3.449
2020-03-08 13.617 2.673
2020-03-10 12.950 2.490
2020-03-13 12.650 3.204
2020-03-18 11.033 2.612
2020-03-20 8.233 3.041
2020-03-23 7.733 2.878
2020-03-25 7.500 2.735
2020-03-28 7.167 2.694
2020-03-30 5.350 3.306
2020-04-02 4.417 2.531
2020-04-07 4.283 3.510
2020-04-09 3.833 4.122
2020-04-12 1.567 4.265
2020-04-17 1.000 4.857
2020-04-19 0.833 4.735
2020-04-22 0.833 4.776
2020-04-24 1.381 5.388
2020-04-27 1.125 6.245
2020-04-29 1.500 6.245
2020-05-02 1.525 6.980
2020-05-07 1.500 6.939
2020-05-09 1.486 6.939
2020-05-12 1.556 6.755
2020-05-14 1.508 7.163
2020-05-17 1.756 6.163
2020-05-19 1.756 6.286
2020-05-22 1.756 6.429
2020-05-24 1.234 6.449
2020-05-27 1.536 5.571
2020-05-29 1.143 5.347
2020-06-01 0.667 4.796
2020-06-06 0.333 4.469
2020-06-08 0.310 4.469
2020-06-11 0.843 4.531
2020-06-13 1.001 4.367
2020-06-16 1.065 5.224
2020-06-18 1.244 4.653
2020-06-21 1.531 5.469
2020-06-23 1.876 5.102
2020-06-26 1.862 5.204
2020-06-28 2.466 5.429
2020-07-01 3.035 6.245
2020-07-03 3.184 6.857
2020-07-06 3.752 7.163
2020-07-08 4.054 6.612
2020-07-11 4.280 6.490
2020-07-13 4.322 6.245
2020-07-16 4.503 6.388
2020-07-18 4.464 6.918
2020-07-21 4.965 6.653
2020-07-23 5.054 7.000
2020-07-26 5.116 7.816
2020-07-28 4.705 7.816
