2015-08 25.583 2.224
2015-09 27.500 2.265
2015-10 14.000 0.367
2015-11 2.000 0.265
2015-12 20.333 2.224
2016-01 2.000 0.408
2016-02 1.000 0.061
2016-03 18.500 1.796
2016-04 12.500 0.878
2016-05 24.850 2.592
2016-06 30.500 0.918
2016-07 22.250 2.143
2016-08 29.833 2.347
2016-09 23.833 2.796
2016-10 19.500 1.571
2016-11 20.167 2.347
2016-12 11.000 1.184
2017-01 25.500 1.878
2017-02 10.000 1.020
2017-03 2.000 0.020
2017-04 22.333 2.796
2017-05 19.000 1.122
2017-06 25.000 2.184
2017-07 20.083 2.143
2017-08 22.333 2.122
2017-09 21.383 3.102
2017-10 18.583 1.959
2017-11 19.401 5.592
2017-12 23.483 3.367
2018-01 17.950 3.388
2018-02 20.905 6.143
2018-03 8.167 1.265
2018-04 28.167 3.367
2018-05 23.590 6.367
2018-06 23.587 7.796
2018-07 24.816 6.837
2018-08 24.367 3.347
2018-09 24.807 5.347
2018-10 24.470 7.918
2018-11 20.467 4.755
2018-12 10.300 2.673
2019-01 20.429 3.755
2019-02 20.539 3.347
2019-03 21.933 2.837
2019-04 25.833 2.612
2019-05 19.567 2.388
2019-06 28.060 3.347
2019-07 28.000 4.204
2019-08 23.167 4.143
2019-09 28.800 4.551
2019-10 24.250 2.184
2019-11 14.391 5.000
2019-12 16.794 5.776
2020-01 15.952 3.163
2020-02 17.550 2.918
2020-03 7.560 4.592
2020-04 1.776 6.367
2020-05 2.574 6.918
2020-06 4.083 3.184
2020-07 6.200 2.449
