2015-08-01 26.000 0.980
2015-08-08 26.000 1.531
2015-08-21 25.167 2.000
2015-08-28 25.583 2.184
2015-08-31 13.833 1.204
2015-09-07 9.500 0.653
2015-09-10 26.667 1.653
2015-09-17 26.500 1.918
2015-09-20 28.167 1.449
2015-09-27 27.500 1.265
2015-09-30 27.500 2.265
2015-10-10 27.500 1.265
2015-10-17 27.000 1.000
2015-10-20 30.500 1.367
2015-10-30 14.000 0.367
2015-11-16 14.000 0.388
2015-11-19 0.000 0.020
2015-11-26 2.000 0.265
2015-12-09 24.000 1.082
2015-12-16 24.000 1.061
2015-12-26 23.000 0.816
2015-12-29 19.000 1.408
2016-01-05 16.167 1.714
2016-01-08 6.000 0.898
2016-01-25 6.000 1.000
2016-01-28 2.000 0.408
2016-02-04 0.000 0.102
2016-02-14 1.000 0.163
2016-02-24 1.000 0.061
2016-03-15 0.000 0.143
2016-03-25 18.000 1.041
2016-03-28 18.500 1.796
2016-04-07 18.500 1.816
2016-04-14 20.000 2.000
2016-04-17 19.917 2.531
2016-04-24 12.500 1.633
2016-04-27 12.500 0.878
2016-05-04 19.833 1.776
2016-05-07 19.667 1.939
2016-05-14 19.667 1.837
2016-05-17 23.333 1.306
2016-05-24 24.750 1.673
2016-05-27 24.850 2.592
2016-06-03 25.000 1.694
2016-06-06 28.333 2.408
2016-06-13 28.667 2.184
2016-06-23 28.500 1.816
2016-06-26 30.500 0.918
2016-07-03 29.500 0.980
2016-07-06 19.000 0.959
2016-07-13 19.000 1.082
2016-07-16 20.333 1.490
2016-07-23 22.583 2.163
2016-07-26 22.250 2.143
2016-08-02 22.250 2.082
2016-08-05 19.500 1.204
2016-08-12 23.500 1.776
2016-08-15 30.000 2.347
2016-08-22 30.833 2.122
2016-08-25 30.333 2.306
2016-09-01 30.333 2.388
2016-09-11 26.500 2.612
2016-09-14 21.833 2.449
2016-09-21 20.917 2.469
2016-09-24 23.583 2.653
2016-10-01 23.167 2.612
2016-10-04 23.200 3.469
2016-10-11 23.817 3.184
2016-10-14 22.617 2.408
2016-10-21 21.833 1.939
2016-10-24 19.500 1.571
2016-10-31 20.333 1.531
2016-11-03 16.000 1.041
2016-11-10 6.000 0.429
2016-11-13 17.000 1.306
2016-11-30 20.167 2.224
2016-12-03 18.417 2.735
2016-12-10 18.500 2.714
2016-12-13 17.000 1.796
2016-12-20 15.333 2.102
2016-12-30 11.000 1.184
2017-01-02 29.500 1.306
2017-01-19 25.500 1.878
2017-02-01 12.000 0.918
2017-02-18 3.000 0.265
2017-02-28 10.000 1.020
2017-03-03 11.000 0.980
2017-03-20 10.000 0.755
2017-03-30 2.000 0.020
2017-04-02 27.500 1.020
2017-04-09 25.333 1.918
2017-04-12 23.667 2.122
2017-04-19 22.583 2.694
2017-04-29 22.333 2.796
2017-05-02 18.167 2.082
2017-05-09 12.167 1.184
2017-05-12 11.500 0.980
2017-05-19 4.000 0.469
2017-05-22 18.667 1.245
2017-05-29 19.000 1.122
2017-06-01 20.833 1.510
2017-06-11 22.500 2.224
2017-06-18 23.250 2.551
2017-06-21 25.000 2.184
2017-07-01 25.833 1.510
2017-07-06 25.833 2.102
2017-07-11 19.833 1.388
2017-07-13 20.000 1.449
2017-07-18 22.167 1.796
2017-07-21 19.833 1.796
2017-07-23 19.750 1.837
2017-07-31 20.083 2.143
2017-08-05 21.033 1.898
2017-08-10 22.033 1.918
2017-08-12 21.833 1.878
2017-08-15 22.833 1.959
2017-08-17 22.333 1.245
2017-08-20 20.000 1.041
2017-08-22 20.000 1.000
2017-08-25 22.000 1.510
2017-08-27 23.667 2.429
2017-08-30 22.333 2.122
2017-09-01 21.833 3.041
2017-09-04 22.167 2.694
2017-09-09 21.617 3.327
2017-09-11 21.967 3.327
2017-09-14 21.267 3.245
2017-09-16 21.350 3.224
2017-09-19 20.767 3.388
2017-09-24 22.533 3.673
2017-09-26 21.383 3.102
2017-10-01 21.917 2.184
2017-10-06 22.967 3.102
2017-10-09 23.583 2.449
2017-10-11 23.167 2.449
2017-10-14 23.150 2.531
2017-10-16 22.033 2.980
2017-10-19 21.717 2.612
2017-10-21 22.383 3.082
2017-10-24 17.583 2.286
2017-10-26 18.417 1.939
2017-10-29 18.583 1.959
2017-11-03 18.083 2.245
2017-11-05 15.533 2.245
2017-11-10 16.817 2.735
2017-11-13 17.200 3.122
2017-11-15 16.850 2.673
2017-11-20 16.333 2.204
2017-11-23 18.867 3.204
2017-11-25 19.017 4.102
2017-11-28 19.076 4.816
2017-11-30 19.401 5.592
2017-12-03 20.000 5.306
2017-12-05 21.067 4.388
2017-12-08 21.790 5.224
2017-12-10 21.533 4.714
2017-12-13 21.817 4.245
2017-12-15 20.883 4.551
2017-12-18 20.924 5.551
2017-12-23 20.783 4.551
2017-12-25 20.500 3.653
2017-12-28 22.833 3.918
2017-12-30 23.483 3.367
2018-01-04 22.767 3.429
2018-01-07 21.583 3.020
2018-01-09 21.583 3.061
2018-01-14 21.917 3.184
2018-01-17 21.967 3.143
2018-01-19 22.333 4.061
2018-01-22 21.955 4.612
2018-01-27 18.433 3.612
2018-01-29 17.950 3.388
2018-02-01 20.483 4.347
2018-02-03 21.650 4.286
2018-02-06 19.767 4.755
2018-02-08 19.781 4.980
2018-02-11 20.848 5.980
2018-02-13 20.676 5.816
2018-02-16 22.086 5.857
2018-02-18 21.476 5.469
2018-02-21 22.030 5.163
2018-02-26 22.130 5.327
2018-02-28 20.905 6.143
2018-03-03 19.975 5.408
2018-03-08 21.695 4.918
2018-03-10 21.595 4.653
2018-03-13 19.760 3.918
2018-03-15 20.260 3.673
2018-03-18 16.317 2.673
2018-03-20 11.700 2.286
2018-03-23 10.950 2.224
2018-03-28 10.167 2.082
2018-03-30 8.167 1.265
2018-04-02 7.833 1.041
2018-04-07 5.500 0.633
2018-04-12 4.500 0.367
2018-04-14 24.167 1.265
2018-04-17 25.667 1.796
2018-04-19 27.583 2.571
2018-04-22 28.067 3.388
2018-04-27 28.167 3.367
2018-05-04 25.700 4.286
2018-05-07 27.167 5.286
2018-05-09 26.614 5.980
2018-05-14 24.714 5.980
2018-05-17 25.905 6.449
2018-05-19 24.833 6.429
2018-05-22 23.271 6.204
2018-05-24 23.200 6.224
2018-05-27 23.590 6.367
2018-06-03 22.660 6.347
2018-06-06 22.439 6.347
2018-06-08 22.417 6.449
2018-06-11 22.003 7.143
2018-06-13 21.763 6.714
2018-06-16 21.077 5.735
2018-06-18 21.605 5.571
2018-06-21 23.252 5.796
2018-06-23 23.649 6.020
2018-06-26 23.248 6.878
2018-06-28 23.587 7.796
2018-07-01 23.547 8.490
2018-07-03 25.675 8.367
2018-07-06 25.381 8.143
2018-07-08 25.877 8.020
2018-07-11 26.842 7.714
2018-07-13 27.094 7.510
2018-07-16 26.985 8.143
2018-07-18 26.574 7.408
2018-07-21 26.600 6.469
2018-07-23 25.781 6.816
2018-07-26 25.685 6.469
2018-07-28 24.327 6.306
2018-07-31 24.954 6.143
2018-08-02 24.940 6.286
2018-08-05 24.637 6.510
2018-08-07 24.377 6.755
2018-08-10 23.445 6.367
2018-08-12 23.461 6.082
2018-08-15 23.112 5.429
2018-08-20 23.262 5.367
2018-08-22 24.067 4.776
2018-08-25 23.700 4.245
2018-08-27 25.900 3.490
2018-08-30 24.367 3.347
2018-09-01 22.650 3.347
2018-09-04 21.117 2.367
2018-09-06 22.200 2.306
2018-09-09 21.567 2.429
2018-09-14 21.983 2.490
2018-09-16 21.650 2.531
2018-09-19 21.450 2.571
2018-09-21 21.693 3.041
2018-09-24 24.193 3.918
2018-09-26 24.858 4.816
2018-09-29 24.807 5.347
2018-10-01 24.205 5.347
2018-10-04 24.252 5.327
2018-10-06 24.333 4.469
2018-10-09 25.771 5.347
2018-10-11 24.419 5.918
2018-10-14 24.371 5.857
2018-10-16 25.476 6.735
2018-10-19 25.331 7.551
2018-10-21 26.040 8.000
2018-10-24 25.498 7.939
2018-10-26 25.843 7.122
2018-10-29 25.421 7.184
2018-10-31 25.077 6.898
2018-11-03 24.700 7.571
2018-11-05 24.656 7.592
2018-11-08 22.915 7.388
2018-11-10 23.693 7.122
2018-11-13 23.543 8.122
2018-11-15 22.447 7.204
2018-11-18 21.794 7.347
2018-11-20 20.286 6.449
2018-11-23 20.546 5.510
2018-11-25 20.195 5.429
2018-11-28 19.117 4.449
2018-11-30 20.467 4.714
2018-12-03 20.117 4.102
2018-12-05 20.117 4.082
2018-12-08 21.267 3.408
2018-12-10 22.033 3.224
2018-12-13 20.783 2.980
2018-12-18 17.250 1.980
2018-12-20 15.733 2.776
2018-12-25 13.333 3.449
2018-12-30 10.333 2.551
2019-01-02 9.917 2.510
2019-01-04 12.733 3.224
2019-01-07 12.167 3.102
2019-01-09 11.600 3.408
2019-01-12 11.667 2.653
2019-01-14 11.367 2.816
2019-01-17 15.150 3.816
2019-01-19 16.617 3.000
2019-01-22 18.250 4.000
2019-01-24 20.317 3.327
2019-01-27 20.433 3.429
2019-01-29 20.400 3.653
2019-02-01 20.500 3.633
2019-02-03 19.350 3.490
2019-02-08 21.000 3.061
2019-02-11 20.467 3.571
2019-02-13 20.717 3.408
2019-02-16 20.417 2.408
2019-02-21 16.333 1.429
2019-02-23 15.917 2.347
2019-02-26 20.333 3.245
2019-02-28 20.367 3.020
2019-03-05 19.617 2.837
2019-03-10 20.117 2.939
2019-03-13 19.500 2.531
2019-03-18 19.167 2.612
2019-03-23 19.250 2.592
2019-03-25 21.083 2.571
2019-03-28 19.083 1.612
2019-03-30 21.933 2.469
2019-04-04 21.583 2.082
2019-04-07 21.717 2.184
2019-04-09 21.167 2.082
2019-04-12 20.667 1.980
2019-04-14 20.417 2.041
2019-04-17 24.000 2.265
2019-04-19 26.733 3.122
2019-04-22 26.583 4.061
2019-04-24 27.117 3.163
2019-04-27 26.767 3.143
2019-04-29 25.833 2.286
2019-05-04 25.683 2.429
2019-05-07 25.250 2.408
2019-05-12 25.083 2.673
2019-05-14 24.300 3.531
2019-05-17 22.350 3.224
2019-05-19 18.833 2.367
2019-05-22 17.333 1.429
2019-05-24 20.333 1.796
2019-05-27 19.450 2.184
2019-06-01 24.733 3.163
2019-06-03 24.617 3.265
2019-06-06 25.517 3.816
2019-06-08 25.350 3.837
2019-06-11 26.033 3.571
2019-06-13 29.950 2.653
2019-06-16 29.533 2.714
2019-06-18 29.367 2.735
2019-06-21 28.617 2.857
2019-06-23 28.750 2.490
2019-06-26 31.833 2.143
2019-06-28 28.117 3.061
2019-07-01 25.500 3.082
2019-07-03 26.083 2.837
2019-07-06 25.150 2.735
2019-07-08 24.750 2.796
2019-07-11 24.183 3.571
2019-07-16 25.583 4.245
2019-07-18 25.717 4.224
2019-07-21 25.967 4.102
2019-07-23 26.614 5.020
2019-07-26 26.424 4.959
2019-07-28 28.233 4.041
2019-07-31 27.917 3.041
2019-08-02 27.817 3.061
2019-08-05 27.733 2.714
2019-08-07 28.083 2.653
2019-08-10 30.000 1.898
2019-08-12 29.667 1.939
2019-08-15 28.500 1.286
2019-08-20 26.667 2.122
2019-08-22 19.833 2.122
2019-08-25 20.450 3.041
2019-08-27 22.767 3.959
2019-08-30 23.267 4.061
2019-09-01 23.200 4.510
2019-09-04 24.314 5.245
2019-09-06 24.338 5.224
2019-09-09 24.410 5.204
2019-09-11 24.710 5.163
2019-09-14 26.025 6.082
2019-09-19 27.681 6.245
2019-09-21 27.908 6.224
2019-09-24 28.852 5.327
2019-09-26 28.950 4.490
2019-09-29 28.467 4.388
2019-10-01 29.533 3.939
2019-10-04 30.083 3.020
2019-10-06 29.083 3.388
2019-10-09 27.917 3.959
2019-10-14 27.750 2.959
2019-10-19 24.917 2.837
2019-10-21 23.667 1.939
2019-10-24 24.333 1.918
2019-10-26 25.750 1.878
2019-10-31 24.750 2.000
2019-11-03 24.117 2.551
2019-11-05 22.417 2.204
2019-11-08 17.900 2.286
2019-11-10 19.783 3.163
2019-11-13 18.169 4.163
2019-11-18 14.502 4.143
2019-11-25 14.550 4.102
2019-11-28 14.562 4.306
2019-11-30 14.295 4.714
2019-12-03 12.362 5.082
2019-12-05 12.243 5.061
2019-12-08 11.793 5.061
2019-12-10 11.750 4.184
2019-12-13 11.033 3.735
2019-12-15 13.233 4.388
2019-12-18 14.217 3.857
2019-12-23 16.152 4.755
2019-12-25 14.781 5.653
2019-12-28 14.824 5.449
2019-12-30 16.883 5.633
2020-01-02 18.383 4.714
2020-01-04 18.317 4.735
2020-01-07 18.017 4.286
2020-01-09 18.450 4.612
2020-01-12 18.138 4.122
2020-01-14 17.933 3.469
2020-01-17 18.050 3.531
2020-01-19 17.567 4.429
2020-01-22 13.233 3.531
2020-01-24 15.750 2.633
2020-01-27 15.933 2.796
2020-01-29 15.550 2.959
2020-02-01 14.617 3.531
2020-02-03 14.767 3.531
2020-02-06 14.705 4.265
2020-02-08 14.650 3.939
2020-02-11 18.050 4.735
2020-02-13 18.050 4.755
2020-02-16 18.383 4.367
2020-02-18 19.058 3.653
2020-02-26 19.033 3.796
2020-02-28 17.550 2.898
2020-03-02 17.833 2.429
2020-03-07 17.500 1.490
2020-03-09 17.333 1.551
2020-03-12 17.333 1.673
2020-03-14 17.333 1.653
2020-03-17 14.917 1.918
2020-03-19 11.750 1.735
2020-03-22 9.617 2.633
2020-03-24 9.017 3.531
2020-03-27 7.667 4.224
2020-03-29 7.617 4.347
2020-04-01 7.417 4.694
2020-04-03 7.450 4.673
2020-04-06 6.571 5.327
2020-04-08 6.462 5.571
2020-04-11 3.824 5.592
2020-04-13 3.814 5.959
2020-04-16 3.648 5.776
2020-04-21 3.076 5.878
2020-04-23 2.068 5.898
2020-04-26 1.901 5.898
2020-04-28 1.776 5.776
2020-05-01 1.676 5.653
2020-05-06 1.310 6.000
2020-05-08 1.310 5.735
2020-05-11 1.367 4.918
2020-05-13 1.250 4.551
2020-05-16 1.250 4.490
2020-05-18 1.200 5.306
2020-05-21 1.233 5.306
2020-05-23 1.483 4.878
2020-05-26 1.410 4.612
2020-05-28 1.777 5.531
2020-05-31 2.735 6.204
2020-06-02 2.677 7.061
2020-06-05 3.125 6.102
2020-06-07 3.042 6.204
2020-06-10 3.131 6.020
2020-06-15 3.280 6.143
2020-06-17 3.945 5.327
2020-06-20 4.110 4.469
2020-06-22 3.767 4.653
2020-06-25 4.217 4.918
2020-06-27 4.383 4.000
2020-06-30 3.917 3.061
2020-07-02 4.250 2.286
2020-07-05 4.983 3.245
2020-07-07 5.150 3.102
2020-07-10 5.150 3.143
2020-07-12 5.267 3.224
2020-07-15 5.367 3.082
2020-07-17 5.150 3.388
2020-07-20 5.410 3.796
2020-07-22 5.717 3.469
