2015-08-01 20.000 0.490
2015-08-08 21.500 0.776
2015-08-11 23.500 0.796
2015-08-21 22.833 0.918
2015-08-28 24.333 1.041
2015-08-31 13.000 0.551
2015-09-07 9.000 0.265
2015-09-10 28.000 1.122
2015-09-17 28.167 1.143
2015-09-20 29.000 1.020
2015-09-27 30.500 0.898
2015-09-30 32.333 1.878
2015-10-10 31.500 1.000
2015-10-17 31.000 0.980
2015-10-20 30.500 1.571
2015-10-30 14.000 0.592
2015-11-26 4.000 0.102
2015-12-09 25.000 1.102
2015-12-26 24.500 1.000
2015-12-29 21.750 1.735
2016-01-05 19.583 1.898
2016-01-08 10.000 0.898
2016-01-25 11.000 0.959
2016-01-28 3.000 0.224
2016-02-04 1.000 0.061
2016-02-14 1.000 0.082
2016-02-24 0.000 0.020
2016-03-25 17.000 0.510
2016-03-28 17.500 0.959
2016-04-07 17.500 0.980
2016-04-14 18.500 1.082
2016-04-17 17.167 1.551
2016-04-24 12.333 1.061
2016-04-27 11.000 0.673
2016-05-04 16.667 1.204
2016-05-07 17.750 1.551
2016-05-14 17.333 1.510
2016-05-17 18.667 1.041
2016-05-24 18.500 1.102
2016-05-27 32.167 1.918
2016-06-03 32.000 1.388
2016-06-06 40.917 2.020
2016-06-13 41.500 1.959
2016-06-23 42.500 1.878
2016-06-26 48.000 1.082
2016-07-03 48.000 1.102
2016-07-06 19.500 0.837
2016-07-13 19.500 0.857
2016-07-16 24.500 1.510
2016-07-23 24.750 1.755
2016-07-26 24.000 1.673
2016-08-02 23.667 1.653
2016-08-05 23.500 0.918
2016-08-12 28.500 1.245
2016-08-15 39.500 1.592
2016-08-22 40.000 1.510
2016-09-01 39.833 1.592
2016-09-11 34.500 1.776
2016-09-14 23.667 1.531
2016-09-21 23.833 1.571
2016-09-24 25.333 1.796
2016-10-01 25.500 1.755
2016-10-04 27.850 2.571
2016-10-11 28.900 2.551
2016-10-14 26.083 1.796
2016-10-21 25.750 1.592
2016-10-24 23.833 1.367
2016-10-31 24.500 1.327
2016-11-03 17.000 0.633
2016-11-10 4.000 0.122
2016-11-13 24.500 1.102
2016-11-30 26.667 1.633
2016-12-03 25.333 2.224
2016-12-13 20.000 1.245
2016-12-20 18.833 1.694
2016-12-30 16.000 1.163
2017-01-02 28.000 1.449
2017-01-12 27.500 1.469
2017-01-19 29.500 1.531
2017-02-01 15.500 0.653
2017-02-11 14.500 0.633
2017-02-18 0.000 0.122
2017-02-28 5.500 0.327
2017-03-03 6.000 0.204
2017-03-30 2.000 0.020
2017-04-02 19.500 0.694
2017-04-09 22.333 1.224
2017-04-12 21.833 1.367
2017-04-19 20.833 1.857
2017-04-22 21.167 1.939
2017-04-29 20.917 1.918
2017-05-02 20.167 1.469
2017-05-09 19.000 0.939
2017-05-12 19.000 0.796
2017-05-19 7.000 0.306
2017-05-22 30.500 1.224
2017-06-01 30.500 1.571
2017-06-11 33.667 2.224
2017-06-18 33.417 2.306
2017-06-21 32.833 1.980
2017-07-01 36.000 1.408
2017-07-06 35.417 2.204
2017-07-11 28.667 1.551
2017-07-18 31.333 1.898
2017-07-21 31.167 1.347
2017-07-31 31.750 1.531
2017-08-05 14.167 0.878
2017-08-10 17.167 0.939
2017-08-15 20.667 1.286
2017-08-17 21.500 0.959
2017-08-20 20.167 0.980
2017-08-25 28.750 1.918
2017-08-27 28.983 2.469
2017-08-30 28.567 2.286
2017-09-01 29.583 2.837
2017-09-04 29.583 2.694
2017-09-09 28.017 2.959
2017-09-14 26.583 2.612
2017-09-16 26.833 2.510
2017-09-19 26.817 2.510
2017-09-24 23.333 2.367
2017-09-26 23.233 1.939
2017-10-01 22.667 1.388
2017-10-06 22.400 1.918
2017-10-09 22.250 1.592
2017-10-14 22.417 1.612
2017-10-16 21.983 1.816
2017-10-19 22.250 1.673
2017-10-21 22.817 1.878
2017-10-24 16.083 1.082
2017-10-26 16.833 0.959
2017-11-03 17.583 1.490
2017-11-05 17.083 1.490
2017-11-08 18.083 1.510
2017-11-10 17.383 1.878
2017-11-13 17.733 1.898
2017-11-15 18.283 1.694
2017-11-20 17.917 1.490
2017-11-23 22.533 2.490
2017-11-25 23.767 3.000
2017-11-28 23.452 3.714
2017-11-30 23.619 4.020
2017-12-03 23.586 3.490
2017-12-05 24.133 2.959
2017-12-08 23.502 3.735
2017-12-10 24.283 3.367
2017-12-13 24.350 3.327
2017-12-15 22.800 3.714
2017-12-18 23.255 4.714
2017-12-23 23.450 3.714
2017-12-25 22.517 3.204
2017-12-28 24.667 3.490
2017-12-30 24.550 3.327
2018-01-04 24.033 3.408
2018-01-07 25.983 3.163
2018-01-09 25.900 3.184
2018-01-14 27.333 2.816
2018-01-17 27.000 2.816
2018-01-19 26.183 3.347
2018-01-22 25.650 3.612
2018-01-27 22.900 2.612
2018-01-29 22.833 2.490
2018-02-01 25.267 3.408
2018-02-03 25.967 3.327
2018-02-06 24.750 3.245
2018-02-08 24.633 3.306
2018-02-11 25.226 4.204
2018-02-13 25.054 4.286
2018-02-16 24.788 4.184
2018-02-18 24.595 4.000
2018-02-21 25.679 3.755
2018-02-26 26.145 3.959
2018-02-28 25.601 4.245
2018-03-03 24.061 3.449
2018-03-05 23.761 3.510
2018-03-08 23.936 3.143
2018-03-10 24.100 3.061
2018-03-13 21.067 2.306
2018-03-15 21.433 2.204
2018-03-18 12.000 1.306
2018-03-20 9.667 1.000
2018-03-23 9.167 1.020
2018-03-28 4.667 0.816
2018-03-30 4.500 0.510
2018-04-02 4.000 0.388
2018-04-04 4.500 0.327
2018-04-07 4.000 0.224
2018-04-12 3.000 0.082
2018-04-14 16.000 0.612
2018-04-17 17.667 1.041
2018-04-19 23.000 1.531
2018-04-22 28.750 2.490
2018-05-04 28.500 3.020
2018-05-07 28.467 4.020
2018-05-09 28.343 4.490
2018-05-14 28.414 4.490
2018-05-17 29.952 5.061
2018-05-19 28.595 5.061
2018-05-22 29.310 5.020
2018-05-24 29.292 5.041
2018-05-27 29.101 5.163
2018-06-01 28.935 5.184
2018-06-03 27.887 5.184
2018-06-06 28.811 4.980
2018-06-08 27.889 4.898
2018-06-11 29.288 5.837
2018-06-13 28.952 5.388
2018-06-16 28.105 4.408
2018-06-18 28.710 4.408
2018-06-21 27.233 4.143
2018-06-23 27.382 4.265
2018-06-26 28.887 5.143
2018-06-28 28.407 5.673
2018-07-01 29.138 6.102
2018-07-03 29.041 6.000
2018-07-06 28.589 6.102
2018-07-08 28.895 5.878
2018-07-11 28.720 5.653
2018-07-13 28.735 5.939
2018-07-16 28.742 6.163
2018-07-18 27.788 5.653
2018-07-21 27.840 5.143
2018-07-23 27.183 5.245
2018-07-26 26.114 4.980
2018-07-28 25.835 4.776
2018-07-31 25.571 4.429
2018-08-02 27.231 4.531
2018-08-05 27.805 4.633
2018-08-07 28.540 5.000
2018-08-10 27.150 4.286
2018-08-12 27.575 3.918
2018-08-15 28.019 3.673
2018-08-17 28.086 3.653
2018-08-20 29.157 3.469
2018-08-22 29.867 3.224
2018-08-25 29.667 2.490
2018-08-27 31.250 2.163
2018-08-30 30.333 2.367
2018-09-01 28.250 2.388
2018-09-04 19.000 1.388
2018-09-06 19.833 1.388
2018-09-09 20.000 1.449
2018-09-16 21.000 1.510
2018-09-19 21.000 1.571
2018-09-21 20.750 1.612
2018-09-24 23.483 2.612
2018-09-26 24.283 3.122
2018-09-29 26.976 3.776
2018-10-01 27.460 3.755
2018-10-04 27.126 3.776
2018-10-06 26.317 3.245
2018-10-09 27.326 4.184
2018-10-11 25.562 4.592
2018-10-16 25.554 5.041
2018-10-19 26.219 5.980
2018-10-21 26.081 6.469
2018-10-24 27.575 6.449
2018-10-26 27.317 6.122
2018-10-29 26.056 6.163
2018-10-31 25.649 6.163
2018-11-03 25.407 6.531
2018-11-05 25.385 6.551
2018-11-08 22.756 6.490
2018-11-10 23.554 6.490
2018-11-13 23.409 7.490
2018-11-15 23.091 6.980
2018-11-18 23.996 6.980
2018-11-20 23.735 6.449
2018-11-23 22.912 5.469
2018-11-25 22.364 5.286
2018-11-28 22.683 4.286
2018-11-30 24.267 4.265
2018-12-03 24.900 4.143
2018-12-05 24.950 4.122
2018-12-08 28.000 3.408
2018-12-10 28.450 3.000
2018-12-13 30.167 2.633
2018-12-18 24.333 1.633
2018-12-20 24.033 2.020
2018-12-25 23.283 2.163
2018-12-28 22.783 2.184
2018-12-30 19.417 1.673
2019-01-02 17.333 1.408
2019-01-04 17.583 1.816
2019-01-07 17.500 1.592
2019-01-09 16.100 1.939
2019-01-12 11.250 1.306
2019-01-14 11.250 1.327
2019-01-17 20.100 2.327
2019-01-19 19.667 1.939
2019-01-22 19.100 2.939
2019-01-24 19.500 2.796
2019-01-27 19.617 3.000
2019-01-29 20.183 3.122
2019-02-03 21.000 3.041
2019-02-08 23.183 2.694
2019-02-11 24.000 3.347
2019-02-13 24.100 3.327
2019-02-16 23.083 2.327
2019-02-21 22.000 1.367
2019-02-23 20.583 1.898
2019-02-26 29.400 2.673
2019-02-28 29.167 2.551
2019-03-05 27.875 2.633
2019-03-10 27.825 2.673
2019-03-13 26.583 2.122
2019-03-23 26.583 2.163
2019-03-25 26.000 2.061
2019-03-28 13.250 1.102
2019-03-30 14.917 1.592
2019-04-04 15.000 1.224
2019-04-09 14.667 1.184
2019-04-12 15.167 1.082
2019-04-14 15.000 1.102
2019-04-17 20.650 1.571
2019-04-19 24.667 2.082
2019-04-22 29.183 2.571
2019-04-24 30.250 2.143
2019-04-27 30.250 2.102
2019-04-29 30.667 1.612
2019-05-04 31.333 1.612
2019-05-07 31.583 1.673
2019-05-12 30.917 2.122
2019-05-14 29.150 2.633
2019-05-17 24.817 2.163
2019-05-19 22.083 1.653
2019-05-22 16.833 1.102
2019-05-24 17.833 1.327
2019-05-27 18.250 1.469
2019-06-01 22.600 2.041
2019-06-03 22.867 2.061
2019-06-06 24.033 2.408
2019-06-08 24.200 2.429
2019-06-11 21.633 1.980
2019-06-13 22.500 1.449
2019-06-16 22.417 1.551
2019-06-21 21.850 1.735
2019-06-23 22.350 1.510
2019-06-26 23.917 1.367
2019-06-28 24.767 1.898
2019-07-01 26.967 1.939
2019-07-03 25.800 1.878
2019-07-06 25.000 1.612
2019-07-08 24.667 1.592
2019-07-11 25.250 1.898
2019-07-16 25.500 2.714
2019-07-21 27.267 2.510
2019-07-23 26.883 3.041
2019-07-26 26.883 3.061
2019-07-28 27.517 2.531
2019-07-31 25.917 1.959
2019-08-05 27.250 2.163
2019-08-07 26.333 2.224
2019-08-10 25.417 1.918
2019-08-12 25.417 1.939
2019-08-15 22.333 1.020
2019-08-17 22.833 1.122
2019-08-20 24.083 1.449
2019-08-22 22.167 1.449
2019-08-25 25.700 2.306
2019-08-27 28.117 2.837
2019-08-30 28.367 2.816
2019-09-01 28.700 2.898
2019-09-04 27.060 3.551
2019-09-06 27.233 3.490
2019-09-11 27.083 3.469
2019-09-14 27.510 4.469
2019-09-16 27.376 4.367
2019-09-19 29.595 5.041
2019-09-21 30.598 5.020
2019-09-24 29.995 4.163
2019-09-26 29.483 3.857
2019-09-29 29.500 3.857
2019-10-01 29.383 3.796
2019-10-04 33.383 2.816
2019-10-06 33.300 2.918
2019-10-09 32.858 3.429
2019-10-14 36.583 2.429
2019-10-19 23.000 2.184
2019-10-21 22.083 1.673
2019-10-24 22.417 1.653
2019-10-26 20.750 1.429
2019-10-29 21.417 1.510
2019-10-31 20.667 1.551
2019-11-03 20.542 1.714
2019-11-05 18.542 1.612
2019-11-08 13.583 1.204
2019-11-10 16.400 1.653
2019-11-13 19.500 2.653
2019-11-18 22.517 2.694
2019-11-28 22.017 2.673
2019-11-30 21.667 3.102
2019-12-03 19.583 3.673
2019-12-08 19.283 4.388
2019-12-10 19.267 3.939
2019-12-13 18.900 3.429
2019-12-15 20.867 3.918
2019-12-18 18.683 3.184
2019-12-23 18.300 4.184
2019-12-25 16.436 4.694
2019-12-28 15.936 4.612
2019-12-30 16.781 4.551
2020-01-02 17.500 3.796
2020-01-04 17.500 3.816
2020-01-07 16.750 3.102
2020-01-09 17.400 3.510
2020-01-12 17.933 3.204
2020-01-14 16.917 2.714
2020-01-17 16.067 2.857
2020-01-19 17.617 3.367
2020-01-22 15.933 2.367
2020-01-24 19.333 1.857
2020-01-27 18.642 1.980
2020-01-29 19.725 2.061
2020-02-01 21.692 2.653
2020-02-03 21.692 2.633
2020-02-06 20.800 3.306
2020-02-08 21.125 2.918
2020-02-11 23.125 3.367
2020-02-16 23.092 3.163
2020-02-18 22.350 2.857
2020-02-26 22.667 2.816
2020-02-28 22.083 2.306
2020-03-02 20.667 2.204
2020-03-07 19.833 1.429
2020-03-09 20.000 1.408
2020-03-12 20.167 1.673
2020-03-17 19.333 1.755
2020-03-19 16.333 1.551
2020-03-22 13.667 2.122
2020-03-24 14.417 2.653
2020-03-27 12.750 3.571
2020-03-29 12.867 3.612
2020-04-01 11.667 3.265
2020-04-06 10.743 4.163
2020-04-08 10.719 4.204
2020-04-11 6.950 4.306
2020-04-13 6.712 4.490
2020-04-16 6.129 4.796
2020-04-21 5.150 5.224
2020-04-23 3.658 5.224
2020-04-26 2.775 5.224
2020-04-28 2.650 5.184
2020-05-01 2.450 5.327
2020-05-06 1.833 5.429
2020-05-08 1.833 5.388
2020-05-11 2.000 4.388
2020-05-13 2.150 4.204
2020-05-16 2.333 3.816
2020-05-18 2.333 4.265
2020-05-21 2.750 4.265
2020-05-23 2.833 3.918
2020-05-26 3.083 3.510
2020-05-28 3.226 4.041
2020-05-31 3.926 4.755
2020-06-02 3.870 5.143
2020-06-05 3.643 4.306
2020-06-07 3.577 4.429
2020-06-15 3.680 4.816
2020-06-17 3.892 4.367
2020-06-20 4.126 3.429
2020-06-22 4.060 3.776
2020-06-25 5.476 4.184
2020-06-27 5.433 3.653
2020-06-30 6.283 2.694
2020-07-02 6.283 2.327
2020-07-05 6.533 3.061
2020-07-07 6.683 2.939
2020-07-12 6.950 3.000
2020-07-15 6.950 2.612
2020-07-17 7.017 2.755
2020-07-20 8.026 3.592
2020-07-22 8.110 3.265
