2015-08 24.333 1.041
2015-09 32.333 1.878
2015-10 14.000 0.592
2015-11 4.000 0.102
2015-12 22.667 2.714
2016-01 3.000 0.224
2016-02 0.000 0.020
2016-03 17.500 0.959
2016-04 11.000 0.673
2016-05 32.167 1.918
2016-06 48.000 1.082
2016-07 24.000 1.673
2016-08 40.000 1.510
2016-09 25.333 1.796
2016-10 23.833 1.367
2016-11 26.500 1.776
2016-12 16.000 1.163
2017-01 29.500 1.531
2017-02 5.500 0.327
2017-03 2.000 0.020
2017-04 20.917 1.918
2017-05 30.500 1.224
2017-06 32.833 1.980
2017-07 31.750 1.531
2017-08 28.567 2.286
2017-09 23.233 1.939
2017-10 16.833 0.959
2017-11 23.619 4.020
2017-12 24.550 3.327
2018-01 22.833 2.490
2018-02 25.601 4.245
2018-03 4.500 0.510
2018-04 28.750 2.490
2018-05 29.101 5.163
2018-06 28.407 5.673
2018-07 25.830 4.878
2018-08 30.333 2.367
2018-09 26.976 3.776
2018-10 25.572 6.755
2018-11 24.267 4.367
2018-12 19.417 1.714
2019-01 20.183 3.184
2019-02 29.167 2.633
2019-03 14.917 1.633
2019-04 30.881 1.673
2019-05 18.250 1.551
2019-06 24.767 1.959
2019-07 27.683 2.633
2019-08 28.367 2.918
2019-09 29.500 3.939
2019-10 20.667 1.633
2019-11 21.667 3.204
2019-12 16.781 4.653
2020-01 19.725 2.143
2020-02 22.083 2.347
2020-03 12.617 3.776
2020-04 2.650 5.265
2020-05 3.704 5.204
2020-06 6.283 2.796
2020-07 8.567 2.306
