2015-06 0.000 0.286
2015-07 11.083 2.714
2015-08 6.250 2.592
2015-09 2.000 0.469
2015-11 5.167 1.612
2015-12 3.000 0.449
2016-01 4.000 1.367
2016-02 0.000 0.347
2016-03 6.500 1.510
2016-04 4.833 2.388
2016-05 4.167 2.673
2016-06 5.717 3.306
2016-07 6.400 4.510
2016-08 7.304 5.286
2016-09 5.400 4.224
2016-10 4.667 2.490
2016-11 5.417 2.714
2016-12 5.333 4.061
2017-01 5.500 2.735
2017-02 4.917 1.592
2017-03 5.500 1.673
2017-04 6.367 3.000
2017-05 4.867 2.837
2017-06 6.217 3.612
2017-07 6.413 8.163
2017-08 7.531 8.531
2017-09 7.433 7.714
2017-10 6.377 9.265
2017-11 5.745 7.531
2017-12 7.025 5.857
2018-01 5.900 5.735
2018-02 6.754 4.857
2018-03 6.596 5.327
2018-04 7.555 3.918
2018-05 6.022 5.898
2018-06 7.469 4.041
2018-07 6.176 4.776
2018-08 6.755 8.796
2018-09 6.993 8.490
2018-10 7.303 6.571
2018-11 6.265 5.000
2018-12 7.882 6.592
2019-01 5.280 6.469
2019-02 4.671 6.041
2019-03 6.888 9.306
2019-04 6.946 4.510
2019-05 8.804 6.122
2019-06 5.967 4.796
2019-07 8.511 5.347
2019-08 7.708 6.776
2019-09 6.859 7.837
2019-10 7.050 5.551
2019-11 6.067 2.837
2019-12 5.969 3.510
2020-01 8.148 4.265
2020-02 7.379 4.714
2020-03 5.608 6.388
2020-04 0.167 4.388
2020-05 1.306 6.551
2020-06 0.937 7.143
2020-07 1.608 8.429
