2015-06-28 0.000 0.286
2015-07-08 4.000 0.612
2015-07-15 4.000 1.490
2015-07-25 11.083 2.490
2015-07-28 11.083 2.714
2015-08-04 9.667 3.714
2015-08-07 9.417 3.388
2015-08-14 10.167 3.184
2015-08-17 10.433 3.612
2015-08-24 6.300 3.041
2015-08-27 6.250 2.592
2015-09-03 3.083 1.898
2015-09-13 3.333 1.388
2015-09-16 2.333 0.959
2015-09-23 2.000 0.531
2015-09-26 2.000 0.469
2015-10-03 2.000 0.163
2015-11-12 3.000 0.816
2015-11-15 5.500 1.408
2015-11-22 5.167 1.612
2015-12-12 5.000 0.796
2015-12-15 0.000 0.204
2015-12-22 3.000 0.388
2015-12-25 3.000 0.449
2016-01-01 3.000 0.469
2016-01-11 5.500 1.449
2016-01-14 5.500 1.490
2016-01-21 4.000 1.102
2016-01-24 4.000 1.367
2016-01-31 4.000 1.347
2016-02-03 3.000 1.694
2016-02-10 1.000 0.714
2016-02-13 1.000 0.673
2016-02-23 0.000 0.347
2016-03-04 0.000 0.082
2016-03-14 2.000 0.327
2016-03-21 4.000 0.918
2016-03-24 6.500 1.510
2016-04-03 6.333 1.510
2016-04-10 6.250 1.918
2016-04-13 4.533 2.102
2016-04-20 3.250 1.633
2016-04-23 1.000 1.388
2016-04-30 4.833 2.388
2016-05-03 5.650 2.898
2016-05-10 5.733 2.776
2016-05-13 6.333 2.408
2016-05-20 4.650 3.122
2016-05-23 4.750 2.776
2016-05-30 4.167 2.673
2016-06-02 3.333 2.082
2016-06-09 3.500 2.102
2016-06-12 4.417 2.633
2016-06-19 5.833 2.796
2016-06-22 5.767 3.327
2016-06-29 5.717 3.306
2016-07-02 5.667 3.898
2016-07-09 5.367 4.429
2016-07-12 5.117 4.429
2016-07-19 4.950 4.429
2016-07-22 5.100 4.449
2016-07-29 6.400 4.510
2016-08-01 6.733 4.510
2016-08-08 7.700 4.673
2016-08-11 8.200 4.673
2016-08-18 8.033 4.673
2016-08-21 8.033 4.714
2016-08-28 7.500 4.776
2016-08-31 7.233 4.571
2016-09-07 6.750 4.388
2016-09-10 6.333 4.204
2016-09-17 5.967 4.204
2016-09-20 5.800 4.000
2016-09-27 5.433 4.000
2016-09-30 5.400 4.224
2016-10-07 4.783 4.408
2016-10-10 5.267 4.306
2016-10-17 5.500 3.469
2016-10-20 5.450 3.429
2016-10-27 4.833 2.510
2016-10-30 4.667 2.490
2016-11-06 6.333 2.347
2016-11-09 5.167 2.102
2016-11-16 5.917 2.939
2016-11-19 5.917 3.082
2016-11-26 5.367 3.286
2016-11-29 5.417 2.714
2016-12-06 4.283 2.857
2016-12-09 5.300 3.388
2016-12-16 5.083 2.673
2016-12-19 5.450 2.776
2016-12-26 5.350 3.490
2016-12-29 5.333 4.061
2017-01-05 5.983 3.327
2017-01-08 6.033 3.265
2017-01-15 5.367 3.980
2017-01-18 5.483 4.000
2017-01-25 5.750 3.163
2017-01-28 5.500 2.735
2017-02-04 5.500 2.469
2017-02-07 5.000 1.939
2017-02-14 2.833 1.510
2017-02-17 4.500 1.408
2017-02-24 5.167 1.510
2017-02-27 5.167 1.510
2017-03-06 5.367 1.714
2017-03-09 4.783 2.306
2017-03-16 6.783 2.122
2017-03-19 5.933 2.102
2017-03-26 5.083 1.837
2017-03-29 5.500 1.673
2017-04-05 7.750 2.469
2017-04-08 8.000 2.469
2017-04-15 7.667 2.653
2017-04-18 7.667 2.224
2017-04-25 7.167 2.408
2017-04-28 6.367 3.000
2017-05-05 3.317 2.673
2017-05-08 3.400 2.531
2017-05-15 2.200 2.327
2017-05-18 2.600 2.755
2017-05-25 4.583 3.429
2017-05-28 4.867 2.837
2017-06-04 6.167 3.020
2017-06-07 6.717 3.163
2017-06-14 7.050 3.776
2017-06-17 6.950 3.878
2017-06-24 6.417 3.041
2017-06-27 6.050 3.408
2017-06-29 6.217 3.612
2017-07-02 6.298 4.204
2017-07-04 5.110 4.286
2017-07-07 4.967 4.020
2017-07-09 5.651 5.000
2017-07-12 5.728 5.490
2017-07-14 6.891 5.510
2017-07-17 6.613 5.449
2017-07-19 6.887 5.857
2017-07-22 6.626 6.449
2017-07-24 6.500 7.429
2017-07-27 6.845 7.469
2017-07-29 6.397 8.061
2017-08-01 6.307 8.061
2017-08-03 6.936 8.082
2017-08-06 6.850 8.347
2017-08-08 6.917 8.367
2017-08-11 7.149 8.469
2017-08-13 6.484 8.469
2017-08-16 6.937 8.531
2017-08-18 7.410 8.898
2017-08-21 7.410 8.898
2017-08-23 7.301 8.694
2017-08-26 7.198 8.735
2017-08-28 7.558 7.939
2017-08-31 7.538 7.939
2017-09-02 7.427 7.980
2017-09-05 7.485 7.755
2017-09-07 7.273 7.755
2017-09-10 6.867 7.755
2017-09-12 7.280 7.755
2017-09-15 7.085 7.735
2017-09-17 6.329 6.959
2017-09-20 6.651 6.959
2017-09-22 7.242 7.163
2017-09-25 7.294 7.306
2017-09-27 7.436 8.306
2017-09-30 7.433 7.714
2017-10-02 7.922 7.714
2017-10-05 8.000 7.939
2017-10-07 7.700 7.939
2017-10-10 7.333 7.959
2017-10-12 6.722 7.918
2017-10-15 6.633 7.939
2017-10-17 6.194 8.939
2017-10-20 6.158 8.673
2017-10-22 6.464 8.673
2017-10-25 6.473 8.653
2017-10-27 6.312 8.653
2017-10-30 6.377 9.265
2017-11-01 5.815 8.673
2017-11-04 5.653 8.408
2017-11-06 5.835 8.408
2017-11-09 6.543 8.408
2017-11-11 6.878 8.449
2017-11-14 6.991 8.449
2017-11-16 7.298 8.449
2017-11-19 7.204 8.714
2017-11-21 6.126 8.612
2017-11-24 6.048 8.102
2017-11-26 5.667 7.551
2017-11-29 5.745 7.531
2017-12-01 6.120 8.122
2017-12-04 6.370 8.388
2017-12-06 6.444 7.531
2017-12-09 6.050 7.163
2017-12-11 6.345 6.816
2017-12-14 6.285 6.327
2017-12-16 5.862 6.306
2017-12-19 5.761 6.306
2017-12-21 7.086 6.408
2017-12-24 7.104 6.408
2017-12-26 7.077 6.061
2017-12-29 7.025 5.816
2017-12-31 7.012 4.857
2018-01-03 6.645 4.265
2018-01-05 6.795 4.122
2018-01-08 6.820 4.469
2018-01-10 6.460 4.245
2018-01-13 6.131 4.490
2018-01-15 6.764 4.510
2018-01-18 6.683 4.306
2018-01-20 5.750 3.776
2018-01-23 5.719 4.265
2018-01-25 5.542 4.816
2018-01-28 5.511 4.776
2018-01-30 5.900 5.735
2018-02-02 5.919 6.327
2018-02-04 6.024 7.265
2018-02-07 6.437 7.265
2018-02-09 6.279 6.837
2018-02-12 6.412 7.082
2018-02-14 6.238 6.571
2018-02-17 6.330 6.184
2018-02-19 6.391 5.714
2018-02-22 6.663 5.755
2018-02-24 6.877 6.102
2018-02-27 6.778 5.857
2018-03-01 6.704 5.020
2018-03-04 6.861 4.429
2018-03-06 6.626 3.490
2018-03-09 5.917 2.898
2018-03-11 6.233 3.612
2018-03-14 6.483 3.020
2018-03-16 5.950 3.224
2018-03-19 5.983 3.265
2018-03-21 6.476 4.265
2018-03-24 6.326 4.102
2018-03-26 7.186 4.102
2018-03-29 6.745 4.388
2018-03-31 6.748 5.163
2018-04-03 6.490 5.551
2018-04-05 6.540 5.857
2018-04-08 6.439 5.980
2018-04-10 6.668 5.265
2018-04-13 6.696 5.653
2018-04-15 7.264 5.020
2018-04-18 7.180 5.571
2018-04-20 6.473 4.673
2018-04-23 6.924 4.837
2018-04-25 7.107 4.776
2018-04-28 7.462 4.510
2018-04-30 7.555 3.918
2018-05-03 7.321 3.755
2018-05-05 6.908 4.449
2018-05-08 6.721 4.612
2018-05-10 6.988 5.612
2018-05-13 7.127 5.735
2018-05-15 7.088 6.673
2018-05-18 6.944 6.673
2018-05-20 6.654 7.286
2018-05-23 6.474 6.939
2018-05-25 6.055 6.204
2018-05-28 6.055 6.184
2018-05-30 6.022 5.898
2018-06-02 6.074 5.776
2018-06-04 5.923 4.918
2018-06-07 6.008 4.633
2018-06-09 5.310 4.020
2018-06-12 5.076 3.551
2018-06-14 5.933 3.041
2018-06-17 6.750 3.041
2018-06-19 6.726 3.327
2018-06-22 7.233 3.163
2018-06-24 7.419 3.755
2018-06-27 7.195 4.000
2018-06-29 7.469 4.041
2018-07-02 7.971 3.939
2018-07-04 8.200 4.265
2018-07-07 8.081 4.735
2018-07-09 8.425 4.776
2018-07-12 8.448 4.755
2018-07-14 7.002 4.612
2018-07-17 6.730 4.408
2018-07-19 7.263 4.041
2018-07-22 6.950 4.327
2018-07-24 7.161 3.816
2018-07-27 7.731 3.898
2018-07-29 6.176 4.735
2018-08-01 5.810 5.327
2018-08-03 5.415 5.857
2018-08-06 5.456 5.918
2018-08-08 5.453 6.490
2018-08-11 5.334 7.061
2018-08-13 6.186 7.714
2018-08-16 6.020 7.633
2018-08-18 6.478 8.000
2018-08-21 6.445 8.204
2018-08-23 6.532 8.918
2018-08-26 6.599 9.143
2018-08-28 6.959 8.204
2018-08-31 6.868 8.204
2018-09-02 7.447 7.980
2018-09-05 7.163 7.878
2018-09-07 7.053 7.755
2018-09-10 7.255 7.694
2018-09-12 6.857 7.612
2018-09-15 7.092 7.898
2018-09-17 6.695 7.714
2018-09-20 6.922 7.612
2018-09-22 6.725 7.510
2018-09-25 6.674 7.490
2018-09-27 6.910 8.490
2018-09-30 6.993 8.490
2018-10-02 7.043 8.714
2018-10-05 7.161 8.878
2018-10-07 7.267 9.000
2018-10-10 7.183 8.755
2018-10-12 7.160 7.857
2018-10-15 7.049 7.327
2018-10-17 7.387 7.184
2018-10-20 7.055 7.306
2018-10-22 7.391 7.408
2018-10-25 7.198 6.878
2018-10-27 7.186 6.878
2018-10-30 7.303 6.571
2018-11-01 6.756 6.327
2018-11-04 6.614 5.735
2018-11-06 6.621 4.837
2018-11-09 6.464 5.061
2018-11-11 6.464 5.041
2018-11-14 6.931 5.571
2018-11-16 6.570 5.898
2018-11-19 6.594 5.837
2018-11-21 6.815 5.571
2018-11-24 6.836 5.776
2018-11-26 6.330 5.286
2018-11-29 6.265 5.000
2018-12-01 6.298 4.490
2018-12-04 6.414 5.061
2018-12-06 7.471 5.959
2018-12-09 7.568 5.939
2018-12-14 6.983 5.714
2018-12-16 7.544 5.531
2018-12-19 7.262 5.388
2018-12-21 6.638 5.388
2018-12-24 6.785 5.122
2018-12-26 7.296 4.857
2018-12-29 7.881 5.449
2018-12-31 7.907 6.204
2019-01-03 7.635 6.204
2019-01-05 6.833 6.204
2019-01-08 6.159 6.306
2019-01-10 6.569 7.306
2019-01-13 6.908 7.531
2019-01-15 6.594 6.714
2019-01-18 6.621 6.633
2019-01-20 6.569 6.673
2019-01-23 6.447 7.000
2019-01-25 6.191 7.755
2019-01-28 5.719 7.408
2019-01-30 5.315 6.408
2019-02-02 5.083 6.306
2019-02-04 4.544 6.306
2019-02-07 4.827 5.796
2019-02-09 3.793 5.245
2019-02-12 3.486 5.245
2019-02-14 3.913 6.245
2019-02-17 4.385 6.347
2019-02-19 4.513 6.571
2019-02-22 4.466 6.367
2019-02-24 4.588 6.286
2019-02-27 4.671 6.041
2019-03-01 4.672 6.388
2019-03-04 5.057 6.245
2019-03-06 5.128 6.082
2019-03-09 5.181 6.612
2019-03-11 5.649 7.163
2019-03-14 6.042 7.184
2019-03-16 5.891 7.184
2019-03-19 5.906 7.367
2019-03-21 6.500 7.367
2019-03-24 6.680 7.837
2019-03-26 6.787 7.857
2019-03-29 6.972 8.449
2019-03-31 7.070 8.816
2019-04-03 7.073 8.510
2019-04-05 7.610 7.959
2019-04-08 7.808 7.571
2019-04-10 8.084 6.653
2019-04-13 8.165 6.041
2019-04-15 8.394 5.449
2019-04-18 7.921 5.265
2019-04-20 7.505 5.265
2019-04-23 7.101 5.020
2019-04-25 6.326 4.735
2019-04-28 5.838 4.490
2019-04-30 6.946 4.510
2019-05-03 7.648 5.082
2019-05-05 7.696 5.531
2019-05-08 7.613 5.306
2019-05-10 7.679 5.245
2019-05-13 7.799 5.837
2019-05-15 8.119 6.429
2019-05-18 8.421 6.020
2019-05-20 8.617 5.020
2019-05-23 8.596 5.265
2019-05-25 9.150 5.612
2019-05-28 9.732 5.857
2019-05-30 8.804 6.122
2019-06-02 8.601 6.102
2019-06-04 8.429 5.367
2019-06-07 8.185 5.918
2019-06-09 7.847 6.898
2019-06-12 7.722 6.898
2019-06-14 7.024 6.102
2019-06-17 6.921 6.265
2019-06-19 6.921 6.327
2019-06-22 6.941 5.898
2019-06-24 6.590 4.898
2019-06-27 5.902 4.816
2019-06-29 5.967 4.796
2019-07-02 6.011 4.429
2019-07-04 5.834 4.592
2019-07-07 6.071 4.347
2019-07-09 5.465 4.184
2019-07-12 5.097 3.653
2019-07-14 5.776 4.041
2019-07-17 5.829 3.878
2019-07-19 5.800 4.469
2019-07-22 6.955 4.673
2019-07-24 7.498 5.673
2019-07-27 7.666 5.408
2019-07-29 8.511 5.347
2019-08-01 8.855 5.735
2019-08-03 8.605 6.429
2019-08-06 8.484 6.204
2019-08-08 9.017 5.367
2019-08-11 8.669 5.673
2019-08-13 7.886 6.082
2019-08-16 7.934 6.531
2019-08-18 8.284 6.306
2019-08-21 8.097 6.531
2019-08-23 7.788 6.490
2019-08-26 7.876 6.286
2019-08-28 7.721 6.184
2019-08-31 7.378 6.184
2019-09-02 7.811 6.327
2019-09-05 7.865 6.837
2019-09-07 8.020 7.837
2019-09-10 8.045 8.061
2019-09-12 8.321 8.061
2019-09-15 8.205 7.980
2019-09-17 7.634 8.429
2019-09-20 7.164 8.122
2019-09-22 6.914 7.163
2019-09-25 6.736 7.694
2019-09-27 6.818 7.878
2019-09-30 6.859 7.837
2019-10-02 6.777 7.837
2019-10-05 6.757 7.837
2019-10-07 6.036 7.837
2019-10-10 6.114 7.837
2019-10-12 6.096 7.265
2019-10-15 6.180 6.959
2019-10-17 6.605 6.082
2019-10-20 6.784 5.857
2019-10-22 7.450 6.857
2019-10-25 7.528 6.878
2019-10-27 7.114 6.102
2019-10-30 7.050 5.551
2019-11-01 6.787 4.612
2019-11-04 6.498 4.122
2019-11-06 7.729 3.429
2019-11-09 7.500 2.857
2019-11-11 7.817 2.429
2019-11-14 7.867 2.816
2019-11-16 7.438 3.816
2019-11-19 7.533 3.755
2019-11-21 5.817 3.612
2019-11-24 6.167 3.020
2019-11-26 6.067 2.837
2019-12-01 6.200 3.122
2019-12-04 6.233 3.020
2019-12-06 6.433 3.551
2019-12-09 7.133 4.020
2019-12-11 7.050 4.469
2019-12-14 7.569 4.041
2019-12-16 7.333 3.041
2019-12-21 7.733 2.204
2019-12-24 6.833 2.408
2019-12-26 7.200 2.510
2019-12-29 6.619 3.102
2019-12-31 6.095 3.143
2020-01-03 6.377 3.510
2020-01-05 6.511 3.673
2020-01-08 5.935 3.469
2020-01-10 7.360 4.020
2020-01-13 7.226 4.000
2020-01-15 7.226 4.041
2020-01-18 7.085 4.163
2020-01-20 7.192 4.898
2020-01-23 7.788 4.735
2020-01-25 7.383 5.122
2020-01-28 7.710 4.531
2020-01-30 8.181 4.224
2020-02-02 8.505 4.408
2020-02-04 8.319 3.918
2020-02-07 7.901 3.918
2020-02-09 6.983 2.918
2020-02-14 6.783 3.163
2020-02-17 6.817 3.041
2020-02-19 6.450 3.286
2020-02-22 6.319 3.857
2020-02-24 6.695 4.163
2020-02-27 7.077 4.755
2020-02-29 7.379 4.714
2020-03-03 6.610 4.653
2020-03-05 6.650 4.673
2020-03-08 7.338 4.837
2020-03-10 7.513 5.837
2020-03-13 7.577 6.122
2020-03-15 8.308 6.694
2020-03-18 7.809 7.286
2020-03-20 8.038 6.286
2020-03-23 7.613 6.265
2020-03-25 6.562 6.429
2020-03-28 5.808 6.429
2020-03-30 5.608 6.388
2020-04-02 5.380 6.490
2020-04-04 5.341 5.959
2020-04-07 4.696 5.531
2020-04-09 4.381 4.531
2020-04-12 3.524 4.531
2020-04-14 0.686 4.367
2020-04-17 0.543 4.224
2020-04-19 0.476 4.837
2020-04-22 0.333 4.673
2020-04-24 0.367 4.490
2020-04-27 0.167 4.388
2020-05-02 0.310 4.347
2020-05-04 0.310 4.673
2020-05-07 0.393 5.184
2020-05-09 0.393 5.245
2020-05-12 0.403 5.204
2020-05-14 0.254 4.633
2020-05-17 0.254 4.776
2020-05-19 0.454 5.122
2020-05-22 0.702 5.184
2020-05-24 1.045 5.327
2020-05-27 1.337 5.429
2020-05-29 1.317 6.408
2020-06-01 1.341 5.898
2020-06-03 1.287 6.327
2020-06-06 1.308 6.041
2020-06-08 1.277 6.939
2020-06-11 1.284 6.755
2020-06-13 1.335 7.122
2020-06-16 1.335 7.082
2020-06-18 1.210 7.122
2020-06-21 0.962 7.224
2020-06-23 0.699 7.000
2020-06-26 0.477 7.000
2020-06-28 0.945 7.020
2020-07-01 0.899 7.429
2020-07-03 0.896 7.673
2020-07-06 0.874 8.020
2020-07-08 0.791 7.694
2020-07-11 0.930 8.224
2020-07-13 0.932 8.735
2020-07-16 1.015 8.796
2020-07-18 1.408 8.714
2020-07-21 1.537 8.388
2020-07-23 1.884 8.490
2020-07-26 1.877 8.388
2020-07-28 1.666 8.306
