2015-08 6.333 0.673
2015-09 22.667 1.837
2015-10 10.000 0.735
2015-11 4.000 0.184
2015-12 9.667 2.796
2016-01 0.000 0.041
2016-02 0.000 0.122
2016-03 10.500 0.490
2016-04 8.000 0.653
2016-05 19.333 1.673
2016-06 28.000 1.020
2016-07 10.333 1.000
2016-08 24.000 1.714
2016-09 19.917 1.673
2016-10 18.000 1.367
2016-11 14.500 1.408
2016-12 10.000 0.898
2017-01 17.500 1.531
2017-02 1.000 0.286
2017-03 3.000 0.224
2017-04 8.917 1.245
2017-05 21.500 1.265
2017-06 20.667 1.531
2017-07 14.167 1.143
2017-08 16.283 2.551
2017-09 15.750 1.633
2017-10 11.500 0.694
2017-11 11.169 3.939
2017-12 12.933 3.469
2018-01 14.333 2.592
2018-02 14.633 3.918
2018-03 4.000 0.551
2018-04 14.833 1.959
2018-05 17.044 5.224
2018-06 17.971 4.612
2018-07 19.892 4.592
2018-08 22.483 3.184
2018-09 14.200 3.878
2018-10 14.770 6.490
2018-11 12.117 4.143
2018-12 13.933 2.367
2019-01 15.300 3.041
2019-02 15.667 2.755
2019-03 6.917 1.939
2019-04 13.333 1.449
2019-05 13.667 1.551
2019-06 10.500 1.163
2019-07 13.333 1.857
2019-08 15.050 2.816
2019-09 16.100 4.082
2019-10 14.333 1.755
2019-11 13.083 2.633
2019-12 8.857 4.265
2020-01 9.733 1.612
2020-02 8.583 2.347
2020-03 5.605 4.020
2020-04 1.667 5.102
2020-05 2.926 4.592
2020-06 3.167 2.551
2020-07 5.500 2.163
