2015-08-01 1.000 0.020
2015-08-08 2.500 0.224
2015-08-11 2.500 0.327
2015-08-28 6.333 0.673
2015-08-31 5.833 0.653
2015-09-07 4.500 0.449
2015-09-10 16.500 1.122
2015-09-17 16.667 1.265
2015-09-27 17.000 0.918
2015-09-30 22.667 1.837
2015-10-10 23.000 1.061
2015-10-17 24.000 0.918
2015-10-20 20.500 1.653
2015-10-30 10.000 0.735
2015-11-26 4.000 0.184
2015-12-09 11.000 1.184
2015-12-16 11.000 1.245
2015-12-26 10.500 1.061
2015-12-29 9.250 1.796
2016-01-05 9.250 1.837
2016-01-08 5.000 0.837
2016-01-15 5.000 0.776
2016-01-28 0.000 0.041
2016-02-14 0.000 0.122
2016-03-25 11.000 0.429
2016-03-28 10.500 0.490
2016-04-14 10.667 0.612
2016-04-17 11.167 0.816
2016-04-24 5.500 0.469
2016-04-27 8.000 0.653
2016-05-04 9.167 1.102
2016-05-07 12.917 1.653
2016-05-14 11.750 1.531
2016-05-17 11.750 1.327
2016-05-24 12.000 1.245
2016-05-27 19.333 1.673
2016-06-03 20.500 1.224
2016-06-06 24.500 1.673
2016-06-26 28.000 1.020
2016-07-06 6.000 0.653
2016-07-16 10.000 0.959
2016-07-23 10.333 1.020
2016-07-26 10.333 1.000
2016-08-05 7.500 0.367
2016-08-12 12.333 0.816
2016-08-15 24.667 1.510
2016-08-22 25.000 1.449
2016-08-25 24.000 1.714
2016-09-01 24.000 1.898
2016-09-11 21.750 1.898
2016-09-14 18.917 1.898
2016-09-21 18.833 1.939
2016-09-24 19.917 1.673
2016-10-01 18.833 1.490
2016-10-04 18.667 2.429
2016-10-11 20.250 2.327
2016-10-14 16.833 1.347
2016-10-21 17.500 1.306
2016-10-24 18.000 1.367
2016-11-03 10.000 0.429
2016-11-10 1.000 0.082
2016-11-13 15.000 0.980
2016-11-20 15.000 1.000
2016-11-23 14.000 0.959
2016-11-30 14.500 1.408
2016-12-03 14.333 1.735
2016-12-13 9.000 0.816
2016-12-20 9.000 1.245
2016-12-23 9.000 1.224
2016-12-30 10.000 0.898
2017-01-02 18.167 1.571
2017-01-12 17.667 1.653
2017-01-19 18.000 1.612
2017-01-29 17.500 1.531
2017-02-01 6.500 0.694
2017-02-11 6.500 0.612
2017-02-18 0.000 0.204
2017-02-28 1.000 0.286
2017-03-03 1.000 0.122
2017-03-13 3.000 0.286
2017-03-23 3.000 0.306
2017-03-30 3.000 0.224
2017-04-02 6.000 0.347
2017-04-09 8.000 0.796
2017-04-12 6.000 0.653
2017-04-19 6.000 1.061
2017-04-22 9.250 1.286
2017-04-29 8.917 1.245
2017-05-02 8.333 1.388
2017-05-09 8.500 0.939
2017-05-12 8.500 0.918
2017-05-19 4.500 0.510
2017-05-22 21.500 1.265
2017-06-01 23.000 1.347
2017-06-11 23.333 1.857
2017-06-18 24.167 2.163
2017-06-21 20.667 1.531
2017-07-01 20.833 1.204
2017-07-06 20.667 1.633
2017-07-11 17.667 1.122
2017-07-18 14.167 1.000
2017-07-21 12.500 0.714
2017-07-31 14.167 1.122
2017-08-05 8.833 0.735
2017-08-10 8.333 0.755
2017-08-15 13.000 1.490
2017-08-17 13.000 1.551
2017-08-20 13.583 1.510
2017-08-25 16.683 2.510
2017-08-27 15.967 2.980
2017-08-30 16.283 2.551
2017-09-01 16.850 3.000
2017-09-04 16.683 2.959
2017-09-09 16.633 3.000
2017-09-11 17.400 3.041
2017-09-14 17.633 2.306
2017-09-16 18.100 2.061
2017-09-19 18.433 2.122
2017-09-24 15.467 2.082
2017-09-26 15.750 1.633
2017-10-01 15.500 1.184
2017-10-06 16.167 1.633
2017-10-09 17.000 1.592
2017-10-11 16.333 1.551
2017-10-14 16.333 1.571
2017-10-16 15.667 1.653
2017-10-19 15.333 1.551
2017-10-21 15.250 1.633
2017-10-24 11.667 0.673
2017-10-26 11.667 0.653
2017-10-29 11.500 0.694
2017-11-03 13.250 1.551
2017-11-05 10.583 1.551
2017-11-08 11.083 1.571
2017-11-10 11.033 1.898
2017-11-13 10.750 1.939
2017-11-15 10.767 1.857
2017-11-20 10.667 1.776
2017-11-23 12.233 2.653
2017-11-25 12.483 3.082
2017-11-28 11.362 3.673
2017-11-30 11.169 3.939
2017-12-03 10.100 3.082
2017-12-05 10.183 2.633
2017-12-08 9.233 3.347
2017-12-10 9.367 3.020
2017-12-13 9.183 2.959
2017-12-15 10.583 3.388
2017-12-18 12.131 4.388
2017-12-23 11.933 3.510
2017-12-25 12.317 3.082
2017-12-28 12.100 3.449
2017-12-30 12.933 3.469
2018-01-04 12.833 3.490
2018-01-07 14.567 3.735
2018-01-09 14.367 3.755
2018-01-14 13.250 3.327
2018-01-17 13.333 3.327
2018-01-19 13.050 3.735
2018-01-22 12.767 3.878
2018-01-27 14.767 2.878
2018-01-29 14.333 2.592
2018-02-01 14.317 3.469
2018-02-03 14.367 3.449
2018-02-06 13.300 2.837
2018-02-08 13.383 2.816
2018-02-11 15.017 3.694
2018-02-16 14.283 3.490
2018-02-18 14.900 3.408
2018-02-21 14.850 3.265
2018-02-26 14.783 3.878
2018-02-28 14.633 3.918
2018-03-03 14.317 3.041
2018-03-05 14.433 3.265
2018-03-08 14.317 2.898
2018-03-13 15.083 2.224
2018-03-18 13.167 1.429
2018-03-20 12.333 1.204
2018-03-28 4.000 0.592
2018-03-30 4.000 0.551
2018-04-04 2.000 0.327
2018-04-07 2.000 0.306
2018-04-12 1.000 0.102
2018-04-14 7.500 0.408
2018-04-17 8.333 0.612
2018-04-19 9.500 0.959
2018-04-22 14.833 1.959
2018-05-04 14.733 2.265
2018-05-07 15.167 3.265
2018-05-09 15.079 3.673
2018-05-14 15.448 3.816
2018-05-17 16.429 4.612
2018-05-19 16.452 4.612
2018-05-22 16.857 4.551
2018-05-24 16.506 4.776
2018-05-27 17.044 5.224
2018-06-01 16.710 5.347
2018-06-03 16.958 5.388
2018-06-06 17.912 4.980
2018-06-08 18.303 4.776
2018-06-11 18.506 5.776
2018-06-13 17.901 5.347
2018-06-16 17.283 4.347
2018-06-18 17.321 4.347
2018-06-21 19.319 3.735
2018-06-23 19.667 3.612
2018-06-26 18.352 4.163
2018-06-28 17.971 4.612
2018-07-01 20.185 5.306
2018-07-03 19.705 5.408
2018-07-06 20.035 5.714
2018-07-08 19.813 5.510
2018-07-11 20.293 4.837
2018-07-13 20.313 5.265
2018-07-16 20.024 5.510
2018-07-18 19.946 5.061
2018-07-21 17.961 5.122
2018-07-23 17.956 5.184
2018-07-26 20.298 4.612
2018-07-28 19.963 4.510
2018-07-31 17.517 3.776
2018-08-02 16.726 3.776
2018-08-05 20.283 3.878
2018-08-07 20.620 4.306
2018-08-10 22.221 3.980
2018-08-12 22.088 3.592
2018-08-15 21.686 3.388
2018-08-20 23.600 3.000
2018-08-22 23.700 2.837
2018-08-25 21.700 2.735
2018-08-27 22.317 2.388
2018-08-30 22.483 3.184
2018-09-01 21.867 3.184
2018-09-04 14.350 2.429
2018-09-06 14.183 2.367
2018-09-09 14.100 2.388
2018-09-11 14.400 2.327
2018-09-14 14.583 2.286
2018-09-16 14.650 2.347
2018-09-19 14.467 2.571
2018-09-21 13.867 2.673
2018-09-24 13.110 3.347
2018-09-26 13.825 3.796
2018-09-29 14.200 3.878
2018-10-01 15.017 3.878
2018-10-04 15.129 4.061
2018-10-06 14.850 3.694
2018-10-09 15.006 4.673
2018-10-11 14.104 5.000
2018-10-14 14.054 5.041
2018-10-16 14.055 5.429
2018-10-19 14.225 6.204
2018-10-21 14.072 6.551
2018-10-24 15.822 6.306
2018-10-26 15.679 6.000
2018-10-29 14.516 6.041
2018-10-31 15.089 6.041
2018-11-03 14.506 6.102
2018-11-08 14.077 5.755
2018-11-10 14.250 5.878
2018-11-13 13.706 6.837
2018-11-15 13.606 6.408
2018-11-18 13.825 6.408
2018-11-20 14.159 5.959
2018-11-23 12.629 5.204
2018-11-25 12.521 5.143
2018-11-28 12.307 4.143
2018-11-30 12.117 4.143
2018-12-03 12.745 4.184
2018-12-08 13.207 4.286
2018-12-10 13.517 3.837
2018-12-13 15.467 3.531
2018-12-15 15.467 3.510
2018-12-18 14.133 2.510
2018-12-20 14.200 2.796
2018-12-25 14.300 2.776
2018-12-30 13.933 2.367
2019-01-02 13.083 1.898
2019-01-04 13.500 2.041
2019-01-07 12.000 1.286
2019-01-09 12.083 1.694
2019-01-12 10.333 1.000
2019-01-14 10.667 1.041
2019-01-17 17.583 2.041
2019-01-19 16.833 1.776
2019-01-22 15.667 2.776
2019-01-24 15.667 2.714
2019-01-27 15.733 3.061
2019-01-29 15.233 3.020
2019-02-01 15.233 2.959
2019-02-03 14.850 3.163
2019-02-08 14.550 2.755
2019-02-11 14.400 3.653
2019-02-13 14.417 3.633
2019-02-16 13.417 2.633
2019-02-18 13.417 2.612
2019-02-21 12.500 1.694
2019-02-23 12.917 2.102
2019-02-26 15.667 2.755
2019-03-05 15.583 2.857
2019-03-10 14.983 2.918
2019-03-13 15.083 2.347
2019-03-15 15.083 2.327
2019-03-18 14.833 2.347
2019-03-23 15.000 2.469
2019-03-25 14.167 2.469
2019-03-28 7.000 1.633
2019-03-30 6.917 1.939
2019-04-04 6.250 1.551
2019-04-09 6.667 1.490
2019-04-12 6.500 1.163
2019-04-14 6.500 1.184
2019-04-17 11.150 1.898
2019-04-19 12.200 2.163
2019-04-22 12.483 2.327
2019-04-24 12.417 1.918
2019-04-27 12.833 1.755
2019-04-29 13.333 1.449
2019-05-04 13.833 1.408
2019-05-07 13.833 1.449
2019-05-12 17.083 2.245
2019-05-14 16.917 2.673
2019-05-17 16.333 1.939
2019-05-19 15.667 1.673
2019-05-22 14.500 1.327
2019-05-24 13.167 1.469
2019-05-27 13.667 1.551
2019-06-01 12.917 1.837
2019-06-03 13.000 1.816
2019-06-06 12.833 1.980
2019-06-11 8.167 1.184
2019-06-13 7.000 0.735
2019-06-16 6.833 0.816
2019-06-21 6.833 0.939
2019-06-23 6.833 0.796
2019-06-26 7.000 0.714
2019-06-28 10.500 1.163
2019-07-01 14.000 1.510
2019-07-06 13.667 1.306
2019-07-11 14.833 1.429
2019-07-16 13.500 2.000
2019-07-21 13.500 1.857
2019-07-23 13.700 2.306
2019-07-28 13.333 1.857
2019-07-31 13.167 1.224
2019-08-05 13.083 1.735
2019-08-07 12.500 1.816
2019-08-10 12.750 1.694
2019-08-15 12.333 1.163
2019-08-17 13.167 1.286
2019-08-20 12.250 1.408
2019-08-22 8.750 1.367
2019-08-25 14.333 2.367
2019-08-27 15.050 2.816
2019-09-01 15.667 2.898
2019-09-04 15.752 3.367
2019-09-06 15.817 3.286
2019-09-14 17.667 4.163
2019-09-16 17.383 4.041
2019-09-19 17.276 4.918
2019-09-21 18.348 4.939
2019-09-24 17.700 4.082
2019-09-26 16.650 4.000
2019-09-29 16.233 4.020
2019-10-01 16.000 4.000
2019-10-04 17.300 3.061
2019-10-06 17.250 3.082
2019-10-09 15.233 3.673
2019-10-14 13.233 2.673
2019-10-19 16.233 2.367
2019-10-21 12.167 1.939
2019-10-24 12.833 1.796
2019-10-26 14.167 1.429
2019-10-29 14.333 1.755
2019-10-31 14.167 1.694
2019-11-03 14.333 1.755
2019-11-05 14.333 1.735
2019-11-08 16.500 1.245
2019-11-10 17.750 1.551
2019-11-13 16.167 2.347
2019-11-18 13.667 2.551
2019-11-28 12.500 2.204
2019-11-30 13.083 2.633
2019-12-03 13.083 3.245
2019-12-08 11.900 4.061
2019-12-10 11.917 3.755
2019-12-13 12.117 3.286
2019-12-15 12.750 3.653
2019-12-18 10.883 2.837
2019-12-23 10.083 3.837
2019-12-25 8.795 4.245
2019-12-30 8.857 4.265
2020-01-02 8.383 3.592
2020-01-04 8.483 3.633
2020-01-07 8.650 2.714
2020-01-09 8.783 3.020
2020-01-12 8.069 3.020
2020-01-14 7.400 2.653
2020-01-17 7.650 2.571
2020-01-19 8.562 3.000
2020-01-22 8.900 2.000
2020-01-24 10.767 1.592
2020-01-27 10.600 1.633
2020-01-29 9.733 1.612
2020-02-01 10.583 2.020
2020-02-03 10.183 2.163
2020-02-06 10.767 3.082
2020-02-08 11.067 2.816
2020-02-11 9.800 2.918
2020-02-13 9.800 2.959
2020-02-16 9.800 3.102
2020-02-18 8.667 2.776
2020-02-26 8.817 2.776
2020-02-28 8.583 2.347
2020-03-02 5.083 2.592
2020-03-04 5.333 2.408
2020-03-07 3.000 1.490
2020-03-09 3.000 1.469
2020-03-12 7.000 1.959
2020-03-14 7.500 1.939
2020-03-17 7.667 1.959
2020-03-19 7.000 1.857
2020-03-22 6.333 2.429
2020-03-24 6.233 2.878
2020-03-27 6.000 3.837
2020-03-29 5.900 3.878
2020-04-01 6.300 3.184
2020-04-06 6.233 4.061
2020-04-08 6.233 4.041
2020-04-11 4.433 4.082
2020-04-13 4.267 4.061
2020-04-16 4.136 4.714
2020-04-21 3.160 5.143
2020-04-23 2.817 5.143
2020-04-26 1.667 5.143
2020-04-28 1.667 5.102
2020-05-01 1.567 5.184
2020-05-06 1.550 5.306
2020-05-08 1.550 5.367
2020-05-11 1.850 4.551
2020-05-16 1.367 3.735
2020-05-18 1.367 3.878
2020-05-21 1.950 3.878
2020-05-23 1.833 3.531
2020-05-26 2.083 3.163
2020-05-28 2.450 3.612
2020-05-31 2.960 4.510
2020-06-02 2.860 4.571
2020-06-05 2.883 3.633
2020-06-07 2.917 3.571
2020-06-10 2.967 3.429
2020-06-15 3.017 4.347
2020-06-17 3.417 4.224
2020-06-20 3.783 3.265
2020-06-22 3.567 3.612
2020-06-25 3.733 3.980
2020-06-27 3.550 3.531
2020-06-30 3.167 2.551
2020-07-02 3.167 2.510
2020-07-05 3.150 3.082
2020-07-12 3.150 3.143
2020-07-15 3.167 2.224
2020-07-17 2.833 2.286
2020-07-20 3.867 3.245
2020-07-22 4.200 3.163
