2015-07-12 7.000 0.653
2015-07-29 13.500 1.653
2015-08-01 13.667 2.306
2015-08-08 13.833 2.776
2015-08-11 14.083 2.776
2015-08-18 13.283 3.755
2015-08-21 13.283 3.776
2015-08-28 12.517 3.776
2015-08-31 11.917 3.122
2015-09-07 12.167 2.653
2015-09-10 11.333 2.531
2015-09-17 9.333 2.388
2015-09-20 9.333 2.367
2015-09-27 6.500 1.367
2015-09-30 7.667 1.898
2015-10-10 8.500 1.367
2015-10-17 8.000 0.531
2015-10-20 8.000 0.694
2015-10-30 1.000 0.163
2015-11-16 14.000 1.163
2015-11-19 14.000 1.000
2015-11-26 11.000 1.837
2015-11-29 11.000 2.490
2015-12-06 11.625 3.490
2015-12-09 11.208 4.143
2015-12-16 11.075 3.347
2015-12-19 10.942 3.918
2015-12-26 12.367 3.082
2015-12-29 11.500 2.633
2016-01-05 13.000 2.306
2016-01-08 12.500 1.653
2016-01-15 12.000 1.449
2016-01-18 14.833 1.388
2016-01-28 16.500 1.184
2016-02-04 12.000 1.510
2016-02-14 13.667 1.735
2016-02-17 13.333 1.735
2016-03-05 13.500 0.918
2016-03-15 12.500 1.612
2016-03-18 10.000 1.102
2016-04-04 9.000 0.918
2016-04-07 10.000 1.408
2016-04-14 5.000 0.510
2016-04-17 6.833 1.000
2016-04-24 8.333 1.857
2016-04-27 8.350 2.469
2016-05-04 9.883 3.061
2016-05-07 10.600 2.571
2016-05-14 10.917 2.755
2016-05-17 10.000 2.265
2016-05-24 8.333 1.694
2016-05-27 9.833 1.633
2016-06-03 8.500 1.041
2016-06-06 8.500 1.184
2016-06-13 10.333 1.959
2016-06-23 12.500 2.673
2016-06-26 13.333 2.776
2016-07-03 13.250 3.776
2016-07-06 13.800 4.265
2016-07-13 14.733 4.286
2016-07-16 14.000 4.939
2016-07-23 13.167 4.939
2016-07-26 12.667 4.939
2016-08-02 12.333 4.939
2016-08-05 11.333 4.959
2016-08-12 10.833 4.959
2016-08-15 11.300 4.755
2016-08-22 10.900 4.755
2016-08-25 11.783 4.367
2016-09-01 12.550 4.367
2016-09-04 13.367 4.347
2016-09-11 14.133 4.184
2016-09-14 14.167 3.980
2016-09-24 13.500 4.367
2016-10-01 13.267 4.327
2016-10-04 13.383 4.347
2016-10-11 14.083 4.510
2016-10-14 14.583 4.490
2016-10-21 15.517 3.633
2016-10-24 15.917 2.980
2016-10-31 13.900 3.020
2016-11-03 14.250 2.469
2016-11-10 12.583 2.469
2016-11-13 11.917 2.898
2016-11-20 12.167 2.755
2016-11-30 11.667 2.000
2016-12-03 11.500 2.020
2016-12-10 11.167 1.592
2016-12-13 9.500 1.000
2016-12-23 11.667 1.653
2016-12-30 10.333 2.408
2017-01-02 10.000 2.286
2017-01-09 9.000 1.714
2017-01-12 9.667 2.286
2017-01-19 10.167 2.837
2017-01-22 10.167 2.184
2017-01-29 11.500 1.184
2017-02-08 9.500 2.143
2017-02-11 8.000 1.510
2017-02-18 7.500 1.469
2017-02-21 8.500 2.122
2017-02-28 8.250 2.265
2017-03-10 11.167 2.306
2017-03-20 11.083 2.796
2017-03-23 11.167 2.143
2017-03-30 14.000 2.306
2017-04-02 14.750 2.959
2017-04-09 13.417 2.959
2017-04-12 12.617 3.612
2017-04-19 13.283 3.388
2017-04-22 13.083 3.408
2017-04-29 10.883 3.102
2017-05-02 9.167 2.980
2017-05-09 8.667 2.184
2017-05-12 9.000 1.531
2017-05-19 11.833 1.755
2017-05-22 11.417 2.347
2017-05-29 11.333 2.408
2017-06-01 11.833 2.469
2017-06-08 11.017 3.265
2017-06-11 11.717 3.918
2017-06-18 14.067 3.918
2017-06-21 14.867 3.959
2017-06-28 14.800 3.939
2017-07-01 14.867 4.000
2017-07-03 14.869 5.000
2017-07-08 17.100 4.000
2017-07-11 15.900 4.000
2017-07-13 14.143 5.000
2017-07-16 14.292 5.633
2017-07-18 11.637 5.551
2017-07-21 11.065 5.551
2017-07-23 11.579 6.551
2017-07-26 11.994 7.184
2017-07-28 12.667 8.143
2017-07-31 12.478 8.143
2017-08-02 12.978 8.143
2017-08-05 12.900 8.776
2017-08-07 13.265 9.755
2017-08-10 13.527 9.102
2017-08-12 14.033 9.102
2017-08-15 13.863 9.082
2017-08-17 14.091 9.163
2017-08-20 14.555 9.143
2017-08-22 14.173 9.143
2017-08-25 14.164 9.143
2017-08-27 13.911 8.143
2017-08-30 13.969 7.918
2017-09-01 12.508 7.796
2017-09-04 12.683 7.816
2017-09-06 12.622 7.837
2017-09-09 12.486 7.980
2017-09-11 13.106 7.980
2017-09-14 13.219 7.367
2017-09-16 12.741 7.224
2017-09-19 12.334 7.224
2017-09-21 12.639 6.224
2017-09-24 12.206 6.245
2017-09-26 13.223 7.245
2017-09-29 13.369 7.429
2017-10-01 14.256 6.918
2017-10-04 13.998 6.898
2017-10-06 13.188 6.898
2017-10-09 13.811 7.408
2017-10-11 12.597 7.408
2017-10-14 12.430 8.061
2017-10-16 14.279 8.204
2017-10-19 13.786 8.204
2017-10-21 13.795 8.265
2017-10-24 13.605 8.265
2017-10-26 13.264 8.265
2017-10-29 13.555 8.306
2017-10-31 13.541 8.306
2017-11-03 13.480 7.898
2017-11-05 13.880 7.857
2017-11-08 13.680 7.837
2017-11-10 14.032 7.796
2017-11-13 14.365 7.796
2017-11-15 12.965 7.796
2017-11-18 13.347 7.816
2017-11-20 13.290 8.755
2017-11-23 13.633 8.102
2017-11-25 12.989 7.347
2017-11-28 12.623 6.776
2017-11-30 12.772 7.408
2017-12-03 12.825 7.184
2017-12-05 12.085 7.224
2017-12-08 11.787 6.612
2017-12-10 11.481 5.653
2017-12-13 11.481 5.633
2017-12-15 11.583 4.633
2017-12-18 12.517 4.633
2017-12-20 12.617 4.245
2017-12-23 12.005 4.898
2017-12-25 12.124 4.653
2017-12-28 11.981 4.673
2017-12-30 10.840 4.408
2018-01-02 10.912 4.694
2018-01-04 11.683 3.898
2018-01-07 11.755 3.918
2018-01-12 11.779 3.776
2018-01-14 12.698 4.041
2018-01-17 11.933 4.041
2018-01-19 10.851 4.429
2018-01-22 11.668 4.429
2018-01-24 13.306 5.347
2018-01-27 13.056 5.878
2018-01-29 12.369 6.143
2018-02-01 12.212 5.857
2018-02-03 12.065 5.653
2018-02-06 12.028 6.245
2018-02-08 11.737 7.245
2018-02-11 12.007 6.939
2018-02-13 11.889 6.796
2018-02-16 11.564 6.592
2018-02-18 12.201 6.571
2018-02-21 11.701 6.551
2018-02-23 10.808 5.633
2018-02-26 10.933 5.653
2018-02-28 11.849 4.653
2018-03-03 12.054 4.776
2018-03-08 11.843 4.143
2018-03-10 14.017 3.143
2018-03-13 13.750 2.959
2018-03-15 13.567 3.184
2018-03-18 13.417 3.347
2018-03-20 7.817 2.449
2018-03-23 8.167 1.816
2018-03-25 10.333 2.592
2018-03-28 9.700 2.592
2018-03-30 9.117 3.306
2018-04-02 8.767 3.265
2018-04-04 8.767 3.286
2018-04-14 10.783 3.510
2018-04-17 10.967 3.551
2018-04-19 8.800 4.469
2018-04-22 9.240 4.816
2018-04-24 10.031 5.020
2018-04-27 10.733 5.020
2018-04-29 10.793 4.408
2018-05-02 11.179 4.633
2018-05-04 11.975 5.612
2018-05-09 12.037 6.490
2018-05-12 11.827 6.816
2018-05-14 11.360 6.551
2018-05-17 12.306 6.510
2018-05-19 14.078 6.245
2018-05-22 13.822 6.245
2018-05-24 13.970 5.265
2018-05-27 14.629 5.102
2018-05-29 14.686 5.286
2018-06-01 14.530 5.061
2018-06-03 12.622 4.837
2018-06-06 12.537 5.000
2018-06-08 11.573 4.122
2018-06-11 12.950 3.796
2018-06-13 13.670 4.490
2018-06-16 11.820 4.531
2018-06-18 12.311 4.796
2018-06-21 12.880 5.102
2018-06-23 12.992 6.102
2018-06-26 12.556 6.265
2018-06-28 12.551 6.204
2018-07-01 12.483 6.510
2018-07-03 12.752 6.735
2018-07-06 12.800 7.224
2018-07-08 12.668 8.204
2018-07-11 12.812 8.857
2018-07-13 12.150 8.857
2018-07-16 12.306 8.816
2018-07-18 11.945 8.816
2018-07-21 11.722 8.408
2018-07-23 11.436 8.408
2018-07-26 11.463 8.408
2018-07-28 11.427 9.184
2018-07-31 11.498 9.449
2018-08-02 12.597 9.449
2018-08-05 12.691 9.449
2018-08-07 12.082 9.469
2018-08-10 11.882 9.469
2018-08-12 12.117 9.449
2018-08-15 11.980 9.490
2018-08-17 11.982 9.306
2018-08-20 12.015 9.714
2018-08-22 12.415 9.388
2018-08-25 12.426 9.367
2018-08-27 12.194 9.367
2018-08-30 12.203 9.327
2018-09-01 11.786 9.327
2018-09-04 11.361 9.184
2018-09-06 12.169 8.959
2018-09-09 12.237 8.816
2018-09-11 11.485 8.837
2018-09-14 11.580 8.816
2018-09-16 12.712 8.959
2018-09-19 13.000 8.939
2018-09-21 13.114 9.163
2018-09-24 13.001 9.184
2018-09-26 13.587 8.204
2018-09-29 13.251 8.245
2018-10-01 13.789 8.245
2018-10-04 14.494 8.388
2018-10-06 14.039 8.571
2018-10-09 13.821 8.633
2018-10-11 15.203 7.633
2018-10-14 15.104 7.020
2018-10-16 13.647 7.041
2018-10-19 13.432 6.469
2018-10-21 13.060 5.898
2018-10-24 13.468 5.898
2018-10-26 13.468 5.939
2018-10-29 13.944 5.796
2018-10-31 13.515 4.816
2018-11-03 13.277 4.816
2018-11-05 12.086 4.000
2018-11-08 12.467 3.429
2018-11-13 12.093 3.878
2018-11-15 9.117 3.429
2018-11-18 9.250 3.367
2018-11-20 9.250 3.041
2018-11-23 8.417 2.918
2018-11-25 8.845 2.878
2018-11-28 9.386 2.837
2018-11-30 13.398 3.796
2018-12-03 13.029 3.163
2018-12-05 12.436 4.000
2018-12-08 12.476 4.347
2018-12-10 13.161 5.224
2018-12-13 13.361 5.224
2018-12-15 13.986 4.694
2018-12-23 13.726 4.429
2018-12-25 13.860 4.449
2018-12-28 13.902 4.633
2018-12-30 13.902 4.653
2019-01-02 13.599 5.286
2019-01-04 14.346 5.306
2019-01-07 14.196 5.612
2019-01-09 13.845 5.735
2019-01-12 14.060 5.918
2019-01-14 13.097 6.918
2019-01-22 13.125 6.653
2019-01-24 13.164 6.796
2019-01-27 13.321 6.735
2019-01-29 12.220 5.878
2019-02-01 11.924 5.531
2019-02-03 11.233 5.510
2019-02-06 11.168 5.510
2019-02-08 10.612 5.510
2019-02-11 10.749 5.510
2019-02-13 11.058 5.510
2019-02-16 11.375 6.163
2019-02-18 11.744 6.551
2019-02-21 12.039 7.204
2019-02-23 12.044 7.959
2019-02-26 11.813 8.020
2019-02-28 12.245 8.878
2019-03-03 12.177 9.224
2019-03-05 11.886 8.837
2019-03-08 11.532 8.735
2019-03-10 12.789 8.735
2019-03-13 12.780 8.735
2019-03-15 12.947 8.735
2019-03-18 13.030 8.735
2019-03-20 12.967 9.347
2019-03-23 12.991 9.347
2019-03-25 12.912 9.408
2019-03-28 12.988 9.408
2019-03-30 12.612 9.408
2019-04-02 13.072 9.082
2019-04-04 13.365 9.408
2019-04-07 13.710 8.959
2019-04-09 13.049 7.959
2019-04-12 12.827 7.959
2019-04-14 12.524 7.959
2019-04-17 12.401 7.592
2019-04-19 12.203 6.592
2019-04-22 11.810 5.939
2019-04-24 11.800 4.939
2019-04-27 12.354 4.918
2019-04-29 12.865 4.898
2019-05-02 12.886 5.143
2019-05-04 14.089 5.224
2019-05-07 13.998 5.347
2019-05-09 13.841 6.306
2019-05-12 14.277 6.306
2019-05-14 14.823 6.306
2019-05-17 14.715 6.020
2019-05-19 14.767 6.102
2019-05-22 14.653 6.673
2019-05-24 14.100 7.449
2019-05-27 13.623 7.449
2019-05-29 14.302 7.469
2019-06-01 14.192 7.551
2019-06-03 13.847 7.531
2019-06-06 14.225 7.857
2019-06-08 14.289 7.673
2019-06-11 14.163 7.082
2019-06-13 14.048 6.816
2019-06-16 14.049 7.102
2019-06-18 13.588 8.020
2019-06-21 13.255 7.878
2019-06-23 13.429 7.449
2019-06-26 13.432 7.449
2019-06-28 12.155 7.449
2019-07-01 12.428 7.449
2019-07-03 11.770 7.469
2019-07-06 11.587 7.551
2019-07-08 12.452 7.653
2019-07-11 12.361 8.224
2019-07-13 12.299 8.204
2019-07-16 12.307 8.551
2019-07-18 12.476 8.490
2019-07-21 12.875 8.694
2019-07-23 13.478 9.286
2019-07-26 13.447 9.265
2019-07-28 14.449 9.265
2019-07-31 13.994 9.245
2019-08-02 13.874 9.245
2019-08-05 13.850 9.245
2019-08-07 13.473 8.367
2019-08-10 13.191 8.367
2019-08-12 13.391 8.612
2019-08-15 13.493 8.571
2019-08-17 13.232 8.633
2019-08-20 13.152 8.612
2019-08-22 12.950 8.673
2019-08-25 12.914 8.714
2019-08-27 11.891 8.673
2019-08-30 11.800 8.633
2019-09-01 12.518 8.408
2019-09-04 12.245 8.429
2019-09-06 12.579 9.429
2019-09-09 13.011 9.429
2019-09-11 13.178 9.469
2019-09-14 13.077 8.878
2019-09-16 13.390 8.408
2019-09-19 13.467 8.408
2019-09-21 13.367 7.408
2019-09-24 13.800 7.347
2019-09-26 13.989 7.388
2019-09-29 14.564 7.449
2019-10-01 13.862 7.245
2019-10-04 14.241 7.224
2019-10-06 14.274 6.551
2019-10-09 13.545 6.571
2019-10-11 14.109 6.286
2019-10-14 13.834 6.735
2019-10-16 13.296 6.551
2019-10-19 13.280 6.061
2019-10-21 13.575 6.980
2019-10-24 12.920 7.041
2019-10-26 13.452 7.041
2019-10-29 13.179 6.388
2019-10-31 13.619 5.837
2019-11-03 13.339 5.776
2019-11-05 12.920 5.510
2019-11-08 13.512 5.469
2019-11-10 12.613 4.898
2019-11-13 13.283 5.041
2019-11-15 12.152 4.980
2019-11-18 12.218 5.388
2019-11-20 11.499 4.612
2019-11-23 12.037 4.204
2019-11-25 12.029 3.857
2019-11-30 12.029 3.837
2019-12-03 12.029 3.816
2019-12-05 13.392 4.633
2019-12-08 13.395 4.020
2019-12-10 13.412 4.327
2019-12-13 13.500 3.755
2019-12-15 14.933 3.469
2019-12-18 14.583 2.959
2019-12-20 14.283 3.061
2019-12-23 14.867 3.429
2019-12-25 15.633 3.735
2019-12-28 15.529 4.388
2019-12-30 15.682 5.388
2020-01-02 15.576 5.490
2020-01-04 14.318 5.612
2020-01-07 14.429 6.265
2020-01-09 13.985 6.816
2020-01-12 13.903 7.449
2020-01-14 13.473 8.327
2020-01-17 13.482 8.306
2020-01-19 13.739 8.143
2020-01-22 13.489 7.612
2020-01-24 12.998 6.653
2020-01-27 13.107 6.000
2020-01-29 11.739 5.082
2020-02-01 11.395 4.673
2020-02-03 13.043 4.245
2020-02-06 12.983 3.776
2020-02-08 11.950 2.776
2020-02-11 11.583 2.122
2020-02-13 10.833 1.245
2020-02-16 12.250 1.673
2020-02-18 12.167 1.857
2020-02-21 13.750 2.429
2020-02-23 17.050 3.429
2020-02-26 16.933 4.082
2020-02-28 15.790 5.000
2020-03-02 16.067 5.020
2020-03-04 15.657 4.653
2020-03-07 15.874 4.469
2020-03-09 15.568 5.347
2020-03-14 14.525 6.347
2020-03-17 14.498 5.918
2020-03-19 13.350 6.306
2020-03-22 13.013 5.653
2020-03-24 10.979 4.878
2020-03-27 10.617 4.388
2020-03-29 7.583 4.347
2020-04-01 6.517 4.102
2020-04-03 5.283 4.898
2020-04-08 2.650 4.837
2020-04-13 0.817 4.265
2020-04-18 0.500 3.612
2020-04-23 0.500 3.449
2020-04-26 0.583 3.571
2020-04-28 1.333 2.653
2020-05-01 1.167 2.816
2020-05-03 2.167 2.816
2020-05-06 1.500 3.449
2020-05-08 0.917 3.633
2020-05-11 0.867 3.735
2020-05-13 1.033 3.469
2020-05-16 0.917 3.837
2020-05-18 0.926 4.837
2020-05-21 0.825 5.490
2020-05-23 0.921 6.429
2020-05-26 0.921 6.143
2020-05-28 0.868 7.102
2020-05-31 0.868 7.163
2020-06-02 0.792 6.408
2020-06-05 1.046 6.408
2020-06-07 1.103 5.898
2020-06-10 1.221 6.449
2020-06-12 1.232 6.367
2020-06-15 1.208 6.592
2020-06-17 1.148 6.286
2020-06-22 1.208 6.286
2020-06-25 1.654 6.918
2020-06-27 1.737 6.918
2020-06-30 1.999 7.327
2020-07-02 1.912 8.082
2020-07-05 1.810 8.102
2020-07-07 2.359 8.612
2020-07-10 2.339 8.571
2020-07-12 2.322 8.673
2020-07-15 2.467 8.735
2020-07-17 3.692 9.020
2020-07-20 4.056 9.020
2020-07-22 3.848 9.020
2020-07-25 4.292 9.041
2020-07-27 5.383 9.041
