2015-07 13.500 1.653
2015-08 12.517 3.776
2015-09 7.667 1.898
2015-10 1.000 0.163
2015-11 11.167 3.143
2015-12 11.467 4.286
2016-01 16.500 1.184
2016-02 13.333 1.735
2016-03 10.000 1.102
2016-04 8.350 2.469
2016-05 9.833 1.633
2016-06 13.333 2.776
2016-07 12.667 4.939
2016-08 11.783 4.367
2016-09 13.500 4.367
2016-10 14.517 3.980
2016-11 11.667 2.000
2016-12 10.333 2.408
2017-01 11.500 1.184
2017-02 8.250 2.265
2017-03 14.000 2.306
2017-04 10.883 3.102
2017-05 11.333 2.408
2017-06 14.800 3.939
2017-07 12.445 8.796
2017-08 13.969 7.918
2017-09 13.369 7.429
2017-10 13.571 8.673
2017-11 12.772 7.408
2017-12 10.840 4.408
2018-01 12.369 6.143
2018-02 11.849 4.653
2018-03 9.117 3.306
2018-04 10.837 4.469
2018-05 14.686 5.286
2018-06 12.487 6.367
2018-07 11.416 9.837
2018-08 12.203 9.327
2018-09 13.359 8.347
2018-10 13.944 5.816
2018-11 13.398 3.796
2018-12 13.902 4.653
2019-01 12.220 5.878
2019-02 12.245 8.878
2019-03 12.612 9.408
2019-04 12.865 4.898
2019-05 14.302 7.469
2019-06 12.155 7.449
2019-07 14.155 9.898
2019-08 11.800 8.633
2019-09 14.564 7.449
2019-10 13.126 6.469
2019-11 12.029 3.837
2019-12 15.682 5.388
2020-01 11.739 5.082
2020-02 15.790 5.000
2020-03 7.583 4.347
2020-04 1.333 2.673
2020-05 0.868 7.347
2020-06 1.999 7.327
2020-07 5.336 8.388
