2015-07 1.000 0.184
2015-08 0.000 0.143
2015-09 5.500 0.959
2015-10 0.000 0.122
2015-11 1.000 0.735
2015-12 3.000 0.429
2016-01 0.000 0.286
2016-02 6.000 0.816
2016-03 0.500 0.122
2016-04 10.300 2.224
2016-05 5.000 0.694
2016-06 11.500 1.265
2016-07 12.000 1.061
2016-08 3.500 0.959
2016-09 13.000 1.469
2016-10 3.667 0.469
2016-11 4.500 0.980
2016-12 9.000 1.020
2017-01 7.333 2.367
2017-02 4.917 2.184
2017-03 12.167 1.959
2017-04 4.000 0.673
2017-05 7.000 1.878
2017-06 0.500 0.265
2017-07 7.333 1.061
2017-08 9.533 1.102
2017-09 14.833 1.184
2017-10 12.083 2.224
2017-11 8.700 2.878
2017-12 8.150 3.755
2018-01 6.417 2.163
2018-02 6.643 3.286
2018-03 8.000 1.102
2018-04 8.867 2.286
2018-05 6.440 4.959
2018-06 10.333 3.327
2018-07 8.250 3.286
2018-08 4.167 0.857
2018-09 8.850 2.980
2018-10 6.500 2.347
2018-11 5.500 1.388
2018-12 2.500 0.755
2019-01 1.750 1.061
2019-02 10.067 2.816
2019-03 6.033 1.857
2019-04 7.933 3.265
2019-05 10.750 1.510
2019-06 6.667 1.490
2019-07 9.667 1.857
2019-08 6.833 2.143
2019-09 6.333 1.571
2019-10 6.867 3.163
2019-11 3.500 0.959
2019-12 7.560 2.959
2020-01 9.033 2.000
2020-02 6.000 1.265
2020-03 4.200 3.408
2020-04 1.492 4.898
2020-05 0.960 4.122
2020-06 0.500 1.143
2020-07 0.000 0.204
