2015-07-25 1.000 0.184
2015-08-24 0.000 0.061
2015-08-27 0.000 0.143
2015-09-10 0.000 0.408
2015-09-13 2.500 0.714
2015-09-23 2.500 0.653
2015-09-26 2.500 0.571
2015-09-30 5.500 0.959
2015-10-06 5.500 1.041
2015-10-10 6.500 0.776
2015-10-13 4.000 0.469
2015-10-20 3.500 0.510
2015-10-30 0.000 0.122
2015-11-05 0.000 0.041
2015-11-12 1.000 0.388
2015-11-19 1.000 0.347
2015-11-22 1.000 0.735
2015-12-12 1.000 0.388
2015-12-29 3.000 0.429
2016-01-11 3.000 0.612
2016-01-14 3.000 0.714
2016-01-28 0.000 0.286
2016-02-10 4.500 0.878
2016-02-13 6.000 0.816
2016-03-04 6.000 0.837
2016-03-11 0.000 0.061
2016-03-14 0.500 0.122
2016-04-03 2.500 0.122
2016-04-07 2.500 0.143
2016-04-10 11.667 0.898
2016-04-13 12.333 0.857
2016-04-17 12.333 1.000
2016-04-20 10.000 2.000
2016-04-23 10.133 2.102
2016-04-27 10.300 2.224
2016-05-03 9.667 2.245
2016-05-07 9.650 2.551
2016-05-10 8.167 1.796
2016-05-13 8.000 1.816
2016-05-17 8.167 1.673
2016-05-20 4.167 0.673
2016-05-23 4.667 0.612
2016-05-27 5.667 0.490
2016-05-30 5.000 0.694
2016-06-02 4.833 0.755
2016-06-06 3.833 0.857
2016-06-09 10.267 1.592
2016-06-12 10.333 1.510
2016-06-22 10.167 1.469
2016-06-29 11.500 1.265
2016-07-02 11.000 1.184
2016-07-06 11.000 0.755
2016-07-09 0.000 0.020
2016-07-19 12.000 1.020
2016-07-22 12.000 1.061
2016-08-01 12.000 1.041
2016-08-08 12.000 1.367
2016-08-18 3.500 0.857
2016-08-21 3.500 0.816
2016-08-28 3.500 0.918
2016-08-31 3.500 0.959
2016-09-07 3.500 0.837
2016-09-14 5.000 1.143
2016-09-17 11.333 1.551
2016-09-27 12.000 1.449
2016-09-30 13.000 1.469
2016-10-07 13.500 1.265
2016-10-10 13.500 1.367
2016-10-14 14.000 1.061
2016-10-17 3.500 0.510
2016-10-20 4.167 0.531
2016-10-30 3.667 0.469
2016-11-06 3.500 0.633
2016-11-09 3.500 0.531
2016-11-16 2.000 0.184
2016-11-19 0.000 0.184
2016-11-26 4.500 0.898
2016-11-29 4.500 0.980
2016-12-06 5.000 0.816
2016-12-16 4.500 0.898
2016-12-19 4.500 0.878
2016-12-26 9.000 1.000
2016-12-29 9.000 1.020
2017-01-02 11.000 1.429
2017-01-05 9.000 2.429
2017-01-15 9.000 2.347
2017-01-25 7.167 2.469
2017-01-28 7.333 2.367
2017-02-01 6.500 1.959
2017-02-04 8.500 1.898
2017-02-07 8.167 2.000
2017-02-14 7.500 2.735
2017-02-24 4.917 2.184
2017-03-06 6.917 2.082
2017-03-09 7.167 2.000
2017-03-16 7.500 1.265
2017-03-23 7.500 1.367
2017-03-26 12.167 1.959
2017-04-05 11.500 1.122
2017-04-08 11.500 1.204
2017-04-15 11.000 1.429
2017-04-18 11.167 1.510
2017-04-22 12.000 1.592
2017-04-25 4.000 0.673
2017-05-05 5.333 1.510
2017-05-08 5.000 1.449
2017-05-15 5.500 1.224
2017-05-18 5.000 1.143
2017-05-22 4.500 1.184
2017-05-25 7.000 1.878
2017-06-04 7.333 1.163
2017-06-07 7.833 1.143
2017-06-11 7.833 1.163
2017-06-17 7.000 1.265
2017-06-21 6.167 1.041
2017-06-24 0.500 0.265
2017-07-02 0.333 0.286
2017-07-04 0.333 0.163
2017-07-06 4.333 0.571
2017-07-07 4.000 0.551
2017-07-09 5.500 0.653
2017-07-11 5.500 0.633
2017-07-12 5.500 0.714
2017-07-16 4.833 0.796
2017-07-17 5.333 0.796
2017-07-19 7.333 0.980
2017-07-21 7.333 1.041
2017-07-31 7.333 1.061
2017-08-01 7.833 1.082
2017-08-05 5.500 0.673
2017-08-08 5.000 0.571
2017-08-11 5.000 0.490
2017-08-13 6.000 0.694
2017-08-15 10.000 0.918
2017-08-16 9.000 0.816
2017-08-18 8.833 0.939
2017-08-20 9.333 0.898
2017-08-23 9.333 0.959
2017-08-26 9.333 1.041
2017-08-30 9.333 1.020
2017-08-31 9.583 1.061
2017-09-02 12.500 1.776
2017-09-09 13.167 1.837
2017-09-12 12.867 1.837
2017-09-14 13.700 1.531
2017-09-15 13.917 1.571
2017-09-17 12.450 1.265
2017-09-19 12.783 1.265
2017-09-22 14.333 1.265
2017-09-25 14.500 1.184
2017-09-27 14.667 1.224
2017-09-29 15.000 1.265
2017-09-30 14.833 1.184
2017-10-02 8.333 0.510
2017-10-09 5.833 0.449
2017-10-12 6.667 0.673
2017-10-15 5.667 0.653
2017-10-17 8.333 1.000
2017-10-19 8.417 0.980
2017-10-22 7.583 0.918
2017-10-27 12.583 1.837
2017-10-29 12.083 2.224
2017-11-01 10.583 2.571
2017-11-06 10.483 3.061
2017-11-08 10.567 3.490
2017-11-09 10.567 3.551
2017-11-11 11.283 3.633
2017-11-14 11.283 3.612
2017-11-16 10.867 3.347
2017-11-19 11.367 3.449
2017-11-23 11.267 3.490
2017-11-24 11.350 3.592
2017-11-26 8.917 2.816
2017-11-28 8.583 2.796
2017-11-29 8.700 2.878
2017-12-01 10.443 3.245
2017-12-06 9.517 2.755
2017-12-08 9.267 2.490
2017-12-09 9.383 2.429
2017-12-11 6.750 2.918
2017-12-13 6.750 2.939
2017-12-14 6.617 3.000
2017-12-16 7.402 3.041
2017-12-18 7.402 3.061
2017-12-19 7.443 2.959
2017-12-23 7.800 2.959
2017-12-24 7.833 2.857
2017-12-26 7.583 3.265
2017-12-28 8.167 3.184
2017-12-29 8.117 3.102
2017-12-31 7.817 3.000
2018-01-03 7.650 3.020
2018-01-05 7.650 3.286
2018-01-07 6.717 3.551
2018-01-08 6.817 3.653
2018-01-10 5.900 3.143
2018-01-12 5.900 3.122
2018-01-13 6.000 3.061
2018-01-15 5.800 3.122
2018-01-17 5.800 3.143
2018-01-18 5.800 3.163
2018-01-22 5.633 3.122
2018-01-25 5.167 2.653
2018-01-27 5.000 2.327
2018-01-30 6.417 2.163
2018-02-01 6.700 2.327
2018-02-02 7.117 2.408
2018-02-04 7.667 2.776
2018-02-06 7.500 2.347
2018-02-09 5.750 2.653
2018-02-11 5.750 2.694
2018-02-12 5.600 2.776
2018-02-14 6.017 2.633
2018-02-16 6.017 2.714
2018-02-17 6.117 2.755
2018-02-24 7.271 3.633
2018-02-26 7.271 3.673
2018-02-27 7.176 3.776
2018-03-01 6.643 3.286
2018-03-03 6.393 3.122
2018-03-04 6.321 3.020
2018-03-06 7.333 2.388
2018-03-09 7.233 2.347
2018-03-11 7.700 1.612
2018-03-13 7.700 1.571
2018-03-14 7.917 1.490
2018-03-16 7.750 1.469
2018-03-18 8.417 1.347
2018-03-19 8.283 1.388
2018-03-21 8.783 1.531
2018-03-26 7.067 1.245
2018-03-28 7.567 1.204
2018-03-29 8.000 1.102
2018-04-03 8.000 1.122
2018-04-05 8.567 2.122
2018-04-08 8.833 2.061
2018-04-10 8.667 2.000
2018-04-15 8.833 1.980
2018-04-18 8.667 1.898
2018-04-20 8.700 2.449
2018-04-25 8.750 1.735
2018-04-30 8.867 2.286
2018-05-02 9.367 2.388
2018-05-03 9.417 2.367
2018-05-05 7.583 2.367
2018-05-07 6.917 2.796
2018-05-08 7.067 2.898
2018-05-10 7.400 3.327
2018-05-13 7.112 3.429
2018-05-15 7.007 4.408
2018-05-18 7.079 4.388
2018-05-20 7.767 4.510
2018-05-22 7.293 4.918
2018-05-23 7.221 5.020
2018-05-27 7.169 5.408
2018-05-28 7.115 5.510
2018-05-30 6.440 4.959
2018-06-01 6.433 4.857
2018-06-04 6.750 3.857
2018-06-06 7.350 3.449
2018-06-07 6.950 3.449
2018-06-09 6.983 3.224
2018-06-11 7.050 3.286
2018-06-12 7.267 3.184
2018-06-14 7.250 2.224
2018-06-19 4.167 1.408
2018-06-21 4.333 1.286
2018-06-22 4.000 1.286
2018-06-24 12.083 2.286
2018-06-26 11.417 2.327
2018-06-27 11.917 2.327
2018-06-29 10.333 3.327
2018-07-01 10.267 3.367
2018-07-02 10.300 3.469
2018-07-04 9.267 4.469
2018-07-06 9.755 4.878
2018-07-09 9.515 4.694
2018-07-11 9.220 4.959
2018-07-14 9.363 5.776
2018-07-19 9.236 5.939
2018-07-21 9.717 5.653
2018-07-22 9.799 5.551
2018-07-24 8.136 4.551
2018-07-26 8.469 4.184
2018-07-27 8.160 4.184
2018-07-29 8.517 3.184
2018-07-31 8.283 3.245
2018-08-01 8.133 3.143
2018-08-03 9.283 2.143
2018-08-05 7.317 2.143
2018-08-06 7.483 2.041
2018-08-08 7.733 2.020
2018-08-10 8.500 1.694
2018-08-11 8.333 1.755
2018-08-13 3.833 0.918
2018-08-16 4.000 0.939
2018-08-18 4.000 0.796
2018-08-25 4.083 0.939
2018-08-26 3.917 0.837
2018-08-30 4.333 0.735
2018-08-31 4.167 0.816
2018-09-02 6.333 1.204
2018-09-04 6.333 0.776
2018-09-05 6.667 0.816
2018-09-07 6.667 0.837
2018-09-10 7.000 0.776
2018-09-12 8.167 1.367
2018-09-14 8.000 1.388
2018-09-15 7.667 1.388
2018-09-17 6.417 1.612
2018-09-24 5.667 1.673
2018-09-25 6.333 1.776
2018-09-27 8.350 2.694
2018-09-29 8.467 3.061
2018-09-30 8.850 2.980
2018-10-02 8.267 2.592
2018-10-05 8.017 2.551
2018-10-09 8.183 2.980
2018-10-10 7.783 3.082
2018-10-12 8.100 2.490
2018-10-14 8.100 2.469
2018-10-15 7.950 2.531
2018-10-17 8.750 2.286
2018-10-19 8.567 2.694
2018-10-20 8.333 2.796
2018-10-22 8.800 3.571
2018-10-24 9.150 3.327
2018-10-25 8.950 3.224
2018-10-27 7.250 2.306
2018-10-29 6.500 2.347
2018-11-01 5.450 2.633
2018-11-06 5.450 2.612
2018-11-08 5.417 2.184
2018-11-09 5.583 2.082
2018-11-11 4.867 2.327
2018-11-13 6.400 2.633
2018-11-14 6.400 2.551
2018-11-18 6.483 2.367
2018-11-19 6.983 2.265
2018-11-21 3.000 1.490
2018-11-23 3.000 1.469
2018-11-26 3.917 1.796
2018-11-28 5.500 1.388
2018-12-01 5.500 1.102
2018-12-08 5.500 1.204
2018-12-09 5.500 1.306
2018-12-11 6.833 1.163
2018-12-13 4.333 0.959
2018-12-14 4.333 1.061
2018-12-16 4.667 1.122
2018-12-18 4.000 0.898
2018-12-19 4.000 1.000
2018-12-24 4.000 1.082
2018-12-26 2.500 0.755
2019-01-07 2.500 0.653
2019-01-08 2.500 0.612
2019-01-10 1.000 0.510
2019-01-12 1.000 0.408
2019-01-13 1.000 0.306
2019-01-15 0.000 0.327
2019-01-17 1.000 0.755
2019-01-18 1.000 0.653
2019-01-22 1.500 0.714
2019-01-23 2.000 0.735
2019-01-25 1.833 0.857
2019-01-27 1.833 0.898
2019-01-28 1.750 1.000
2019-01-30 1.750 1.061
2019-02-02 1.700 1.163
2019-02-04 5.083 1.673
2019-02-07 5.150 1.612
2019-02-09 5.083 1.878
2019-02-11 5.083 1.959
2019-02-14 5.750 2.184
2019-02-16 6.417 1.816
2019-02-21 5.917 1.755
2019-02-22 5.750 1.755
2019-02-24 9.817 2.490
2019-02-26 10.067 2.878
2019-03-01 10.067 2.816
2019-03-04 10.200 2.735
2019-03-06 12.083 2.224
2019-03-11 12.033 2.367
2019-03-13 12.033 2.286
2019-03-14 12.150 2.347
2019-03-16 12.450 2.041
2019-03-18 12.450 1.980
2019-03-24 12.533 1.939
2019-03-26 5.250 1.082
2019-03-28 3.750 1.061
2019-03-29 3.750 1.041
2019-03-31 6.033 1.857
2019-04-02 6.033 1.878
2019-04-03 6.033 1.857
2019-04-08 6.200 1.959
2019-04-10 8.383 2.306
2019-04-13 8.300 2.245
2019-04-15 8.033 2.735
2019-04-17 7.467 3.163
2019-04-20 6.971 4.163
2019-04-22 7.207 4.592
2019-04-23 7.352 4.531
2019-04-27 7.100 4.122
2019-04-28 7.317 4.041
2019-04-30 7.783 3.224
2019-05-02 7.783 3.245
2019-05-08 8.117 3.143
2019-05-10 4.833 2.388
2019-05-12 4.800 2.735
2019-05-13 5.133 2.796
2019-05-15 7.967 3.122
2019-05-17 8.533 2.735
2019-05-20 11.583 1.735
2019-05-22 10.250 1.490
2019-05-28 10.750 1.510
2019-06-01 10.833 1.469
2019-06-06 11.500 1.653
2019-06-09 11.500 1.673
2019-06-11 12.500 1.327
2019-06-12 12.500 1.265
2019-06-14 5.500 0.490
2019-06-16 5.500 0.449
2019-06-19 5.000 0.735
2019-06-21 4.500 0.653
2019-06-22 4.500 0.735
2019-06-27 4.167 0.816
2019-06-29 6.667 1.490
2019-07-04 7.583 1.959
2019-07-06 6.917 1.776
2019-07-09 6.917 1.755
2019-07-14 5.700 1.776
2019-07-16 5.367 1.918
2019-07-19 6.417 1.633
2019-07-21 6.750 1.531
2019-07-22 6.417 1.490
2019-07-24 10.333 2.041
2019-07-27 10.167 1.939
2019-07-29 9.667 1.857
2019-08-01 9.167 1.878
2019-08-03 8.333 2.122
2019-08-05 8.667 2.184
2019-08-08 8.250 2.510
2019-08-13 8.750 2.796
2019-08-15 8.583 2.653
2019-08-18 8.333 2.755
2019-08-21 8.333 2.714
2019-08-23 7.000 2.306
2019-08-25 6.567 2.735
2019-08-28 6.833 2.143
2019-08-31 6.833 2.122
2019-09-02 4.417 1.408
2019-09-04 4.583 1.469
2019-09-07 5.333 1.143
2019-09-09 5.333 1.163
2019-09-12 2.333 0.816
2019-09-14 2.583 0.898
2019-09-17 5.833 1.633
2019-09-19 6.383 2.041
2019-09-20 6.383 2.143
2019-09-22 6.433 2.000
2019-09-24 6.333 1.571
2019-10-02 8.067 2.510
2019-10-04 8.333 2.388
2019-10-12 8.167 2.510
2019-10-14 8.083 2.429
2019-10-17 9.917 2.429
2019-10-19 9.000 2.020
2019-10-20 9.167 1.918
2019-10-27 7.333 2.673
2019-10-29 7.033 3.102
2019-10-30 6.867 3.163
2019-11-01 5.667 2.224
2019-11-08 5.917 2.408
2019-11-11 5.083 2.490
2019-11-16 2.667 1.673
2019-11-18 2.667 2.102
2019-11-26 2.333 1.347
2019-11-28 2.500 0.918
2019-11-29 3.500 0.959
2019-12-01 7.167 1.653
2019-12-03 6.583 1.959
2019-12-04 6.667 2.061
2019-12-06 6.000 2.204
2019-12-08 6.000 2.163
2019-12-09 6.100 2.265
2019-12-11 7.750 2.082
2019-12-13 7.750 2.102
2019-12-14 7.700 2.122
2019-12-16 9.517 2.429
2019-12-18 9.100 2.000
2019-12-19 9.000 2.041
2019-12-21 8.405 2.653
2019-12-23 8.405 2.714
2019-12-29 8.167 2.633
2019-12-31 5.867 2.265
2020-01-02 6.367 1.959
2020-01-03 6.200 1.918
2020-01-05 7.033 1.857
2020-01-07 6.533 1.694
2020-01-08 6.333 1.592
2020-01-12 6.333 1.612
2020-01-13 6.333 1.592
2020-01-15 4.667 1.918
2020-01-17 4.667 1.939
2020-01-18 4.667 2.000
2020-01-20 9.950 2.163
2020-01-22 9.950 2.184
2020-01-27 9.650 2.286
2020-01-28 9.600 2.327
2020-01-30 9.033 2.000
2020-02-01 9.033 2.020
2020-02-02 9.117 1.980
2020-02-04 8.783 1.898
2020-02-06 7.917 2.286
2020-02-09 7.950 2.327
2020-02-11 8.000 2.286
2020-02-12 8.000 2.306
2020-02-14 8.000 1.653
2020-02-16 8.000 1.633
2020-02-17 8.667 1.531
2020-02-19 1.833 0.755
2020-02-21 2.333 0.714
2020-02-26 2.000 0.633
2020-02-27 2.000 0.612
2020-02-29 6.000 1.265
2020-03-02 5.833 1.388
2020-03-03 5.833 1.367
2020-03-05 6.833 1.980
2020-03-07 6.000 1.592
2020-03-08 6.417 1.673
2020-03-10 6.750 1.612
2020-03-12 6.583 1.633
2020-03-13 6.750 1.694
2020-03-20 5.617 2.265
2020-03-22 5.567 2.612
2020-03-23 5.633 2.694
2020-03-25 4.679 3.694
2020-03-27 4.805 4.102
2020-03-28 4.852 4.061
2020-03-30 4.200 3.408
2020-04-01 4.033 3.265
2020-04-04 2.683 2.653
2020-04-06 2.683 2.735
2020-04-07 2.433 2.755
2020-04-09 2.217 3.102
2020-04-11 2.833 3.469
2020-04-12 2.750 3.388
2020-04-14 2.160 4.388
2020-04-16 2.245 4.816
2020-04-17 2.164 4.918
2020-04-19 1.952 5.163
2020-04-21 1.786 5.204
2020-04-22 1.643 5.224
2020-04-26 1.510 4.796
2020-04-27 1.492 4.898
2020-05-04 1.492 5.163
2020-05-06 1.482 5.510
2020-05-09 1.381 5.918
2020-05-11 1.075 5.531
2020-05-14 1.385 5.449
2020-05-16 1.142 5.020
2020-05-17 1.160 4.918
2020-05-19 1.400 4.102
2020-05-21 1.617 3.796
2020-05-22 1.650 3.694
2020-05-24 1.117 2.694
2020-05-29 1.117 3.694
2020-05-31 0.960 4.122
2020-06-01 0.960 4.204
2020-06-03 1.100 3.939
2020-06-05 1.000 3.551
2020-06-06 1.000 3.449
2020-06-08 1.200 2.694
2020-06-13 0.750 2.082
2020-06-15 0.700 2.163
2020-06-20 0.500 2.041
2020-06-23 0.500 2.184
2020-06-25 0.750 2.612
2020-06-26 0.750 2.571
2020-06-28 0.333 1.571
2020-06-30 0.500 1.143
2020-07-01 0.500 1.082
2020-07-05 0.500 1.061
2020-07-06 0.500 1.082
2020-07-13 1.000 0.776
2020-07-15 1.000 0.694
2020-07-18 0.500 0.796
2020-07-23 0.500 0.653
2020-07-25 0.000 0.224
2020-07-26 0.000 0.163
2020-07-28 0.000 0.204
