2015-07-04 10.000 1.000
2015-07-24 8.500 1.694
2015-08-03 9.000 1.694
2015-08-06 12.333 2.694
2015-08-13 12.583 3.694
2015-08-23 13.500 3.878
2015-08-26 13.400 4.878
2015-09-02 14.583 3.878
2015-09-05 13.000 2.878
2015-09-12 12.833 2.878
2015-09-15 11.083 3.449
2015-09-22 10.500 2.571
2015-09-25 5.333 2.551
2015-10-12 4.833 2.388
2015-10-15 6.000 1.816
2015-10-22 6.500 1.939
2015-10-25 11.500 0.959
2015-11-11 4.000 0.122
2015-11-14 4.000 0.143
2015-11-21 5.500 0.408
2015-11-24 16.333 1.408
2015-12-04 16.667 1.429
2015-12-14 16.833 1.408
2015-12-21 17.250 1.020
2015-12-24 7.750 1.000
2016-01-03 7.000 0.980
2016-01-20 4.500 1.673
2016-01-23 1.000 0.694
2016-01-30 6.500 1.408
2016-02-12 9.833 2.061
2016-02-19 14.000 1.367
2016-02-29 10.000 0.653
2016-03-10 12.000 1.224
2016-03-13 9.000 0.571
2016-03-20 9.500 0.755
2016-03-23 9.500 0.796
2016-03-30 9.500 0.816
2016-04-02 11.833 1.286
2016-04-09 6.000 0.714
2016-04-12 5.500 0.816
2016-04-19 5.500 0.653
2016-04-22 6.667 0.939
2016-04-29 11.750 1.898
2016-05-02 12.667 2.020
2016-05-09 11.350 3.020
2016-05-12 11.417 2.918
2016-05-19 11.083 2.898
2016-05-22 10.667 3.551
2016-05-29 11.000 3.367
2016-06-01 11.667 2.776
2016-06-08 11.000 1.776
2016-06-18 10.167 2.102
2016-06-21 11.000 1.122
2016-06-28 5.500 0.694
2016-07-01 12.167 1.694
2016-07-08 11.417 2.694
2016-07-11 11.650 3.082
2016-07-18 12.333 3.061
2016-07-21 11.917 3.388
2016-07-28 12.083 3.388
2016-07-31 10.333 2.388
2016-08-07 10.167 2.388
2016-08-10 10.167 2.000
2016-08-17 12.000 2.673
2016-08-20 12.250 2.633
2016-08-27 12.417 3.265
2016-08-30 12.767 3.776
2016-09-06 12.683 3.612
2016-09-09 11.617 4.592
2016-09-16 10.050 3.878
2016-09-19 10.033 3.592
2016-09-26 11.967 3.592
2016-09-29 11.600 4.082
2016-10-06 12.000 3.245
2016-10-09 12.000 2.857
2016-10-16 13.333 3.571
2016-10-19 13.283 3.592
2016-10-26 12.000 2.653
2016-10-29 12.333 1.653
2016-11-05 12.750 1.735
2016-11-08 14.333 1.286
2016-11-15 1.500 0.429
2016-11-18 1.500 0.408
2016-11-25 1.500 0.347
2016-11-28 14.167 1.327
2016-12-05 14.833 1.327
2016-12-08 15.333 1.939
2016-12-15 16.000 1.816
2016-12-28 13.500 0.837
2017-01-04 13.000 0.755
2017-01-27 3.000 1.000
2017-02-03 3.000 1.061
2017-02-13 3.000 1.082
2017-02-16 9.333 2.082
2017-02-23 8.167 2.755
2017-02-26 11.167 1.796
2017-03-05 11.333 1.735
2017-03-15 12.000 1.776
2017-03-18 5.500 0.776
2017-03-25 11.000 0.980
2017-03-28 11.000 1.939
2017-04-04 11.000 1.980
2017-04-07 10.850 2.102
2017-04-14 10.583 2.041
2017-04-24 12.500 2.163
2017-04-27 14.000 1.163
2017-05-04 14.667 1.245
2017-05-07 15.000 1.122
2017-05-14 14.000 1.286
2017-05-17 13.500 2.265
2017-05-24 12.500 1.286
2017-05-27 13.167 2.265
2017-06-03 12.250 3.143
2017-06-13 11.400 3.980
2017-06-16 10.450 3.673
2017-06-23 10.500 3.673
2017-06-26 9.000 3.694
2017-07-01 9.000 3.735
2017-07-03 8.667 2.878
2017-07-06 11.167 3.878
2017-07-08 11.517 4.735
2017-07-13 12.133 4.673
2017-07-16 12.317 4.469
2017-07-18 12.586 5.469
2017-07-21 11.996 6.449
2017-07-23 12.032 6.429
2017-07-26 12.550 5.429
2017-07-31 12.167 6.143
2017-08-02 12.215 6.776
2017-08-05 10.938 6.735
2017-08-07 10.823 6.653
2017-08-12 10.879 5.714
2017-08-15 11.738 6.224
2017-08-17 12.257 5.816
2017-08-20 12.881 5.306
2017-08-22 13.021 6.306
2017-08-25 12.523 7.286
2017-08-27 12.704 7.449
2017-08-30 12.933 7.265
2017-09-01 13.020 6.490
2017-09-04 13.874 6.449
2017-09-06 14.076 5.735
2017-09-11 13.714 6.020
2017-09-14 13.283 5.041
2017-09-16 12.467 4.449
2017-09-19 12.317 3.980
2017-09-21 12.367 3.878
2017-09-24 13.033 3.776
2017-09-26 13.317 4.082
2017-09-29 13.833 3.857
2017-10-04 12.333 3.245
2017-10-06 11.750 3.286
2017-10-11 12.900 3.714
2017-10-14 13.033 4.694
2017-10-16 12.974 5.694
2017-10-19 12.723 6.612
2017-10-21 13.031 5.776
2017-10-24 13.326 4.939
2017-10-26 12.700 4.592
2017-10-29 12.033 4.245
2017-10-31 11.933 4.510
2017-11-03 12.250 4.204
2017-11-05 12.500 4.102
2017-11-08 12.500 4.122
2017-11-10 11.667 3.408
2017-11-13 12.083 2.429
2017-11-15 10.500 1.469
2017-11-18 3.500 0.551
2017-11-20 3.000 0.490
2017-11-23 4.500 0.755
2017-11-25 4.500 0.633
2017-11-30 5.000 0.367
2017-12-05 5.000 0.388
2017-12-13 13.000 1.367
2017-12-15 14.000 2.327
2017-12-23 13.500 2.020
2017-12-25 13.167 2.143
2018-01-04 13.167 2.122
2018-01-07 13.167 2.102
2018-01-09 12.167 2.306
2018-01-12 14.000 1.327
2018-01-14 0.000 0.327
2018-01-17 7.500 0.714
2018-01-19 8.333 0.939
2018-01-24 12.500 1.816
2018-01-29 13.750 2.245
2018-02-06 12.250 2.469
2018-02-08 13.250 2.265
2018-02-11 10.583 2.571
2018-02-13 10.983 3.510
2018-02-16 9.917 3.122
2018-02-18 9.833 2.898
2018-02-21 7.883 3.633
2018-02-23 7.000 2.633
2018-02-26 6.783 2.816
2018-02-28 4.083 3.388
2018-03-03 3.933 3.531
2018-03-05 4.300 3.592
2018-03-08 6.867 4.204
2018-03-13 7.817 4.122
2018-03-15 6.717 3.531
2018-03-20 5.736 4.224
2018-03-23 6.783 3.490
2018-03-25 8.131 4.490
2018-03-28 8.350 4.306
2018-03-30 9.733 3.367
2018-04-02 9.950 4.204
2018-04-04 9.719 4.286
2018-04-07 9.519 4.429
2018-04-09 9.519 4.449
2018-04-12 9.483 4.224
2018-04-14 10.150 4.286
2018-04-17 10.081 4.918
2018-04-19 11.807 5.224
2018-04-22 11.538 6.204
2018-04-24 11.243 5.551
2018-04-27 11.186 6.531
2018-04-29 11.236 6.878
2018-05-02 11.390 5.898
2018-05-04 11.533 5.857
2018-05-07 10.390 5.857
2018-05-09 10.688 6.633
2018-05-12 11.244 7.592
2018-05-14 11.431 7.184
2018-05-17 11.438 6.551
2018-05-19 11.724 6.041
2018-05-22 12.136 5.918
2018-05-24 12.400 5.571
2018-05-27 12.500 4.592
2018-05-29 14.050 4.592
2018-06-01 13.498 4.776
2018-06-03 12.313 5.571
2018-06-06 13.170 5.571
2018-06-08 13.668 5.673
2018-06-11 13.274 5.633
2018-06-16 12.533 6.490
2018-06-18 12.915 6.224
2018-06-21 12.740 6.122
2018-06-28 11.788 5.776
2018-07-01 11.610 6.571
2018-07-03 12.212 6.469
2018-07-06 11.802 5.490
2018-07-08 11.390 5.245
2018-07-11 10.750 4.347
2018-07-13 12.252 5.286
2018-07-16 14.719 5.041
2018-07-18 13.949 5.490
2018-07-21 14.160 4.735
2018-07-23 13.730 5.020
2018-07-26 12.907 6.000
2018-07-28 12.596 6.755
2018-07-31 13.463 6.755
2018-08-02 13.151 6.959
2018-08-05 13.560 7.551
2018-08-07 12.879 7.490
2018-08-10 12.907 7.469
2018-08-12 11.897 7.531
2018-08-15 10.851 7.286
2018-08-17 11.202 7.612
2018-08-20 10.907 8.551
2018-08-22 10.878 9.265
2018-08-25 11.036 8.286
2018-08-27 11.382 8.469
2018-08-30 10.928 7.490
2018-09-01 10.962 6.490
2018-09-04 10.498 5.898
2018-09-06 11.143 5.857
2018-09-09 11.076 5.918
2018-09-11 12.362 5.327
2018-09-14 12.683 5.000
2018-09-16 11.800 5.000
2018-09-19 12.443 4.694
2018-09-21 13.750 4.490
2018-09-24 13.433 4.755
2018-09-26 13.450 4.143
2018-09-29 13.417 5.122
2018-10-01 13.204 5.469
2018-10-04 13.484 6.449
2018-10-06 13.081 6.163
2018-10-09 13.267 6.204
2018-10-11 12.222 6.796
2018-10-14 12.185 7.735
2018-10-16 12.832 7.735
2018-10-19 13.412 7.918
2018-10-21 13.037 8.102
2018-10-24 13.021 7.837
2018-10-26 12.671 7.959
2018-10-29 12.619 6.980
2018-10-31 12.861 6.980
2018-11-03 12.425 6.000
2018-11-05 12.633 6.020
2018-11-08 12.648 5.959
2018-11-10 13.552 5.163
2018-11-13 13.800 4.184
2018-11-15 12.783 3.204
2018-11-18 11.550 3.367
2018-11-20 11.367 3.306
2018-11-25 13.083 2.796
2018-11-30 12.250 2.449
2018-12-03 11.517 2.633
2018-12-05 12.083 2.347
2018-12-08 12.517 2.878
2018-12-10 12.417 2.694
2018-12-15 12.417 2.673
2018-12-18 12.917 2.551
2018-12-20 13.250 2.041
2018-12-28 10.550 2.898
2019-01-02 11.500 2.857
2019-01-04 11.500 2.898
2019-01-07 10.667 2.327
2019-01-09 10.833 2.306
2019-01-17 7.833 1.469
2019-01-19 5.667 1.878
2019-01-24 6.583 2.102
2019-01-27 3.833 1.245
2019-01-29 5.167 1.673
2019-02-01 4.333 1.531
2019-02-03 4.333 1.490
2019-02-06 4.333 1.571
2019-02-08 4.583 2.571
2019-02-13 6.567 3.571
2019-02-16 7.933 4.531
2019-02-18 10.150 4.714
2019-02-21 10.305 5.204
2019-02-23 11.198 5.980
2019-02-26 11.512 6.918
2019-02-28 12.537 7.490
2019-03-03 12.375 8.163
2019-03-05 12.260 8.286
2019-03-08 12.017 8.490
2019-03-10 13.067 7.490
2019-03-13 13.264 7.796
2019-03-15 13.571 6.796
2019-03-18 13.745 6.020
2019-03-20 14.183 5.796
2019-03-23 14.664 6.306
2019-03-25 15.079 5.633
2019-03-28 14.013 5.490
2019-03-30 11.981 5.490
2019-04-02 12.646 5.551
2019-04-04 12.898 5.429
2019-04-07 13.263 5.510
2019-04-09 12.856 5.673
2019-04-12 12.161 5.551
2019-04-14 12.337 5.735
2019-04-17 12.460 6.510
2019-04-19 12.164 6.735
2019-04-22 11.750 6.388
2019-04-24 11.278 7.061
2019-04-27 11.944 6.469
2019-04-29 12.682 5.469
2019-05-02 12.251 5.633
2019-05-07 12.426 5.265
2019-05-09 12.817 5.184
2019-05-12 13.014 5.000
2019-05-14 12.405 5.020
2019-05-17 12.429 5.020
2019-05-19 11.164 5.020
2019-05-22 10.667 4.367
2019-05-24 11.450 4.367
2019-05-27 11.250 4.163
2019-06-01 12.617 4.245
2019-06-03 14.186 5.245
2019-06-06 14.090 5.367
2019-06-08 14.131 5.286
2019-06-13 14.081 6.061
2019-06-16 14.267 5.143
2019-06-18 15.067 5.143
2019-06-21 14.424 5.571
2019-06-23 14.550 4.571
2019-06-26 14.943 5.551
2019-06-28 14.655 6.551
2019-07-01 15.177 6.306
2019-07-03 14.771 5.551
2019-07-06 16.051 6.306
2019-07-13 16.879 5.327
2019-07-16 17.315 6.061
2019-07-18 17.770 5.388
2019-07-21 18.133 5.265
2019-07-23 18.744 6.265
2019-07-26 17.720 6.265
2019-07-28 19.055 5.265
2019-07-31 18.433 4.531
2019-08-02 17.900 4.633
2019-08-05 15.800 3.878
2019-08-15 14.750 3.082
2019-08-17 17.000 2.898
2019-08-20 17.750 2.592
2019-08-22 16.000 1.735
2019-08-25 13.167 1.449
2019-08-27 12.167 2.429
2019-08-30 12.833 3.408
2019-09-01 13.633 3.898
2019-09-04 14.367 4.755
2019-09-11 13.886 5.714
2019-09-14 13.829 5.776
2019-09-16 13.840 5.959
2019-09-19 13.780 6.898
2019-09-21 13.476 7.755
2019-09-24 13.393 7.735
2019-09-26 14.027 6.755
2019-09-29 13.712 6.776
2019-10-01 13.539 6.939
2019-10-04 12.824 5.959
2019-10-11 13.433 5.122
2019-10-14 13.829 6.041
2019-10-16 12.900 6.653
2019-10-19 12.938 5.714
2019-10-21 12.950 4.714
2019-10-24 12.742 4.041
2019-10-26 12.908 4.714
2019-10-29 13.150 3.714
2019-10-31 13.000 2.959
2019-11-10 12.917 2.837
2019-11-13 11.250 1.857
2019-11-15 11.500 0.918
2019-11-18 15.667 1.878
2019-11-23 13.167 2.490
2019-11-25 13.000 1.816
2019-11-28 12.583 2.041
2019-11-30 11.667 1.939
2019-12-03 13.083 2.714
2019-12-05 13.417 2.918
2019-12-08 13.833 3.184
2019-12-10 13.750 3.245
2019-12-15 12.833 3.714
2019-12-18 12.633 3.755
2019-12-20 12.800 3.796
2019-12-23 13.483 3.184
2019-12-28 12.650 3.306
2019-12-30 12.483 4.163
2020-01-02 11.933 3.878
2020-01-04 11.967 3.673
2020-01-07 11.517 3.408
2020-01-09 11.167 3.653
2020-01-12 10.545 4.449
2020-01-14 11.212 4.082
2020-01-17 12.969 3.939
2020-01-19 12.836 3.918
2020-01-24 13.379 4.551
2020-01-27 14.192 4.980
2020-01-29 13.852 3.980
2020-02-01 13.517 4.000
2020-02-06 12.769 5.000
2020-02-08 13.212 5.694
2020-02-11 14.029 4.959
2020-02-13 13.986 4.857
2020-02-16 12.167 4.000
2020-02-18 11.833 4.286
2020-02-21 13.050 5.061
2020-02-23 12.850 4.429
2020-02-26 11.733 4.184
2020-02-28 11.450 4.612
2020-03-02 11.317 4.102
2020-03-04 11.317 4.122
2020-03-07 11.083 3.122
2020-03-09 11.500 2.122
2020-03-12 10.750 2.367
2020-03-14 10.917 2.653
2020-03-19 9.667 3.347
2020-03-22 4.717 3.551
2020-03-24 3.829 4.551
2020-03-27 2.312 4.939
2020-03-29 1.850 4.510
2020-04-01 1.557 5.490
2020-04-03 1.470 6.408
2020-04-06 1.462 7.388
2020-04-08 1.301 8.388
2020-04-11 1.136 9.061
2020-04-13 0.811 9.653
2020-04-16 0.736 10.633
2020-04-18 0.555 10.531
2020-04-21 0.393 10.408
2020-04-23 0.484 10.408
2020-04-26 0.573 10.490
2020-05-01 0.604 9.694
2020-05-03 0.547 8.755
2020-05-06 0.436 8.776
2020-05-08 0.436 8.755
2020-05-11 0.490 7.776
2020-05-13 0.411 6.898
2020-05-16 0.435 6.551
2020-05-18 0.577 6.653
2020-05-21 0.744 6.286
2020-05-23 0.567 5.286
2020-05-26 0.450 4.286
2020-05-31 0.417 4.265
2020-06-02 0.710 5.265
2020-06-05 0.867 4.265
2020-06-07 1.117 3.286
2020-06-12 1.617 4.286
2020-06-15 2.033 3.653
2020-06-17 2.667 2.653
2020-06-20 2.500 2.163
2020-06-22 2.750 2.286
2020-06-25 2.250 2.388
2020-06-27 2.700 3.020
2020-06-30 2.750 3.204
2020-07-02 3.000 2.735
2020-07-05 4.083 3.735
2020-07-07 3.683 4.286
2020-07-10 4.500 5.265
2020-07-12 4.948 4.714
2020-07-15 4.948 4.755
2020-07-17 4.680 4.918
2020-07-22 4.402 5.796
2020-07-25 4.515 5.980
2020-07-27 5.753 6.347
2020-07-30 5.676 6.980
