2015-07 8.500 1.694
2015-08 13.467 4.980
2015-09 6.000 2.735
2015-10 11.500 0.959
2015-11 16.333 1.408
2015-12 8.000 1.020
2016-01 6.500 1.408
2016-02 10.000 0.653
2016-03 9.500 0.816
2016-04 11.750 1.898
2016-05 11.000 3.367
2016-06 5.500 0.694
2016-07 12.083 3.388
2016-08 12.767 3.776
2016-09 11.600 4.082
2016-10 12.333 1.653
2016-11 14.167 1.327
2016-12 13.500 0.837
2017-01 3.000 1.000
2017-02 11.167 1.796
2017-03 11.000 1.939
2017-04 14.000 1.163
2017-05 13.167 2.265
2017-06 9.000 3.694
2017-07 12.167 6.184
2017-08 12.933 7.265
2017-09 13.833 3.857
2017-10 11.933 4.510
2017-11 5.000 0.367
2017-12 13.167 2.143
2018-01 13.750 2.245
2018-02 4.083 3.388
2018-03 9.733 3.367
2018-04 11.236 6.878
2018-05 14.050 4.592
2018-06 11.740 5.837
2018-07 12.864 7.735
2018-08 10.928 7.490
2018-09 13.417 5.122
2018-10 12.711 7.327
2018-11 12.250 2.490
2018-12 10.550 2.918
2019-01 5.167 1.694
2019-02 12.537 7.633
2019-03 11.981 5.571
2019-04 12.682 5.633
2019-05 11.250 4.245
2019-06 14.655 6.694
2019-07 19.019 5.367
2019-08 12.833 3.510
2019-09 13.712 6.918
2019-10 13.225 4.041
2019-11 11.667 1.980
2019-12 12.483 4.224
2020-01 13.852 4.020
2020-02 11.450 4.714
2020-03 1.850 4.612
2020-04 0.573 10.714
2020-05 0.417 4.551
2020-06 2.750 3.265
2020-07 5.676 7.143
