2015-06 12.000 0.980
2015-07 0.000 0.327
2015-08 7.100 3.204
2015-09 0.333 2.551
2015-11 8.000 1.469
2015-12 1.733 1.306
2016-01 4.250 2.041
2016-02 5.000 0.857
2016-03 7.500 2.776
2016-04 6.917 1.857
2016-05 5.617 2.347
2016-06 3.500 1.041
2016-07 4.150 3.184
2016-08 6.750 2.245
2016-09 6.850 3.367
2016-10 4.000 1.776
2016-11 11.667 1.673
2016-12 6.133 3.449
2017-01 8.000 1.204
2017-02 8.833 2.204
2017-03 6.133 3.551
2017-04 7.067 1.837
2017-05 8.167 2.347
2017-06 5.833 1.694
2017-07 7.682 6.163
2017-08 9.826 5.857
2017-09 7.350 2.837
2017-10 6.190 5.204
2017-11 7.411 4.408
2017-12 3.932 4.755
2018-01 4.083 3.367
2018-02 7.633 4.184
2018-03 4.310 5.000
2018-04 4.819 4.449
2018-05 5.167 2.490
2018-06 8.352 5.755
2018-07 6.243 6.531
2018-08 7.219 6.878
2018-09 8.188 7.837
2018-10 7.094 6.898
2018-11 7.000 2.000
2018-12 5.976 4.857
2019-01 7.319 5.245
2019-02 7.144 6.388
2019-03 8.358 7.816
2019-04 5.763 4.102
2019-05 2.367 1.837
2019-06 7.479 5.796
2019-07 9.162 7.694
2019-08 9.693 5.286
2019-09 12.736 4.429
2019-10 3.217 2.041
2019-11 11.000 1.347
2019-12 8.706 3.612
2020-01 7.396 7.327
2020-02 5.095 3.837
2020-03 4.167 2.612
2020-04 0.994 5.102
2020-05 0.458 4.449
2020-06 2.593 5.429
2020-07 2.976 7.388
