2015-06-27 12.000 0.980
2015-07-30 0.000 0.327
2015-08-06 9.000 1.327
2015-08-09 9.667 1.449
2015-08-16 9.333 2.143
2015-08-19 9.333 2.224
2015-08-26 7.400 3.082
2015-08-29 7.100 3.204
2015-09-05 4.917 2.204
2015-09-08 4.583 2.429
2015-09-15 2.250 2.735
2015-09-18 2.150 2.857
2015-09-25 0.450 3.000
2015-09-28 0.333 2.551
2015-10-08 0.000 2.204
2015-10-15 0.000 1.204
2015-10-18 0.000 1.000
2015-11-17 0.000 0.020
2015-11-24 8.000 1.020
2015-11-27 8.000 1.469
2015-12-07 8.000 1.755
2015-12-17 7.667 2.061
2015-12-24 2.500 1.102
2015-12-27 1.250 1.020
2016-01-03 1.400 1.082
2016-01-06 0.700 1.102
2016-01-13 3.500 2.102
2016-01-16 3.583 2.204
2016-01-23 3.617 2.163
2016-01-26 4.250 2.041
2016-02-02 4.000 1.980
2016-02-05 4.000 2.122
2016-02-12 4.667 1.163
2016-02-15 4.500 1.102
2016-02-25 5.000 0.857
2016-03-03 7.833 1.857
2016-03-06 7.667 1.673
2016-03-13 6.167 1.694
2016-03-16 6.500 1.327
2016-03-23 7.333 2.327
2016-03-26 7.500 2.776
2016-04-02 8.500 1.776
2016-04-05 8.500 1.510
2016-04-12 7.500 1.816
2016-04-15 7.500 1.918
2016-04-22 6.417 1.878
2016-04-25 6.917 1.857
2016-05-02 7.950 2.408
2016-05-05 8.033 2.653
2016-05-12 7.533 2.286
2016-05-15 6.900 2.612
2016-05-22 5.500 2.490
2016-05-25 5.617 2.347
2016-06-01 3.417 1.796
2016-06-04 3.500 1.551
2016-06-14 4.500 1.286
2016-06-21 6.000 0.878
2016-06-24 3.500 1.041
2016-07-01 3.333 1.878
2016-07-11 4.083 2.551
2016-07-14 3.833 2.816
2016-07-21 3.583 3.041
2016-07-24 4.117 3.020
2016-07-31 3.650 2.347
2016-08-03 3.367 2.776
2016-08-10 6.200 3.082
2016-08-13 6.567 3.061
2016-08-20 7.750 2.408
2016-08-23 7.000 2.408
2016-08-30 6.750 2.245
2016-09-02 6.917 1.959
2016-09-09 5.167 1.898
2016-09-12 4.917 1.857
2016-09-19 6.483 2.857
2016-09-22 6.750 2.490
2016-09-29 6.850 3.367
2016-10-02 6.667 3.551
2016-10-09 6.400 2.633
2016-10-12 6.200 2.714
2016-10-19 6.000 1.714
2016-10-22 6.000 1.653
2016-10-29 4.000 1.776
2016-11-01 4.000 1.469
2016-11-08 7.500 2.469
2016-11-11 8.000 2.245
2016-11-28 11.667 1.673
2016-12-01 11.583 1.857
2016-12-08 6.667 1.796
2016-12-11 6.500 1.735
2016-12-18 6.333 2.388
2016-12-21 6.333 2.429
2016-12-28 6.667 3.000
2016-12-31 6.283 3.245
2017-01-07 6.450 3.306
2017-01-10 6.533 3.143
2017-01-17 5.583 2.490
2017-01-20 5.667 2.449
2017-01-27 7.000 1.653
2017-01-30 8.000 1.204
2017-02-06 2.000 0.204
2017-02-09 2.000 0.265
2017-02-16 8.500 1.265
2017-02-19 9.000 1.490
2017-02-26 8.833 2.204
2017-03-01 8.583 2.653
2017-03-08 7.533 3.653
2017-03-11 7.667 4.041
2017-03-18 7.383 3.347
2017-03-21 7.267 3.122
2017-03-28 5.900 3.204
2017-03-31 6.200 3.102
2017-04-07 6.500 2.327
2017-04-10 6.167 2.327
2017-04-17 6.917 2.612
2017-04-20 7.100 3.041
2017-04-27 7.417 2.041
2017-04-30 7.067 1.837
2017-05-07 7.167 1.612
2017-05-10 7.167 1.163
2017-05-17 8.000 1.510
2017-05-20 8.000 1.082
2017-05-27 7.667 2.082
2017-05-30 8.167 2.347
2017-06-06 8.167 2.429
2017-06-16 8.500 1.592
2017-06-19 8.333 2.041
2017-06-26 6.333 1.796
2017-06-29 5.833 1.633
2017-07-01 7.583 2.531
2017-07-04 7.493 2.939
2017-07-06 6.319 3.857
2017-07-11 6.179 3.980
2017-07-14 6.125 4.122
2017-07-16 6.835 5.020
2017-07-19 7.160 4.959
2017-07-24 7.244 5.265
2017-07-26 7.469 5.510
2017-07-29 7.754 5.327
2017-07-31 7.194 5.265
2017-08-03 7.522 5.082
2017-08-05 9.129 5.061
2017-08-10 9.179 4.939
2017-08-13 9.185 5.082
2017-08-15 8.702 5.082
2017-08-18 8.581 4.714
2017-08-20 8.385 5.714
2017-08-23 8.486 5.837
2017-08-25 8.836 5.816
2017-08-28 8.574 5.755
2017-08-30 9.826 5.857
2017-09-02 9.695 5.633
2017-09-04 8.588 5.041
2017-09-07 8.393 5.449
2017-09-12 8.179 5.592
2017-09-14 8.655 4.592
2017-09-17 8.393 4.959
2017-09-19 8.738 3.959
2017-09-22 8.500 3.531
2017-09-24 8.867 3.469
2017-09-27 8.748 3.776
2017-09-29 7.350 2.837
2017-10-04 8.750 2.571
2017-10-07 8.550 2.592
2017-10-09 8.183 3.592
2017-10-12 8.517 3.612
2017-10-14 8.045 4.612
2017-10-17 8.045 4.653
2017-10-19 8.162 4.776
2017-10-22 8.004 5.020
2017-10-24 6.226 5.082
2017-10-27 6.190 5.204
2017-11-01 6.028 5.653
2017-11-03 6.783 6.531
2017-11-06 6.933 6.102
2017-11-08 6.581 5.102
2017-11-11 6.420 5.102
2017-11-13 6.512 4.122
2017-11-16 6.462 4.143
2017-11-18 6.286 5.020
2017-11-21 6.351 5.224
2017-11-23 7.167 4.388
2017-11-26 7.411 4.408
2017-12-01 7.643 3.959
2017-12-03 5.143 3.959
2017-12-06 4.982 4.408
2017-12-08 4.909 4.571
2017-12-11 4.911 4.122
2017-12-13 4.927 5.102
2017-12-16 4.968 4.980
2017-12-18 4.849 4.531
2017-12-23 4.474 4.571
2017-12-26 4.152 4.122
2017-12-28 3.960 4.571
2017-12-31 3.932 4.755
2018-01-02 3.882 4.755
2018-01-05 4.117 4.347
2018-01-07 4.076 4.184
2018-01-10 4.000 4.347
2018-01-12 3.467 4.041
2018-01-15 3.568 3.755
2018-01-17 3.343 3.245
2018-01-20 3.233 2.796
2018-01-22 4.093 3.510
2018-01-27 4.083 3.102
2018-01-30 4.083 3.367
2018-02-01 4.283 2.367
2018-02-04 4.600 2.755
2018-02-09 4.667 2.653
2018-02-11 7.300 2.776
2018-02-14 7.067 3.163
2018-02-16 6.333 3.776
2018-02-21 7.500 3.878
2018-02-26 7.452 4.633
2018-03-01 7.633 4.245
2018-03-06 7.700 3.816
2018-03-08 6.967 4.816
2018-03-11 7.000 4.755
2018-03-13 6.533 4.735
2018-03-16 6.783 4.755
2018-03-18 7.250 4.102
2018-03-21 7.217 4.429
2018-03-23 5.050 4.429
2018-03-26 4.867 4.857
2018-03-28 4.310 4.959
2018-03-31 4.310 4.898
2018-04-02 3.988 5.551
2018-04-05 4.157 5.980
2018-04-07 3.879 5.306
2018-04-12 2.938 4.510
2018-04-15 2.950 4.061
2018-04-17 3.045 5.061
2018-04-20 2.726 5.163
2018-04-22 3.910 5.163
2018-04-25 4.338 5.143
2018-04-27 4.900 4.245
2018-04-30 4.819 4.449
2018-05-02 5.733 3.796
2018-05-05 5.800 3.653
2018-05-07 6.052 3.653
2018-05-10 6.137 4.000
2018-05-12 5.683 4.796
2018-05-15 5.742 4.939
2018-05-17 6.701 4.143
2018-05-20 6.997 3.714
2018-05-22 4.427 2.714
2018-05-25 4.979 2.612
2018-05-30 5.167 2.490
2018-06-01 10.964 3.408
2018-06-04 10.950 3.122
2018-06-06 11.000 2.980
2018-06-09 10.500 3.061
2018-06-11 13.083 2.265
2018-06-14 12.567 2.571
2018-06-16 11.783 3.347
2018-06-19 11.719 3.796
2018-06-21 10.196 4.776
2018-06-24 10.162 4.531
2018-06-26 8.221 5.408
2018-06-29 8.352 5.755
2018-07-01 6.311 5.816
2018-07-04 6.128 6.245
2018-07-06 6.669 6.959
2018-07-09 6.778 6.939
2018-07-11 6.660 7.265
2018-07-14 6.906 7.020
2018-07-16 5.856 6.041
2018-07-19 5.881 6.000
2018-07-21 5.538 5.041
2018-07-24 5.283 5.388
2018-07-26 5.435 5.510
2018-07-29 5.224 5.531
2018-07-31 6.952 5.551
2018-08-03 7.077 5.531
2018-08-05 7.269 5.633
2018-08-08 7.305 5.633
2018-08-10 7.608 6.224
2018-08-13 7.406 6.020
2018-08-15 6.856 7.020
2018-08-18 6.752 7.041
2018-08-20 6.595 8.020
2018-08-23 6.815 7.878
2018-08-25 7.408 6.898
2018-08-28 7.508 6.898
2018-08-30 7.219 6.878
2018-09-02 7.183 6.510
2018-09-04 6.733 6.510
2018-09-07 7.098 6.531
2018-09-09 6.572 6.592
2018-09-12 6.455 7.020
2018-09-14 7.344 6.980
2018-09-17 7.528 6.673
2018-09-22 7.514 6.837
2018-09-24 7.446 7.816
2018-09-27 7.530 7.816
2018-09-29 8.188 7.837
2018-10-02 8.152 8.224
2018-10-04 8.136 8.224
2018-10-07 7.940 8.184
2018-10-09 7.682 8.184
2018-10-12 7.773 8.163
2018-10-14 7.651 8.184
2018-10-17 7.596 8.367
2018-10-19 7.721 8.347
2018-10-22 7.546 8.347
2018-10-24 7.796 8.347
2018-10-27 7.739 7.898
2018-10-29 7.094 6.898
2018-11-01 7.061 6.469
2018-11-03 7.155 5.469
2018-11-06 6.810 5.082
2018-11-08 7.733 4.102
2018-11-11 7.583 3.694
2018-11-13 7.333 2.714
2018-11-16 7.333 2.408
2018-11-18 8.333 2.388
2018-11-21 8.000 1.959
2018-11-23 8.000 0.959
2018-11-26 8.000 1.000
2018-11-28 7.000 2.000
2018-12-01 6.833 2.143
2018-12-03 6.583 3.143
2018-12-06 6.617 3.469
2018-12-08 6.717 4.469
2018-12-11 6.576 4.898
2018-12-13 6.776 4.918
2018-12-16 6.776 5.020
2018-12-18 6.276 4.571
2018-12-21 6.102 4.857
2018-12-23 6.061 5.102
2018-12-26 6.176 5.388
2018-12-28 6.168 4.388
2018-12-31 5.994 4.694
2019-01-02 7.762 4.694
2019-01-05 7.563 4.816
2019-01-07 9.071 4.816
2019-01-10 8.904 4.837
2019-01-12 8.654 4.816
2019-01-15 8.435 5.163
2019-01-17 8.639 4.694
2019-01-20 8.643 4.857
2019-01-22 7.514 5.592
2019-01-25 7.267 5.694
2019-01-30 7.319 5.245
2019-02-01 5.768 4.245
2019-02-04 5.911 4.245
2019-02-06 6.429 4.245
2019-02-09 6.429 4.224
2019-02-11 5.833 5.224
2019-02-14 5.958 5.224
2019-02-16 6.194 6.184
2019-02-19 6.194 6.184
2019-02-21 6.958 6.041
2019-02-24 7.181 6.061
2019-02-26 7.144 6.388
2019-03-01 7.239 6.796
2019-03-03 7.109 7.796
2019-03-06 7.123 7.347
2019-03-08 7.023 7.306
2019-03-11 7.130 7.020
2019-03-13 7.680 7.000
2019-03-16 7.686 6.551
2019-03-18 7.711 6.551
2019-03-21 7.736 6.551
2019-03-23 8.136 6.714
2019-03-26 7.997 6.714
2019-03-28 8.244 7.367
2019-03-31 8.244 7.408
2019-04-02 7.900 7.061
2019-04-05 7.900 7.102
2019-04-07 7.811 6.143
2019-04-10 7.825 6.000
2019-04-12 8.000 5.020
2019-04-15 8.111 5.429
2019-04-17 7.972 5.408
2019-04-20 8.383 5.367
2019-04-22 6.885 4.714
2019-04-25 7.013 4.265
2019-04-27 5.930 4.122
2019-04-30 5.763 4.102
2019-05-02 6.676 3.449
2019-05-05 6.733 3.408
2019-05-07 6.748 4.020
2019-05-10 6.506 4.306
2019-05-12 6.464 4.367
2019-05-15 6.392 4.204
2019-05-17 6.533 3.265
2019-05-20 6.100 2.857
2019-05-22 5.817 2.510
2019-05-25 5.933 2.653
2019-05-27 2.283 1.816
2019-05-30 2.367 1.837
2019-06-01 7.193 2.816
2019-06-04 7.435 3.224
2019-06-06 6.992 2.898
2019-06-09 7.410 2.612
2019-06-11 7.433 2.551
2019-06-14 7.700 2.388
2019-06-16 8.626 3.347
2019-06-19 8.287 3.755
2019-06-21 7.638 4.531
2019-06-24 7.278 4.816
2019-06-26 7.379 5.816
2019-06-29 7.479 5.796
2019-07-01 8.048 5.755
2019-07-04 8.017 5.776
2019-07-06 8.350 6.490
2019-07-09 8.406 6.694
2019-07-14 8.505 7.020
2019-07-16 8.220 7.020
2019-07-19 8.259 6.918
2019-07-21 9.091 7.122
2019-07-24 9.182 7.102
2019-07-26 9.382 7.102
2019-07-29 9.191 7.102
2019-07-31 9.018 6.755
2019-08-03 9.100 6.755
2019-08-05 8.425 6.735
2019-08-08 8.422 6.939
2019-08-10 8.196 7.612
2019-08-13 8.185 7.204
2019-08-15 7.960 6.551
2019-08-18 8.066 6.531
2019-08-20 6.822 5.551
2019-08-23 6.980 5.224
2019-08-25 8.295 5.224
2019-08-28 8.619 4.878
2019-08-30 9.693 5.286
2019-09-02 9.735 5.245
2019-09-04 10.972 4.857
2019-09-07 11.140 4.449
2019-09-09 14.012 4.776
2019-09-12 13.959 5.204
2019-09-14 13.301 5.816
2019-09-17 13.347 5.980
2019-09-19 13.364 6.020
2019-09-22 13.403 5.939
2019-09-24 13.220 4.980
2019-09-27 13.298 4.898
2019-09-29 12.760 4.367
2019-10-02 12.569 4.429
2019-10-04 12.210 3.918
2019-10-07 12.339 4.347
2019-10-09 9.276 3.347
2019-10-12 9.267 2.939
2019-10-14 7.700 2.020
2019-10-17 7.750 1.878
2019-10-19 7.750 1.837
2019-10-22 7.200 2.082
2019-10-24 7.250 2.041
2019-10-27 6.883 2.469
2019-10-29 3.100 2.000
2019-11-01 3.083 1.551
2019-11-03 2.917 1.469
2019-11-06 1.833 1.041
2019-11-08 2.833 1.082
2019-11-11 2.833 1.061
2019-11-13 11.750 2.020
2019-11-16 11.500 1.714
2019-11-18 11.000 1.735
2019-11-21 11.500 1.490
2019-11-26 13.000 1.061
2019-11-28 11.000 1.347
2019-12-03 11.000 1.367
2019-12-06 11.000 1.796
2019-12-08 9.167 2.449
2019-12-13 2.333 1.449
2019-12-18 2.333 1.429
2019-12-21 2.167 1.735
2019-12-23 7.650 2.735
2019-12-26 8.033 3.082
2019-12-28 8.810 3.367
2019-12-31 8.706 3.612
2020-01-02 8.440 4.592
2020-01-05 8.173 4.612
2020-01-07 8.976 4.531
2020-01-10 8.873 4.837
2020-01-12 8.536 5.837
2020-01-15 8.464 5.980
2020-01-17 8.738 6.959
2020-01-20 8.907 7.082
2020-01-22 8.752 7.061
2020-01-25 8.600 6.776
2020-01-27 7.519 7.184
2020-01-30 7.396 7.327
2020-02-01 7.044 6.327
2020-02-04 7.110 6.082
2020-02-06 6.925 5.776
2020-02-09 6.898 5.857
2020-02-11 6.005 5.857
2020-02-14 5.922 6.163
2020-02-16 4.994 5.204
2020-02-19 4.833 5.163
2020-02-21 3.708 4.531
2020-02-24 4.167 4.918
2020-02-26 4.923 4.224
2020-02-29 5.095 3.837
2020-03-05 5.167 3.633
2020-03-07 5.786 4.327
2020-03-10 6.033 3.939
2020-03-12 6.550 2.959
2020-03-15 7.083 2.510
2020-03-17 5.917 3.490
2020-03-20 5.850 3.265
2020-03-22 5.917 2.918
2020-03-25 4.917 2.673
2020-03-27 4.167 2.612
2020-04-01 3.833 2.735
2020-04-04 3.667 3.163
2020-04-06 1.583 3.163
2020-04-09 1.450 3.612
2020-04-11 1.317 4.592
2020-04-14 1.226 5.020
2020-04-16 0.700 4.224
2020-04-19 0.700 4.061
2020-04-24 0.667 4.286
2020-04-26 0.917 4.653
2020-04-29 0.994 5.102
2020-05-01 1.077 4.980
2020-05-04 0.935 4.980
2020-05-06 0.810 4.265
2020-05-09 0.810 4.163
2020-05-11 1.167 3.184
2020-05-14 1.167 3.020
2020-05-16 1.167 2.816
2020-05-19 1.286 3.041
2020-05-21 0.750 4.041
2020-05-24 0.750 4.020
2020-05-26 0.583 4.265
2020-05-29 0.476 3.816
2020-05-31 0.458 4.449
2020-06-03 0.458 4.429
2020-06-05 1.194 5.041
2020-06-08 1.208 4.694
2020-06-10 1.408 4.816
2020-06-13 1.408 4.939
2020-06-15 1.708 5.082
2020-06-18 1.583 5.102
2020-06-23 1.726 5.122
2020-06-25 1.917 5.204
2020-06-28 2.036 5.633
2020-06-30 2.593 5.429
2020-07-03 2.736 5.388
2020-07-05 2.983 5.490
2020-07-08 2.904 5.898
2020-07-10 3.119 6.673
2020-07-13 3.185 6.388
2020-07-15 2.790 6.735
2020-07-18 2.815 6.755
2020-07-20 3.643 6.735
2020-07-23 3.629 6.735
2020-07-25 3.611 6.816
2020-07-28 3.591 6.837
2020-07-30 2.976 7.388
