2015-07-06 22.000 1.000
2015-07-16 27.000 2.000
2015-07-29 27.833 2.347
2015-08-05 27.333 1.959
2015-08-15 14.000 0.959
2015-08-28 10.000 0.816
2015-09-04 4.000 0.204
2015-09-14 11.000 0.816
2015-09-27 10.000 0.612
2015-10-04 19.500 1.041
2015-10-14 17.000 0.429
2015-11-16 3.000 0.102
2015-11-26 10.000 0.714
2015-12-03 16.500 1.592
2015-12-06 15.917 1.837
2015-12-16 15.667 1.735
2015-12-23 16.917 2.531
2015-12-26 17.417 2.531
2016-01-02 18.667 1.898
2016-01-05 19.833 1.653
2016-01-12 19.167 1.776
2016-01-22 16.000 0.980
2016-01-25 17.500 0.980
2016-02-01 17.000 0.735
2016-02-11 20.500 1.531
2016-02-14 20.833 1.571
2016-02-24 19.500 0.959
2016-03-12 26.500 1.041
2016-03-15 27.500 1.612
2016-03-22 26.833 1.816
2016-04-01 26.750 2.388
2016-04-04 26.417 2.551
2016-04-11 23.333 1.551
2016-04-14 16.667 1.327
2016-04-21 15.500 1.122
2016-05-01 22.333 1.551
2016-05-04 21.500 2.000
2016-05-14 23.000 1.612
2016-05-21 20.333 2.122
2016-05-31 12.500 1.122
2016-06-03 8.000 0.510
2016-06-23 14.000 0.612
2016-07-10 17.000 0.980
2016-07-13 16.000 1.041
2016-07-23 11.000 0.959
2016-08-09 12.833 1.000
2016-08-12 14.333 1.551
2016-08-19 17.083 1.714
2016-08-22 19.917 1.796
2016-09-01 19.033 2.408
2016-09-08 24.400 2.776
2016-09-11 24.917 2.163
2016-09-18 24.000 2.000
2016-09-21 23.833 2.000
2016-10-01 23.000 1.510
2016-10-08 15.500 1.571
2016-10-11 15.333 2.020
2016-10-18 17.167 2.143
2016-10-21 15.167 1.571
2016-10-28 16.417 1.714
2016-10-31 18.350 2.204
2016-11-07 15.250 1.367
2016-11-10 14.667 0.918
2016-11-17 11.000 0.796
2016-11-20 11.500 0.755
2016-11-27 10.000 0.612
2016-11-30 17.000 0.612
2016-12-07 24.500 1.265
2016-12-10 25.333 1.347
2016-12-17 26.167 2.347
2016-12-20 25.150 2.633
2016-12-27 25.950 3.633
2016-12-30 26.650 3.020
2017-01-06 27.333 2.367
2017-01-09 26.833 2.286
2017-01-16 27.500 1.286
2017-01-19 26.500 1.612
2017-01-26 25.500 1.612
2017-02-08 25.333 1.776
2017-02-15 24.250 2.776
2017-02-18 21.417 2.673
2017-02-25 16.917 2.184
2017-02-28 16.817 2.224
2017-03-10 17.000 2.061
2017-03-17 8.833 1.061
2017-03-20 4.500 0.551
2017-03-27 18.000 1.041
2017-03-30 18.500 1.592
2017-04-06 18.833 1.939
2017-04-09 19.083 2.551
2017-04-16 18.283 2.796
2017-04-19 17.317 3.408
2017-04-26 11.167 2.449
2017-04-29 9.700 2.000
2017-05-06 8.833 1.653
2017-05-09 8.000 1.653
2017-05-16 15.667 2.184
2017-05-19 18.000 1.755
2017-05-26 26.700 2.714
2017-05-29 27.367 2.653
2017-06-05 27.450 2.694
2017-06-08 27.000 2.265
2017-06-15 26.833 2.490
2017-06-18 26.667 2.918
2017-06-25 19.533 2.531
2017-06-28 19.750 2.490
2017-07-03 19.333 2.571
2017-07-05 18.483 2.735
2017-07-08 19.067 2.551
2017-07-15 14.667 1.571
2017-07-18 12.250 1.571
2017-07-25 10.833 0.980
2017-07-28 11.500 1.000
2017-07-30 16.000 1.224
2017-08-02 16.500 1.143
2017-08-04 20.833 1.061
2017-08-07 22.083 1.551
2017-08-14 25.200 2.531
2017-08-17 25.167 1.918
2017-08-19 25.667 1.939
2017-08-22 27.533 2.551
2017-08-24 28.183 2.776
2017-08-27 28.567 3.306
2017-08-29 26.467 4.082
2017-09-01 26.031 4.347
2017-09-03 24.888 4.224
2017-09-06 25.090 3.735
2017-09-11 25.288 3.918
2017-09-13 26.383 2.918
2017-09-16 26.300 3.041
2017-09-18 26.300 3.020
2017-09-21 25.783 2.408
2017-09-23 25.567 2.163
2017-09-26 24.167 1.714
2017-09-28 9.500 0.714
2017-10-01 7.000 0.449
2017-10-03 18.000 1.449
2017-10-06 19.083 1.735
2017-10-11 18.000 1.551
2017-10-13 19.833 2.551
2017-10-16 20.000 3.041
2017-10-18 20.033 3.184
2017-10-21 20.250 3.306
2017-10-26 20.317 3.163
2017-10-28 21.733 3.388
2017-10-31 21.571 4.000
2017-11-02 23.067 3.000
2017-11-05 23.350 3.286
2017-11-07 22.048 4.286
2017-11-12 20.533 3.327
2017-11-15 21.383 2.714
2017-11-17 22.683 2.571
2017-11-20 22.250 2.449
2017-11-22 23.350 3.449
2017-11-27 22.100 3.224
2017-11-30 22.250 2.714
2017-12-02 22.250 2.735
2017-12-05 21.500 2.163
2017-12-07 22.500 1.163
2017-12-10 22.167 1.327
2017-12-12 23.250 1.816
2017-12-17 24.117 2.429
2017-12-22 26.750 1.429
2017-12-27 26.750 1.490
2017-12-30 26.667 1.388
2018-01-01 26.417 1.429
2018-01-09 26.000 1.265
2018-01-11 12.000 0.735
2018-01-14 15.500 1.347
2018-01-16 15.250 1.245
2018-01-19 16.033 1.367
2018-01-21 15.533 1.490
2018-01-26 13.200 1.673
2018-01-31 13.750 1.612
2018-02-08 9.867 2.143
2018-02-10 10.150 3.143
2018-02-13 5.750 2.531
2018-02-15 5.333 2.020
2018-02-18 6.917 2.245
2018-02-20 7.917 2.163
2018-02-25 13.417 2.918
2018-02-28 15.900 3.531
2018-03-05 15.317 3.878
2018-03-07 15.317 3.898
2018-03-10 17.000 3.367
2018-03-12 21.500 2.367
2018-03-20 21.833 2.020
2018-03-22 21.333 1.980
2018-03-25 20.917 2.020
2018-03-27 14.500 1.020
2018-03-30 2.000 0.408
2018-04-04 3.000 0.204
2018-04-06 30.000 1.184
2018-04-11 30.000 1.204
2018-04-16 31.667 1.367
2018-04-19 31.500 1.980
2018-04-21 27.817 2.980
2018-04-24 26.550 3.469
2018-04-26 25.883 3.857
2018-04-29 25.836 3.878
2018-05-01 25.252 4.224
2018-05-04 25.714 4.694
2018-05-06 21.933 4.694
2018-05-09 22.568 5.306
2018-05-11 23.294 6.286
2018-05-16 23.796 7.061
2018-05-19 23.642 7.061
2018-05-21 23.999 6.163
2018-05-24 24.604 5.959
2018-05-26 27.206 6.184
2018-05-29 27.224 6.163
2018-05-31 26.833 6.041
2018-06-03 26.556 5.449
2018-06-05 28.033 4.449
2018-06-08 27.633 3.857
2018-06-10 28.017 2.857
2018-06-15 22.750 2.163
2018-06-18 20.583 1.551
2018-06-20 24.083 2.449
2018-06-23 24.667 2.633
2018-06-25 25.833 3.020
2018-06-28 26.950 3.633
2018-06-30 25.583 4.408
2018-07-03 25.438 4.939
2018-07-08 25.236 5.367
2018-07-10 24.739 6.041
2018-07-13 24.573 6.531
2018-07-15 25.362 7.224
2018-07-18 24.994 7.571
2018-07-20 24.812 6.653
2018-07-23 24.990 6.755
2018-07-25 22.006 6.755
2018-07-28 21.901 6.714
2018-07-30 22.903 5.714
2018-08-02 22.710 5.755
2018-08-04 22.786 6.735
2018-08-07 23.462 6.571
2018-08-09 22.871 5.898
2018-08-12 23.056 5.653
2018-08-14 21.746 4.714
2018-08-17 21.213 4.959
2018-08-19 22.520 5.878
2018-08-22 21.935 5.633
2018-08-24 22.768 4.633
2018-08-27 22.079 4.061
2018-09-01 23.002 4.061
2018-09-03 24.660 3.612
2018-09-06 23.383 3.327
2018-09-08 22.943 4.327
2018-09-11 23.719 4.673
2018-09-16 25.048 4.449
2018-09-18 24.150 3.714
2018-09-21 24.826 3.510
2018-09-26 24.594 4.122
2018-09-28 24.877 4.510
2018-10-01 24.738 4.061
2018-10-03 25.350 3.551
2018-10-06 24.267 4.122
2018-10-08 26.748 4.122
2018-10-11 25.405 4.143
2018-10-13 23.929 5.143
2018-10-16 23.196 5.388
2018-10-18 24.863 6.122
2018-10-21 25.160 6.571
2018-10-23 24.854 6.714
2018-10-26 24.460 6.102
2018-10-28 23.571 5.714
2018-10-31 23.542 5.571
2018-11-02 23.102 6.286
2018-11-05 23.156 6.306
2018-11-07 21.631 5.306
2018-11-10 21.921 4.694
2018-11-12 24.117 3.694
2018-11-15 24.517 3.082
2018-11-17 16.050 3.061
2018-11-20 15.250 2.490
2018-11-22 15.583 2.347
2018-11-25 14.883 2.449
2018-11-27 14.500 3.000
2018-11-30 13.874 3.551
2018-12-02 13.483 2.816
2018-12-05 14.050 2.224
2018-12-10 14.150 2.755
2018-12-12 19.550 3.755
2018-12-17 20.793 3.163
2018-12-20 21.036 3.388
2018-12-25 20.560 3.898
2018-12-27 21.567 3.347
2018-12-30 22.567 2.796
2019-01-04 22.483 2.939
2019-01-09 22.750 2.408
2019-01-11 11.500 1.408
2019-01-16 8.500 1.061
2019-01-19 7.000 0.796
2019-01-21 26.583 1.776
2019-01-24 36.333 1.163
2019-01-29 35.833 1.184
2019-01-31 34.833 1.204
2019-02-03 25.500 1.633
2019-02-05 24.667 2.163
2019-02-10 24.667 2.184
2019-02-13 24.000 2.592
2019-02-15 25.617 3.551
2019-02-18 26.283 4.163
2019-02-20 21.617 3.898
2019-02-23 20.952 4.510
2019-02-25 22.908 5.510
2019-02-28 22.908 5.490
2019-03-02 23.208 5.469
2019-03-05 24.148 4.898
2019-03-07 23.890 4.429
2019-03-10 23.300 4.592
2019-03-12 22.971 4.694
2019-03-15 23.400 4.286
2019-03-17 22.483 3.735
2019-03-20 21.217 3.408
2019-03-22 25.483 3.633
2019-03-25 25.783 3.612
2019-03-27 23.317 2.816
2019-03-30 24.767 3.163
2019-04-01 24.617 4.163
2019-04-04 23.907 4.490
2019-04-06 22.781 4.878
2019-04-09 23.079 4.714
2019-04-11 24.390 5.592
2019-04-14 23.065 6.143
2019-04-16 22.754 5.694
2019-04-19 23.623 6.020
2019-04-21 22.468 5.327
2019-04-24 22.967 4.735
2019-04-26 22.326 4.714
2019-04-29 21.805 4.469
2019-05-01 22.033 4.245
2019-05-04 22.767 3.918
2019-05-06 23.264 3.796
2019-05-11 21.400 2.837
2019-05-14 22.617 2.898
2019-05-16 23.182 3.898
2019-05-19 21.614 3.286
2019-05-21 22.233 3.041
2019-05-24 21.869 3.510
2019-05-26 21.619 3.592
2019-05-29 22.050 3.796
2019-05-31 21.383 3.020
2019-06-05 20.383 2.694
2019-06-08 20.200 2.755
2019-06-10 20.250 2.714
2019-06-13 20.667 2.102
2019-06-15 15.917 2.061
2019-06-18 15.000 2.286
2019-06-20 15.000 2.306
2019-06-23 12.750 1.837
2019-06-25 17.833 2.531
2019-06-28 18.667 2.816
2019-06-30 18.217 3.592
2019-07-03 19.183 4.204
2019-07-05 21.102 5.204
2019-07-08 21.679 5.755
2019-07-10 21.450 6.755
2019-07-13 21.333 6.918
2019-07-15 22.320 6.469
2019-07-18 22.846 6.245
2019-07-20 23.196 6.347
2019-07-23 23.916 6.939
2019-07-25 23.655 6.980
2019-07-28 23.521 6.388
2019-07-30 24.087 5.633
2019-08-02 24.446 5.367
2019-08-04 22.489 4.857
2019-08-07 22.851 4.510
2019-08-09 23.802 3.510
2019-08-12 23.967 3.388
2019-08-14 23.317 3.102
2019-08-19 21.283 3.878
2019-08-22 19.483 3.898
2019-08-24 23.417 3.327
2019-08-27 23.933 3.449
2019-08-29 23.767 3.429
2019-09-01 21.283 3.653
2019-09-03 20.467 3.918
2019-09-06 20.517 4.265
2019-09-11 20.463 4.714
2019-09-13 20.981 4.673
2019-09-16 22.712 5.286
2019-09-18 26.489 5.367
2019-09-21 27.118 5.367
2019-09-23 26.495 4.939
2019-09-26 26.293 4.816
2019-10-01 27.774 4.245
2019-10-03 28.600 3.796
2019-10-06 29.117 3.388
2019-10-11 30.050 2.959
2019-10-13 27.617 3.633
2019-10-16 25.983 3.020
2019-10-18 21.150 3.020
2019-10-21 18.167 2.469
2019-10-26 19.983 2.939
2019-10-28 20.033 3.061
2019-11-02 20.133 2.755
2019-11-05 20.183 2.633
2019-11-07 19.250 3.204
2019-11-10 19.100 3.143
2019-11-12 20.133 2.327
2019-11-17 19.333 1.755
2019-11-22 18.417 2.306
2019-11-25 14.817 2.306
2019-11-27 14.317 2.184
2019-12-02 17.183 2.959
2019-12-05 17.683 2.878
2019-12-07 18.967 2.429
2019-12-10 19.883 2.939
2019-12-12 18.083 3.122
2019-12-17 15.717 3.265
2019-12-20 16.617 3.327
2019-12-22 16.567 2.776
2019-12-25 16.333 2.551
2019-12-30 17.600 3.163
2020-01-01 14.667 2.388
2020-01-04 14.333 2.592
2020-01-06 19.933 3.469
2020-01-09 19.933 2.959
2020-01-11 20.300 2.918
2020-01-16 20.817 3.367
2020-01-19 21.300 3.857
2020-01-21 21.810 4.796
2020-01-24 22.705 4.918
2020-01-26 22.538 4.939
2020-01-29 22.867 4.327
2020-02-03 22.967 4.122
2020-02-05 20.133 3.327
2020-02-10 20.183 3.816
2020-02-13 20.467 4.347
2020-02-15 21.100 3.735
2020-02-18 18.767 3.735
2020-02-20 11.733 2.796
2020-02-23 11.300 2.429
2020-02-25 12.800 2.490
2020-03-01 12.417 2.612
2020-03-06 13.167 2.633
2020-03-09 13.033 2.776
2020-03-11 14.400 2.510
2020-03-14 12.667 1.980
2020-03-16 10.750 1.592
2020-03-19 10.250 1.592
2020-03-24 9.333 2.204
2020-03-26 5.883 3.122
2020-03-31 5.433 3.592
2020-04-05 4.950 4.367
2020-04-08 4.355 4.837
2020-04-10 3.476 5.429
2020-04-13 3.387 5.959
2020-04-15 2.861 6.959
2020-04-18 1.968 6.816
2020-04-20 1.892 7.796
2020-04-23 1.781 7.796
2020-04-25 1.767 7.204
2020-04-28 1.767 7.224
2020-04-30 1.525 6.633
2020-05-05 1.214 5.633
2020-05-08 1.286 5.286
2020-05-10 1.067 4.286
2020-05-13 1.333 4.020
2020-05-15 2.950 4.020
2020-05-18 2.814 4.163
2020-05-20 3.681 4.184
2020-05-23 3.588 3.816
2020-05-25 3.660 4.000
2020-05-28 3.273 4.592
2020-05-30 3.123 5.592
2020-06-02 3.154 6.184
2020-06-04 3.154 6.245
2020-06-07 3.296 5.980
2020-06-09 3.296 6.020
2020-06-12 3.173 5.755
2020-06-14 2.829 4.755
2020-06-17 2.850 4.143
2020-06-19 2.600 3.143
2020-06-22 3.817 3.510
2020-06-24 4.183 3.918
2020-06-27 4.700 3.306
2020-06-29 5.583 2.592
2020-07-02 5.833 2.020
2020-07-04 7.000 1.980
2020-07-07 7.167 2.449
2020-07-09 7.950 3.408
2020-07-12 8.433 4.020
2020-07-14 8.433 4.082
2020-07-17 8.686 4.122
2020-07-19 8.976 4.510
2020-07-22 8.552 4.388
2020-07-24 9.583 3.388
2020-07-27 9.571 4.000
2020-07-29 9.176 4.714
