2015-07 27.833 2.347
2015-08 10.000 0.816
2015-09 10.000 0.612
2015-10 17.000 0.429
2015-11 10.000 0.714
2015-12 17.283 3.653
2016-01 17.500 0.980
2016-02 19.500 0.959
2016-03 26.833 1.816
2016-04 15.500 1.122
2016-05 20.333 2.122
2016-06 14.000 0.612
2016-07 11.000 0.959
2016-08 19.917 1.796
2016-09 23.833 2.000
2016-10 17.933 2.327
2016-11 17.000 0.612
2016-12 26.650 3.020
2017-01 25.500 1.612
2017-02 16.817 2.224
2017-03 18.500 1.592
2017-04 9.700 2.000
2017-05 27.367 2.653
2017-06 19.750 2.490
2017-07 16.000 1.224
2017-08 26.467 4.082
2017-09 9.500 0.714
2017-10 21.571 4.000
2017-11 22.250 2.714
2017-12 26.667 1.388
2018-01 13.200 1.673
2018-02 15.900 3.531
2018-03 2.000 0.408
2018-04 25.836 3.878
2018-05 26.510 6.388
2018-06 25.583 4.408
2018-07 22.903 5.714
2018-08 22.079 4.061
2018-09 24.877 4.510
2018-10 23.571 5.714
2018-11 13.874 3.551
2018-12 22.483 2.857
2019-01 34.833 1.204
2019-02 23.286 5.551
2019-03 24.767 3.163
2019-04 21.805 4.469
2019-05 22.050 3.796
2019-06 18.217 3.592
2019-07 24.087 5.633
2019-08 23.750 3.510
2019-09 26.293 4.816
2019-10 20.033 3.061
2019-11 14.317 2.184
2019-12 17.600 3.163
2020-01 22.867 4.327
2020-02 12.800 2.490
2020-03 5.267 3.714
2020-04 1.497 6.776
2020-05 3.123 5.592
2020-06 5.583 2.592
2020-07 9.176 4.714
