2015-07-16 0.000 0.122
2015-08-02 2.000 0.898
2015-08-12 1.000 1.898
2015-08-15 2.167 2.776
2015-08-19 2.167 2.939
2015-08-22 2.667 3.939
2015-08-29 3.000 4.041
2015-09-01 3.067 3.265
2015-09-04 3.400 3.939
2015-09-11 3.400 3.898
2015-09-14 3.083 3.245
2015-09-18 3.250 3.082
2015-09-21 2.333 2.082
2015-09-24 1.583 3.082
2015-09-28 1.250 3.184
2015-10-04 0.333 2.510
2015-10-11 0.500 1.551
2015-10-14 0.500 1.204
2015-10-24 1.000 0.204
2015-11-13 1.000 0.388
2015-11-17 1.000 0.449
2015-11-20 3.000 1.286
2015-11-23 3.000 2.224
2015-11-30 3.000 2.265
2015-12-13 3.000 1.878
2015-12-17 3.000 1.816
2015-12-20 2.000 0.980
2015-12-23 0.000 0.041
2016-01-16 0.000 0.204
2016-01-19 0.500 0.286
2016-01-26 0.333 0.449
2016-02-11 3.583 1.347
2016-02-18 3.333 1.265
2016-02-25 3.500 1.102
2016-03-09 3.500 1.163
2016-03-12 0.000 0.265
2016-03-16 0.000 0.061
2016-03-19 0.000 0.796
2016-03-22 0.000 1.041
2016-03-29 0.000 1.061
2016-04-01 1.000 2.061
2016-04-08 1.000 2.082
2016-04-11 1.000 2.286
2016-04-18 2.500 1.755
2016-04-21 1.500 1.735
2016-04-25 1.500 1.878
2016-04-28 1.500 1.857
2016-05-01 1.000 1.082
2016-05-05 1.000 1.286
2016-05-08 2.000 2.163
2016-05-11 3.117 2.959
2016-05-15 3.117 3.102
2016-05-18 3.250 2.939
2016-05-21 3.167 3.184
2016-05-25 3.167 3.163
2016-05-31 3.333 2.939
2016-06-07 4.667 2.918
2016-06-10 3.500 2.694
2016-06-14 3.500 2.755
2016-06-17 3.667 2.714
2016-06-20 4.500 2.245
2016-06-24 4.500 2.122
2016-06-27 4.500 2.163
2016-07-04 4.500 1.959
2016-07-07 2.000 1.102
2016-07-10 0.000 0.327
2016-07-14 0.000 0.122
2016-07-17 0.000 0.204
2016-07-20 0.500 0.837
2016-07-24 0.500 0.898
2016-07-27 1.000 1.020
2016-07-30 1.833 1.490
2016-08-06 1.833 1.408
2016-08-13 2.083 1.531
2016-08-16 3.950 2.449
2016-08-19 5.617 1.980
2016-08-23 5.533 2.122
2016-08-26 5.417 1.980
2016-08-29 5.333 1.510
2016-09-02 5.250 1.694
2016-09-05 5.367 2.694
2016-09-08 5.226 3.694
2016-09-12 5.060 3.755
2016-09-15 5.167 3.408
2016-09-18 5.667 4.245
2016-09-22 5.700 4.082
2016-09-25 5.850 4.143
2016-09-28 5.350 5.122
2016-10-02 5.350 5.102
2016-10-05 5.617 5.102
2016-10-08 5.783 4.204
2016-10-12 5.783 4.020
2016-10-15 5.583 3.367
2016-10-18 4.333 2.367
2016-10-22 4.333 2.327
2016-10-25 4.000 2.245
2016-10-28 5.500 2.265
2016-11-01 5.500 2.102
2016-11-04 6.000 1.102
2016-11-07 3.500 2.000
2016-11-11 3.500 2.041
2016-11-17 4.167 2.633
2016-11-24 3.917 2.816
2016-11-27 2.333 2.061
2016-12-01 2.917 2.143
2016-12-07 4.333 1.143
2016-12-11 4.333 1.102
2016-12-17 2.500 0.510
2016-12-24 2.500 0.327
2016-12-27 2.000 0.082
2017-01-13 0.000 0.184
2017-01-16 2.000 0.714
2017-01-26 1.500 1.184
2017-02-12 3.000 1.327
2017-02-15 1.333 0.959
2017-02-22 1.083 1.878
2017-02-25 1.333 1.408
2017-03-07 0.917 2.408
2017-03-11 1.250 2.612
2017-03-14 0.833 2.286
2017-03-17 0.667 2.265
2017-03-24 0.500 1.347
2017-03-27 0.500 1.571
2017-04-03 0.833 1.939
2017-04-06 1.500 0.939
2017-04-10 1.000 0.816
2017-04-16 1.000 0.673
2017-04-23 3.000 1.102
2017-04-26 1.500 1.816
2017-04-30 1.500 2.020
2017-05-03 0.833 2.367
2017-05-06 1.083 3.367
2017-05-10 1.083 3.286
2017-05-13 1.083 3.306
2017-05-23 2.533 3.878
2017-05-26 3.033 3.939
2017-05-30 3.083 3.735
2017-06-02 3.250 3.408
2017-06-05 4.083 3.082
2017-06-12 4.050 3.694
2017-06-19 4.217 3.837
2017-06-22 3.167 2.878
2017-06-25 3.000 2.449
2017-06-30 3.083 3.449
2017-07-02 3.333 3.204
2017-07-04 3.233 3.367
2017-07-05 2.533 3.163
2017-07-07 2.533 3.388
2017-07-09 2.733 3.408
2017-07-12 2.033 2.776
2017-07-14 2.200 2.939
2017-07-15 2.926 3.633
2017-07-17 3.036 3.755
2017-07-19 2.893 3.776
2017-07-20 2.768 4.714
2017-07-22 2.815 4.898
2017-07-25 3.519 4.796
2017-07-30 3.786 3.796
2017-08-01 3.733 4.163
2017-08-03 3.817 4.061
2017-08-04 4.039 3.796
2017-08-06 4.172 3.571
2017-08-08 4.075 3.551
2017-08-11 4.611 4.531
2017-08-13 4.522 4.571
2017-08-14 4.022 4.816
2017-08-16 3.715 5.653
2017-08-18 3.743 5.490
2017-08-19 4.102 4.571
2017-08-21 4.233 4.531
2017-08-23 4.233 4.694
2017-08-24 3.917 4.224
2017-08-26 3.510 5.224
2017-08-31 3.267 4.898
2017-09-02 3.267 4.837
2017-09-03 3.650 4.939
2017-09-07 3.650 4.959
2017-09-10 3.250 4.531
2017-09-12 3.050 4.347
2017-09-13 3.150 3.490
2017-09-15 3.000 2.531
2017-09-17 3.000 2.612
2017-09-18 3.000 2.592
2017-09-20 3.400 2.551
2017-09-22 3.400 2.388
2017-09-25 3.750 1.388
2017-09-30 3.750 1.204
2017-10-03 3.500 1.204
2017-10-05 3.833 2.082
2017-10-07 4.000 2.265
2017-10-08 4.817 3.265
2017-10-10 5.200 2.898
2017-10-12 5.200 2.878
2017-10-13 5.200 2.796
2017-10-17 5.250 2.714
2017-10-18 6.800 3.714
2017-10-20 6.733 3.571
2017-10-25 6.650 3.673
2017-10-28 5.833 4.633
2017-11-02 5.912 5.327
2017-11-04 5.479 5.245
2017-11-06 5.336 5.245
2017-11-07 5.167 4.245
2017-11-09 5.383 4.061
2017-11-11 5.283 4.224
2017-11-12 4.295 5.020
2017-11-14 4.175 5.286
2017-11-17 2.860 4.816
2017-11-19 2.752 5.571
2017-11-21 2.752 5.694
2017-11-24 2.688 6.061
2017-11-27 2.519 5.102
2017-12-01 2.501 5.204
2017-12-02 1.183 4.204
2017-12-04 1.067 3.408
2017-12-06 1.067 3.204
2017-12-11 1.067 3.041
2017-12-12 1.333 2.245
2017-12-14 1.667 1.980
2017-12-17 1.000 1.449
2017-12-19 1.000 0.694
2017-12-21 1.000 0.571
2017-12-24 0.000 0.102
2018-01-21 0.000 0.796
2018-01-26 0.000 1.163
2018-01-28 0.000 1.245
2018-01-30 0.000 1.429
2018-02-02 1.500 2.347
2018-02-04 1.500 2.551
2018-02-07 1.667 3.020
2018-02-12 1.667 3.041
2018-02-17 1.667 3.122
2018-02-20 1.833 2.327
2018-02-22 1.750 2.918
2018-02-24 1.750 2.939
2018-02-25 1.333 2.776
2018-02-27 0.917 3.082
2018-03-01 1.167 3.061
2018-03-02 1.167 3.143
2018-03-04 0.583 2.449
2018-03-06 0.750 2.245
2018-03-09 0.500 2.000
2018-03-14 0.833 2.980
2018-03-16 0.750 3.163
2018-03-17 0.783 4.163
2018-03-19 0.783 4.143
2018-03-22 0.783 5.143
2018-03-24 0.833 4.571
2018-03-26 0.833 4.592
2018-03-27 1.326 5.388
2018-03-29 2.105 6.000
2018-03-31 1.962 6.041
2018-04-01 2.095 6.959
2018-04-03 2.030 7.286
2018-04-06 2.044 8.265
2018-04-08 2.112 8.041
2018-04-10 2.203 8.245
2018-04-11 2.273 9.245
2018-04-13 2.446 9.224
2018-04-15 2.537 9.224
2018-04-16 2.755 8.245
2018-04-18 2.878 9.143
2018-04-21 3.003 9.143
2018-04-23 3.003 9.122
2018-04-25 2.987 9.204
2018-04-26 2.745 8.612
2018-04-28 2.307 7.776
2018-04-30 2.353 7.612
2018-05-01 2.261 6.612
2018-05-03 2.479 6.082
2018-05-05 2.518 6.286
2018-05-06 2.647 5.306
2018-05-08 3.681 6.122
2018-05-10 3.706 6.122
2018-05-11 3.922 5.122
2018-05-13 4.435 4.184
2018-05-15 4.310 4.204
2018-05-16 4.362 5.000
2018-05-18 5.086 5.041
2018-05-20 5.040 5.224
2018-05-21 7.057 5.224
2018-05-23 6.222 6.224
2018-05-25 6.411 6.306
2018-05-26 5.964 6.694
2018-05-28 6.034 6.633
2018-05-30 6.082 6.776
2018-05-31 5.874 7.776
2018-06-02 5.736 8.714
2018-06-04 5.742 8.714
2018-06-05 5.645 9.694
2018-06-07 5.588 9.878
2018-06-09 5.517 9.878
2018-06-10 5.365 10.653
2018-06-12 5.494 11.612
2018-06-14 5.527 11.429
2018-06-15 5.416 11.184
2018-06-17 5.220 10.184
2018-06-19 5.266 10.020
2018-06-20 4.759 9.020
2018-06-22 4.965 8.020
2018-06-24 4.997 7.959
2018-06-25 4.893 8.163
2018-06-27 4.772 9.020
2018-06-29 4.681 9.041
2018-06-30 4.951 9.041
2018-07-02 4.949 8.082
2018-07-04 4.923 7.878
2018-07-05 4.925 6.898
2018-07-07 4.493 5.898
2018-07-09 4.563 5.694
2018-07-10 4.735 4.918
2018-07-12 4.343 3.918
2018-07-14 4.367 3.898
2018-07-15 4.317 3.327
2018-07-19 4.317 3.306
2018-07-24 3.917 3.163
2018-07-25 4.833 2.163
2018-07-27 6.500 1.204
2018-07-29 7.000 1.000
2019-01-15 0.000 0.020
2019-01-18 2.000 1.020
2019-01-20 2.000 1.204
2019-01-21 2.000 1.265
2019-01-30 2.000 1.367
2019-02-10 2.000 1.388
2019-02-14 2.000 1.367
2019-02-17 1.000 0.367
2019-02-19 1.000 0.184
2019-02-20 1.000 0.755
2019-02-24 1.000 0.857
2019-03-01 1.000 0.959
2019-03-11 1.000 1.122
2019-03-12 1.000 1.102
2019-03-14 1.000 1.286
2019-03-17 1.000 1.306
2019-03-19 3.250 2.306
2019-03-21 3.367 2.429
2019-03-22 3.450 1.918
2019-03-26 3.500 1.816
2019-03-27 2.950 2.653
2019-03-29 3.283 3.265
2019-03-31 3.283 3.245
2019-04-01 3.567 4.224
2019-04-03 3.567 4.265
2019-04-05 3.567 4.327
2019-04-08 3.276 5.327
2019-04-10 3.419 5.367
2019-04-11 3.604 6.367
2019-04-13 3.217 7.184
2019-04-15 3.156 7.388
2019-04-16 3.120 7.857
2019-04-18 3.146 7.857
2019-04-20 3.037 7.939
2019-04-21 2.767 8.510
2019-04-23 3.298 9.510
2019-04-26 3.483 8.837
2019-04-28 3.444 9.143
2019-04-30 3.444 9.122
2019-05-01 3.356 8.143
2019-05-03 3.318 8.327
2019-05-05 3.324 8.265
2019-05-08 3.405 7.694
2019-05-10 3.335 7.490
2019-05-11 3.051 6.510
2019-05-13 3.408 5.735
2019-05-15 3.444 5.612
2019-05-16 3.920 6.122
2019-05-18 3.636 5.122
2019-05-20 3.660 4.918
2019-05-21 4.000 4.224
2019-05-23 2.750 3.224
2019-05-26 2.950 3.694
2019-05-28 2.833 3.143
2019-05-30 2.833 2.980
2019-05-31 2.650 3.959
2019-06-02 2.867 4.531
2019-06-07 3.017 4.102
2019-06-10 2.917 4.796
2019-06-12 2.967 4.571
2019-06-14 2.967 4.490
2019-06-15 3.067 4.490
2019-06-17 3.098 5.469
2019-06-19 3.240 5.490
2019-06-22 3.452 6.224
2019-06-25 3.252 5.592
2019-06-27 3.886 6.224
2019-06-29 3.886 6.245
2019-06-30 4.233 5.265
2019-07-02 4.433 4.592
2019-07-04 4.300 4.653
2019-07-05 3.793 5.592
2019-07-07 3.751 5.673
2019-07-09 3.737 5.735
2019-07-10 3.730 5.857
2019-07-12 3.786 6.408
2019-07-14 3.775 6.490
2019-07-15 4.372 6.020
2019-07-17 3.833 5.653
2019-07-19 3.721 5.633
2019-07-20 3.439 6.224
2019-07-22 3.771 6.204
2019-07-24 3.748 6.408
2019-07-25 3.833 7.408
2019-07-27 3.542 7.408
2019-07-29 3.542 7.490
2019-08-01 3.654 7.939
2019-08-03 3.738 7.959
2019-08-04 4.009 7.122
2019-08-06 4.009 7.041
2019-08-08 4.018 6.980
2019-08-09 4.009 6.510
2019-08-11 4.050 5.959
2019-08-13 4.068 5.898
2019-08-14 3.512 5.388
2019-08-16 3.676 4.776
2019-08-18 3.783 4.816
2019-08-19 4.336 4.490
2019-08-21 4.967 4.776
2019-08-23 5.002 4.592
2019-08-24 5.200 3.939
2019-08-26 6.417 3.939
2019-08-28 6.517 3.837
2019-08-31 7.267 3.265
2019-09-02 7.217 3.306
2019-09-03 7.450 3.204
2019-09-05 7.293 3.531
2019-09-08 7.533 3.163
2019-09-12 7.476 3.286
2019-09-13 7.485 4.245
2019-09-15 7.236 5.184
2019-09-17 7.036 5.184
2019-09-18 6.756 5.633
2019-09-20 5.861 5.633
2019-09-22 5.850 5.776
2019-09-23 5.961 5.429
2019-09-25 5.458 4.429
2019-09-30 5.408 4.449
2019-10-02 5.283 4.327
2019-10-05 5.283 4.224
2019-10-07 5.283 4.429
2019-10-08 5.133 4.449
2019-10-12 5.133 4.429
2019-10-13 5.310 4.388
2019-10-15 4.643 3.449
2019-10-17 4.667 3.408
2019-10-18 4.700 2.694
2019-10-20 5.250 1.694
2019-10-22 5.333 1.531
2019-10-23 5.333 1.735
2019-10-25 5.667 2.286
2019-10-27 5.583 2.490
2019-10-28 5.700 3.102
2019-10-30 5.467 3.449
2019-11-04 5.700 3.857
2019-11-06 5.767 3.653
2019-11-11 5.867 3.531
2019-11-12 5.750 2.592
2019-11-16 5.750 2.612
2019-11-17 5.583 2.755
2019-11-19 5.583 2.796
2019-11-21 5.583 2.816
2019-11-22 5.583 2.714
2019-11-24 3.833 2.163
2019-11-26 4.000 1.959
2019-11-27 5.333 1.429
2019-11-29 3.500 1.653
2019-12-04 0.833 1.041
2019-12-07 1.000 1.633
2019-12-11 1.000 1.694
2019-12-14 1.000 1.714
2019-12-16 1.000 1.694
2019-12-17 1.583 1.796
2019-12-19 1.667 1.755
2019-12-22 1.667 1.653
2019-12-24 1.583 1.776
2019-12-27 1.083 1.980
2019-12-29 0.833 1.388
2019-12-31 0.750 1.510
2020-01-03 1.083 2.408
2020-01-06 1.083 1.796
2020-01-10 1.250 1.918
2020-01-13 0.875 2.510
2020-01-15 0.808 2.714
2020-01-16 2.183 3.469
2020-01-18 2.183 3.490
2020-01-20 2.183 3.469
2020-01-23 2.217 3.469
2020-01-26 2.267 3.184
2020-01-30 2.283 3.061
2020-01-31 2.233 3.163
2020-02-02 2.933 3.102
2020-02-05 3.183 3.388
2020-02-07 3.133 3.612
2020-02-09 3.033 3.429
2020-02-12 3.533 3.571
2020-02-14 3.533 3.449
2020-02-15 2.367 3.286
2020-02-17 1.917 3.735
2020-02-19 2.083 3.898
2020-02-22 2.117 3.776
2020-02-24 2.017 3.939
2020-02-25 1.983 3.959
2020-02-27 1.983 3.980
2020-03-01 1.983 3.878
2020-03-03 1.533 3.020
2020-03-05 1.433 3.163
2020-03-06 1.233 2.939
2020-03-08 1.233 2.714
2020-03-11 1.233 3.184
2020-03-13 2.067 3.429
2020-03-15 2.100 3.347
2020-03-16 2.783 2.816
2020-03-18 3.700 3.265
2020-03-20 3.500 3.306
2020-03-21 2.060 4.306
2020-03-23 1.810 4.714
2020-03-25 1.833 4.551
2020-03-26 1.833 4.653
2020-03-28 1.860 5.612
2020-03-31 1.808 6.082
2020-04-04 1.826 6.061
2020-04-05 1.826 6.000
2020-04-07 1.854 7.000
2020-04-09 1.951 7.204
2020-04-10 1.849 7.735
2020-04-12 1.159 7.265
2020-04-15 1.075 7.776
2020-04-17 1.165 7.857
2020-04-20 1.558 7.857
2020-04-22 1.378 8.449
2020-04-25 1.452 8.837
2020-04-27 1.368 7.857
2020-04-30 1.379 7.388
2020-05-02 1.254 7.673
2020-05-04 1.254 7.551
2020-05-05 1.114 8.551
2020-05-07 0.975 8.020
2020-05-09 0.875 8.000
2020-05-10 0.857 7.000
2020-05-12 1.000 6.612
2020-05-14 1.000 6.776
2020-05-15 1.200 5.959
2020-05-17 1.000 5.327
2020-05-19 1.000 5.306
2020-05-20 0.250 5.306
2020-05-22 0.000 4.306
2020-05-25 0.000 4.020
2020-05-27 0.367 4.673
2020-05-29 0.367 4.878
2020-05-30 0.476 5.878
2020-06-01 0.569 6.592
2020-06-03 0.558 6.796
2020-06-04 0.654 5.816
2020-06-06 0.728 5.347
2020-06-08 0.742 5.163
2020-06-09 0.742 5.204
2020-06-11 0.621 6.061
2020-06-13 0.760 6.061
2020-06-14 1.054 7.061
2020-06-16 1.055 7.061
2020-06-18 1.055 7.082
2020-06-19 1.246 6.980
2020-06-21 1.222 7.102
2020-06-23 1.193 7.306
2020-06-24 1.482 8.082
2020-06-26 1.345 8.429
2020-06-28 1.383 8.224
2020-06-29 1.388 7.531
2020-07-01 1.491 7.204
2020-07-03 1.518 7.041
2020-07-04 1.594 8.020
2020-07-08 1.594 8.061
2020-07-09 1.542 8.347
2020-07-11 1.706 7.735
2020-07-13 1.615 7.694
2020-07-14 1.419 6.694
2020-07-16 1.730 6.694
2020-07-18 1.765 6.490
2020-07-19 1.894 5.592
2020-07-21 1.918 5.531
2020-07-24 1.620 5.388
