2015-07 0.000 0.122
2015-08 3.000 4.041
2015-09 1.250 3.184
2015-11 3.000 2.306
2016-01 0.333 0.449
2016-02 3.500 1.102
2016-03 0.000 1.082
2016-04 1.500 1.857
2016-05 3.167 3.163
2016-06 4.500 2.163
2016-07 1.833 1.490
2016-08 5.333 1.510
2016-09 5.350 5.122
2016-10 5.500 2.265
2016-11 2.333 2.061
2016-12 2.000 0.082
2017-01 1.500 1.184
2017-02 1.333 1.408
2017-03 0.500 1.571
2017-04 1.500 2.020
2017-05 3.083 3.735
2017-06 3.083 3.449
2017-07 3.786 3.796
2017-08 3.343 5.408
2017-09 3.750 1.204
2017-10 5.833 4.633
2017-11 2.519 5.102
2017-12 0.000 0.102
2018-01 0.000 1.429
2018-02 0.917 2.898
2018-03 2.106 6.347
2018-04 2.353 7.612
2018-05 5.874 7.776
2018-06 4.940 9.122
2019-01 2.000 1.571
2019-02 1.000 0.898
2019-03 3.200 4.122
2019-04 3.444 10.776
2019-05 2.650 4.469
2019-06 4.233 5.898
2019-07 3.542 8.531
2019-08 6.450 4.388
2019-09 5.408 5.122
2019-10 5.552 3.653
2019-11 3.500 1.837
2019-12 0.750 1.633
2020-01 2.256 3.571
2020-02 1.983 4.347
2020-03 1.708 7.061
2020-04 1.379 8.327
2020-05 0.476 6.551
2020-06 1.419 8.510
2020-07 1.767 4.551
