2015-07 1.000 0.224
2015-08 6.150 3.755
2015-09 0.750 1.449
2015-10 2.500 0.959
2015-11 2.700 3.327
2015-12 5.250 2.000
2016-01 0.250 1.633
2016-02 2.500 1.163
2016-03 3.000 2.204
2016-04 5.000 0.571
2016-05 7.833 1.796
2016-06 9.483 2.612
2016-07 10.667 3.245
2016-08 12.150 2.653
2016-09 9.267 2.837
2016-10 5.500 1.837
2016-11 1.500 1.041
2016-12 1.450 1.898
2017-01 3.500 1.592
2017-02 4.167 1.612
2017-03 2.500 2.959
2017-04 7.400 2.918
2017-05 7.000 2.837
2017-06 10.733 3.816
2017-07 9.971 7.429
2017-08 10.967 6.633
2017-09 10.500 3.776
2017-10 10.196 7.061
2017-11 2.086 4.347
2017-12 1.750 2.510
2018-01 2.268 3.796
2018-02 1.333 1.531
2018-03 6.530 3.857
2018-04 9.488 3.653
2018-05 10.986 4.306
2018-06 10.594 5.286
2018-07 10.162 7.408
2018-08 11.516 6.429
2018-09 13.006 4.898
2018-10 7.937 4.469
2018-11 3.233 2.388
2018-12 4.150 6.061
2019-01 0.992 4.041
2019-02 3.054 5.735
2019-03 2.690 5.388
2019-04 6.386 4.286
2019-05 6.735 5.367
2019-06 11.642 6.061
2019-07 10.150 5.837
2019-08 12.876 8.041
2019-09 11.171 6.122
2019-10 6.684 5.449
2019-11 3.801 4.265
2019-12 3.242 5.020
2020-01 2.617 4.306
2020-02 4.277 4.367
2020-03 2.286 2.918
2020-04 0.333 3.388
2020-05 0.250 4.755
2020-06 1.654 6.184
2020-07 7.741 6.755
