2015-07-30 1.000 0.224
2015-08-02 7.500 1.224
2015-08-09 7.833 1.408
2015-08-12 5.333 2.408
2015-08-19 5.150 2.673
2015-08-22 6.317 3.653
2015-08-29 6.150 3.755
2015-09-01 5.433 2.755
2015-09-08 5.583 2.633
2015-09-11 4.333 2.612
2015-09-18 4.450 2.653
2015-09-21 0.917 1.673
2015-09-28 0.750 1.449
2015-10-01 2.083 2.306
2015-10-08 1.833 2.245
2015-10-11 3.000 1.265
2015-10-18 3.000 0.959
2015-10-21 2.500 1.061
2015-10-28 2.500 0.959
2015-10-31 0.000 0.102
2015-11-17 0.000 0.429
2015-11-20 0.500 1.143
2015-11-27 0.333 1.327
2015-11-30 2.333 2.327
2015-12-07 2.200 2.653
2015-12-17 2.333 2.327
2015-12-20 3.000 1.510
2015-12-27 3.167 1.673
2015-12-30 5.333 1.673
2016-01-06 5.333 1.653
2016-01-09 5.333 2.000
2016-01-16 5.450 2.327
2016-01-19 4.950 2.653
2016-01-26 4.700 2.633
2016-01-29 0.250 1.633
2016-02-05 0.500 1.653
2016-02-08 0.667 1.306
2016-02-15 0.500 0.980
2016-02-18 2.000 1.490
2016-02-25 2.500 1.163
2016-03-06 3.000 0.857
2016-03-19 1.000 0.939
2016-03-26 2.000 1.265
2016-03-29 3.000 2.204
2016-04-05 3.000 2.184
2016-04-18 7.000 1.714
2016-04-25 6.500 1.490
2016-04-28 5.000 0.571
2016-05-05 6.000 0.918
2016-05-15 6.833 1.265
2016-05-18 7.750 1.571
2016-05-25 7.833 1.816
2016-05-28 7.833 1.796
2016-06-04 7.833 1.612
2016-06-07 9.333 2.612
2016-06-14 9.067 2.408
2016-06-17 9.667 1.653
2016-06-24 9.833 1.633
2016-06-27 9.483 2.612
2016-07-04 10.000 2.449
2016-07-07 9.333 2.408
2016-07-14 9.667 2.265
2016-07-17 11.917 3.265
2016-07-24 11.917 3.224
2016-07-27 10.667 3.245
2016-08-03 10.967 3.592
2016-08-06 10.950 3.245
2016-08-13 11.300 3.592
2016-08-16 7.800 2.592
2016-08-23 7.850 2.653
2016-08-26 12.150 2.653
2016-09-02 11.833 2.490
2016-09-05 10.950 2.878
2016-09-12 10.233 2.857
2016-09-15 10.233 3.082
2016-09-22 9.850 2.959
2016-09-25 9.267 2.837
2016-10-02 9.167 2.653
2016-10-05 7.583 2.429
2016-10-12 7.500 2.184
2016-10-15 6.750 2.939
2016-10-22 7.000 2.714
2016-10-25 5.500 1.837
2016-11-01 5.667 2.082
2016-11-04 3.500 1.796
2016-11-11 3.833 2.020
2016-11-14 1.500 1.041
2016-12-01 0.500 0.980
2016-12-04 0.500 0.490
2016-12-11 1.000 0.449
2016-12-14 0.833 0.714
2016-12-21 0.833 0.755
2016-12-24 1.583 1.633
2016-12-31 1.583 1.714
2017-01-03 1.700 2.367
2017-01-10 1.333 2.102
2017-01-13 2.250 2.776
2017-01-20 2.250 2.735
2017-01-23 3.333 1.857
2017-01-30 3.500 1.592
2017-02-02 2.500 1.408
2017-02-09 3.000 1.531
2017-02-12 2.000 0.612
2017-02-19 2.000 0.755
2017-02-22 4.167 1.612
2017-03-01 3.833 1.939
2017-03-04 3.200 2.449
2017-03-11 2.983 2.653
2017-03-14 3.183 3.633
2017-03-21 3.233 3.816
2017-03-24 2.500 2.959
2017-03-31 2.500 2.633
2017-04-03 5.000 1.837
2017-04-10 6.333 1.837
2017-04-13 8.083 1.837
2017-04-20 7.750 1.857
2017-04-23 7.450 2.857
2017-04-30 7.400 2.918
2017-05-03 6.300 3.571
2017-05-10 5.617 3.245
2017-05-20 5.583 2.898
2017-05-23 6.917 2.898
2017-05-30 7.000 2.837
2017-06-02 8.667 3.000
2017-06-09 9.083 3.327
2017-06-12 9.417 3.327
2017-06-19 9.667 3.653
2017-06-22 10.800 3.653
2017-06-29 10.733 3.816
2017-07-02 11.550 3.551
2017-07-04 11.000 3.898
2017-07-07 11.095 4.796
2017-07-09 10.798 4.796
2017-07-12 11.006 4.796
2017-07-14 10.828 5.102
2017-07-17 10.414 6.102
2017-07-19 10.139 6.102
2017-07-22 10.042 6.102
2017-07-24 10.151 6.265
2017-07-27 9.807 7.245
2017-07-29 9.971 7.429
2017-08-01 9.654 7.082
2017-08-03 9.563 7.061
2017-08-06 10.765 7.163
2017-08-08 10.674 7.143
2017-08-11 10.952 6.633
2017-08-13 11.123 6.633
2017-08-16 12.255 6.367
2017-08-18 12.551 6.388
2017-08-21 11.212 6.388
2017-08-23 10.981 6.571
2017-08-26 10.850 6.429
2017-08-28 10.642 6.082
2017-08-31 11.591 6.245
2017-09-02 11.848 5.918
2017-09-05 9.705 5.918
2017-09-07 9.935 5.612
2017-09-10 11.233 5.673
2017-09-12 11.130 5.449
2017-09-15 10.421 4.714
2017-09-17 9.702 4.714
2017-09-20 10.417 4.082
2017-09-22 10.583 3.735
2017-09-25 11.117 3.898
2017-09-27 10.760 4.224
2017-09-30 10.500 3.776
2017-10-05 10.817 3.776
2017-10-07 11.043 4.122
2017-10-10 9.576 4.571
2017-10-12 9.457 4.816
2017-10-15 9.644 5.673
2017-10-17 9.787 5.673
2017-10-20 9.353 6.306
2017-10-25 9.608 6.306
2017-10-27 10.057 6.327
2017-10-30 10.196 7.061
2017-11-01 10.173 7.143
2017-11-04 9.437 6.571
2017-11-06 9.125 6.551
2017-11-09 8.587 6.102
2017-11-11 8.569 6.082
2017-11-14 7.173 5.755
2017-11-16 7.110 5.735
2017-11-19 5.841 5.714
2017-11-21 5.830 6.041
2017-11-24 4.438 5.531
2017-11-26 3.852 5.184
2017-11-29 2.086 4.347
2017-12-01 1.943 4.327
2017-12-04 1.960 3.898
2017-12-09 1.960 3.592
2017-12-11 1.867 3.286
2017-12-14 1.593 2.816
2017-12-16 2.043 2.755
2017-12-19 2.460 2.143
2017-12-21 2.750 1.878
2017-12-24 2.117 2.286
2017-12-26 1.750 2.510
2017-12-31 1.750 2.449
2018-01-03 1.750 2.469
2018-01-08 2.250 2.224
2018-01-10 2.200 2.245
2018-01-13 3.567 2.857
2018-01-15 2.900 2.918
2018-01-18 2.367 3.061
2018-01-23 2.167 3.163
2018-01-25 2.167 3.224
2018-01-28 2.167 3.469
2018-01-30 2.268 3.796
2018-02-02 2.268 3.776
2018-02-04 2.310 3.490
2018-02-07 2.310 3.531
2018-02-09 2.310 3.510
2018-02-12 2.167 2.837
2018-02-14 2.200 2.510
2018-02-17 1.233 2.918
2018-02-19 1.233 3.041
2018-02-22 1.000 2.041
2018-02-24 1.000 2.102
2018-02-27 1.500 1.857
2018-03-01 1.833 1.857
2018-03-04 2.783 2.633
2018-03-06 2.783 2.592
2018-03-09 2.617 2.837
2018-03-11 2.450 3.163
2018-03-14 2.450 3.224
2018-03-16 2.417 3.245
2018-03-19 2.250 2.878
2018-03-21 2.283 2.735
2018-03-26 3.783 2.714
2018-03-29 6.110 3.612
2018-03-31 6.676 3.531
2018-04-03 7.343 2.755
2018-04-05 7.196 3.102
2018-04-08 7.530 2.857
2018-04-10 7.863 2.837
2018-04-13 8.010 2.837
2018-04-15 7.911 3.163
2018-04-18 10.894 3.612
2018-04-20 10.637 3.898
2018-04-23 10.317 4.102
2018-04-25 9.982 3.776
2018-04-28 9.821 3.857
2018-04-30 9.488 3.653
2018-05-03 9.771 4.653
2018-05-05 9.774 4.306
2018-05-08 9.244 4.776
2018-05-10 9.324 4.673
2018-05-13 10.235 5.490
2018-05-15 9.958 5.469
2018-05-18 10.671 4.816
2018-05-20 10.900 4.490
2018-05-23 11.250 4.673
2018-05-25 10.864 4.959
2018-05-28 10.617 4.204
2018-05-30 10.986 4.306
2018-06-02 12.333 3.306
2018-06-04 12.152 3.633
2018-06-07 13.460 3.612
2018-06-09 13.660 3.510
2018-06-12 10.810 3.551
2018-06-14 11.260 3.429
2018-06-17 10.996 3.980
2018-06-19 10.881 4.306
2018-06-22 10.439 4.918
2018-06-24 10.762 4.857
2018-06-27 10.811 5.408
2018-06-29 10.594 5.286
2018-07-02 9.696 6.286
2018-07-04 10.029 6.204
2018-07-07 9.792 6.714
2018-07-09 9.624 6.939
2018-07-12 9.071 7.020
2018-07-14 9.160 7.143
2018-07-17 9.513 7.102
2018-07-19 9.824 7.102
2018-07-22 9.877 6.776
2018-07-24 10.065 6.878
2018-07-27 9.991 7.102
2018-07-29 10.162 7.408
2018-08-01 11.112 7.408
2018-08-03 11.110 7.449
2018-08-06 11.084 7.408
2018-08-08 11.449 7.408
2018-08-11 12.380 7.020
2018-08-13 12.225 6.980
2018-08-16 11.569 7.041
2018-08-18 11.229 6.898
2018-08-21 11.334 7.163
2018-08-23 11.037 7.184
2018-08-26 11.538 6.408
2018-08-28 11.516 6.408
2018-08-31 11.488 5.429
2018-09-02 11.369 5.306
2018-09-05 11.606 5.041
2018-09-07 11.359 4.714
2018-09-10 10.187 4.633
2018-09-12 10.327 4.388
2018-09-15 10.426 3.469
2018-09-17 11.269 3.571
2018-09-20 12.952 3.633
2018-09-22 13.633 3.327
2018-09-25 15.150 4.061
2018-09-27 15.026 3.918
2018-09-30 13.006 4.898
2018-10-02 12.769 4.816
2018-10-05 13.236 4.837
2018-10-07 13.083 5.000
2018-10-10 13.676 4.673
2018-10-12 13.712 4.633
2018-10-15 13.492 4.878
2018-10-17 13.509 4.918
2018-10-20 12.044 4.490
2018-10-22 11.927 4.755
2018-10-25 8.888 4.796
2018-10-27 8.696 4.612
2018-10-30 7.937 4.469
2018-11-01 8.027 4.388
2018-11-04 6.329 4.306
2018-11-06 5.926 4.429
2018-11-09 5.943 4.286
2018-11-11 6.031 4.612
2018-11-14 5.607 4.735
2018-11-16 5.137 4.571
2018-11-19 4.769 4.000
2018-11-21 4.683 3.714
2018-11-24 2.317 2.816
2018-11-26 2.250 3.000
2018-11-29 3.233 2.388
2018-12-04 4.233 2.755
2018-12-06 4.567 2.816
2018-12-09 4.476 3.755
2018-12-11 4.060 3.755
2018-12-14 4.417 3.429
2018-12-16 4.293 3.571
2018-12-19 4.275 3.673
2018-12-21 4.296 3.980
2018-12-24 4.648 4.837
2018-12-26 4.681 4.980
2018-12-29 4.106 5.735
2018-12-31 4.150 6.061
2019-01-03 3.150 6.041
2019-01-05 3.200 6.020
2019-01-08 2.600 6.020
2019-01-10 2.700 6.020
2019-01-13 2.700 6.000
2019-01-15 2.700 6.020
2019-01-18 2.723 6.000
2019-01-20 2.661 5.673
2019-01-23 1.681 4.714
2019-01-25 1.851 4.551
2019-01-28 1.077 4.184
2019-01-30 0.992 3.959
2019-02-02 1.542 3.347
2019-02-07 0.926 2.776
2019-02-09 0.700 2.633
2019-02-12 1.726 3.490
2019-02-14 1.869 3.490
2019-02-17 2.393 4.020
2019-02-19 2.361 4.306
2019-02-22 2.648 5.306
2019-02-24 2.633 5.469
2019-02-27 3.036 5.837
2019-03-01 3.107 6.020
2019-03-04 3.428 5.653
2019-03-06 3.585 5.449
2019-03-09 2.872 6.020
2019-03-11 2.918 5.837
2019-03-14 2.583 5.959
2019-03-16 2.458 5.959
2019-03-19 2.211 5.490
2019-03-21 2.229 5.388
2019-03-24 2.340 5.388
2019-03-29 2.690 5.388
2019-03-31 2.615 5.102
2019-04-03 2.729 5.551
2019-04-05 2.572 5.755
2019-04-08 3.313 5.000
2019-04-10 3.456 5.020
2019-04-13 4.391 5.020
2019-04-15 4.825 5.020
2019-04-18 4.675 5.163
2019-04-20 4.785 4.980
2019-04-23 5.533 4.551
2019-04-25 5.600 4.224
2019-04-28 6.267 4.041
2019-04-30 6.386 4.286
2019-05-03 6.167 4.571
2019-05-05 6.843 4.571
2019-05-08 6.864 5.265
2019-05-10 6.700 5.571
2019-05-13 6.706 4.980
2019-05-15 6.313 4.980
2019-05-18 5.954 4.878
2019-05-20 6.126 5.204
2019-05-23 6.475 5.633
2019-05-28 6.633 5.449
2019-05-30 6.735 5.367
2019-06-02 7.290 5.633
2019-06-04 7.507 5.653
2019-06-07 7.576 5.714
2019-06-09 7.624 5.510
2019-06-12 8.067 5.245
2019-06-14 8.456 4.980
2019-06-17 9.443 5.796
2019-06-19 9.346 5.796
2019-06-22 10.758 5.306
2019-06-24 10.841 5.531
2019-06-27 11.925 5.898
2019-06-29 11.642 6.061
2019-07-02 11.796 5.449
2019-07-04 11.479 5.449
2019-07-07 12.906 4.469
2019-07-09 13.046 4.592
2019-07-12 12.847 5.449
2019-07-14 12.864 5.612
2019-07-17 11.630 5.347
2019-07-19 11.368 5.367
2019-07-22 10.474 5.857
2019-07-24 10.416 5.980
2019-07-27 9.437 5.714
2019-07-29 10.040 5.735
2019-08-01 12.754 6.224
2019-08-03 12.845 6.224
2019-08-06 12.169 7.204
2019-08-08 12.082 7.306
2019-08-11 11.748 7.265
2019-08-13 11.744 7.041
2019-08-16 13.209 7.306
2019-08-18 13.118 7.306
2019-08-21 13.622 6.980
2019-08-23 13.713 6.918
2019-08-26 13.523 7.184
2019-08-28 13.087 7.041
2019-08-31 11.420 7.163
2019-09-02 11.469 6.816
2019-09-05 11.539 6.429
2019-09-07 11.400 6.388
2019-09-10 11.121 5.694
2019-09-12 11.129 6.020
2019-09-15 11.391 6.020
2019-09-17 11.801 5.857
2019-09-20 12.137 6.163
2019-09-22 11.734 6.102
2019-09-25 11.698 6.000
2019-09-27 11.682 6.122
2019-09-30 11.171 6.122
2019-10-05 11.320 6.265
2019-10-07 11.390 6.286
2019-10-10 11.762 6.286
2019-10-12 11.730 6.286
2019-10-15 9.798 6.286
2019-10-17 9.660 6.429
2019-10-20 8.596 5.612
2019-10-22 8.564 5.388
2019-10-25 7.760 5.429
2019-10-27 7.492 5.449
2019-10-30 6.684 5.449
2019-11-01 6.629 5.612
2019-11-04 5.857 5.592
2019-11-06 5.761 5.571
2019-11-09 5.296 6.041
2019-11-11 5.122 5.714
2019-11-14 4.954 4.714
2019-11-16 4.785 4.388
2019-11-19 4.367 4.878
2019-11-21 4.271 4.959
2019-11-24 3.920 4.857
2019-11-26 3.954 4.837
2019-11-29 3.801 4.265
2019-12-01 3.801 4.327
2019-12-04 3.762 3.592
2019-12-06 4.137 3.612
2019-12-09 4.295 3.633
2019-12-11 4.267 3.653
2019-12-14 3.330 4.653
2019-12-19 3.855 4.837
2019-12-21 3.742 5.082
2019-12-24 3.317 5.245
2019-12-26 3.352 4.918
2019-12-29 3.113 4.694
2019-12-31 3.327 4.796
2020-01-03 3.327 4.816
2020-01-05 3.042 4.816
2020-01-08 2.510 4.898
2020-01-10 2.510 4.918
2020-01-13 3.519 4.918
2020-01-18 2.967 4.082
2020-01-20 3.200 3.837
2020-01-23 2.867 3.837
2020-01-28 2.860 4.633
2020-01-30 2.617 4.306
2020-02-02 2.762 5.286
2020-02-04 2.645 5.204
2020-02-07 2.876 4.367
2020-02-09 2.855 4.653
2020-02-12 2.150 3.735
2020-02-14 2.150 3.776
2020-02-17 2.067 3.918
2020-02-19 2.267 4.102
2020-02-22 3.550 4.102
2020-02-24 3.369 4.429
2020-02-27 4.295 4.347
2020-02-29 4.277 4.367
2020-03-03 4.926 3.367
2020-03-05 5.010 3.122
2020-03-08 4.775 4.122
2020-03-10 4.775 3.939
2020-03-13 4.758 4.041
2020-03-15 4.858 4.122
2020-03-18 4.958 3.980
2020-03-20 4.833 3.959
2020-03-23 3.250 3.837
2020-03-25 3.250 3.755
2020-03-28 2.286 2.898
2020-03-30 2.286 2.918
2020-04-02 1.952 3.286
2020-04-04 1.917 3.612
2020-04-07 0.619 3.245
2020-04-09 0.476 3.429
2020-04-12 0.476 3.510
2020-04-14 0.333 3.388
2020-04-19 0.333 3.143
2020-04-22 0.333 2.918
2020-04-24 0.333 3.000
2020-04-27 0.333 3.163
2020-04-29 0.333 3.388
2020-05-02 0.333 3.796
2020-05-04 0.333 3.755
2020-05-07 0.200 3.694
2020-05-09 0.200 3.367
2020-05-12 0.250 3.286
2020-05-17 0.250 3.755
2020-05-19 0.250 4.082
2020-05-22 0.250 4.265
2020-05-24 0.250 3.939
2020-05-27 0.250 4.694
2020-05-29 0.250 4.755
2020-06-01 0.617 4.633
2020-06-03 0.593 4.694
2020-06-06 0.643 4.755
2020-06-11 0.625 5.224
2020-06-13 0.611 5.571
2020-06-16 0.561 5.878
2020-06-18 0.561 5.653
2020-06-21 0.818 5.816
2020-06-23 0.868 6.163
2020-06-26 1.368 6.184
2020-06-28 1.654 6.184
2020-07-01 2.938 6.531
2020-07-03 3.109 6.408
2020-07-06 3.896 6.776
2020-07-08 3.884 7.102
2020-07-11 4.834 7.449
2020-07-13 4.968 7.204
2020-07-16 5.651 6.796
2020-07-18 5.651 6.776
2020-07-21 6.539 6.776
2020-07-23 6.795 6.755
2020-07-26 7.530 6.755
2020-07-28 7.741 6.755
