2015-08-01 4.000 0.429
2015-08-08 8.000 1.041
2015-08-11 8.000 1.163
2015-08-28 11.167 2.000
2015-08-31 10.833 1.571
2015-09-07 7.000 0.959
2015-09-10 11.000 1.837
2015-09-17 12.333 2.531
2015-09-27 14.500 1.694
2015-09-30 16.833 2.694
2015-10-10 19.500 1.694
2015-10-17 20.000 1.000
2015-10-20 19.000 1.245
2015-10-30 5.000 0.245
2015-11-16 5.000 0.265
2015-11-19 0.000 0.020
2015-11-26 12.000 0.612
2015-12-09 12.500 1.612
2015-12-16 12.500 1.673
2015-12-26 10.000 1.082
2015-12-29 12.000 1.796
2016-01-05 12.333 2.102
2016-01-08 10.500 1.102
2016-01-15 10.500 1.020
2016-01-25 10.500 1.041
2016-01-28 5.000 0.327
2016-02-04 0.000 0.020
2016-02-14 0.000 0.184
2016-02-24 0.000 0.163
2016-03-25 19.000 0.980
2016-03-28 17.500 1.184
2016-04-04 17.500 1.245
2016-04-14 18.000 1.571
2016-04-17 17.000 1.755
2016-04-24 7.500 0.837
2016-04-27 13.000 0.959
2016-05-04 15.833 1.878
2016-05-07 17.167 2.224
2016-05-14 16.750 1.898
2016-05-17 16.583 1.714
2016-05-24 16.833 1.653
2016-05-27 15.000 1.816
2016-06-03 9.500 0.837
2016-06-06 16.000 1.388
2016-06-26 17.000 0.959
2016-07-03 19.000 1.122
2016-07-06 15.000 1.082
2016-07-13 15.500 1.122
2016-07-16 16.000 1.490
2016-07-23 16.583 1.878
2016-07-26 16.583 1.837
2016-08-02 16.500 1.673
2016-08-05 11.833 0.837
2016-08-12 18.583 1.776
2016-08-15 18.333 2.265
2016-08-22 17.083 1.959
2016-08-25 16.867 2.469
2016-09-01 17.450 2.592
2016-09-04 17.500 2.571
2016-09-11 16.333 2.571
2016-09-14 15.167 2.510
2016-09-21 15.083 2.694
2016-09-24 16.367 2.408
2016-10-01 15.250 2.286
2016-10-04 13.967 3.265
2016-10-11 13.817 2.918
2016-10-14 12.750 2.122
2016-10-21 12.167 1.857
2016-10-24 11.500 1.673
2016-10-31 11.667 1.898
2016-11-03 13.000 1.000
2016-11-10 3.000 0.367
2016-11-13 14.833 1.163
2016-11-23 13.833 1.122
2016-11-30 13.667 1.857
2016-12-03 14.500 2.061
2016-12-13 13.000 1.265
2016-12-20 13.500 1.837
2016-12-23 13.500 1.816
2016-12-30 13.000 1.061
2017-01-02 15.667 1.776
2017-01-12 15.667 1.837
2017-01-19 16.167 2.061
2017-01-29 15.500 1.918
2017-02-01 16.000 0.918
2017-02-11 16.000 0.857
2017-02-18 0.000 0.061
2017-02-28 6.000 0.510
2017-03-13 6.000 0.531
2017-03-30 0.000 0.061
2017-04-02 6.000 0.449
2017-04-09 15.500 1.429
2017-04-12 15.500 1.408
2017-04-19 13.833 2.163
2017-04-22 13.667 2.286
2017-04-29 13.667 2.245
2017-05-02 12.833 1.898
2017-05-09 8.500 0.918
2017-05-19 1.000 0.163
2017-05-22 18.000 0.980
2017-05-29 17.500 1.020
2017-06-01 16.833 1.245
2017-06-11 17.917 1.857
2017-06-18 18.400 2.490
2017-06-21 14.417 1.714
2017-06-28 14.500 1.673
2017-07-01 15.000 1.429
2017-07-06 17.917 2.061
2017-07-11 17.167 1.449
2017-07-13 17.333 1.469
2017-07-18 10.917 1.122
2017-07-21 11.833 1.143
2017-07-28 10.833 1.184
2017-07-31 14.183 1.816
2017-08-05 13.267 1.265
2017-08-10 12.767 1.286
2017-08-12 12.667 1.265
2017-08-15 14.667 1.816
2017-08-17 17.167 1.918
2017-08-20 17.917 1.776
2017-08-25 19.650 2.633
2017-08-27 16.983 3.571
2017-08-30 15.500 2.918
2017-09-01 16.617 3.898
2017-09-04 16.300 3.816
2017-09-09 16.667 4.020
2017-09-11 16.983 4.327
2017-09-14 17.633 3.776
2017-09-16 17.217 3.388
2017-09-19 17.000 3.408
2017-09-24 18.050 3.551
2017-09-26 19.833 2.633
2017-10-01 21.000 1.653
2017-10-06 20.333 2.633
2017-10-09 20.167 2.531
2017-10-11 20.000 2.224
2017-10-14 19.833 2.490
2017-10-16 19.417 2.939
2017-10-19 19.750 2.878
2017-10-21 20.533 3.224
2017-10-24 21.417 2.224
2017-10-26 21.583 2.163
2017-10-29 21.000 2.327
2017-11-03 16.567 3.306
2017-11-05 14.483 3.306
2017-11-08 14.183 3.184
2017-11-10 13.117 3.898
2017-11-13 13.376 4.204
2017-11-15 13.517 3.755
2017-11-18 13.483 3.857
2017-11-20 12.517 3.510
2017-11-23 12.876 4.490
2017-11-25 12.275 5.224
2017-11-28 12.798 5.980
2017-11-30 12.555 6.510
2017-12-03 12.976 5.531
2017-12-05 12.367 4.551
2017-12-08 12.440 5.286
2017-12-10 13.283 4.571
2017-12-13 12.467 4.000
2017-12-15 13.800 4.551
2017-12-18 15.493 5.449
2017-12-23 15.683 4.469
2017-12-25 17.267 3.735
2017-12-28 15.267 3.816
2017-12-30 16.250 4.000
2018-01-04 16.067 4.224
2018-01-07 16.517 4.490
2018-01-14 15.583 3.939
2018-01-17 12.450 3.939
2018-01-19 12.133 4.878
2018-01-22 12.150 5.388
2018-01-27 12.633 4.388
2018-01-29 11.917 3.673
2018-02-01 12.167 4.653
2018-02-03 12.150 4.429
2018-02-06 11.983 3.939
2018-02-08 12.250 4.163
2018-02-11 12.538 5.041
2018-02-16 14.645 5.000
2018-02-18 15.814 4.857
2018-02-21 16.050 4.347
2018-02-26 15.636 4.612
2018-02-28 15.569 4.673
2018-03-03 16.100 3.694
2018-03-05 16.764 4.061
2018-03-08 16.667 3.551
2018-03-10 16.300 3.327
2018-03-13 16.583 2.673
2018-03-18 15.167 1.714
2018-03-20 11.167 1.367
2018-03-23 12.083 1.510
2018-03-28 10.667 1.245
2018-03-30 10.833 1.184
2018-04-04 6.000 0.816
2018-04-12 6.500 0.592
2018-04-14 13.000 0.939
2018-04-17 14.500 1.061
2018-04-19 18.000 1.592
2018-04-22 17.750 2.449
2018-05-04 18.617 3.224
2018-05-07 18.900 4.224
2018-05-09 18.107 5.204
2018-05-14 18.533 5.449
2018-05-17 18.048 6.327
2018-05-19 18.048 6.327
2018-05-22 17.619 6.306
2018-05-24 17.310 7.082
2018-05-27 17.931 7.776
2018-06-03 17.448 7.531
2018-06-06 17.335 7.367
2018-06-08 17.898 6.673
2018-06-11 18.182 7.673
2018-06-13 17.485 7.429
2018-06-16 17.300 6.429
2018-06-18 16.885 6.429
2018-06-21 17.742 5.633
2018-06-23 17.845 4.939
2018-06-26 16.757 5.245
2018-06-28 16.200 6.224
2018-07-01 16.213 7.224
2018-07-03 16.003 7.673
2018-07-06 16.715 7.673
2018-07-08 16.426 7.490
2018-07-11 15.813 6.490
2018-07-13 15.821 7.122
2018-07-16 15.937 7.714
2018-07-18 16.125 6.735
2018-07-21 15.290 7.061
2018-07-23 15.650 7.122
2018-07-26 16.288 6.816
2018-07-28 15.866 6.633
2018-07-31 15.392 5.837
2018-08-02 14.056 5.837
2018-08-05 12.917 6.000
2018-08-07 12.500 6.857
2018-08-12 12.086 5.939
2018-08-15 11.279 5.347
2018-08-20 11.979 4.837
2018-08-22 11.883 4.694
2018-08-25 10.833 4.633
2018-08-27 11.467 3.837
2018-08-30 13.650 4.163
2018-09-01 14.050 4.163
2018-09-04 12.783 3.184
2018-09-06 13.667 3.122
2018-09-11 13.867 3.061
2018-09-14 13.850 3.122
2018-09-16 13.683 3.653
2018-09-19 13.650 3.694
2018-09-21 14.352 4.245
2018-09-24 14.386 4.612
2018-09-26 15.339 5.592
2018-09-29 15.313 5.980
2018-10-01 16.826 5.980
2018-10-04 17.081 6.082
2018-10-06 17.214 5.184
2018-10-09 17.595 6.184
2018-10-11 17.102 6.959
2018-10-14 17.088 6.898
2018-10-16 17.894 7.347
2018-10-19 17.769 8.306
2018-10-21 17.505 8.735
2018-10-24 18.990 8.245
2018-10-26 19.046 7.592
2018-10-29 18.415 7.531
2018-10-31 18.980 7.531
2018-11-03 18.213 8.122
2018-11-05 18.161 8.245
2018-11-08 17.669 7.980
2018-11-10 17.341 7.694
2018-11-13 16.589 8.694
2018-11-15 16.333 7.939
2018-11-18 17.073 7.939
2018-11-20 17.681 6.959
2018-11-23 16.650 6.449
2018-11-25 16.176 6.224
2018-11-28 15.926 5.367
2018-11-30 15.286 5.367
2018-12-03 14.962 4.959
2018-12-05 15.179 4.837
2018-12-08 15.855 5.102
2018-12-10 16.250 4.714
2018-12-13 18.033 4.449
2018-12-15 17.933 4.224
2018-12-18 17.167 3.224
2018-12-20 16.633 3.918
2018-12-25 16.683 3.918
2018-12-30 16.233 3.000
2019-01-02 17.017 2.918
2019-01-04 17.033 3.122
2019-01-07 16.933 2.122
2019-01-09 17.967 2.612
2019-01-12 17.083 1.878
2019-01-14 17.083 1.918
2019-01-17 18.783 2.918
2019-01-19 18.833 2.306
2019-01-22 16.417 3.265
2019-01-24 16.417 3.163
2019-01-27 16.250 3.367
2019-01-29 15.817 3.327
2019-02-01 15.700 3.102
2019-02-03 13.967 3.796
2019-02-06 14.133 3.816
2019-02-08 12.517 3.224
2019-02-11 14.700 4.102
2019-02-13 15.033 4.204
2019-02-16 14.317 3.204
2019-02-18 14.167 3.122
2019-02-21 14.750 2.449
2019-02-23 13.867 3.388
2019-02-26 15.017 4.184
2019-02-28 14.917 4.224
2019-03-05 16.367 4.306
2019-03-08 16.367 4.286
2019-03-10 15.867 4.367
2019-03-13 14.167 3.776
2019-03-15 13.917 3.633
2019-03-18 13.583 3.673
2019-03-23 13.600 3.571
2019-03-25 15.183 3.510
2019-03-28 14.500 2.714
2019-03-30 15.833 3.469
2019-04-04 16.042 2.612
2019-04-09 16.500 2.531
2019-04-12 16.750 2.245
2019-04-14 16.750 2.286
2019-04-17 14.750 3.224
2019-04-19 15.642 3.796
2019-04-22 15.276 4.306
2019-04-24 14.458 3.429
2019-04-27 14.075 3.224
2019-04-29 12.917 2.408
2019-05-02 12.583 2.531
2019-05-04 14.450 2.653
2019-05-07 14.417 2.694
2019-05-09 14.917 2.714
2019-05-12 17.076 3.653
2019-05-14 17.160 4.592
2019-05-17 18.817 3.612
2019-05-19 18.483 3.041
2019-05-22 18.900 2.612
2019-05-24 18.350 2.898
2019-06-01 17.658 3.531
2019-06-03 17.350 3.367
2019-06-06 17.233 3.612
2019-06-08 17.067 3.612
2019-06-11 15.517 2.673
2019-06-13 15.117 1.694
2019-06-16 15.117 1.714
2019-06-21 15.367 1.531
2019-06-23 15.333 1.245
2019-06-28 16.583 2.224
2019-07-01 17.500 2.367
2019-07-03 18.000 2.286
2019-07-06 19.583 2.000
2019-07-08 19.583 1.980
2019-07-11 18.667 2.469
2019-07-16 18.700 2.898
2019-07-21 18.750 2.816
2019-07-23 18.908 3.796
2019-07-28 18.917 2.816
2019-07-31 18.500 1.918
2019-08-02 17.417 2.041
2019-08-05 17.517 2.367
2019-08-07 16.017 2.531
2019-08-10 16.917 2.082
2019-08-15 16.333 1.633
2019-08-17 16.750 1.776
2019-08-20 16.283 1.898
2019-08-22 12.167 1.837
2019-08-25 13.600 2.837
2019-08-27 14.633 3.816
2019-08-30 14.617 3.959
2019-09-01 15.117 4.000
2019-09-04 14.369 4.592
2019-09-06 14.617 4.429
2019-09-09 14.333 4.510
2019-09-14 14.608 5.510
2019-09-16 14.593 5.367
2019-09-19 15.090 6.245
2019-09-21 15.944 6.306
2019-09-24 16.167 5.347
2019-09-26 15.883 4.837
2019-09-29 15.958 4.694
2019-10-01 16.046 4.755
2019-10-04 16.967 3.837
2019-10-09 16.967 4.388
2019-10-11 16.943 4.408
2019-10-14 17.750 3.408
2019-10-19 17.283 3.265
2019-10-21 10.350 2.286
2019-10-24 10.433 2.245
2019-10-26 10.250 1.776
2019-10-29 9.750 2.327
2019-10-31 9.667 2.102
2019-11-03 10.333 2.735
2019-11-08 9.583 2.102
2019-11-10 10.533 2.918
2019-11-13 9.883 3.633
2019-11-18 9.650 3.592
2019-11-28 9.450 3.041
2019-11-30 12.650 3.816
2019-12-03 13.233 3.959
2019-12-08 13.900 4.857
2019-12-10 15.050 4.020
2019-12-13 17.117 3.510
2019-12-15 16.083 4.408
2019-12-18 15.567 3.735
2019-12-23 15.900 4.735
2019-12-25 13.512 5.694
2019-12-30 12.179 5.898
2020-01-02 12.300 5.204
2020-01-04 12.733 5.592
2020-01-07 12.317 4.694
2020-01-09 12.838 5.408
2020-01-12 12.193 5.429
2020-01-14 12.367 4.531
2020-01-17 12.567 4.408
2020-01-19 13.805 5.367
2020-01-22 12.867 4.367
2020-01-24 15.800 3.408
2020-01-27 15.567 3.510
2020-01-29 16.367 3.490
2020-02-01 14.867 3.980
2020-02-03 14.283 4.020
2020-02-06 13.721 4.980
2020-02-08 13.450 4.490
2020-02-11 13.293 4.918
2020-02-13 13.221 5.000
2020-02-16 13.245 5.061
2020-02-18 12.695 4.490
2020-02-23 12.695 4.510
2020-02-26 12.795 4.490
2020-02-28 11.617 3.531
2020-03-02 11.302 3.449
2020-03-04 11.583 3.041
2020-03-07 10.200 2.041
2020-03-09 9.333 1.898
2020-03-12 13.333 2.122
2020-03-14 13.333 2.041
2020-03-17 13.417 2.408
2020-03-19 10.750 2.020
2020-03-22 8.433 2.918
2020-03-24 7.133 3.878
2020-03-27 7.231 4.796
2020-03-29 6.848 4.980
2020-04-01 7.533 4.490
2020-04-03 7.533 4.469
2020-04-06 7.167 4.837
2020-04-08 6.460 5.265
2020-04-11 3.893 5.347
2020-04-16 3.721 5.898
2020-04-21 2.912 6.000
2020-04-23 3.002 6.000
2020-04-26 1.510 6.000
2020-04-28 1.533 5.816
2020-05-01 1.533 5.898
2020-05-06 1.662 6.531
2020-05-08 1.710 6.184
2020-05-11 2.000 5.408
2020-05-16 1.600 4.408
2020-05-18 1.417 5.000
2020-05-21 1.217 5.000
2020-05-23 0.833 4.163
2020-05-26 1.417 3.408
2020-05-28 1.483 4.388
2020-05-31 2.117 5.306
2020-06-02 2.217 5.449
2020-06-05 2.250 4.449
2020-06-07 2.250 4.286
2020-06-10 2.250 4.102
2020-06-15 2.017 4.878
2020-06-17 2.417 4.347
2020-06-20 3.067 3.408
2020-06-22 2.667 4.204
2020-06-25 3.133 4.959
2020-06-27 3.433 3.980
2020-06-30 3.500 2.980
2020-07-02 3.417 2.857
2020-07-05 2.617 3.490
2020-07-10 2.700 3.633
2020-07-12 2.700 3.714
2020-07-15 3.083 2.939
2020-07-17 3.083 3.163
2020-07-20 3.800 4.020
2020-07-22 4.267 3.959
2020-07-25 4.233 2.959
2020-07-27 3.983 3.082
