2015-08 11.333 2.041
2015-09 16.833 2.694
2015-10 5.000 0.245
2015-11 12.000 0.612
2015-12 11.333 2.796
2016-01 5.000 0.327
2016-02 0.000 0.163
2016-03 17.500 1.184
2016-04 13.000 0.959
2016-05 15.000 1.816
2016-06 17.000 0.959
2016-07 16.583 1.837
2016-08 16.867 2.469
2016-09 16.450 2.429
2016-10 11.667 1.898
2016-11 13.667 1.857
2016-12 13.000 1.061
2017-01 15.500 1.918
2017-02 6.000 0.510
2017-03 0.000 0.061
2017-04 13.667 2.245
2017-05 17.500 1.020
2017-06 14.500 1.673
2017-07 14.517 1.837
2017-08 15.500 2.918
2017-09 19.833 2.633
2017-10 21.000 2.327
2017-11 12.555 6.510
2017-12 16.250 4.000
2018-01 11.917 3.673
2018-02 15.569 4.673
2018-03 10.833 1.184
2018-04 17.750 2.449
2018-05 17.931 7.776
2018-06 16.200 6.224
2018-07 15.461 6.837
2018-08 13.650 4.163
2018-09 15.313 5.980
2018-10 18.893 8.510
2018-11 14.664 6.429
2018-12 16.283 3.449
2019-01 15.587 4.694
2019-02 15.252 6.163
2019-03 15.833 5.510
2019-04 12.917 3.898
2019-05 18.293 3.020
2019-06 17.167 2.776
2019-07 19.267 3.571
2019-08 14.826 5.306
2019-09 15.706 5.898
2019-10 10.217 2.653
2019-11 13.658 4.245
2019-12 12.327 6.061
2020-01 16.286 4.204
2020-02 12.041 4.429
2020-03 6.277 5.653
2020-04 1.518 6.959
2020-05 2.060 6.673
2020-06 3.733 3.653
2020-07 4.104 4.061
