2015-07 8.500 1.735
2015-08 5.483 4.082
2015-09 5.667 2.163
2015-10 10.000 1.082
2015-11 1.000 0.449
2015-12 6.500 1.714
2016-01 1.000 0.245
2016-02 4.000 0.490
2016-04 5.417 3.122
2016-05 6.000 4.469
2016-06 6.500 2.224
2016-07 0.000 0.429
2016-08 6.917 3.061
2016-09 8.300 4.816
2016-11 6.500 1.000
2016-12 5.500 0.878
2017-01 11.000 1.041
2017-02 6.333 2.367
2017-03 6.583 2.592
2017-04 0.500 0.857
2017-05 6.750 2.816
2017-06 3.500 0.898
2017-07 7.133 3.735
2017-08 7.710 4.837
2017-09 9.000 2.082
2017-10 6.667 2.204
2017-11 4.333 1.082
2017-12 11.167 1.776
2018-01 0.000 0.429
2018-02 6.466 6.531
2018-03 8.000 3.286
2018-04 5.306 8.388
2018-05 6.815 7.694
2018-06 6.017 3.490
2018-07 6.913 7.531
2018-08 7.533 4.286
2018-09 9.057 6.204
2018-10 9.305 7.000
2018-11 4.750 2.490
2018-12 3.500 1.469
2019-01 8.250 2.898
2019-02 7.552 7.469
2019-03 11.488 5.510
2019-04 6.830 14.061
2019-05 8.117 4.020
2019-06 7.062 9.327
2019-07 7.849 7.571
2019-08 6.486 5.347
2019-09 7.346 8.633
2019-10 6.167 3.082
2019-11 3.450 2.224
2019-12 6.750 5.224
2020-01 9.269 3.857
2020-02 7.500 1.327
2020-03 3.300 5.102
2020-04 0.725 11.041
2020-05 0.567 5.714
2020-06 1.167 7.061
2020-07 3.917 2.388
