2015-07-04 8.000 1.000
2015-07-24 8.500 1.735
2015-08-03 5.500 1.735
2015-08-06 6.000 2.306
2015-08-13 4.917 3.020
2015-08-16 4.783 3.367
2015-08-23 5.150 3.633
2015-08-26 5.483 4.082
2015-09-02 5.700 3.245
2015-09-05 4.750 2.673
2015-09-12 8.000 2.959
2015-09-15 6.433 3.612
2015-09-22 6.000 2.612
2015-09-25 5.667 2.163
2015-10-02 6.000 2.000
2015-10-15 10.000 1.000
2015-10-22 10.000 1.082
2015-11-11 1.000 0.082
2015-11-24 1.000 0.449
2015-12-21 1.000 0.510
2015-12-24 7.000 1.000
2015-12-31 6.500 1.714
2016-01-03 5.833 1.939
2016-01-20 5.833 1.898
2016-01-23 3.500 0.959
2016-01-30 1.000 0.245
2016-02-02 0.000 0.020
2016-02-12 4.000 0.510
2016-02-19 4.000 0.490
2016-04-02 3.000 1.000
2016-04-09 4.500 1.449
2016-04-19 4.500 1.510
2016-04-22 5.833 2.510
2016-04-29 5.417 3.122
2016-05-02 5.500 3.122
2016-05-09 5.667 3.673
2016-05-12 5.500 4.592
2016-05-19 6.017 4.878
2016-05-22 5.783 4.592
2016-05-29 6.000 4.469
2016-06-01 6.617 3.469
2016-06-08 7.117 3.469
2016-06-11 6.383 3.469
2016-06-18 5.817 3.163
2016-06-21 5.833 2.449
2016-06-28 6.500 2.224
2016-07-01 6.500 2.367
2016-07-08 4.833 1.408
2016-07-11 2.500 0.490
2016-07-18 2.500 0.449
2016-07-21 2.500 0.612
2016-07-28 0.000 0.367
2016-07-31 0.000 0.286
2016-08-07 1.000 0.673
2016-08-17 4.500 1.469
2016-08-20 6.000 1.980
2016-08-27 6.867 2.959
2016-08-30 6.917 3.061
2016-09-06 8.083 3.469
2016-09-09 7.300 4.469
2016-09-16 7.600 4.673
2016-09-19 7.200 4.918
2016-09-26 7.950 4.429
2016-09-29 8.300 4.816
2016-10-06 8.150 3.980
2016-10-09 9.083 2.980
2016-10-16 9.167 1.980
2016-10-19 10.500 1.061
2016-10-26 7.000 0.551
2016-11-15 0.000 0.082
2016-11-18 0.000 0.143
2016-11-28 6.500 1.000
2016-12-05 8.333 1.490
2016-12-08 8.167 1.633
2016-12-15 8.500 1.551
2016-12-18 8.500 1.490
2016-12-25 8.000 1.735
2016-12-28 5.500 0.878
2017-01-04 0.000 0.429
2017-01-07 0.000 0.286
2017-01-24 0.000 0.041
2017-01-27 11.000 1.041
2017-02-03 11.000 1.000
2017-02-13 9.000 2.000
2017-02-16 8.000 3.000
2017-02-23 7.750 3.367
2017-02-26 6.333 2.367
2017-03-05 7.000 2.490
2017-03-08 7.417 2.694
2017-03-15 7.000 2.408
2017-03-18 5.333 1.510
2017-03-25 5.167 1.551
2017-03-28 6.583 2.551
2017-04-04 6.000 2.714
2017-04-07 5.250 2.510
2017-04-14 5.500 1.837
2017-04-17 5.167 1.857
2017-04-24 5.667 1.490
2017-04-27 0.500 0.857
2017-05-04 0.000 0.571
2017-05-07 0.500 0.755
2017-05-14 2.500 1.367
2017-05-17 5.333 2.224
2017-05-24 5.500 2.184
2017-05-27 6.750 2.816
2017-06-06 6.667 3.082
2017-06-13 7.000 2.429
2017-06-16 6.500 1.469
2017-06-23 5.833 1.653
2017-06-26 3.500 0.898
2017-07-03 3.833 1.449
2017-07-06 5.000 1.367
2017-07-11 5.500 1.571
2017-07-16 5.500 1.551
2017-07-18 6.917 1.918
2017-07-21 6.600 2.673
2017-07-23 6.600 2.490
2017-07-26 6.417 2.245
2017-07-28 6.600 2.796
2017-07-31 7.133 3.735
2017-08-02 7.183 3.388
2017-08-05 7.317 3.020
2017-08-07 7.567 3.408
2017-08-10 7.802 4.082
2017-08-15 7.426 4.898
2017-08-17 7.996 5.469
2017-08-20 8.793 4.755
2017-08-25 8.461 5.041
2017-08-27 8.393 4.776
2017-08-30 7.710 4.837
2017-09-01 7.467 4.633
2017-09-04 8.036 5.510
2017-09-06 7.950 5.122
2017-09-09 8.150 4.245
2017-09-11 8.833 4.408
2017-09-14 9.567 3.592
2017-09-16 8.767 2.653
2017-09-19 8.333 2.612
2017-09-21 8.250 2.633
2017-09-24 8.250 2.347
2017-09-26 8.833 2.082
2017-09-29 9.000 2.082
2017-10-04 7.000 1.204
2017-10-09 7.333 2.184
2017-10-11 6.500 2.020
2017-10-16 6.000 3.020
2017-10-19 6.500 3.245
2017-10-21 6.500 3.224
2017-10-26 6.500 3.204
2017-10-29 6.667 2.204
2017-11-03 6.500 2.408
2017-11-05 6.500 2.429
2017-11-08 6.000 1.449
2017-11-13 6.000 1.469
2017-11-15 3.000 0.469
2017-11-18 0.000 0.245
2017-11-20 2.500 0.694
2017-11-28 2.500 0.714
2017-11-30 4.333 1.082
2017-12-03 5.750 1.265
2017-12-05 5.833 1.245
2017-12-08 5.833 1.306
2017-12-10 5.500 1.673
2017-12-18 9.000 2.551
2017-12-20 9.333 2.143
2017-12-23 9.333 2.163
2017-12-28 9.333 2.143
2017-12-30 11.167 1.776
2018-01-02 8.500 1.388
2018-01-07 9.000 1.327
2018-01-09 7.500 1.000
2018-01-12 7.500 0.980
2018-01-14 6.000 1.347
2018-01-17 0.000 0.469
2018-01-19 0.000 0.429
2018-01-22 0.000 0.408
2018-01-24 0.000 0.429
2018-02-01 3.000 1.082
2018-02-06 5.500 2.082
2018-02-08 6.833 3.041
2018-02-11 7.083 3.204
2018-02-13 7.050 3.776
2018-02-16 6.683 4.429
2018-02-21 6.433 4.531
2018-02-23 6.386 5.510
2018-02-26 6.568 5.735
2018-02-28 6.466 6.531
2018-03-03 6.179 6.878
2018-03-05 6.161 6.898
2018-03-08 5.774 5.898
2018-03-10 5.431 4.898
2018-03-13 5.300 4.735
2018-03-15 5.283 3.796
2018-03-18 6.767 4.143
2018-03-20 6.767 4.163
2018-03-23 6.883 4.061
2018-03-25 7.317 4.061
2018-03-28 7.117 3.837
2018-03-30 8.000 3.286
2018-04-02 9.250 3.286
2018-04-04 8.950 3.694
2018-04-07 8.517 4.694
2018-04-09 7.843 5.694
2018-04-17 6.976 5.694
2018-04-19 6.363 6.673
2018-04-22 5.790 7.673
2018-04-24 5.268 6.673
2018-04-27 5.468 7.633
2018-04-29 5.306 8.388
2018-05-02 4.911 7.388
2018-05-04 5.768 7.959
2018-05-07 5.518 7.959
2018-05-09 5.393 7.959
2018-05-12 5.393 7.980
2018-05-14 5.892 8.980
2018-05-17 6.035 8.388
2018-05-19 6.250 7.776
2018-05-22 7.183 7.776
2018-05-24 7.188 8.653
2018-05-27 7.165 7.694
2018-05-29 6.815 7.694
2018-06-01 6.768 8.000
2018-06-03 6.171 7.000
2018-06-06 6.219 7.000
2018-06-08 6.660 7.000
2018-06-11 6.456 7.837
2018-06-13 5.981 6.837
2018-06-16 6.008 6.449
2018-06-18 6.436 6.347
2018-06-21 5.869 5.347
2018-06-23 5.633 4.469
2018-06-28 6.017 3.490
2018-07-01 6.000 3.449
2018-07-03 5.717 4.449
2018-07-06 5.867 3.449
2018-07-08 5.067 2.694
2018-07-11 5.333 1.878
2018-07-13 5.150 2.327
2018-07-16 6.200 3.306
2018-07-18 6.250 3.571
2018-07-21 5.933 3.898
2018-07-23 6.319 4.898
2018-07-26 6.631 5.898
2018-07-28 7.095 6.531
2018-07-31 6.817 7.265
2018-08-02 7.171 6.388
2018-08-05 7.283 6.429
2018-08-07 7.610 7.184
2018-08-10 7.725 7.163
2018-08-12 7.500 7.612
2018-08-15 7.551 6.898
2018-08-17 7.908 7.102
2018-08-20 8.025 6.776
2018-08-22 8.063 6.776
2018-08-25 7.931 5.939
2018-08-27 7.360 5.286
2018-08-30 7.533 4.286
2018-09-01 7.626 4.592
2018-09-04 7.439 5.510
2018-09-06 8.154 5.510
2018-09-09 7.675 6.490
2018-09-11 7.902 5.980
2018-09-14 7.948 5.735
2018-09-16 7.967 4.980
2018-09-19 9.043 5.980
2018-09-21 9.167 5.041
2018-09-24 9.164 5.102
2018-09-26 9.074 5.224
2018-09-29 9.057 6.184
2018-10-01 9.543 5.857
2018-10-04 10.202 4.898
2018-10-06 9.202 4.714
2018-10-09 10.150 3.714
2018-10-11 9.217 4.327
2018-10-14 9.264 5.286
2018-10-16 8.807 6.245
2018-10-19 8.269 6.061
2018-10-21 8.760 7.000
2018-10-24 8.688 7.184
2018-10-26 8.784 7.061
2018-10-29 8.673 6.102
2018-10-31 9.152 6.898
2018-11-03 9.000 7.102
2018-11-05 8.923 6.735
2018-11-08 8.720 6.898
2018-11-10 9.226 6.020
2018-11-13 9.024 5.020
2018-11-15 9.783 4.061
2018-11-18 8.800 3.592
2018-11-20 8.000 2.592
2018-11-23 7.417 2.184
2018-11-28 6.850 3.184
2018-11-30 4.750 2.286
2018-12-03 4.700 2.143
2018-12-05 4.250 2.694
2018-12-08 4.200 2.571
2018-12-10 4.000 2.551
2018-12-18 4.667 2.204
2018-12-25 4.667 2.224
2018-12-28 3.500 1.224
2019-01-02 3.500 1.347
2019-01-04 1.000 0.347
2019-01-07 1.000 0.306
2019-01-09 1.000 0.204
2019-01-12 1.000 0.224
2019-01-14 6.000 1.082
2019-01-17 6.000 1.122
2019-01-19 7.833 1.633
2019-01-22 8.250 2.490
2019-01-24 8.250 2.469
2019-02-01 8.333 2.286
2019-02-06 10.083 2.673
2019-02-08 9.633 3.286
2019-02-11 9.683 3.265
2019-02-13 10.417 2.408
2019-02-16 8.883 3.367
2019-02-18 8.367 3.857
2019-02-21 7.817 3.408
2019-02-23 7.400 4.388
2019-02-26 7.300 4.449
2019-02-28 7.798 5.122
2019-03-05 8.070 5.408
2019-03-08 7.576 5.020
2019-03-10 7.167 4.408
2019-03-13 6.933 4.592
2019-03-18 7.833 3.592
2019-03-20 8.817 3.551
2019-03-23 9.783 3.898
2019-03-25 11.417 2.918
2019-03-28 11.417 2.857
2019-03-30 11.417 3.061
2019-04-02 9.850 4.061
2019-04-04 10.150 4.633
2019-04-07 8.871 5.633
2019-04-09 8.820 6.633
2019-04-12 8.981 6.449
2019-04-17 8.312 7.449
2019-04-19 8.408 7.490
2019-04-22 7.878 7.735
2019-04-24 7.577 8.714
2019-04-27 7.577 8.735
2019-04-29 6.830 7.857
2019-05-02 7.095 6.857
2019-05-04 6.400 6.000
2019-05-07 7.100 5.286
2019-05-09 7.017 4.286
2019-05-12 7.133 5.286
2019-05-17 7.867 4.469
2019-05-19 7.183 4.327
2019-05-22 7.333 3.327
2019-05-24 8.167 2.694
2019-05-27 8.167 2.673
2019-05-29 8.117 3.408
2019-06-01 7.600 4.367
2019-06-03 8.093 5.367
2019-06-06 8.510 6.061
2019-06-11 7.852 6.041
2019-06-13 8.063 6.939
2019-06-16 8.131 6.755
2019-06-18 7.444 6.857
2019-06-21 7.658 7.122
2019-06-23 7.220 7.776
2019-06-26 7.123 8.694
2019-06-28 7.036 7.980
2019-07-01 7.563 7.694
2019-07-03 7.176 6.694
2019-07-06 6.845 5.714
2019-07-11 7.231 5.653
2019-07-13 6.481 5.571
2019-07-18 6.338 5.531
2019-07-21 6.121 5.449
2019-07-23 7.164 5.429
2019-07-26 7.338 5.510
2019-07-28 7.805 6.429
2019-07-31 7.390 5.755
2019-08-02 7.179 6.265
2019-08-05 6.986 6.367
2019-08-10 7.048 5.633
2019-08-12 7.393 5.224
2019-08-17 7.600 4.327
2019-08-20 7.283 4.143
2019-08-22 8.300 4.163
2019-08-25 8.083 4.163
2019-08-27 6.850 4.163
2019-08-30 6.486 4.551
2019-09-01 6.055 4.796
2019-09-04 5.979 5.469
2019-09-06 6.514 6.469
2019-09-09 6.583 6.286
2019-09-11 7.250 6.878
2019-09-14 7.084 7.837
2019-09-16 7.153 7.980
2019-09-19 7.161 8.735
2019-09-21 7.272 8.735
2019-09-24 7.499 7.735
2019-09-26 7.130 7.469
2019-09-29 7.344 7.082
2019-10-01 7.896 6.327
2019-10-04 8.219 5.551
2019-10-06 7.979 4.980
2019-10-09 7.929 5.020
2019-10-11 7.350 4.020
2019-10-14 6.817 4.061
2019-10-16 6.733 3.898
2019-10-19 6.833 3.143
2019-10-21 4.333 2.143
2019-10-26 4.500 1.469
2019-10-29 5.000 1.837
2019-10-31 6.167 2.571
2019-11-05 5.500 2.143
2019-11-08 5.667 2.143
2019-11-10 4.750 2.816
2019-11-13 5.417 1.816
2019-11-23 5.000 1.959
2019-11-28 4.567 1.837
2019-11-30 3.417 1.939
2019-12-03 4.083 2.531
2019-12-05 4.708 3.531
2019-12-08 4.608 3.490
2019-12-10 5.350 3.816
2019-12-13 5.550 4.612
2019-12-20 6.190 5.612
2019-12-23 6.195 5.469
2019-12-28 6.267 5.327
2019-12-30 6.750 4.490
2020-01-02 7.217 4.898
2020-01-04 7.450 3.898
2020-01-09 8.083 2.898
2020-01-12 8.167 2.327
2020-01-14 8.333 2.388
2020-01-17 7.567 3.388
2020-01-19 6.833 2.388
2020-01-24 9.150 3.388
2020-01-27 9.233 3.286
2020-02-01 9.917 2.286
2020-02-08 9.117 3.286
2020-02-11 9.167 3.061
2020-02-13 9.000 3.000
2020-02-16 10.500 2.000
2020-02-18 10.500 2.041
2020-02-21 10.667 2.102
2020-02-23 7.500 1.102
2020-03-09 0.500 0.204
2020-03-14 8.000 1.184
2020-03-17 7.417 1.347
2020-03-22 4.500 2.286
2020-03-24 3.417 3.286
2020-03-27 3.300 4.286
2020-04-01 3.050 4.735
2020-04-03 2.979 4.939
2020-04-06 2.442 5.939
2020-04-08 2.321 6.837
2020-04-11 2.147 7.816
2020-04-13 1.060 7.204
2020-04-16 0.984 8.041
2020-04-18 0.875 9.000
2020-04-21 0.975 9.000
2020-04-23 0.875 9.000
2020-04-26 0.586 8.286
2020-04-28 0.725 9.265
2020-05-01 0.761 8.816
2020-05-03 0.772 8.612
2020-05-08 0.672 8.551
2020-05-11 0.615 7.571
2020-05-13 0.661 7.224
2020-05-16 0.762 6.224
2020-05-18 0.900 5.224
2020-05-21 0.533 5.184
2020-05-23 0.650 4.204
2020-05-26 0.650 4.571
2020-05-28 0.450 3.837
2020-05-31 0.567 4.816
2020-06-02 0.810 5.816
2020-06-05 0.967 4.816
2020-06-07 0.950 3.980
2020-06-10 1.067 4.184
2020-06-12 1.067 4.551
2020-06-15 0.876 5.551
2020-06-17 0.811 6.224
2020-06-20 0.976 5.265
2020-06-22 1.144 6.245
2020-06-25 1.376 6.061
2020-06-27 1.214 6.816
2020-06-30 1.167 5.959
2020-07-02 1.000 4.959
2020-07-05 0.967 5.000
2020-07-07 0.967 4.918
2020-07-10 0.767 4.714
2020-07-12 0.710 4.592
2020-07-15 0.867 3.673
2020-07-17 1.033 3.000
2020-07-20 1.067 3.286
2020-07-22 0.700 2.612
2020-07-25 0.583 2.143
2020-07-27 0.333 1.143
2020-07-30 3.917 2.020
