2015-06-28 2.000 0.102
2015-07-11 8.000 1.102
2015-07-28 8.000 1.000
2015-07-31 9.000 1.898
2015-08-07 9.167 2.898
2015-08-10 8.833 2.837
2015-08-27 10.833 3.551
2015-08-30 11.583 3.653
2015-09-06 12.167 2.653
2015-09-09 16.000 2.061
2015-09-16 11.750 2.776
2015-09-19 11.917 3.143
2015-09-26 11.333 2.429
2015-09-29 7.417 1.959
2015-10-06 8.250 2.061
2015-10-09 5.167 1.714
2015-10-16 8.000 1.000
2015-10-19 6.500 0.633
2015-10-29 1.000 0.102
2015-11-15 0.000 0.347
2015-11-25 0.000 0.551
2015-12-15 0.000 0.204
2015-12-25 1.000 0.286
2015-12-28 4.500 0.837
2016-01-04 4.500 0.857
2016-01-07 4.500 0.898
2016-01-14 5.167 1.469
2016-01-17 6.000 1.939
2016-01-24 5.833 1.653
2016-01-27 4.000 1.102
2016-02-03 4.000 1.082
2016-02-06 5.167 2.041
2016-02-13 6.167 1.755
2016-02-16 4.500 1.612
2016-03-07 5.500 0.612
2016-03-14 4.500 1.102
2016-03-17 8.500 1.776
2016-03-24 8.333 1.918
2016-03-27 5.917 2.918
2016-04-03 29.417 3.633
2016-04-13 29.133 3.857
2016-04-16 35.667 2.857
2016-04-23 36.500 2.714
2016-04-26 38.500 2.592
2016-05-03 6.500 1.878
2016-05-06 9.333 2.878
2016-05-13 9.000 1.878
2016-05-16 8.833 1.898
2016-05-23 8.833 2.245
2016-05-26 10.667 2.020
2016-06-02 10.167 2.306
2016-06-05 3.000 1.347
2016-06-22 7.667 1.735
2016-06-25 7.667 2.061
2016-07-02 7.667 2.776
2016-07-05 7.667 2.735
2016-07-12 8.667 3.714
2016-07-15 8.233 3.939
2016-07-22 8.133 3.592
2016-07-25 8.350 2.980
2016-08-01 8.283 2.020
2016-08-04 6.567 2.673
2016-08-11 5.167 1.857
2016-08-14 7.050 2.592
2016-08-21 6.917 2.204
2016-08-24 5.750 2.571
2016-08-31 8.317 3.531
2016-09-03 9.333 3.122
2016-09-10 10.683 3.959
2016-09-13 9.867 3.980
2016-09-20 10.100 4.735
2016-09-23 10.867 4.469
2016-09-30 11.167 4.469
2016-10-03 11.867 4.551
2016-10-10 11.217 3.551
2016-10-13 12.833 2.612
2016-10-20 13.833 1.857
2016-10-23 14.833 1.388
2016-10-30 4.500 0.388
2016-11-02 0.000 0.061
2016-11-09 8.500 1.061
2016-11-12 9.000 1.041
2016-11-19 9.000 1.061
2016-11-22 7.833 2.020
2016-11-29 5.917 3.020
2016-12-02 5.917 3.061
2016-12-09 4.333 2.122
2016-12-12 4.333 2.245
2016-12-19 4.333 2.224
2016-12-22 2.000 1.265
2016-12-29 6.500 1.265
2017-01-01 6.000 1.612
2017-01-08 5.500 1.878
2017-01-11 3.833 2.714
2017-01-18 4.750 3.245
2017-01-28 3.500 2.245
2017-01-31 2.667 1.857
2017-02-07 2.667 2.122
2017-02-10 3.500 1.184
2017-02-17 0.000 0.653
2017-02-20 0.000 0.673
2017-02-27 4.000 1.367
2017-03-02 3.833 1.469
2017-03-09 4.500 1.000
2017-03-12 3.833 1.102
2017-03-19 3.833 1.122
2017-03-22 3.833 1.102
2017-03-29 12.500 1.408
2017-04-01 9.833 2.306
2017-04-08 11.000 2.347
2017-04-11 11.167 2.184
2017-04-18 12.250 2.429
2017-04-21 11.817 3.286
2017-04-28 10.583 2.286
2017-05-01 12.667 1.714
2017-05-08 13.333 1.735
2017-05-11 11.250 2.122
2017-05-18 9.167 2.857
2017-05-21 8.333 2.102
2017-05-28 8.333 3.102
2017-05-31 9.917 3.204
2017-06-07 9.783 3.020
2017-06-10 9.700 3.143
2017-06-17 10.000 2.367
2017-06-20 11.183 3.265
2017-06-27 12.333 2.265
2017-06-30 10.750 2.510
2017-07-05 8.850 3.510
2017-07-07 8.900 3.673
2017-07-10 9.433 3.796
2017-07-12 9.917 4.367
2017-07-15 9.867 4.388
2017-07-17 9.402 4.980
2017-07-20 7.719 4.980
2017-07-22 8.588 5.837
2017-07-25 8.488 5.878
2017-07-30 8.504 6.020
2017-08-01 8.296 6.837
2017-08-04 9.613 6.633
2017-08-06 9.735 6.469
2017-08-09 9.869 6.122
2017-08-11 10.093 5.918
2017-08-14 10.111 5.898
2017-08-16 9.865 6.061
2017-08-19 10.226 5.061
2017-08-21 9.640 5.163
2017-08-24 10.564 5.490
2017-08-26 10.008 6.041
2017-08-29 10.721 6.122
2017-08-31 11.762 6.306
2017-09-03 11.181 5.510
2017-09-05 11.771 6.469
2017-09-08 10.821 7.184
2017-09-10 10.379 6.918
2017-09-13 9.943 7.592
2017-09-15 10.104 7.020
2017-09-18 9.945 7.571
2017-09-20 9.944 6.612
2017-09-23 9.853 6.265
2017-09-25 10.337 5.714
2017-09-28 11.302 5.714
2017-09-30 10.469 5.714
2017-10-05 9.276 4.755
2017-10-08 10.233 3.776
2017-10-10 10.317 3.673
2017-10-13 11.333 3.796
2017-10-15 11.950 4.388
2017-10-18 12.467 4.204
2017-10-23 12.267 4.184
2017-10-28 11.317 3.184
2017-10-30 11.817 2.755
2017-11-02 11.317 2.939
2017-11-04 10.567 3.939
2017-11-07 9.950 4.469
2017-11-12 9.233 3.673
2017-11-14 9.833 3.449
2017-11-17 10.117 3.082
2017-11-22 8.767 3.898
2017-11-27 8.160 4.755
2017-11-29 7.833 4.245
2017-12-02 7.300 4.612
2017-12-04 6.650 3.653
2017-12-07 6.433 3.571
2017-12-09 6.350 3.653
2017-12-14 4.900 3.061
2017-12-17 5.817 3.878
2017-12-19 5.436 4.776
2017-12-22 5.583 3.959
2017-12-24 5.212 4.816
2017-12-27 4.683 4.673
2017-12-29 4.757 5.306
2018-01-01 5.050 4.755
2018-01-03 5.150 4.714
2018-01-06 5.529 4.510
2018-01-08 5.579 4.429
2018-01-11 5.182 4.918
2018-01-13 4.919 4.735
2018-01-16 4.267 3.918
2018-01-18 4.400 3.020
2018-01-23 4.667 2.163
2018-01-26 4.833 1.449
2018-01-28 3.667 0.980
2018-02-05 3.500 1.286
2018-02-10 2.000 0.796
2018-02-15 3.500 1.714
2018-02-20 3.500 1.816
2018-02-25 3.583 2.429
2018-02-27 3.167 2.286
2018-03-04 3.083 2.429
2018-03-07 2.500 2.286
2018-03-09 2.500 2.367
2018-03-12 2.617 2.469
2018-03-17 1.083 1.551
2018-03-22 4.617 2.449
2018-03-24 6.100 3.286
2018-03-27 6.533 2.673
2018-03-29 6.700 2.592
2018-04-01 6.650 2.612
2018-04-03 7.633 3.327
2018-04-06 9.983 3.143
2018-04-08 11.367 4.041
2018-04-11 11.517 3.980
2018-04-13 11.010 4.959
2018-04-18 11.149 5.959
2018-04-21 10.540 5.959
2018-04-23 10.469 5.653
2018-04-28 10.317 6.653
2018-05-01 10.345 6.653
2018-05-03 11.118 6.429
2018-05-06 10.319 7.184
2018-05-08 9.829 6.959
2018-05-11 9.786 7.061
2018-05-13 10.349 7.061
2018-05-16 10.402 7.122
2018-05-18 10.455 6.184
2018-05-21 11.645 6.143
2018-05-23 11.561 6.449
2018-05-26 10.988 7.429
2018-05-28 11.380 6.429
2018-05-31 11.682 7.388
2018-06-02 11.236 7.061
2018-06-05 11.002 6.755
2018-06-07 10.898 6.000
2018-06-10 10.925 6.735
2018-06-12 11.283 6.694
2018-06-15 11.012 7.041
2018-06-17 11.206 7.939
2018-06-20 11.380 7.939
2018-06-22 11.321 7.102
2018-06-25 11.999 6.143
2018-06-27 11.577 6.592
2018-06-30 11.054 6.041
2018-07-02 11.563 6.735
2018-07-05 12.098 7.041
2018-07-07 11.905 7.510
2018-07-10 12.060 6.633
2018-07-12 11.615 6.061
2018-07-15 11.260 6.306
2018-07-17 10.585 5.816
2018-07-20 10.952 5.469
2018-07-22 11.155 5.694
2018-07-25 11.652 6.653
2018-07-27 11.741 7.204
2018-07-30 11.998 7.776
2018-08-01 11.175 7.776
2018-08-04 10.641 7.776
2018-08-06 11.128 7.735
2018-08-09 10.889 8.735
2018-08-11 10.848 8.612
2018-08-14 11.137 7.959
2018-08-16 10.784 8.306
2018-08-19 10.507 8.694
2018-08-21 10.256 9.469
2018-08-24 10.068 8.980
2018-08-26 10.090 7.980
2018-08-29 9.182 7.980
2018-08-31 9.313 7.020
2018-09-03 9.608 6.020
2018-09-05 9.211 6.531
2018-09-08 9.386 6.429
2018-09-10 10.105 7.184
2018-09-13 10.375 8.061
2018-09-15 10.522 7.796
2018-09-18 10.599 7.796
2018-09-20 11.649 7.796
2018-09-23 11.526 7.408
2018-09-25 11.569 7.673
2018-09-28 12.028 7.673
2018-09-30 12.082 8.633
2018-10-03 12.138 8.776
2018-10-05 11.833 8.837
2018-10-08 11.911 8.694
2018-10-10 11.428 8.694
2018-10-13 11.319 8.816
2018-10-15 12.066 9.122
2018-10-18 12.312 8.531
2018-10-20 11.455 8.245
2018-10-23 11.445 8.143
2018-10-25 11.398 8.082
2018-10-28 11.301 7.082
2018-10-30 10.918 7.082
2018-11-02 10.339 7.714
2018-11-04 10.696 6.816
2018-11-07 10.198 6.347
2018-11-09 10.381 5.388
2018-11-12 10.400 4.449
2018-11-14 8.000 4.592
2018-11-17 8.393 5.184
2018-11-19 7.633 4.612
2018-11-24 7.317 4.408
2018-11-27 6.726 4.673
2018-11-29 5.100 4.673
2018-12-02 5.067 3.898
2018-12-04 5.083 3.980
2018-12-07 5.833 3.694
2018-12-09 5.833 3.653
2018-12-12 5.883 3.592
2018-12-14 5.750 2.592
2018-12-17 3.333 1.592
2018-12-19 3.333 1.449
2018-12-22 3.333 1.490
2018-12-24 3.833 1.531
2018-12-27 4.000 1.265
2018-12-29 2.000 0.265
2019-01-03 1.500 0.204
2019-01-06 1.500 0.265
2019-01-11 6.333 1.041
2019-01-13 5.750 1.490
2019-01-16 6.500 1.592
2019-01-18 6.500 1.653
2019-01-21 6.317 2.612
2019-01-23 5.783 2.694
2019-01-31 5.783 2.776
2019-02-02 5.617 2.653
2019-02-05 6.500 3.592
2019-02-07 6.408 4.510
2019-02-10 6.217 3.735
2019-02-12 7.017 3.469
2019-02-15 7.042 4.265
2019-02-17 6.295 5.163
2019-02-20 7.175 4.510
2019-02-22 7.392 4.388
2019-02-25 6.843 5.163
2019-02-27 6.311 6.163
2019-03-02 6.311 6.082
2019-03-07 5.560 5.143
2019-03-09 5.258 4.224
2019-03-12 5.243 4.653
2019-03-14 5.083 4.816
2019-03-17 4.208 4.102
2019-03-19 4.208 3.449
2019-03-22 4.583 3.816
2019-03-24 4.579 4.816
2019-03-27 4.550 4.041
2019-03-29 5.233 3.367
2019-04-01 8.825 4.367
2019-04-03 8.242 4.633
2019-04-06 8.375 4.633
2019-04-08 8.387 4.816
2019-04-11 8.719 4.388
2019-04-13 9.336 4.041
2019-04-16 9.470 4.857
2019-04-18 10.502 5.551
2019-04-21 10.527 5.837
2019-04-23 11.887 4.837
2019-04-28 11.669 4.918
2019-05-01 10.676 4.898
2019-05-03 11.176 4.673
2019-05-06 11.176 4.612
2019-05-08 10.686 5.347
2019-05-11 10.774 5.878
2019-05-13 10.774 5.898
2019-05-16 10.443 4.898
2019-05-18 9.525 4.163
2019-05-21 10.033 3.163
2019-05-26 9.725 3.898
2019-05-28 10.125 3.490
2019-05-31 8.292 2.918
2019-06-02 8.700 3.837
2019-06-05 10.575 4.816
2019-06-07 11.233 4.204
2019-06-10 12.476 4.510
2019-06-12 11.182 5.388
2019-06-15 11.307 6.143
2019-06-17 10.801 6.490
2019-06-20 11.179 7.469
2019-06-25 11.512 7.735
2019-06-27 11.617 8.694
2019-06-30 11.129 9.286
2019-07-02 11.383 8.327
2019-07-05 10.556 7.959
2019-07-07 10.688 7.776
2019-07-10 9.807 6.939
2019-07-12 10.431 6.041
2019-07-15 10.771 6.061
2019-07-17 11.839 6.408
2019-07-20 12.719 6.429
2019-07-22 12.701 6.449
2019-07-25 13.221 6.449
2019-07-27 13.395 5.510
2019-07-30 13.742 5.000
2019-08-01 13.794 6.000
2019-08-04 12.999 6.388
2019-08-06 13.064 6.265
2019-08-09 13.235 7.265
2019-08-11 13.225 7.490
2019-08-14 13.608 7.061
2019-08-16 13.243 6.265
2019-08-19 12.652 6.265
2019-08-21 12.752 6.245
2019-08-24 12.000 5.714
2019-08-29 12.300 5.980
2019-08-31 12.429 5.980
2019-09-03 13.790 5.939
2019-09-05 13.719 6.939
2019-09-08 13.367 6.184
2019-09-10 13.800 6.592
2019-09-13 13.256 7.224
2019-09-15 12.956 8.061
2019-09-18 12.231 8.061
2019-09-20 12.498 9.061
2019-09-23 12.346 9.306
2019-09-25 12.346 9.286
2019-09-28 12.617 8.531
2019-09-30 12.177 7.796
2019-10-03 11.945 6.837
2019-10-05 11.602 5.837
2019-10-08 11.201 6.143
2019-10-10 10.571 5.551
2019-10-13 9.850 4.857
2019-10-15 10.167 4.531
2019-10-18 10.100 3.714
2019-10-20 8.533 3.122
2019-10-23 7.450 2.816
2019-10-25 9.800 3.816
2019-10-30 10.067 3.551
2019-11-07 9.983 3.857
2019-11-09 10.033 3.816
2019-11-12 10.133 3.531
2019-11-14 9.558 3.449
2019-11-17 10.500 3.306
2019-11-19 10.783 2.959
2019-11-22 10.375 2.898
2019-11-24 7.333 2.490
2019-11-29 6.967 2.592
2019-12-02 7.217 2.673
2019-12-04 7.467 3.673
2019-12-07 8.283 3.143
2019-12-14 8.150 2.653
2019-12-17 8.000 2.612
2019-12-19 7.833 2.551
2019-12-22 7.750 2.204
2019-12-24 7.583 2.061
2019-12-27 6.650 2.531
2019-12-29 6.917 2.429
2020-01-01 7.567 3.347
2020-01-03 7.917 2.449
2020-01-06 7.233 3.000
2020-01-08 7.383 4.000
2020-01-11 7.417 4.367
2020-01-13 7.617 4.265
2020-01-21 7.483 4.510
2020-01-23 8.202 4.878
2020-01-26 8.483 4.408
2020-01-31 8.350 3.408
2020-02-02 8.450 4.143
2020-02-05 7.700 3.265
2020-02-07 8.833 2.327
2020-02-10 7.500 2.204
2020-02-12 6.917 2.633
2020-02-15 7.083 3.633
2020-02-17 6.683 4.224
2020-02-20 7.098 4.980
2020-02-22 6.500 4.245
2020-02-27 6.012 4.898
2020-03-03 5.883 4.082
2020-03-06 5.833 4.143
2020-03-08 5.395 4.878
2020-03-11 5.333 4.694
2020-03-13 5.783 4.327
2020-03-16 5.067 4.327
2020-03-18 4.733 4.735
2020-03-21 3.567 3.735
2020-03-23 3.033 4.429
2020-03-28 2.533 4.776
2020-03-31 2.286 5.592
2020-04-02 1.964 6.571
2020-04-05 1.722 7.510
2020-04-07 1.486 7.714
2020-04-10 1.433 8.633
2020-04-12 1.200 9.571
2020-04-15 0.700 9.571
2020-04-17 0.544 8.959
2020-04-20 0.491 9.959
2020-04-22 0.391 10.184
2020-04-25 0.373 10.816
2020-04-27 0.382 10.367
2020-04-30 0.313 10.020
2020-05-02 0.438 9.510
2020-05-05 0.493 8.612
2020-05-07 0.686 8.469
2020-05-10 0.651 7.490
2020-05-12 0.736 6.898
2020-05-15 0.668 5.898
2020-05-17 0.636 5.980
2020-05-20 0.754 5.408
2020-05-22 1.208 4.755
2020-05-25 1.242 4.347
2020-05-27 1.358 4.755
2020-05-30 1.442 4.837
2020-06-01 1.075 5.000
2020-06-04 1.204 5.347
2020-06-06 0.992 5.245
2020-06-11 1.012 4.980
2020-06-14 0.907 5.347
2020-06-16 0.978 4.878
2020-06-19 1.029 4.633
2020-06-21 0.954 4.286
2020-06-24 1.102 4.714
2020-06-26 1.379 4.245
2020-06-29 1.750 3.694
2020-07-01 2.167 3.980
2020-07-04 1.993 4.102
2020-07-06 2.686 4.286
2020-07-09 2.352 5.265
2020-07-11 2.404 5.224
2020-07-14 2.531 5.245
2020-07-16 2.520 5.265
2020-07-19 2.606 5.082
2020-07-21 2.848 6.082
2020-07-24 3.437 6.163
2020-07-26 3.471 5.694
2020-07-29 3.225 6.367
