2015-06 2.000 0.102
2015-07 9.000 1.898
2015-08 11.383 3.755
2015-09 7.417 1.959
2015-10 1.000 0.102
2015-11 0.000 0.551
2015-12 4.500 0.837
2016-01 4.000 1.102
2016-02 4.500 1.612
2016-03 5.917 2.918
2016-04 38.500 2.592
2016-05 10.667 2.020
2016-06 7.667 2.061
2016-07 8.350 2.980
2016-08 8.367 3.571
2016-09 11.167 4.469
2016-10 4.500 0.388
2016-11 5.917 3.020
2016-12 6.500 1.265
2017-01 3.500 2.245
2017-02 3.833 1.429
2017-03 12.500 1.449
2017-04 10.583 2.286
2017-05 9.183 3.755
2017-06 10.750 2.510
2017-07 8.504 6.020
2017-08 11.032 7.122
2017-09 10.469 5.714
2017-10 11.817 2.755
2017-11 7.833 4.245
2017-12 4.757 5.306
2018-01 3.667 0.980
2018-02 3.167 2.286
2018-03 6.700 2.592
2018-04 10.317 6.653
2018-05 11.682 7.429
2018-06 11.054 6.041
2018-07 11.998 7.776
2018-08 9.307 8.020
2018-09 12.082 8.633
2018-10 10.918 7.082
2018-11 5.136 5.163
2018-12 2.000 0.265
2019-01 5.800 3.184
2019-02 6.311 6.694
2019-03 5.233 3.694
2019-04 11.669 5.408
2019-05 10.069 4.245
2019-06 11.151 10.286
2019-07 13.742 5.469
2019-08 12.622 7.714
2019-09 12.177 8.633
2019-10 10.067 3.878
2019-11 6.967 2.878
2019-12 6.917 2.612
2020-01 8.483 4.857
2020-02 6.012 5.367
2020-03 2.286 6.143
2020-04 0.313 11.041
2020-05 1.442 5.286
2020-06 1.750 4.102
2020-07 3.159 7.082
