2015-06-28 6.000 0.918
2015-07-25 6.000 1.592
2015-07-28 1.500 0.816
2015-08-04 3.667 1.816
2015-08-07 3.000 2.816
2015-08-14 3.700 3.796
2015-08-17 3.783 4.796
2015-08-24 3.983 4.918
2015-08-27 3.750 5.490
2015-09-03 3.750 4.490
2015-09-06 4.500 3.490
2015-09-13 4.000 2.510
2015-09-16 1.667 2.510
2015-09-23 1.667 2.122
2015-09-26 1.500 1.408
2015-10-03 2.000 1.510
2015-10-06 1.833 1.612
2015-10-16 3.500 0.612
2015-10-23 1.000 0.224
2015-11-02 0.000 0.122
2015-11-05 0.000 0.020
2015-11-25 8.000 1.000
2015-12-22 7.000 1.714
2015-12-25 1.000 0.735
2016-01-01 3.500 1.735
2016-01-04 3.667 2.735
2016-01-21 4.000 2.020
2016-01-24 4.000 2.000
2016-01-31 4.000 1.000
2016-02-03 0.000 0.061
2016-02-10 0.000 0.245
2016-02-13 3.000 0.816
2016-03-04 3.000 0.755
2016-03-11 4.000 0.592
2016-03-14 2.000 0.633
2016-03-21 2.500 1.306
2016-03-24 3.333 2.306
2016-04-03 20.917 2.755
2016-04-10 21.167 2.735
2016-04-13 24.000 2.122
2016-04-20 23.667 1.551
2016-04-23 40.500 0.551
2016-05-03 1.000 0.653
2016-05-10 7.000 1.531
2016-05-13 7.000 1.633
2016-05-20 6.583 2.224
2016-05-23 6.867 3.224
2016-05-30 5.900 3.898
2016-06-02 6.283 3.347
2016-06-09 5.917 2.469
2016-06-12 5.000 2.776
2016-06-19 3.500 3.020
2016-06-22 1.750 2.898
2016-06-29 2.583 2.571
2016-07-02 2.950 3.571
2016-07-09 2.950 3.857
2016-07-12 3.183 3.449
2016-07-19 3.333 2.551
2016-07-22 4.833 1.878
2016-07-29 4.333 1.551
2016-08-01 2.333 0.694
2016-08-08 6.833 1.408
2016-08-18 6.833 1.653
2016-08-21 6.000 1.633
2016-08-28 6.333 2.612
2016-08-31 5.500 3.286
2016-09-07 5.583 3.286
2016-09-10 4.600 4.265
2016-09-17 4.133 4.755
2016-09-20 4.000 4.571
2016-09-27 3.300 4.571
2016-09-30 3.200 4.143
2016-10-07 2.667 3.163
2016-10-10 3.000 2.245
2016-10-17 3.833 2.143
2016-10-27 3.500 1.143
2016-10-30 5.000 0.857
2016-11-06 5.000 0.837
2016-11-09 5.000 0.796
2016-11-16 0.000 0.122
2016-11-19 0.000 0.224
2016-11-26 3.000 0.449
2016-11-29 4.000 0.347
2016-12-06 4.000 0.367
2016-12-09 4.000 0.347
2016-12-16 4.000 1.082
2016-12-19 4.000 0.980
2016-12-26 2.000 0.755
2016-12-29 2.000 0.878
2017-01-05 2.000 1.286
2017-01-08 1.833 2.286
2017-01-15 1.000 1.612
2017-01-18 1.000 1.816
2017-01-28 2.167 2.694
2017-02-04 2.833 2.265
2017-02-07 3.500 1.265
2017-02-14 2.333 2.184
2017-02-17 2.500 1.980
2017-02-24 2.500 2.020
2017-02-27 1.000 1.020
2017-03-09 1.000 1.286
2017-03-16 0.500 0.388
2017-03-26 4.000 1.347
2017-03-29 5.000 2.306
2017-04-05 3.750 3.306
2017-04-08 4.700 3.796
2017-04-15 4.500 3.714
2017-04-25 4.667 2.735
2017-04-28 4.000 1.776
2017-05-05 7.000 0.898
2017-05-08 0.000 0.143
2017-05-18 5.500 1.143
2017-05-25 4.833 2.122
2017-05-28 4.250 3.122
2017-06-04 4.500 3.735
2017-06-07 4.550 4.184
2017-06-14 4.633 4.612
2017-06-17 4.217 3.694
2017-06-24 4.250 2.694
2017-06-27 5.750 2.061
2017-07-04 5.667 1.327
2017-07-07 4.167 1.143
2017-07-09 3.333 1.653
2017-07-12 5.483 2.020
2017-07-14 5.083 1.776
2017-07-17 5.083 1.694
2017-07-19 4.450 2.490
2017-07-22 4.400 2.776
2017-07-24 4.167 3.755
2017-07-27 5.317 4.367
2017-07-29 5.162 5.347
2017-08-03 5.368 6.061
2017-08-06 5.374 6.020
2017-08-08 6.474 6.510
2017-08-11 5.963 6.367
2017-08-13 6.094 6.184
2017-08-16 5.849 7.184
2017-08-18 6.133 6.531
2017-08-21 6.331 6.306
2017-08-23 6.827 5.327
2017-08-26 6.825 5.347
2017-08-28 7.462 4.367
2017-08-31 7.317 5.347
2017-09-02 7.512 4.633
2017-09-05 7.567 4.408
2017-09-07 6.567 3.408
2017-09-10 6.850 4.143
2017-09-15 7.500 3.143
2017-09-17 7.667 3.000
2017-09-20 7.667 2.939
2017-09-25 7.000 1.939
2017-09-27 6.333 2.898
2017-09-30 7.833 2.918
2017-10-02 7.583 3.918
2017-10-10 7.833 2.959
2017-10-12 7.333 3.286
2017-10-15 7.233 3.327
2017-10-17 7.917 4.327
2017-10-20 7.417 4.776
2017-10-27 8.100 3.959
2017-10-30 7.367 3.000
2017-11-01 7.750 2.000
2017-11-04 6.417 2.429
2017-11-06 6.500 2.612
2017-11-11 6.500 2.367
2017-11-14 6.500 2.347
2017-11-16 3.500 1.347
2017-11-19 3.000 0.898
2017-11-21 3.000 0.939
2017-11-24 2.500 1.082
2017-11-26 2.500 0.939
2017-11-29 2.500 0.898
2017-12-04 1.000 0.469
2017-12-06 0.000 0.286
2017-12-11 0.000 0.224
2017-12-14 0.000 0.204
2017-12-21 0.000 0.163
2017-12-24 0.000 0.020
2017-12-26 1.000 0.143
2018-01-03 3.500 1.143
2018-01-05 4.333 1.531
2018-01-08 4.917 2.531
2018-01-10 4.917 2.510
2018-01-13 4.833 2.673
2018-01-15 4.500 2.857
2018-01-25 4.083 2.755
2018-01-28 4.083 2.776
2018-02-02 4.500 1.776
2018-02-04 4.500 1.388
2018-02-07 3.333 1.367
2018-02-12 3.500 1.204
2018-02-14 4.000 1.020
2018-02-22 4.000 1.878
2018-02-24 3.833 2.388
2018-02-27 3.833 2.551
2018-03-01 3.750 3.000
2018-03-04 3.100 3.939
2018-03-06 3.100 4.061
2018-03-09 2.533 3.347
2018-03-11 2.533 3.367
2018-03-19 2.283 4.367
2018-03-21 2.283 4.388
2018-03-24 1.450 3.531
2018-03-26 1.833 3.776
2018-03-29 1.917 3.592
2018-03-31 1.750 3.143
2018-04-03 1.583 2.551
2018-04-05 2.917 3.429
2018-04-08 4.683 4.163
2018-04-10 4.350 5.143
2018-04-13 4.129 6.122
2018-04-15 4.218 6.714
2018-04-18 4.385 6.714
2018-04-20 4.214 7.694
2018-04-23 4.179 8.143
2018-04-25 4.707 7.898
2018-04-28 5.105 8.898
2018-04-30 4.881 9.898
2018-05-03 4.726 10.551
2018-05-05 4.629 10.490
2018-05-08 4.059 10.490
2018-05-10 4.622 10.490
2018-05-13 5.083 10.510
2018-05-15 4.804 10.653
2018-05-18 4.981 9.653
2018-05-20 5.581 9.653
2018-05-23 5.535 9.816
2018-05-25 5.364 9.612
2018-05-28 5.053 8.612
2018-05-30 5.203 8.612
2018-06-02 5.962 8.490
2018-06-04 6.141 8.510
2018-06-07 6.727 8.510
2018-06-09 6.423 8.510
2018-06-12 6.248 7.592
2018-06-14 6.665 6.918
2018-06-17 6.727 7.102
2018-06-19 6.142 6.673
2018-06-22 6.356 6.163
2018-06-24 6.662 5.837
2018-06-27 6.810 6.224
2018-06-29 7.291 5.898
2018-07-02 6.474 5.020
2018-07-04 6.217 4.429
2018-07-07 6.700 4.429
2018-07-09 7.558 4.429
2018-07-12 7.311 4.653
2018-07-14 7.275 4.592
2018-07-17 7.200 4.408
2018-07-19 7.300 4.286
2018-07-22 7.136 5.184
2018-07-24 7.376 6.184
2018-07-27 7.447 6.408
2018-07-29 8.067 6.224
2018-08-01 7.769 7.224
2018-08-03 7.941 7.694
2018-08-06 7.695 6.755
2018-08-08 7.487 6.755
2018-08-11 7.796 6.449
2018-08-13 7.698 7.429
2018-08-16 7.597 8.327
2018-08-18 7.606 7.878
2018-08-21 7.807 7.143
2018-08-23 7.289 7.143
2018-08-26 7.238 6.571
2018-08-28 6.702 6.184
2018-08-31 6.702 5.184
2018-09-02 6.762 5.347
2018-09-05 6.912 5.367
2018-09-07 7.310 5.224
2018-09-10 7.311 6.224
2018-09-12 7.368 6.245
2018-09-15 7.543 5.347
2018-09-20 8.062 6.082
2018-09-22 8.550 5.082
2018-09-25 8.633 5.163
2018-09-27 8.667 5.082
2018-09-30 8.038 6.082
2018-10-02 7.817 5.224
2018-10-05 7.650 5.143
2018-10-07 7.000 4.408
2018-10-10 7.250 4.408
2018-10-12 7.550 4.408
2018-10-15 7.176 5.408
2018-10-17 7.415 6.286
2018-10-20 6.943 5.286
2018-10-22 6.812 5.388
2018-10-25 6.693 5.265
2018-10-27 6.717 5.245
2018-10-30 7.000 4.408
2018-11-01 7.100 4.265
2018-11-06 6.283 5.143
2018-11-09 5.750 4.143
2018-11-11 4.833 3.143
2018-11-14 4.500 2.143
2018-11-16 2.000 1.265
2018-11-21 1.500 1.429
2018-11-29 1.833 2.265
2018-12-01 3.000 3.265
2018-12-04 3.000 3.286
2018-12-06 3.667 2.286
2018-12-09 3.667 2.306
2018-12-11 3.667 2.347
2018-12-21 3.500 2.163
2018-12-24 3.333 2.204
2018-12-29 5.000 1.204
2018-12-31 1.000 0.347
2019-01-03 4.500 1.306
2019-01-05 4.500 1.388
2019-01-08 4.500 1.367
2019-01-10 4.500 1.327
2019-01-15 4.750 1.469
2019-01-20 3.367 2.367
2019-01-23 3.167 2.612
2019-01-25 3.167 2.694
2019-01-28 3.167 2.796
2019-01-30 3.033 2.673
2019-02-02 1.750 1.694
2019-02-04 1.833 1.612
2019-02-07 1.833 1.653
2019-02-14 1.500 1.510
2019-02-17 1.500 1.673
2019-02-19 4.000 1.694
2019-02-22 6.333 2.408
2019-02-24 6.000 2.367
2019-02-27 6.667 2.939
2019-03-01 6.667 2.918
2019-03-04 5.517 3.918
2019-03-09 5.200 4.224
2019-03-11 5.300 4.429
2019-03-19 5.333 4.286
2019-03-21 5.700 3.286
2019-03-24 3.333 3.286
2019-03-26 3.333 3.245
2019-03-29 2.917 2.612
2019-03-31 3.033 3.020
2019-04-03 3.817 3.020
2019-04-05 5.583 4.020
2019-04-08 5.833 4.245
2019-04-10 6.962 5.041
2019-04-13 6.962 5.143
2019-04-15 6.695 6.143
2019-04-18 6.667 7.122
2019-04-20 6.241 8.041
2019-04-23 6.498 8.041
2019-04-25 6.239 9.041
2019-04-28 6.185 9.000
2019-04-30 6.465 9.224
2019-05-03 6.469 8.347
2019-05-05 5.883 7.347
2019-05-08 6.063 6.776
2019-05-10 5.020 5.816
2019-05-13 5.186 5.714
2019-05-15 5.017 4.714
2019-05-18 4.367 3.755
2019-05-20 4.450 3.286
2019-05-23 4.750 2.306
2019-05-25 6.167 1.755
2019-05-28 6.167 1.857
2019-05-30 4.500 2.184
2019-06-02 4.917 2.490
2019-06-04 4.367 3.469
2019-06-07 4.133 4.469
2019-06-09 5.152 5.429
2019-06-12 5.464 6.429
2019-06-14 5.690 7.429
2019-06-17 6.107 7.694
2019-06-19 5.851 7.898
2019-06-22 6.035 8.878
2019-06-24 6.628 9.429
2019-06-27 6.687 9.531
2019-06-29 6.902 8.816
2019-07-02 6.737 8.816
2019-07-04 7.205 7.857
2019-07-07 7.813 7.102
2019-07-09 7.439 6.122
2019-07-12 7.029 5.571
2019-07-14 6.336 5.265
2019-07-17 6.000 4.959
2019-07-19 6.217 5.102
2019-07-22 6.233 4.367
2019-07-24 3.867 3.367
2019-07-27 3.867 3.306
2019-07-29 5.017 4.041
2019-08-01 5.933 4.347
2019-08-03 5.857 4.490
2019-08-06 5.742 4.939
2019-08-08 5.943 5.551
2019-08-11 6.427 5.755
2019-08-13 6.658 5.531
2019-08-16 6.540 5.673
2019-08-18 6.269 5.531
2019-08-21 6.264 5.306
2019-08-23 6.915 6.306
2019-08-26 6.928 7.143
2019-08-28 6.424 7.163
2019-08-31 6.074 7.429
2019-09-02 6.046 7.265
2019-09-05 5.735 7.571
2019-09-07 5.567 7.102
2019-09-10 5.334 6.449
2019-09-12 5.615 6.980
2019-09-15 5.815 6.939
2019-09-17 6.185 6.286
2019-09-20 6.202 6.245
2019-09-22 5.512 6.245
2019-09-25 5.019 5.265
2019-09-27 5.233 4.265
2019-09-30 4.783 3.265
2019-10-05 6.083 2.286
2019-10-07 6.333 2.184
2019-10-12 7.833 2.184
2019-10-15 7.167 2.755
2019-10-20 7.500 3.755
2019-10-22 9.000 3.694
2019-10-25 8.900 4.000
2019-10-27 7.817 5.000
2019-10-30 8.143 5.735
2019-11-01 7.911 5.959
2019-11-04 7.854 5.980
2019-11-06 7.854 5.918
2019-11-09 7.800 5.980
2019-11-11 7.564 5.061
2019-11-14 7.967 4.388
2019-11-16 7.395 4.816
2019-11-19 6.969 4.714
2019-11-21 5.650 3.776
2019-11-24 5.517 3.469
2019-11-26 5.917 2.469
2019-11-29 4.667 1.735
2019-12-01 5.000 1.510
2019-12-04 5.000 1.469
2019-12-06 6.500 2.469
2019-12-09 6.667 2.429
2019-12-11 6.167 3.347
2019-12-16 6.500 2.918
2019-12-19 6.000 3.020
2019-12-21 5.167 3.816
2020-01-03 5.183 4.102
2020-01-05 4.350 4.061
2020-01-08 4.400 4.347
2020-01-10 3.917 3.347
2020-01-15 3.850 4.163
2020-01-18 3.500 3.163
2020-01-20 4.167 2.367
2020-02-02 4.167 2.102
2020-02-04 3.500 1.143
2020-02-07 4.500 1.837
2020-02-09 4.667 2.837
2020-02-14 5.000 2.020
2020-02-27 5.167 2.041
2020-02-29 4.333 2.714
2020-03-03 4.333 2.694
2020-03-05 4.567 3.694
2020-03-08 4.500 2.694
2020-03-10 4.500 1.735
2020-03-13 4.083 2.327
2020-03-15 3.200 3.327
2020-03-18 2.550 4.224
2020-03-20 2.500 4.306
2020-03-23 2.290 5.306
2020-03-25 1.964 6.306
2020-03-28 1.794 7.286
2020-03-30 1.625 7.082
2020-04-04 1.149 6.388
2020-04-07 1.147 7.388
2020-04-09 1.031 8.347
2020-04-12 0.708 8.755
2020-04-14 0.661 7.878
2020-04-17 0.647 7.980
2020-04-19 0.572 8.898
2020-04-22 0.522 7.898
2020-04-24 0.601 6.898
2020-04-27 0.726 6.898
2020-04-29 0.762 6.429
2020-05-04 0.929 6.286
2020-05-07 0.867 5.469
2020-05-09 1.233 5.469
2020-05-12 1.500 4.531
2020-05-14 1.400 4.551
2020-05-17 1.767 3.816
2020-05-19 2.417 2.816
2020-05-22 2.317 3.755
2020-05-24 2.317 3.878
2020-05-27 2.100 3.837
2020-05-29 2.043 4.837
2020-06-01 1.680 5.837
2020-06-03 1.436 5.673
2020-06-06 1.379 6.490
2020-06-08 1.019 5.490
2020-06-11 1.043 5.510
2020-06-13 0.929 6.224
2020-06-16 0.952 6.347
2020-06-18 0.952 6.367
2020-06-21 0.810 6.082
2020-06-23 0.958 6.306
2020-06-26 0.792 6.347
2020-06-28 0.500 6.347
2020-07-01 0.833 6.347
2020-07-03 0.905 6.735
2020-07-06 0.843 6.020
2020-07-11 0.843 5.939
2020-07-13 1.017 5.082
2020-07-16 1.067 4.694
2020-07-18 1.612 5.653
2020-07-21 1.586 5.510
2020-07-23 1.419 5.347
2020-07-26 1.362 5.347
2020-07-28 1.679 4.980
