2015-06 6.000 0.918
2015-07 1.500 0.816
2015-08 3.750 5.490
2015-09 1.500 1.408
2015-10 1.000 0.224
2015-11 8.000 1.000
2015-12 1.000 0.735
2016-01 4.000 2.000
2016-02 3.000 0.816
2016-03 3.333 2.306
2016-04 40.500 0.551
2016-05 5.900 3.898
2016-06 2.583 2.571
2016-07 4.333 1.551
2016-08 5.500 3.429
2016-09 3.200 4.143
2016-10 5.000 0.857
2016-11 4.000 0.347
2016-12 2.000 0.878
2017-01 2.167 2.796
2017-02 1.000 1.163
2017-03 5.000 2.306
2017-04 4.000 1.776
2017-05 4.250 3.122
2017-06 5.750 2.061
2017-07 5.162 5.347
2017-08 7.317 5.347
2017-09 7.833 2.918
2017-10 7.367 3.000
2017-11 2.500 0.898
2017-12 1.000 0.143
2018-01 4.083 2.776
2018-02 3.833 2.551
2018-03 1.917 3.592
2018-04 4.881 9.898
2018-05 5.203 8.612
2018-06 7.291 5.898
2018-07 8.067 6.224
2018-08 6.702 6.184
2018-09 8.020 6.122
2018-10 7.000 4.408
2018-11 1.833 2.265
2018-12 5.500 1.347
2019-01 3.033 2.673
2019-02 6.667 2.918
2019-03 3.033 3.020
2019-04 6.456 9.306
2019-05 4.500 2.184
2019-06 6.902 8.816
2019-07 5.017 4.041
2019-08 6.514 8.163
2019-09 4.783 3.265
2019-10 7.994 5.878
2019-11 4.667 1.735
2019-12 5.167 3.816
2020-01 4.167 2.367
2020-02 4.333 2.714
2020-03 1.625 7.082
2020-04 0.762 6.449
2020-05 2.043 4.837
2020-06 0.500 6.347
2020-07 1.679 4.980
