2015-06 5.000 0.163
2015-07 8.000 0.592
2015-08 14.583 3.265
2015-09 6.500 2.959
2015-11 8.000 0.776
2015-12 9.717 3.265
2016-01 7.500 1.102
2016-02 2.000 0.449
2016-03 7.500 1.204
2016-04 9.000 1.469
2016-05 8.833 2.531
2016-06 13.500 1.061
2016-07 13.667 1.265
2016-08 13.167 3.490
2016-09 10.900 4.796
2016-10 7.667 1.776
2016-11 7.000 1.449
2016-12 15.917 2.633
2017-01 3.500 1.224
2017-02 16.500 2.082
2017-03 11.333 2.612
2017-04 10.083 3.265
2017-05 12.083 3.612
2017-06 18.417 3.204
2017-07 14.531 5.388
2017-08 13.144 7.939
2017-09 11.267 3.245
2017-10 12.710 4.449
2017-11 14.167 1.918
2017-12 12.783 2.816
2018-01 7.000 0.918
2018-02 9.500 1.980
2018-03 11.500 1.449
2018-04 10.618 8.612
2018-05 12.400 4.408
2018-06 15.282 7.082
2018-07 14.779 8.837
2018-08 13.894 7.245
2018-09 13.781 7.020
2018-10 14.611 7.143
2018-11 15.667 1.898
2018-12 12.117 1.939
2019-01 5.000 2.347
2019-02 12.954 6.510
2019-03 13.388 5.939
2019-04 15.883 3.592
2019-05 18.333 1.796
2019-06 15.850 5.878
2019-07 13.619 7.959
2019-08 14.880 6.796
2019-09 16.289 7.286
2019-10 13.983 3.653
2019-11 4.000 1.041
2019-12 14.000 1.857
2020-01 11.364 4.918
2020-02 14.783 2.857
2020-03 4.883 4.082
2020-04 0.694 8.469
2020-05 1.750 7.265
2020-06 2.519 4.633
2020-07 6.501 8.061
