2015-06-27 5.000 0.163
2015-07-30 8.000 0.592
2015-08-06 12.500 1.531
2015-08-09 12.333 1.898
2015-08-16 12.333 1.918
2015-08-26 14.333 2.857
2015-08-29 14.583 3.265
2015-09-05 16.000 2.327
2015-09-08 13.500 2.939
2015-09-15 13.917 3.122
2015-09-25 7.750 3.143
2015-09-28 6.500 2.959
2015-10-08 5.167 1.980
2015-10-15 4.500 1.776
2015-10-25 9.000 0.816
2015-11-14 1.000 0.041
2015-11-24 8.000 0.653
2015-11-27 8.000 0.776
2015-12-07 7.500 1.265
2015-12-14 7.000 1.224
2015-12-17 14.167 2.163
2015-12-24 11.333 2.082
2015-12-27 9.500 2.776
2016-01-03 8.900 3.020
2016-01-06 9.333 2.673
2016-01-16 7.000 1.735
2016-01-23 7.500 1.204
2016-01-26 7.500 1.102
2016-02-02 8.000 0.857
2016-02-05 6.000 0.776
2016-02-12 6.500 1.163
2016-02-25 2.000 0.449
2016-03-06 3.000 0.592
2016-03-13 2.000 0.286
2016-03-23 2.000 0.306
2016-03-26 7.500 1.204
2016-04-05 8.000 1.000
2016-04-12 8.833 1.878
2016-04-22 9.167 2.327
2016-04-25 9.000 1.469
2016-05-02 9.000 1.490
2016-05-05 9.500 2.490
2016-05-12 9.500 1.531
2016-05-15 9.500 1.653
2016-05-22 7.667 1.571
2016-05-25 8.833 2.531
2016-06-01 8.833 2.510
2016-06-04 8.833 1.551
2016-06-14 8.500 1.449
2016-06-21 8.000 1.061
2016-06-24 13.500 1.061
2016-07-01 15.000 1.816
2016-07-04 15.167 1.776
2016-07-14 15.500 1.755
2016-07-21 15.333 1.857
2016-07-24 13.667 1.265
2016-07-31 4.000 0.510
2016-08-03 4.000 1.061
2016-08-10 6.500 1.245
2016-08-13 11.250 2.245
2016-08-20 10.833 2.143
2016-08-23 12.500 2.735
2016-08-30 13.167 3.490
2016-09-02 13.633 3.939
2016-09-09 12.833 4.694
2016-09-12 11.833 4.694
2016-09-22 11.750 4.592
2016-09-29 10.900 4.796
2016-10-02 10.150 3.857
2016-10-09 10.500 2.918
2016-10-12 11.833 2.571
2016-10-19 11.917 2.653
2016-10-22 10.833 2.592
2016-10-29 7.667 1.776
2016-11-01 8.167 2.327
2016-11-08 7.900 2.531
2016-11-11 5.583 1.878
2016-11-18 4.583 1.796
2016-11-21 2.500 0.959
2016-11-28 7.000 1.449
2016-12-01 8.500 1.653
2016-12-08 11.333 2.020
2016-12-18 11.500 2.245
2016-12-21 12.083 2.327
2016-12-28 15.833 2.531
2016-12-31 19.083 1.816
2017-01-07 12.750 1.673
2017-01-17 12.333 1.449
2017-01-20 11.833 1.367
2017-01-27 4.500 1.327
2017-01-30 3.500 1.224
2017-02-06 6.000 0.878
2017-02-09 9.000 0.939
2017-02-16 14.500 1.857
2017-02-19 14.250 2.531
2017-02-26 16.500 2.082
2017-03-08 16.667 2.000
2017-03-11 14.500 2.939
2017-03-18 13.500 2.020
2017-03-21 13.833 1.367
2017-03-28 12.000 1.980
2017-03-31 11.333 2.612
2017-04-07 11.083 3.571
2017-04-10 9.167 3.571
2017-04-20 9.967 3.857
2017-04-27 10.167 2.898
2017-04-30 10.083 3.265
2017-05-07 9.833 2.306
2017-05-10 13.667 2.306
2017-05-17 12.917 3.286
2017-05-20 13.000 2.980
2017-05-27 12.250 3.959
2017-05-30 12.083 3.612
2017-06-09 10.333 2.612
2017-06-16 14.167 2.449
2017-06-19 14.000 3.449
2017-06-26 17.583 3.429
2017-06-29 18.417 3.204
2017-07-01 17.783 3.367
2017-07-04 16.483 4.347
2017-07-06 15.743 5.306
2017-07-09 15.710 5.327
2017-07-11 15.614 5.367
2017-07-14 15.015 5.592
2017-07-16 14.386 5.265
2017-07-19 14.469 4.776
2017-07-21 15.681 5.449
2017-07-26 13.898 4.490
2017-07-29 13.717 4.531
2017-07-31 14.835 5.224
2017-08-03 15.743 5.082
2017-08-05 15.593 4.878
2017-08-08 15.550 4.878
2017-08-10 15.700 4.837
2017-08-13 15.638 5.571
2017-08-15 14.402 6.061
2017-08-18 14.277 6.551
2017-08-20 12.629 6.673
2017-08-23 12.699 7.633
2017-08-25 13.467 8.612
2017-08-28 13.429 8.143
2017-08-30 13.144 7.939
2017-09-02 12.741 7.102
2017-09-04 12.623 6.898
2017-09-07 12.658 6.878
2017-09-12 12.393 6.143
2017-09-14 13.117 5.163
2017-09-17 13.393 4.735
2017-09-19 14.350 3.939
2017-09-22 14.983 2.980
2017-09-24 13.900 2.878
2017-09-27 12.067 3.735
2017-09-29 11.267 3.245
2017-10-04 13.067 2.694
2017-10-07 12.550 3.673
2017-10-12 12.183 4.020
2017-10-14 13.102 4.796
2017-10-17 12.002 5.204
2017-10-19 12.488 5.571
2017-10-22 12.516 5.878
2017-10-24 11.968 5.469
2017-10-27 12.351 4.612
2017-10-29 12.710 4.449
2017-11-01 13.076 5.347
2017-11-03 13.196 6.245
2017-11-06 13.360 5.265
2017-11-11 13.945 4.694
2017-11-13 13.267 3.918
2017-11-16 14.417 2.939
2017-11-18 14.000 2.571
2017-11-21 14.333 2.388
2017-11-23 14.167 1.918
2017-12-01 12.500 1.429
2017-12-03 6.500 0.857
2017-12-06 6.500 0.878
2017-12-08 6.500 0.959
2017-12-13 14.500 1.776
2017-12-21 13.667 2.163
2017-12-26 13.667 2.184
2017-12-28 13.583 2.204
2017-12-31 12.917 2.408
2018-01-02 11.533 2.286
2018-01-05 10.617 2.571
2018-01-07 10.617 2.490
2018-01-12 6.000 1.673
2018-01-15 6.333 1.755
2018-01-20 5.667 1.306
2018-01-25 6.667 1.347
2018-01-27 6.667 1.327
2018-01-30 7.000 0.918
2018-02-01 6.500 0.714
2018-02-04 10.000 1.184
2018-02-06 10.000 1.204
2018-02-14 10.667 1.694
2018-02-19 10.667 1.633
2018-02-24 9.000 1.571
2018-02-26 9.667 2.184
2018-03-01 9.500 1.980
2018-03-03 9.500 2.020
2018-03-06 10.667 1.327
2018-03-08 14.500 1.918
2018-03-16 14.333 1.408
2018-03-21 13.917 1.673
2018-03-23 14.750 2.020
2018-03-26 14.250 2.041
2018-03-28 11.500 1.429
2018-03-31 11.500 1.449
2018-04-02 10.083 2.306
2018-04-05 10.417 2.327
2018-04-07 10.667 2.673
2018-04-10 10.683 3.510
2018-04-12 10.617 3.551
2018-04-15 10.667 3.490
2018-04-17 10.736 4.449
2018-04-20 10.533 5.184
2018-04-22 10.131 5.816
2018-04-25 10.244 6.776
2018-04-27 10.674 7.735
2018-04-30 10.618 8.612
2018-05-02 10.710 7.714
2018-05-05 10.512 7.939
2018-05-07 10.623 7.939
2018-05-10 10.768 7.102
2018-05-12 11.145 8.041
2018-05-17 11.298 7.082
2018-05-20 11.595 6.082
2018-05-22 11.952 5.367
2018-05-25 12.183 5.286
2018-05-27 11.850 4.327
2018-05-30 12.400 4.408
2018-06-01 12.526 5.122
2018-06-04 13.093 5.776
2018-06-06 12.274 5.633
2018-06-09 12.619 6.531
2018-06-11 12.495 5.551
2018-06-14 14.376 5.694
2018-06-16 15.174 6.531
2018-06-19 15.048 7.469
2018-06-21 15.446 7.898
2018-06-24 15.423 7.000
2018-06-26 15.603 7.959
2018-06-29 15.282 7.082
2018-07-01 15.508 7.327
2018-07-04 15.455 6.571
2018-07-06 16.570 5.755
2018-07-09 15.294 5.857
2018-07-11 15.312 5.918
2018-07-14 13.992 6.510
2018-07-16 14.117 6.612
2018-07-19 14.474 6.653
2018-07-21 14.261 5.959
2018-07-24 13.935 6.959
2018-07-26 13.871 6.959
2018-07-29 14.984 7.857
2018-07-31 14.993 7.878
2018-08-03 15.833 8.653
2018-08-05 15.527 9.612
2018-08-08 15.369 9.571
2018-08-10 15.238 9.837
2018-08-13 15.494 9.102
2018-08-15 14.614 8.918
2018-08-18 14.444 8.245
2018-08-20 14.615 9.224
2018-08-23 14.896 9.184
2018-08-25 14.777 8.224
2018-08-28 13.856 8.204
2018-08-30 13.908 7.224
2018-09-02 12.862 6.224
2018-09-04 13.014 6.122
2018-09-07 12.990 5.469
2018-09-09 12.887 6.122
2018-09-12 12.686 7.122
2018-09-14 13.021 6.612
2018-09-17 14.123 7.306
2018-09-19 14.054 7.306
2018-09-22 14.010 6.347
2018-09-24 13.869 6.408
2018-09-27 14.006 6.429
2018-09-29 13.781 7.020
2018-10-02 12.832 7.857
2018-10-04 13.193 7.918
2018-10-07 13.151 8.592
2018-10-09 13.419 7.776
2018-10-12 15.457 7.776
2018-10-14 15.241 8.429
2018-10-17 14.229 8.429
2018-10-19 14.327 7.714
2018-10-22 14.458 8.653
2018-10-24 14.334 8.735
2018-10-27 14.425 7.735
2018-10-29 14.611 7.143
2018-11-01 16.052 7.306
2018-11-03 15.895 6.694
2018-11-06 16.440 5.714
2018-11-08 16.185 5.816
2018-11-11 13.990 5.122
2018-11-13 14.583 4.224
2018-11-16 15.333 3.245
2018-11-18 14.917 2.980
2018-11-21 14.167 2.041
2018-11-23 15.667 1.898
2018-12-01 10.000 0.918
2018-12-03 7.000 0.612
2018-12-06 6.500 0.633
2018-12-08 2.500 0.388
2018-12-11 12.500 0.837
2018-12-13 13.500 1.367
2018-12-16 13.000 1.367
2018-12-18 12.333 1.531
2018-12-26 12.083 1.694
2018-12-28 12.117 1.939
2018-12-31 12.117 1.918
2019-01-02 12.450 2.102
2019-01-05 12.450 2.082
2019-01-07 12.450 2.061
2019-01-10 6.083 1.755
2019-01-12 4.000 1.224
2019-01-15 5.167 1.857
2019-01-17 5.167 1.694
2019-01-20 5.167 1.735
2019-01-22 5.167 1.796
2019-01-25 5.917 2.429
2019-01-27 5.333 2.245
2019-01-30 5.000 2.347
2019-02-01 4.000 2.163
2019-02-04 5.917 2.633
2019-02-06 5.867 2.755
2019-02-09 8.783 2.469
2019-02-11 8.533 2.673
2019-02-14 11.117 3.020
2019-02-16 10.760 3.980
2019-02-19 10.275 4.612
2019-02-21 10.652 5.510
2019-02-24 12.006 5.714
2019-02-26 12.857 6.612
2019-03-01 12.954 6.510
2019-03-03 12.578 7.184
2019-03-06 12.577 6.714
2019-03-08 12.465 6.592
2019-03-11 12.439 6.429
2019-03-13 12.558 6.327
2019-03-16 13.502 6.204
2019-03-18 13.967 5.245
2019-03-21 14.717 5.571
2019-03-23 14.717 5.571
2019-03-26 14.460 4.776
2019-03-28 13.976 4.776
2019-03-31 13.444 5.776
2019-04-02 14.932 6.061
2019-04-05 14.787 6.265
2019-04-07 14.894 6.286
2019-04-12 15.280 6.673
2019-04-15 14.376 6.082
2019-04-17 14.327 6.245
2019-04-20 13.878 6.245
2019-04-22 14.099 5.429
2019-04-25 14.979 5.551
2019-04-27 14.971 4.592
2019-04-30 15.883 3.592
2019-05-02 13.783 2.633
2019-05-05 13.833 2.449
2019-05-07 13.783 2.878
2019-05-10 13.617 2.918
2019-05-12 12.383 2.551
2019-05-15 13.500 2.265
2019-05-17 14.000 2.224
2019-05-20 15.000 1.224
2019-05-22 14.167 1.082
2019-05-25 9.500 0.918
2019-05-30 18.333 1.796
2019-06-01 16.167 2.776
2019-06-04 15.833 3.755
2019-06-06 16.167 3.306
2019-06-09 16.250 3.265
2019-06-11 16.667 3.143
2019-06-16 16.917 3.020
2019-06-19 15.517 3.959
2019-06-24 15.700 4.796
2019-06-26 15.667 5.755
2019-06-29 15.850 5.878
2019-07-01 16.700 5.612
2019-07-04 16.467 5.612
2019-07-06 16.990 5.878
2019-07-09 16.488 6.286
2019-07-14 15.820 7.082
2019-07-16 15.129 8.041
2019-07-19 15.388 8.102
2019-07-21 15.121 8.469
2019-07-24 14.566 8.469
2019-07-26 14.701 8.490
2019-07-29 13.712 7.755
2019-07-31 13.031 7.245
2019-08-03 12.770 6.980
2019-08-05 12.236 7.469
2019-08-08 11.762 8.061
2019-08-10 11.762 8.082
2019-08-13 12.012 7.286
2019-08-15 12.089 6.510
2019-08-18 13.137 6.510
2019-08-20 13.654 6.143
2019-08-23 14.518 5.306
2019-08-25 13.811 5.306
2019-08-28 13.898 6.041
2019-08-30 14.880 6.796
2019-09-02 15.074 6.061
2019-09-04 16.393 6.286
2019-09-07 17.829 5.367
2019-09-09 17.183 5.776
2019-09-12 16.518 6.776
2019-09-14 16.940 7.408
2019-09-17 16.187 7.347
2019-09-19 16.185 8.306
2019-09-22 16.188 8.531
2019-09-24 16.380 7.551
2019-09-27 16.315 7.286
2019-09-29 16.289 7.286
2019-10-04 15.456 6.306
2019-10-07 15.060 6.490
2019-10-09 15.607 6.061
2019-10-12 15.900 5.980
2019-10-14 15.229 6.122
2019-10-17 16.152 6.184
2019-10-19 15.569 5.347
2019-10-22 15.383 4.959
2019-10-27 15.067 4.612
2019-10-29 13.983 3.653
2019-11-06 14.367 3.388
2019-11-11 14.000 2.673
2019-11-13 13.083 2.143
2019-11-16 4.500 1.449
2019-11-18 5.000 1.367
2019-11-26 4.000 0.980
2019-11-28 4.000 1.041
2019-12-03 11.333 1.878
2019-12-06 11.333 2.592
2019-12-11 11.583 2.388
2019-12-13 13.833 2.041
2019-12-16 14.667 1.735
2019-12-18 15.167 1.755
2019-12-21 14.167 1.796
2019-12-23 14.167 1.816
2019-12-26 14.167 1.837
2019-12-28 14.167 1.776
2019-12-31 14.000 1.857
2020-01-02 6.833 1.082
2020-01-05 11.833 1.347
2020-01-07 11.833 1.490
2020-01-10 11.917 2.122
2020-01-12 11.200 2.510
2020-01-15 11.717 3.510
2020-01-17 11.693 3.612
2020-01-20 11.008 4.306
2020-01-22 11.111 4.367
2020-01-25 11.462 4.673
2020-01-27 11.337 5.000
2020-01-30 11.364 4.918
2020-02-01 11.325 4.918
2020-02-04 11.342 4.061
2020-02-06 12.825 4.469
2020-02-09 12.568 4.327
2020-02-11 12.676 3.857
2020-02-14 10.010 3.020
2020-02-16 10.517 2.857
2020-02-19 12.017 2.122
2020-02-21 16.333 2.796
2020-02-24 14.867 3.184
2020-02-26 14.783 2.857
2020-03-02 15.033 2.816
2020-03-05 14.967 2.694
2020-03-07 14.117 2.245
2020-03-10 15.250 1.755
2020-03-12 14.700 1.918
2020-03-15 12.183 2.755
2020-03-17 11.850 2.898
2020-03-20 10.850 3.633
2020-03-22 8.767 2.878
2020-03-25 5.683 3.163
2020-03-27 4.883 4.082
2020-04-01 4.362 5.020
2020-04-04 3.823 6.020
2020-04-06 3.012 6.878
2020-04-09 2.633 7.837
2020-04-11 2.381 8.633
2020-04-14 1.697 8.633
2020-04-16 1.556 9.265
2020-04-19 1.211 8.796
2020-04-24 0.889 8.673
2020-04-26 0.694 8.429
2020-04-29 0.694 8.469
2020-05-01 0.536 7.510
2020-05-04 0.679 7.327
2020-05-06 0.786 6.633
2020-05-09 0.929 6.673
2020-05-11 0.733 5.714
2020-05-14 0.650 4.714
2020-05-16 0.700 4.102
2020-05-19 1.017 4.837
2020-05-21 1.410 5.816
2020-05-24 1.769 5.571
2020-05-26 1.833 5.327
2020-05-29 2.052 6.286
2020-05-31 1.750 7.265
2020-06-03 1.536 7.122
2020-06-05 1.536 6.857
2020-06-08 1.676 5.878
2020-06-13 1.577 6.571
2020-06-15 1.601 6.408
2020-06-18 1.725 5.776
2020-06-20 1.392 4.898
2020-06-23 1.718 5.265
2020-06-25 2.183 5.755
2020-06-28 1.919 4.816
2020-06-30 2.519 4.633
2020-07-03 2.817 3.959
2020-07-05 3.319 4.816
2020-07-08 3.714 5.796
2020-07-10 3.763 6.367
2020-07-13 4.085 6.388
2020-07-18 5.430 6.918
2020-07-20 5.732 7.510
2020-07-23 5.843 7.510
2020-07-25 6.114 7.367
2020-07-28 6.591 7.898
2020-07-30 6.501 8.061
